1.0687 	WARNING 	We strongly recommend you activate the PTB sound engine in PsychoPy prefs as the preferred audio engine. Its timing is vastly superior. Your prefs are currently set to use ['sounddevice', 'PTB', 'pyo', 'pygame'] (in that order).
7.6290 	DATA 	Keypress: 1
9.4593 	WARNING 	Couldn't measure a consistent frame rate.
  - Is your graphics card set to sync to vertical blank?
  - Are you running other processes on your computer?

9.4596 	EXP 	Created window1 = Window(allowGUI=False, allowStencil=False, args=UNKNOWN, autoLog=True, bitsMode=UNKNOWN, blendMode='avg', bpc=(8, 8, 8), color=array([0., 0., 0.]), colorSpace='rgb', depthBits=8, fullscr=<method-wrapper '__getattribute__' of attributeSetter object at 0x0000019FEDC1E4A8>, gamma=None, gammaErrorPolicy='raise', kwargs=UNKNOWN, lms=UNKNOWN, monitor=<psychopy.monitors.calibTools.Monitor object at 0x0000019FEDDEDEB8>, multiSample=False, name='window1', numSamples=2, pos=[0.0, 0.0], screen=0, size=array([1920, 1080]), stencilBits=0, stereo=False, units='height', useFBO=True, useRetina=False, viewOri=0.0, viewPos=None, viewScale=None, waitBlanking=True, winType='pyglet')
9.4596 	EXP 	window1: recordFrameIntervals = False
9.6260 	EXP 	window1: recordFrameIntervals = True
11.2467 	WARNING 	t of last frame was 20.97ms (=1/47)
11.2925 	WARNING 	Couldn't measure a consistent frame rate.
  - Is your graphics card set to sync to vertical blank?
  - Are you running other processes on your computer?

11.5161 	EXP 	Created Instr_Exp_Text = TextStim(__class__=<class 'psychopy.visual.text.TextStim'>, alignHoriz=method-wrapper(...), alignText='center', alignVert=method-wrapper(...), anchorHoriz='center', anchorVert='center', antialias=True, autoLog=True, bold=False, color='white', colorSpace='named', contrast=1.0, depth=0.0, flipHoriz=False, flipVert=False, font='Arial', fontFiles=[], height=0.03, italic=False, languageStyle='LTR', name='Instr_Exp_Text', opacity=1.0, ori=0, pos=array([0., 0.]), rgb=array([255., 255., 255.]), text='default text', units='height', win=Window(...), wrapWidth=1)
11.5182 	EXP 	Created Line_SS_Instr_PreTrial = Line(__class__=<class 'psychopy.visual.line.Line'>, autoDraw=False, autoLog=True, closeShape=False, contrast=1.0, depth=-1.0, fillColor=None, fillColorSpace='rgb', interpolate=True, lineColor=array([1., 1., 1.]), lineColorSpace='rgb', lineWidth=1.0, name='Line_SS_Instr_PreTrial', opacity=1.0, ori=array(0.), pos=array([0., 0.]), size=array([1., 1.]), units='height', vertices=array([[-0.5,  0. ],
       [ 0.5,  0. ]]), win=Window(...), windingRule=None)
11.5311 	EXP 	Created Circle_SS_Instr_PreTrial = Polygon(__class__=<class 'psychopy.visual.polygon.Polygon'>, autoDraw=False, autoLog=True, closeShape=True, color=method-wrapper(...), colorSpace=None, contrast=1.0, depth=-2.0, fillColor=None, fillColorSpace='rgb', fillRGB=None, interpolate=True, lineColor=array([1., 1., 1.]), lineColorSpace='rgb', lineRGB=array([1., 1., 1.]), lineWidth=1.0, name='Circle_SS_Instr_PreTrial', opacity=1.0, ori=array(0.), pos=array([0., 0.]), size=array([1., 1.]), units='height', vertices=ndarray(...), win=Window(...))
11.5787 	EXP 	Created Score_SS_Intr_PreTrial = TextStim(__class__=<class 'psychopy.visual.text.TextStim'>, alignHoriz=method-wrapper(...), alignText='center', alignVert=method-wrapper(...), anchorHoriz='center', anchorVert='center', antialias=True, autoLog=True, bold=False, color='white', colorSpace='named', contrast=1.0, depth=-3.0, flipHoriz=False, flipVert=False, font='Arial', fontFiles=[], height=0.2, italic=False, languageStyle='Arabic', name='Score_SS_Intr_PreTrial', opacity=1.0, ori=0, pos=array([0.7, 0. ]), rgb=array([255., 255., 255.]), text='default text', units='height', win=Window(...), wrapWidth=1)
11.5887 	EXP 	Created Ball_SS_Instr_PreTrial = Polygon(__class__=<class 'psychopy.visual.polygon.Polygon'>, autoDraw=False, autoLog=True, closeShape=True, color=method-wrapper(...), colorSpace=None, contrast=1.0, depth=-4.0, fillColor=array([1., 1., 1.]), fillColorSpace='rgb', fillRGB=array([1., 1., 1.]), interpolate=True, lineColor=None, lineColorSpace='rgb', lineRGB=None, lineWidth=0.01, name='Ball_SS_Instr_PreTrial', opacity=1.0, ori=array(0.), pos=array([0., 0.]), size=array([1., 1.]), units='height', vertices=ndarray(...), win=Window(...))
11.5917 	EXP 	Created Text_1_SS_Instr_PreTrial = TextStim(__class__=<class 'psychopy.visual.text.TextStim'>, alignHoriz=method-wrapper(...), alignText='center', alignVert=method-wrapper(...), anchorHoriz='center', anchorVert='center', antialias=True, autoLog=True, bold=False, color='white', colorSpace='named', contrast=1.0, depth=-5.0, flipHoriz=False, flipVert=False, font='Arial', fontFiles=[], height=0.03, italic=False, languageStyle='LTR', name='Text_1_SS_Instr_PreTrial', opacity=1.0, ori=0, pos=array([0., 0.]), rgb=array([255., 255., 255.]), text='default text', units='height', win=Window(...), wrapWidth=1)
11.5943 	EXP 	Created Text_2_SS_Instr_PreTrial = TextStim(__class__=<class 'psychopy.visual.text.TextStim'>, alignHoriz=method-wrapper(...), alignText='center', alignVert=method-wrapper(...), anchorHoriz='center', anchorVert='center', antialias=True, autoLog=True, bold=False, color='white', colorSpace='named', contrast=1.0, depth=-6.0, flipHoriz=False, flipVert=False, font='Arial', fontFiles=[], height=0.03, italic=False, languageStyle='LTR', name='Text_2_SS_Instr_PreTrial', opacity=1.0, ori=0, pos=array([0.5 , 0.15]), rgb=array([255., 255., 255.]), text='default text', units='height', win=Window(...), wrapWidth=1)
11.6087 	EXP 	Created Text_3_SS_Instr_PreTrial = TextStim(__class__=<class 'psychopy.visual.text.TextStim'>, alignHoriz=method-wrapper(...), alignText='center', alignVert=method-wrapper(...), anchorHoriz='center', anchorVert='center', antialias=True, autoLog=True, bold=False, color='white', colorSpace='named', contrast=1.0, depth=-7.0, flipHoriz=False, flipVert=False, font='Arial', fontFiles=[], height=0.05, italic=False, languageStyle='LTR', name='Text_3_SS_Instr_PreTrial', opacity=1.0, ori=0, pos=array([0., 0.]), rgb=array([255., 255., 255.]), text='default text', units='height', win=Window(...), wrapWidth=1)
11.6095 	EXP 	Created Line_SS_Instr_MainTrial = Line(__class__=<class 'psychopy.visual.line.Line'>, autoDraw=False, autoLog=True, closeShape=False, contrast=1.0, depth=-1.0, fillColor=None, fillColorSpace='rgb', interpolate=True, lineColor=array([1., 1., 1.]), lineColorSpace='rgb', lineWidth=1.0, name='Line_SS_Instr_MainTrial', opacity=1.0, ori=array(0.), pos=array([0., 0.]), size=array([1., 1.]), units='height', vertices=array([[-0.5,  0. ],
       [ 0.5,  0. ]]), win=Window(...), windingRule=None)
11.6147 	EXP 	Created Score_SS_Instr_MainTrial = TextStim(__class__=<class 'psychopy.visual.text.TextStim'>, alignHoriz=method-wrapper(...), alignText='center', alignVert=method-wrapper(...), anchorHoriz='center', anchorVert='center', antialias=True, autoLog=True, bold=False, color='white', colorSpace='named', contrast=1.0, depth=-2.0, flipHoriz=False, flipVert=False, font='Arial', fontFiles=[], height=0.2, italic=False, languageStyle='Arabic', name='Score_SS_Instr_MainTrial', opacity=1.0, ori=0, pos=array([0.7, 0. ]), rgb=array([255., 255., 255.]), text='default text', units='height', win=Window(...), wrapWidth=1)
11.6256 	EXP 	Created Ball_SS_Instr_MainTrial = Polygon(__class__=<class 'psychopy.visual.polygon.Polygon'>, autoDraw=False, autoLog=True, closeShape=True, color=method-wrapper(...), colorSpace=None, contrast=1.0, depth=-3.0, fillColor=array([1., 1., 1.]), fillColorSpace='rgb', fillRGB=array([1., 1., 1.]), interpolate=True, lineColor=None, lineColorSpace='rgb', lineRGB=None, lineWidth=0.01, name='Ball_SS_Instr_MainTrial', opacity=1.0, ori=array(0.), pos=array([0., 0.]), size=array([1., 1.]), units='height', vertices=ndarray(...), win=Window(...))
11.6315 	EXP 	Created Text_1_SS_Instr_MainTrial = TextStim(__class__=<class 'psychopy.visual.text.TextStim'>, alignHoriz=method-wrapper(...), alignText='center', alignVert=method-wrapper(...), anchorHoriz='center', anchorVert='center', antialias=True, autoLog=True, bold=False, color='white', colorSpace='named', contrast=1.0, depth=-4.0, flipHoriz=False, flipVert=False, font='Arial', fontFiles=[], height=0.03, italic=False, languageStyle='LTR', name='Text_1_SS_Instr_MainTrial', opacity=1.0, ori=0, pos=array([0., 0.]), rgb=array([255., 255., 255.]), text='default text', units='height', win=Window(...), wrapWidth=1)
11.6339 	EXP 	Created Text_2_SS_Instr_MainTrial = TextStim(__class__=<class 'psychopy.visual.text.TextStim'>, alignHoriz=method-wrapper(...), alignText='center', alignVert=method-wrapper(...), anchorHoriz='center', anchorVert='center', antialias=True, autoLog=True, bold=False, color='white', colorSpace='named', contrast=1.0, depth=-5.0, flipHoriz=False, flipVert=False, font='Arial', fontFiles=[], height=0.03, italic=False, languageStyle='LTR', name='Text_2_SS_Instr_MainTrial', opacity=1.0, ori=0, pos=array([0.5 , 0.15]), rgb=array([255., 255., 255.]), text='default text', units='height', win=Window(...), wrapWidth=1)
11.6362 	EXP 	Created Text_3_SS_Instr_MainTrial = TextStim(__class__=<class 'psychopy.visual.text.TextStim'>, alignHoriz=method-wrapper(...), alignText='center', alignVert=method-wrapper(...), anchorHoriz='center', anchorVert='center', antialias=True, autoLog=True, bold=False, color='white', colorSpace='named', contrast=1.0, depth=-6.0, flipHoriz=False, flipVert=False, font='Arial', fontFiles=[], height=0.05, italic=False, languageStyle='LTR', name='Text_3_SS_Instr_MainTrial', opacity=1.0, ori=0, pos=array([0., 0.]), rgb=array([255., 255., 255.]), text='default text', units='height', win=Window(...), wrapWidth=1)
11.6370 	EXP 	Created Line_SS_Prac_CountDown = Line(__class__=<class 'psychopy.visual.line.Line'>, autoDraw=False, autoLog=True, closeShape=False, contrast=1.0, depth=-1.0, fillColor=None, fillColorSpace='rgb', interpolate=True, lineColor=array([1., 1., 1.]), lineColorSpace='rgb', lineWidth=1.0, name='Line_SS_Prac_CountDown', opacity=1.0, ori=array(0.), pos=array([0., 0.]), size=array([1., 1.]), units='height', vertices=array([[-0.5,  0. ],
       [ 0.5,  0. ]]), win=Window(...), windingRule=None)
11.6718 	EXP 	Created Text_SS_Prac_CountDown = TextStim(__class__=<class 'psychopy.visual.text.TextStim'>, alignHoriz=method-wrapper(...), alignText='center', alignVert=method-wrapper(...), anchorHoriz='center', anchorVert='center', antialias=True, autoLog=True, bold=False, color='white', colorSpace='named', contrast=1.0, depth=-2.0, flipHoriz=False, flipVert=False, font='Arial', fontFiles=[], height=0.2, italic=False, languageStyle='Arabic', name='Text_SS_Prac_CountDown', opacity=1.0, ori=0, pos=array([0., 0.]), rgb=array([255., 255., 255.]), text='default text', units='height', win=Window(...), wrapWidth=1)
11.6779 	EXP 	Created Score_SS_Prac_CountDown = TextStim(__class__=<class 'psychopy.visual.text.TextStim'>, alignHoriz=method-wrapper(...), alignText='center', alignVert=method-wrapper(...), anchorHoriz='center', anchorVert='center', antialias=True, autoLog=True, bold=False, color='white', colorSpace='named', contrast=1.0, depth=-3.0, flipHoriz=False, flipVert=False, font='Arial', fontFiles=[], height=0.2, italic=False, languageStyle='Arabic', name='Score_SS_Prac_CountDown', opacity=1.0, ori=0, pos=array([0.7, 0. ]), rgb=array([255., 255., 255.]), text='default text', units='height', win=Window(...), wrapWidth=1)
11.6788 	EXP 	Created Line_SS_Prac_PreTrial = Line(__class__=<class 'psychopy.visual.line.Line'>, autoDraw=False, autoLog=True, closeShape=False, contrast=1.0, depth=-1.0, fillColor=None, fillColorSpace='rgb', interpolate=True, lineColor=array([1., 1., 1.]), lineColorSpace='rgb', lineWidth=1.0, name='Line_SS_Prac_PreTrial', opacity=1.0, ori=array(0.), pos=array([0., 0.]), size=array([1., 1.]), units='height', vertices=array([[-0.5,  0. ],
       [ 0.5,  0. ]]), win=Window(...), windingRule=None)
11.6840 	EXP 	Created Score_SS_Prac_PreTrial = TextStim(__class__=<class 'psychopy.visual.text.TextStim'>, alignHoriz=method-wrapper(...), alignText='center', alignVert=method-wrapper(...), anchorHoriz='center', anchorVert='center', antialias=True, autoLog=True, bold=False, color='white', colorSpace='named', contrast=1.0, depth=-2.0, flipHoriz=False, flipVert=False, font='Arial', fontFiles=[], height=0.2, italic=False, languageStyle='Arabic', name='Score_SS_Prac_PreTrial', opacity=1.0, ori=0, pos=array([0.7, 0. ]), rgb=array([255., 255., 255.]), text='default text', units='height', win=Window(...), wrapWidth=1)
11.6944 	EXP 	Created Circle_SS_Prac_PreTrial = Polygon(__class__=<class 'psychopy.visual.polygon.Polygon'>, autoDraw=False, autoLog=True, closeShape=True, color=method-wrapper(...), colorSpace=None, contrast=1.0, depth=-3.0, fillColor=None, fillColorSpace='rgb', fillRGB=None, interpolate=True, lineColor=array([1., 1., 1.]), lineColorSpace='rgb', lineRGB=array([1., 1., 1.]), lineWidth=1.0, name='Circle_SS_Prac_PreTrial', opacity=1.0, ori=array(0.), pos=array([0., 0.]), size=array([1., 1.]), units='height', vertices=ndarray(...), win=Window(...))
11.7041 	EXP 	Created Ball_SS_Prac_PreTrial = Polygon(__class__=<class 'psychopy.visual.polygon.Polygon'>, autoDraw=False, autoLog=True, closeShape=True, color=method-wrapper(...), colorSpace=None, contrast=1.0, depth=-4.0, fillColor=array([1., 1., 1.]), fillColorSpace='rgb', fillRGB=array([1., 1., 1.]), interpolate=True, lineColor=None, lineColorSpace='rgb', lineRGB=None, lineWidth=0, name='Ball_SS_Prac_PreTrial', opacity=1.0, ori=array(0.), pos=array([0., 0.]), size=array([1., 1.]), units='height', vertices=ndarray(...), win=Window(...))
11.7049 	EXP 	Created Line_SS_Prac_MainTrial = Line(__class__=<class 'psychopy.visual.line.Line'>, autoDraw=False, autoLog=True, closeShape=False, contrast=1.0, depth=-1.0, fillColor=None, fillColorSpace='rgb', interpolate=True, lineColor=array([1., 1., 1.]), lineColorSpace='rgb', lineWidth=1.0, name='Line_SS_Prac_MainTrial', opacity=1.0, ori=array(0.), pos=array([0., 0.]), size=array([1., 1.]), units='height', vertices=array([[-0.5,  0. ],
       [ 0.5,  0. ]]), win=Window(...), windingRule=None)
11.7106 	EXP 	Created Score_SS_Prac_MainTrial = TextStim(__class__=<class 'psychopy.visual.text.TextStim'>, alignHoriz=method-wrapper(...), alignText='center', alignVert=method-wrapper(...), anchorHoriz='center', anchorVert='center', antialias=True, autoLog=True, bold=False, color='white', colorSpace='named', contrast=1.0, depth=-2.0, flipHoriz=False, flipVert=False, font='Arial', fontFiles=[], height=0.2, italic=False, languageStyle='Arabic', name='Score_SS_Prac_MainTrial', opacity=1.0, ori=0, pos=array([0.7, 0. ]), rgb=array([255., 255., 255.]), text='default text', units='height', win=Window(...), wrapWidth=1)
11.7202 	EXP 	Created Ball_SS_Prac_MainTrial = Polygon(__class__=<class 'psychopy.visual.polygon.Polygon'>, autoDraw=False, autoLog=True, closeShape=True, color=method-wrapper(...), colorSpace=None, contrast=1.0, depth=-3.0, fillColor=array([1., 1., 1.]), fillColorSpace='rgb', fillRGB=array([1., 1., 1.]), interpolate=True, lineColor=None, lineColorSpace='rgb', lineRGB=None, lineWidth=0, name='Ball_SS_Prac_MainTrial', opacity=1.0, ori=array(0.), pos=array([0., 0.]), size=array([1., 1.]), units='height', vertices=ndarray(...), win=Window(...))
11.7419 	EXP 	Sound Sound_SS_Prac_PostTrial set volume 1.000
11.7429 	EXP 	Created Line_SS_Prac_PostTrial = Line(__class__=<class 'psychopy.visual.line.Line'>, autoDraw=False, autoLog=True, closeShape=False, contrast=1.0, depth=-1.0, fillColor=None, fillColorSpace='rgb', interpolate=True, lineColor=array([1., 1., 1.]), lineColorSpace='rgb', lineWidth=1.0, name='Line_SS_Prac_PostTrial', opacity=1.0, ori=array(0.), pos=array([0., 0.]), size=array([1., 1.]), units='height', vertices=array([[-0.5,  0. ],
       [ 0.5,  0. ]]), win=Window(...), windingRule=None)
11.7449 	EXP 	Created Image_SS_Prac_PostTrial = ImageStim(__class__=<class 'psychopy.visual.image.ImageStim'>, autoLog=True, color='white', colorSpace='named', contrast=1.0, depth=-2.0, flipHoriz=False, flipVert=False, image='sin', interpolate=True, mask=None, maskParams=None, name='Image_SS_Prac_PostTrial', opacity=1.0, ori=0.0, pos=array([0., 0.]), size=array([0.2, 0.2]), texRes=128, units='height', win=Window(...))
11.7503 	EXP 	Created Score_SS_Prac_PostTrial = TextStim(__class__=<class 'psychopy.visual.text.TextStim'>, alignHoriz=method-wrapper(...), alignText='center', alignVert=method-wrapper(...), anchorHoriz='center', anchorVert='center', antialias=True, autoLog=True, bold=False, color='white', colorSpace='named', contrast=1.0, depth=-3.0, flipHoriz=False, flipVert=False, font='Arial', fontFiles=[], height=0.2, italic=False, languageStyle='Arabic', name='Score_SS_Prac_PostTrial', opacity=1.0, ori=0, pos=array([0.7, 0. ]), rgb=array([255., 255., 255.]), text='default text', units='height', win=Window(...), wrapWidth=1)
11.7606 	EXP 	Created Ball_SS_Prac_PostTrial = Polygon(__class__=<class 'psychopy.visual.polygon.Polygon'>, autoDraw=False, autoLog=True, closeShape=True, color=method-wrapper(...), colorSpace=None, contrast=1.0, depth=-4.0, fillColor=array([1., 1., 1.]), fillColorSpace='rgb', fillRGB=array([1., 1., 1.]), interpolate=True, lineColor=None, lineColorSpace='rgb', lineRGB=None, lineWidth=0, name='Ball_SS_Prac_PostTrial', opacity=1.0, ori=array(0.), pos=array([0., 0.]), size=array([1., 1.]), units='height', vertices=ndarray(...), win=Window(...))
11.7631 	EXP 	Created Instr_SS_Text = TextStim(__class__=<class 'psychopy.visual.text.TextStim'>, alignHoriz=method-wrapper(...), alignText='center', alignVert=method-wrapper(...), anchorHoriz='center', anchorVert='center', antialias=True, autoLog=True, bold=False, color='white', colorSpace='named', contrast=1.0, depth=-1.0, flipHoriz=False, flipVert=False, font='Arial', fontFiles=[], height=0.03, italic=False, languageStyle='LTR', name='Instr_SS_Text', opacity=1.0, ori=0, pos=array([0., 0.]), rgb=array([255., 255., 255.]), text='default text', units='height', win=Window(...), wrapWidth=1)
11.7639 	EXP 	Created Line_SS_Instr_PreTrial = Line(__class__=<class 'psychopy.visual.line.Line'>, autoDraw=False, autoLog=True, closeShape=False, contrast=1.0, depth=-1.0, fillColor=None, fillColorSpace='rgb', interpolate=True, lineColor=array([1., 1., 1.]), lineColorSpace='rgb', lineWidth=1.0, name='Line_SS_Instr_PreTrial', opacity=1.0, ori=array(0.), pos=array([0., 0.]), size=array([1., 1.]), units='height', vertices=array([[-0.5,  0. ],
       [ 0.5,  0. ]]), win=Window(...), windingRule=None)
11.7736 	EXP 	Created Circle_SS_Instr_PreTrial = Polygon(__class__=<class 'psychopy.visual.polygon.Polygon'>, autoDraw=False, autoLog=True, closeShape=True, color=method-wrapper(...), colorSpace=None, contrast=1.0, depth=-2.0, fillColor=None, fillColorSpace='rgb', fillRGB=None, interpolate=True, lineColor=array([1., 1., 1.]), lineColorSpace='rgb', lineRGB=array([1., 1., 1.]), lineWidth=1.0, name='Circle_SS_Instr_PreTrial', opacity=1.0, ori=array(0.), pos=array([0., 0.]), size=array([1., 1.]), units='height', vertices=ndarray(...), win=Window(...))
11.7793 	EXP 	Created Score_SS_Intr_PreTrial = TextStim(__class__=<class 'psychopy.visual.text.TextStim'>, alignHoriz=method-wrapper(...), alignText='center', alignVert=method-wrapper(...), anchorHoriz='center', anchorVert='center', antialias=True, autoLog=True, bold=False, color='white', colorSpace='named', contrast=1.0, depth=-3.0, flipHoriz=False, flipVert=False, font='Arial', fontFiles=[], height=0.2, italic=False, languageStyle='Arabic', name='Score_SS_Intr_PreTrial', opacity=1.0, ori=0, pos=array([0.7, 0. ]), rgb=array([255., 255., 255.]), text='default text', units='height', win=Window(...), wrapWidth=1)
11.7892 	EXP 	Created Ball_SS_Instr_PreTrial = Polygon(__class__=<class 'psychopy.visual.polygon.Polygon'>, autoDraw=False, autoLog=True, closeShape=True, color=method-wrapper(...), colorSpace=None, contrast=1.0, depth=-4.0, fillColor=array([1., 1., 1.]), fillColorSpace='rgb', fillRGB=array([1., 1., 1.]), interpolate=True, lineColor=None, lineColorSpace='rgb', lineRGB=None, lineWidth=0.01, name='Ball_SS_Instr_PreTrial', opacity=1.0, ori=array(0.), pos=array([0., 0.]), size=array([1., 1.]), units='height', vertices=ndarray(...), win=Window(...))
11.7924 	EXP 	Created Text_1_SS_Instr_PreTrial = TextStim(__class__=<class 'psychopy.visual.text.TextStim'>, alignHoriz=method-wrapper(...), alignText='center', alignVert=method-wrapper(...), anchorHoriz='center', anchorVert='center', antialias=True, autoLog=True, bold=False, color='white', colorSpace='named', contrast=1.0, depth=-5.0, flipHoriz=False, flipVert=False, font='Arial', fontFiles=[], height=0.03, italic=False, languageStyle='LTR', name='Text_1_SS_Instr_PreTrial', opacity=1.0, ori=0, pos=array([0., 0.]), rgb=array([255., 255., 255.]), text='default text', units='height', win=Window(...), wrapWidth=1)
11.7949 	EXP 	Created Text_2_SS_Instr_PreTrial = TextStim(__class__=<class 'psychopy.visual.text.TextStim'>, alignHoriz=method-wrapper(...), alignText='center', alignVert=method-wrapper(...), anchorHoriz='center', anchorVert='center', antialias=True, autoLog=True, bold=False, color='white', colorSpace='named', contrast=1.0, depth=-6.0, flipHoriz=False, flipVert=False, font='Arial', fontFiles=[], height=0.03, italic=False, languageStyle='LTR', name='Text_2_SS_Instr_PreTrial', opacity=1.0, ori=0, pos=array([0.5 , 0.15]), rgb=array([255., 255., 255.]), text='default text', units='height', win=Window(...), wrapWidth=1)
11.7972 	EXP 	Created Text_3_SS_Instr_PreTrial = TextStim(__class__=<class 'psychopy.visual.text.TextStim'>, alignHoriz=method-wrapper(...), alignText='center', alignVert=method-wrapper(...), anchorHoriz='center', anchorVert='center', antialias=True, autoLog=True, bold=False, color='white', colorSpace='named', contrast=1.0, depth=-7.0, flipHoriz=False, flipVert=False, font='Arial', fontFiles=[], height=0.05, italic=False, languageStyle='LTR', name='Text_3_SS_Instr_PreTrial', opacity=1.0, ori=0, pos=array([0., 0.]), rgb=array([255., 255., 255.]), text='default text', units='height', win=Window(...), wrapWidth=1)
11.7980 	EXP 	Created Line_SS_Instr_MainTrial = Line(__class__=<class 'psychopy.visual.line.Line'>, autoDraw=False, autoLog=True, closeShape=False, contrast=1.0, depth=-1.0, fillColor=None, fillColorSpace='rgb', interpolate=True, lineColor=array([1., 1., 1.]), lineColorSpace='rgb', lineWidth=1.0, name='Line_SS_Instr_MainTrial', opacity=1.0, ori=array(0.), pos=array([0., 0.]), size=array([1., 1.]), units='height', vertices=array([[-0.5,  0. ],
       [ 0.5,  0. ]]), win=Window(...), windingRule=None)
11.8032 	EXP 	Created Score_SS_Instr_MainTrial = TextStim(__class__=<class 'psychopy.visual.text.TextStim'>, alignHoriz=method-wrapper(...), alignText='center', alignVert=method-wrapper(...), anchorHoriz='center', anchorVert='center', antialias=True, autoLog=True, bold=False, color='white', colorSpace='named', contrast=1.0, depth=-2.0, flipHoriz=False, flipVert=False, font='Arial', fontFiles=[], height=0.2, italic=False, languageStyle='Arabic', name='Score_SS_Instr_MainTrial', opacity=1.0, ori=0, pos=array([0.7, 0. ]), rgb=array([255., 255., 255.]), text='default text', units='height', win=Window(...), wrapWidth=1)
11.8145 	EXP 	Created Ball_SS_Instr_MainTrial = Polygon(__class__=<class 'psychopy.visual.polygon.Polygon'>, autoDraw=False, autoLog=True, closeShape=True, color=method-wrapper(...), colorSpace=None, contrast=1.0, depth=-3.0, fillColor=array([1., 1., 1.]), fillColorSpace='rgb', fillRGB=array([1., 1., 1.]), interpolate=True, lineColor=None, lineColorSpace='rgb', lineRGB=None, lineWidth=0.01, name='Ball_SS_Instr_MainTrial', opacity=1.0, ori=array(0.), pos=array([0., 0.]), size=array([1., 1.]), units='height', vertices=ndarray(...), win=Window(...))
11.8171 	EXP 	Created Text_1_SS_Instr_MainTrial = TextStim(__class__=<class 'psychopy.visual.text.TextStim'>, alignHoriz=method-wrapper(...), alignText='center', alignVert=method-wrapper(...), anchorHoriz='center', anchorVert='center', antialias=True, autoLog=True, bold=False, color='white', colorSpace='named', contrast=1.0, depth=-4.0, flipHoriz=False, flipVert=False, font='Arial', fontFiles=[], height=0.03, italic=False, languageStyle='LTR', name='Text_1_SS_Instr_MainTrial', opacity=1.0, ori=0, pos=array([0., 0.]), rgb=array([255., 255., 255.]), text='default text', units='height', win=Window(...), wrapWidth=1)
11.8194 	EXP 	Created Text_2_SS_Instr_MainTrial = TextStim(__class__=<class 'psychopy.visual.text.TextStim'>, alignHoriz=method-wrapper(...), alignText='center', alignVert=method-wrapper(...), anchorHoriz='center', anchorVert='center', antialias=True, autoLog=True, bold=False, color='white', colorSpace='named', contrast=1.0, depth=-5.0, flipHoriz=False, flipVert=False, font='Arial', fontFiles=[], height=0.03, italic=False, languageStyle='LTR', name='Text_2_SS_Instr_MainTrial', opacity=1.0, ori=0, pos=array([0.5 , 0.15]), rgb=array([255., 255., 255.]), text='default text', units='height', win=Window(...), wrapWidth=1)
11.8224 	EXP 	Created Text_3_SS_Instr_MainTrial = TextStim(__class__=<class 'psychopy.visual.text.TextStim'>, alignHoriz=method-wrapper(...), alignText='center', alignVert=method-wrapper(...), anchorHoriz='center', anchorVert='center', antialias=True, autoLog=True, bold=False, color='white', colorSpace='named', contrast=1.0, depth=-6.0, flipHoriz=False, flipVert=False, font='Arial', fontFiles=[], height=0.05, italic=False, languageStyle='LTR', name='Text_3_SS_Instr_MainTrial', opacity=1.0, ori=0, pos=array([0., 0.]), rgb=array([255., 255., 255.]), text='default text', units='height', win=Window(...), wrapWidth=1)
11.8253 	EXP 	Created Text_Instr_Block_Num = TextStim(__class__=<class 'psychopy.visual.text.TextStim'>, alignHoriz=method-wrapper(...), alignText='center', alignVert=method-wrapper(...), anchorHoriz='center', anchorVert='center', antialias=True, autoLog=True, bold=False, color='white', colorSpace='named', contrast=1.0, depth=0.0, flipHoriz=False, flipVert=False, font='Arial', fontFiles=[], height=0.03, italic=False, languageStyle='LTR', name='Text_Instr_Block_Num', opacity=1.0, ori=0, pos=array([0., 0.]), rgb=array([255., 255., 255.]), text='default text', units='height', win=Window(...), wrapWidth=1)
11.8262 	EXP 	Created Line_SS_CountDown = Line(__class__=<class 'psychopy.visual.line.Line'>, autoDraw=False, autoLog=True, closeShape=False, contrast=1.0, depth=-1.0, fillColor=None, fillColorSpace='rgb', interpolate=True, lineColor=array([1., 1., 1.]), lineColorSpace='rgb', lineWidth=1.0, name='Line_SS_CountDown', opacity=1.0, ori=array(0.), pos=array([0., 0.]), size=array([1., 1.]), units='height', vertices=array([[-0.5,  0. ],
       [ 0.5,  0. ]]), win=Window(...), windingRule=None)
11.8314 	EXP 	Created Text_SS_CountDown = TextStim(__class__=<class 'psychopy.visual.text.TextStim'>, alignHoriz=method-wrapper(...), alignText='center', alignVert=method-wrapper(...), anchorHoriz='center', anchorVert='center', antialias=True, autoLog=True, bold=False, color='white', colorSpace='named', contrast=1.0, depth=-2.0, flipHoriz=False, flipVert=False, font='Arial', fontFiles=[], height=0.2, italic=False, languageStyle='Arabic', name='Text_SS_CountDown', opacity=1.0, ori=0, pos=array([0., 0.]), rgb=array([255., 255., 255.]), text='default text', units='height', win=Window(...), wrapWidth=1)
11.8321 	EXP 	Created Line_SS_PreTrial = Line(__class__=<class 'psychopy.visual.line.Line'>, autoDraw=False, autoLog=True, closeShape=False, contrast=1.0, depth=-1.0, fillColor=None, fillColorSpace='rgb', interpolate=True, lineColor=array([1., 1., 1.]), lineColorSpace='rgb', lineWidth=1.0, name='Line_SS_PreTrial', opacity=1.0, ori=array(0.), pos=array([0., 0.]), size=array([1., 1.]), units='height', vertices=array([[-0.5,  0. ],
       [ 0.5,  0. ]]), win=Window(...), windingRule=None)
11.8454 	EXP 	Created Circle_SS_PreTrial = Polygon(__class__=<class 'psychopy.visual.polygon.Polygon'>, autoDraw=False, autoLog=True, closeShape=True, color=method-wrapper(...), colorSpace=None, contrast=1.0, depth=-2.0, fillColor=None, fillColorSpace='rgb', fillRGB=None, interpolate=True, lineColor=array([1., 1., 1.]), lineColorSpace='rgb', lineRGB=array([1., 1., 1.]), lineWidth=1.0, name='Circle_SS_PreTrial', opacity=1.0, ori=array(0.), pos=array([0., 0.]), size=array([1., 1.]), units='height', vertices=ndarray(...), win=Window(...))
11.8550 	EXP 	Created Ball_SS_PreTrial = Polygon(__class__=<class 'psychopy.visual.polygon.Polygon'>, autoDraw=False, autoLog=True, closeShape=True, color=method-wrapper(...), colorSpace=None, contrast=1.0, depth=-3.0, fillColor=array([1., 1., 1.]), fillColorSpace='rgb', fillRGB=array([1., 1., 1.]), interpolate=True, lineColor=None, lineColorSpace='rgb', lineRGB=None, lineWidth=0, name='Ball_SS_PreTrial', opacity=1.0, ori=array(0.), pos=array([0., 0.]), size=array([1., 1.]), units='height', vertices=ndarray(...), win=Window(...))
11.8558 	EXP 	Created Line_SS_MainTrial = Line(__class__=<class 'psychopy.visual.line.Line'>, autoDraw=False, autoLog=True, closeShape=False, contrast=1.0, depth=-1.0, fillColor=None, fillColorSpace='rgb', interpolate=True, lineColor=array([1., 1., 1.]), lineColorSpace='rgb', lineWidth=1.0, name='Line_SS_MainTrial', opacity=1.0, ori=array(0.), pos=array([0., 0.]), size=array([1., 1.]), units='height', vertices=array([[-0.5,  0. ],
       [ 0.5,  0. ]]), win=Window(...), windingRule=None)
11.8659 	EXP 	Created Ball_SS_MainTrial = Polygon(__class__=<class 'psychopy.visual.polygon.Polygon'>, autoDraw=False, autoLog=True, closeShape=True, color=method-wrapper(...), colorSpace=None, contrast=1.0, depth=-2.0, fillColor=array([1., 1., 1.]), fillColorSpace='rgb', fillRGB=array([1., 1., 1.]), interpolate=True, lineColor=None, lineColorSpace='rgb', lineRGB=None, lineWidth=0, name='Ball_SS_MainTrial', opacity=1.0, ori=array(0.), pos=array([0., 0.]), size=array([1., 1.]), units='height', vertices=ndarray(...), win=Window(...))
11.8660 	EXP 	Sound Sound_SS_PostTrial set volume 1.000
11.8668 	EXP 	Created Line_SS_PostTrial = Line(__class__=<class 'psychopy.visual.line.Line'>, autoDraw=False, autoLog=True, closeShape=False, contrast=1.0, depth=-1.0, fillColor=None, fillColorSpace='rgb', interpolate=True, lineColor=array([1., 1., 1.]), lineColorSpace='rgb', lineWidth=1.0, name='Line_SS_PostTrial', opacity=1.0, ori=array(0.), pos=array([0., 0.]), size=array([1., 1.]), units='height', vertices=array([[-0.5,  0. ],
       [ 0.5,  0. ]]), win=Window(...), windingRule=None)
11.8689 	EXP 	Created Image_SS_PostTrial = ImageStim(__class__=<class 'psychopy.visual.image.ImageStim'>, autoLog=True, color='white', colorSpace='named', contrast=1.0, depth=-2.0, flipHoriz=False, flipVert=False, image='sin', interpolate=True, mask=None, maskParams=None, name='Image_SS_PostTrial', opacity=1.0, ori=0.0, pos=array([0., 0.]), size=array([0.2, 0.2]), texRes=128, units='height', win=Window(...))
11.8793 	EXP 	Created Ball_SS_PostTrial = Polygon(__class__=<class 'psychopy.visual.polygon.Polygon'>, autoDraw=False, autoLog=True, closeShape=True, color=method-wrapper(...), colorSpace=None, contrast=1.0, depth=-3.0, fillColor=array([1., 1., 1.]), fillColorSpace='rgb', fillRGB=array([1., 1., 1.]), interpolate=True, lineColor=None, lineColorSpace='rgb', lineRGB=None, lineWidth=0, name='Ball_SS_PostTrial', opacity=1.0, ori=array(0.), pos=array([0., 0.]), size=array([1., 1.]), units='height', vertices=ndarray(...), win=Window(...))
11.9076 	EXP 	Imported conditions.xlsx as conditions, 1 conditions, 4 params
11.9078 	EXP 	Created sequence: sequential, trialTypes=1, nReps=1, seed=None
11.9081 	EXP 	New trial (rep=0, index=0): OrderedDict([('Check', 'media/check.png'), ('Cross', 'media/cross.png'), ('Sound_P', 'media/coin.wav'), ('Sound_N', 'media/buzz.wav')])
11.9746 	WARNING 	t of last frame was 682.28ms (=1/1)
11.9746 	EXP 	Instr_Exp_Text: text = 'Thank you for participating in our study! \n\nThis study will take about 30 minutes. Once you start, you cannot turn off your web browser until you complete the study. \n\nOn next page, please carefully read this instruction. \n\nIf you are ready, press (space) to continue.'
11.9746 	EXP 	Instr_Exp_Text: autoDraw = True
12.7981 	WARNING 	t of last frame was 22.15ms (=1/45)
15.7323 	EXP 	Created sequence: sequential, trialTypes=1, nReps=2, seed=None
15.7325 	EXP 	New trial (rep=0, index=0): None
15.7341 	EXP 	Created sequence: sequential, trialTypes=1, nReps=1000, seed=None
15.7377 	EXP 	New trial (rep=0, index=0): None
15.7516 	DATA 	Keypress: space
15.7552 	WARNING 	t of last frame was 26.42ms (=1/37)
15.7552 	EXP 	Instr_Exp_Text: autoDraw = False
15.7552 	EXP 	Line_SS_Instr_PreTrial: pos = array([-0.5, -0.3])
15.7552 	EXP 	Line_SS_Instr_PreTrial: fillColor = '[1. 1. 1.] (rgb)'
15.7552 	EXP 	Line_SS_Instr_PreTrial: lineColor = '[1. 1. 1.] (rgb)'
15.7552 	EXP 	Line_SS_Instr_PreTrial: lineWidth = 0.5
15.7552 	EXP 	Circle_SS_Instr_PreTrial: pos = array([0. , 0.4])
15.7552 	EXP 	Circle_SS_Instr_PreTrial: size = array([0.126, 0.126])
15.7552 	EXP 	Circle_SS_Instr_PreTrial: lineColor = '[-1. -1. -1.] (rgb)'
15.7552 	EXP 	Circle_SS_Instr_PreTrial: lineWidth = 6.0
15.7552 	EXP 	Score_SS_Intr_PreTrial: color = '[-1.  1. -1.] (rgb)'
15.7552 	EXP 	Score_SS_Intr_PreTrial: opacity = 1.0
15.7552 	EXP 	Score_SS_Intr_PreTrial: text = 0
15.7552 	EXP 	Ball_SS_Instr_PreTrial: pos = array([0. , 0.4])
15.7552 	EXP 	Ball_SS_Instr_PreTrial: fillColor = '[-1. -1. -1.] (rgb)'
15.7552 	EXP 	Text_1_SS_Instr_PreTrial: pos = array([-0.3 , -0.25])
15.7552 	EXP 	Text_1_SS_Instr_PreTrial: text = ''
15.7552 	EXP 	Text_2_SS_Instr_PreTrial: text = ''
15.7552 	EXP 	Text_3_SS_Instr_PreTrial: text = ''
15.7552 	EXP 	Line_SS_Instr_PreTrial: autoDraw = True
15.7552 	EXP 	Circle_SS_Instr_PreTrial: autoDraw = True
15.7552 	EXP 	Score_SS_Intr_PreTrial: autoDraw = True
15.7552 	EXP 	Ball_SS_Instr_PreTrial: autoDraw = True
15.7552 	EXP 	Text_1_SS_Instr_PreTrial: autoDraw = True
15.7552 	EXP 	Text_2_SS_Instr_PreTrial: autoDraw = True
15.7552 	EXP 	Text_3_SS_Instr_PreTrial: autoDraw = True
16.3843 	WARNING 	Multiple dropped frames have occurred - I'll stop bothering you about them!
16.3830 	EXP 	Line_SS_Instr_PreTrial: autoDraw = False
16.3830 	EXP 	Circle_SS_Instr_PreTrial: autoDraw = False
16.3830 	EXP 	Score_SS_Intr_PreTrial: autoDraw = False
16.3830 	EXP 	Ball_SS_Instr_PreTrial: autoDraw = False
16.3830 	EXP 	Text_1_SS_Instr_PreTrial: autoDraw = False
16.3830 	EXP 	Text_2_SS_Instr_PreTrial: autoDraw = False
16.3830 	EXP 	Text_3_SS_Instr_PreTrial: autoDraw = False
16.3830 	EXP 	Line_SS_Instr_PreTrial: autoDraw = False
16.3830 	EXP 	Circle_SS_Instr_PreTrial: autoDraw = False
16.3830 	EXP 	Score_SS_Intr_PreTrial: autoDraw = False
16.3830 	EXP 	Ball_SS_Instr_PreTrial: autoDraw = False
16.3830 	EXP 	Text_1_SS_Instr_PreTrial: autoDraw = False
16.3830 	EXP 	Text_2_SS_Instr_PreTrial: autoDraw = False
16.3830 	EXP 	Text_3_SS_Instr_PreTrial: autoDraw = False
16.3830 	EXP 	Line_SS_Instr_MainTrial: pos = array([-0.5, -0.3])
16.3830 	EXP 	Line_SS_Instr_MainTrial: fillColor = '[1. 1. 1.] (rgb)'
16.3830 	EXP 	Line_SS_Instr_MainTrial: lineColor = '[1. 1. 1.] (rgb)'
16.3830 	EXP 	Line_SS_Instr_MainTrial: lineWidth = 0.5
16.3830 	EXP 	Score_SS_Instr_MainTrial: color = '[-1.  1. -1.] (rgb)'
16.3830 	EXP 	Score_SS_Instr_MainTrial: opacity = 1.0
16.3830 	EXP 	Score_SS_Instr_MainTrial: text = 0
16.3830 	EXP 	Ball_SS_Instr_MainTrial: size = array([0.126, 0.126])
16.3830 	EXP 	Text_1_SS_Instr_MainTrial: pos = array([-0.3 , -0.25])
16.3830 	EXP 	Text_1_SS_Instr_MainTrial: text = ''
16.3830 	EXP 	Text_2_SS_Instr_MainTrial: text = ''
16.3830 	EXP 	Text_3_SS_Instr_MainTrial: text = ''
16.3830 	EXP 	Line_SS_Instr_MainTrial: autoDraw = True
16.3830 	EXP 	Score_SS_Instr_MainTrial: autoDraw = True
16.3830 	EXP 	Ball_SS_Instr_MainTrial: autoDraw = True
16.3830 	EXP 	Text_1_SS_Instr_MainTrial: autoDraw = True
16.3830 	EXP 	Text_2_SS_Instr_MainTrial: autoDraw = True
16.3830 	EXP 	Text_3_SS_Instr_MainTrial: autoDraw = True
16.8835 	DATA 	Keypress: j
17.0181 	EXP 	New trial (rep=1, index=0): None
17.0371 	EXP 	Line_SS_Instr_MainTrial: autoDraw = False
17.0371 	EXP 	Score_SS_Instr_MainTrial: autoDraw = False
17.0371 	EXP 	Ball_SS_Instr_MainTrial: autoDraw = False
17.0371 	EXP 	Text_1_SS_Instr_MainTrial: autoDraw = False
17.0371 	EXP 	Text_2_SS_Instr_MainTrial: autoDraw = False
17.0371 	EXP 	Text_3_SS_Instr_MainTrial: autoDraw = False
17.0371 	EXP 	Line_SS_Instr_MainTrial: autoDraw = False
17.0371 	EXP 	Score_SS_Instr_MainTrial: autoDraw = False
17.0371 	EXP 	Ball_SS_Instr_MainTrial: autoDraw = False
17.0371 	EXP 	Text_1_SS_Instr_MainTrial: autoDraw = False
17.0371 	EXP 	Text_2_SS_Instr_MainTrial: autoDraw = False
17.0371 	EXP 	Text_3_SS_Instr_MainTrial: autoDraw = False
17.0371 	EXP 	Line_SS_Instr_PreTrial: pos = array([-0.5, -0.3])
17.0371 	EXP 	Line_SS_Instr_PreTrial: fillColor = '[1. 1. 1.] (rgb)'
17.0371 	EXP 	Line_SS_Instr_PreTrial: lineColor = '[1. 1. 1.] (rgb)'
17.0371 	EXP 	Line_SS_Instr_PreTrial: lineWidth = 0.5
17.0371 	EXP 	Circle_SS_Instr_PreTrial: pos = array([0. , 0.4])
17.0371 	EXP 	Circle_SS_Instr_PreTrial: size = array([0.126, 0.126])
17.0371 	EXP 	Circle_SS_Instr_PreTrial: lineColor = '[-1. -1. -1.] (rgb)'
17.0371 	EXP 	Circle_SS_Instr_PreTrial: lineWidth = 6.0
17.0371 	EXP 	Score_SS_Intr_PreTrial: color = '[-1.  1. -1.] (rgb)'
17.0371 	EXP 	Score_SS_Intr_PreTrial: opacity = 1.0
17.0371 	EXP 	Score_SS_Intr_PreTrial: text = 0
17.0371 	EXP 	Ball_SS_Instr_PreTrial: pos = array([0. , 0.4])
17.0371 	EXP 	Ball_SS_Instr_PreTrial: fillColor = '[-1. -1. -1.] (rgb)'
17.0371 	EXP 	Text_1_SS_Instr_PreTrial: pos = array([-0.3 , -0.25])
17.0371 	EXP 	Text_1_SS_Instr_PreTrial: text = 'In the upcoming block, \npress (j) when the ball overlaps the white line'
17.0371 	EXP 	Text_2_SS_Instr_PreTrial: text = ''
17.0371 	EXP 	Text_3_SS_Instr_PreTrial: text = ''
17.0371 	EXP 	Line_SS_Instr_PreTrial: autoDraw = True
17.0371 	EXP 	Circle_SS_Instr_PreTrial: autoDraw = True
17.0371 	EXP 	Score_SS_Intr_PreTrial: autoDraw = True
17.0371 	EXP 	Ball_SS_Instr_PreTrial: autoDraw = True
17.0371 	EXP 	Text_1_SS_Instr_PreTrial: autoDraw = True
17.0371 	EXP 	Text_2_SS_Instr_PreTrial: autoDraw = True
17.0371 	EXP 	Text_3_SS_Instr_PreTrial: autoDraw = True
17.6660 	EXP 	Line_SS_Instr_PreTrial: autoDraw = False
17.6660 	EXP 	Circle_SS_Instr_PreTrial: autoDraw = False
17.6660 	EXP 	Score_SS_Intr_PreTrial: autoDraw = False
17.6660 	EXP 	Ball_SS_Instr_PreTrial: autoDraw = False
17.6660 	EXP 	Text_1_SS_Instr_PreTrial: autoDraw = False
17.6660 	EXP 	Text_2_SS_Instr_PreTrial: autoDraw = False
17.6660 	EXP 	Text_3_SS_Instr_PreTrial: autoDraw = False
17.6660 	EXP 	Line_SS_Instr_PreTrial: autoDraw = False
17.6660 	EXP 	Circle_SS_Instr_PreTrial: autoDraw = False
17.6660 	EXP 	Score_SS_Intr_PreTrial: autoDraw = False
17.6660 	EXP 	Ball_SS_Instr_PreTrial: autoDraw = False
17.6660 	EXP 	Text_1_SS_Instr_PreTrial: autoDraw = False
17.6660 	EXP 	Text_2_SS_Instr_PreTrial: autoDraw = False
17.6660 	EXP 	Text_3_SS_Instr_PreTrial: autoDraw = False
17.6660 	EXP 	Line_SS_Instr_MainTrial: pos = array([-0.5, -0.3])
17.6660 	EXP 	Line_SS_Instr_MainTrial: fillColor = '[1. 1. 1.] (rgb)'
17.6660 	EXP 	Line_SS_Instr_MainTrial: lineColor = '[1. 1. 1.] (rgb)'
17.6660 	EXP 	Line_SS_Instr_MainTrial: lineWidth = 0.5
17.6660 	EXP 	Score_SS_Instr_MainTrial: color = '[-1.  1. -1.] (rgb)'
17.6660 	EXP 	Score_SS_Instr_MainTrial: opacity = 1.0
17.6660 	EXP 	Score_SS_Instr_MainTrial: text = 0
17.6660 	EXP 	Ball_SS_Instr_MainTrial: size = array([0.126, 0.126])
17.6660 	EXP 	Text_1_SS_Instr_MainTrial: pos = array([-0.3 , -0.25])
17.6660 	EXP 	Text_1_SS_Instr_MainTrial: text = 'In the upcoming block, \npress (j) when the ball overlaps the white line'
17.6660 	EXP 	Text_2_SS_Instr_MainTrial: text = ''
17.6660 	EXP 	Text_3_SS_Instr_MainTrial: text = ''
17.6660 	EXP 	Line_SS_Instr_MainTrial: autoDraw = True
17.6660 	EXP 	Score_SS_Instr_MainTrial: autoDraw = True
17.6660 	EXP 	Ball_SS_Instr_MainTrial: autoDraw = True
17.6660 	EXP 	Text_1_SS_Instr_MainTrial: autoDraw = True
17.6660 	EXP 	Text_2_SS_Instr_MainTrial: autoDraw = True
17.6660 	EXP 	Text_3_SS_Instr_MainTrial: autoDraw = True
18.3019 	EXP 	New trial (rep=2, index=0): None
18.3168 	EXP 	Line_SS_Instr_MainTrial: autoDraw = False
18.3168 	EXP 	Score_SS_Instr_MainTrial: autoDraw = False
18.3168 	EXP 	Ball_SS_Instr_MainTrial: autoDraw = False
18.3168 	EXP 	Text_1_SS_Instr_MainTrial: autoDraw = False
18.3168 	EXP 	Text_2_SS_Instr_MainTrial: autoDraw = False
18.3168 	EXP 	Text_3_SS_Instr_MainTrial: autoDraw = False
18.3168 	EXP 	Line_SS_Instr_MainTrial: autoDraw = False
18.3168 	EXP 	Score_SS_Instr_MainTrial: autoDraw = False
18.3168 	EXP 	Ball_SS_Instr_MainTrial: autoDraw = False
18.3168 	EXP 	Text_1_SS_Instr_MainTrial: autoDraw = False
18.3168 	EXP 	Text_2_SS_Instr_MainTrial: autoDraw = False
18.3168 	EXP 	Text_3_SS_Instr_MainTrial: autoDraw = False
18.3168 	EXP 	Line_SS_Instr_PreTrial: pos = array([-0.5, -0.3])
18.3168 	EXP 	Line_SS_Instr_PreTrial: fillColor = '[1. 1. 1.] (rgb)'
18.3168 	EXP 	Line_SS_Instr_PreTrial: lineColor = '[1. 1. 1.] (rgb)'
18.3168 	EXP 	Line_SS_Instr_PreTrial: lineWidth = 0.5
18.3168 	EXP 	Circle_SS_Instr_PreTrial: pos = array([0. , 0.4])
18.3168 	EXP 	Circle_SS_Instr_PreTrial: size = array([0.126, 0.126])
18.3168 	EXP 	Circle_SS_Instr_PreTrial: lineColor = '[-1. -1. -1.] (rgb)'
18.3168 	EXP 	Circle_SS_Instr_PreTrial: lineWidth = 6.0
18.3168 	EXP 	Score_SS_Intr_PreTrial: color = '[-1.  1. -1.] (rgb)'
18.3168 	EXP 	Score_SS_Intr_PreTrial: opacity = 1.0
18.3168 	EXP 	Score_SS_Intr_PreTrial: text = 0
18.3168 	EXP 	Ball_SS_Instr_PreTrial: pos = array([0. , 0.4])
18.3168 	EXP 	Ball_SS_Instr_PreTrial: fillColor = '[-1. -1. -1.] (rgb)'
18.3168 	EXP 	Text_1_SS_Instr_PreTrial: pos = array([-0.3 , -0.25])
18.3168 	EXP 	Text_1_SS_Instr_PreTrial: text = 'In the upcoming block, \npress (j) when the ball overlaps the white line'
18.3168 	EXP 	Text_2_SS_Instr_PreTrial: text = ''
18.3168 	EXP 	Text_3_SS_Instr_PreTrial: text = ''
18.3168 	EXP 	Line_SS_Instr_PreTrial: autoDraw = True
18.3168 	EXP 	Circle_SS_Instr_PreTrial: autoDraw = True
18.3168 	EXP 	Score_SS_Intr_PreTrial: autoDraw = True
18.3168 	EXP 	Ball_SS_Instr_PreTrial: autoDraw = True
18.3168 	EXP 	Text_1_SS_Instr_PreTrial: autoDraw = True
18.3168 	EXP 	Text_2_SS_Instr_PreTrial: autoDraw = True
18.3168 	EXP 	Text_3_SS_Instr_PreTrial: autoDraw = True
18.5361 	DATA 	Mouse: Left button down, pos=(1231,860)
18.6343 	DATA 	Mouse:  Left button up, pos=(1231,860)
18.9487 	EXP 	Line_SS_Instr_PreTrial: autoDraw = False
18.9487 	EXP 	Circle_SS_Instr_PreTrial: autoDraw = False
18.9487 	EXP 	Score_SS_Intr_PreTrial: autoDraw = False
18.9487 	EXP 	Ball_SS_Instr_PreTrial: autoDraw = False
18.9487 	EXP 	Text_1_SS_Instr_PreTrial: autoDraw = False
18.9487 	EXP 	Text_2_SS_Instr_PreTrial: autoDraw = False
18.9487 	EXP 	Text_3_SS_Instr_PreTrial: autoDraw = False
18.9487 	EXP 	Line_SS_Instr_PreTrial: autoDraw = False
18.9487 	EXP 	Circle_SS_Instr_PreTrial: autoDraw = False
18.9487 	EXP 	Score_SS_Intr_PreTrial: autoDraw = False
18.9487 	EXP 	Ball_SS_Instr_PreTrial: autoDraw = False
18.9487 	EXP 	Text_1_SS_Instr_PreTrial: autoDraw = False
18.9487 	EXP 	Text_2_SS_Instr_PreTrial: autoDraw = False
18.9487 	EXP 	Text_3_SS_Instr_PreTrial: autoDraw = False
18.9487 	EXP 	Line_SS_Instr_MainTrial: pos = array([-0.5, -0.3])
18.9487 	EXP 	Line_SS_Instr_MainTrial: fillColor = '[1. 1. 1.] (rgb)'
18.9487 	EXP 	Line_SS_Instr_MainTrial: lineColor = '[1. 1. 1.] (rgb)'
18.9487 	EXP 	Line_SS_Instr_MainTrial: lineWidth = 0.5
18.9487 	EXP 	Score_SS_Instr_MainTrial: color = '[-1.  1. -1.] (rgb)'
18.9487 	EXP 	Score_SS_Instr_MainTrial: opacity = 1.0
18.9487 	EXP 	Score_SS_Instr_MainTrial: text = 0
18.9487 	EXP 	Ball_SS_Instr_MainTrial: size = array([0.126, 0.126])
18.9487 	EXP 	Text_1_SS_Instr_MainTrial: pos = array([-0.3 , -0.25])
18.9487 	EXP 	Text_1_SS_Instr_MainTrial: text = 'In the upcoming block, \npress (j) when the ball overlaps the white line'
18.9487 	EXP 	Text_2_SS_Instr_MainTrial: text = ''
18.9487 	EXP 	Text_3_SS_Instr_MainTrial: text = ''
18.9487 	EXP 	Line_SS_Instr_MainTrial: autoDraw = True
18.9487 	EXP 	Score_SS_Instr_MainTrial: autoDraw = True
18.9487 	EXP 	Ball_SS_Instr_MainTrial: autoDraw = True
18.9487 	EXP 	Text_1_SS_Instr_MainTrial: autoDraw = True
18.9487 	EXP 	Text_2_SS_Instr_MainTrial: autoDraw = True
18.9487 	EXP 	Text_3_SS_Instr_MainTrial: autoDraw = True
19.5784 	EXP 	New trial (rep=3, index=0): None
19.5936 	EXP 	Line_SS_Instr_MainTrial: autoDraw = False
19.5936 	EXP 	Score_SS_Instr_MainTrial: autoDraw = False
19.5936 	EXP 	Ball_SS_Instr_MainTrial: autoDraw = False
19.5936 	EXP 	Text_1_SS_Instr_MainTrial: autoDraw = False
19.5936 	EXP 	Text_2_SS_Instr_MainTrial: autoDraw = False
19.5936 	EXP 	Text_3_SS_Instr_MainTrial: autoDraw = False
19.5936 	EXP 	Line_SS_Instr_MainTrial: autoDraw = False
19.5936 	EXP 	Score_SS_Instr_MainTrial: autoDraw = False
19.5936 	EXP 	Ball_SS_Instr_MainTrial: autoDraw = False
19.5936 	EXP 	Text_1_SS_Instr_MainTrial: autoDraw = False
19.5936 	EXP 	Text_2_SS_Instr_MainTrial: autoDraw = False
19.5936 	EXP 	Text_3_SS_Instr_MainTrial: autoDraw = False
19.5936 	EXP 	Line_SS_Instr_PreTrial: pos = array([-0.5, -0.3])
19.5936 	EXP 	Line_SS_Instr_PreTrial: fillColor = '[1. 1. 1.] (rgb)'
19.5936 	EXP 	Line_SS_Instr_PreTrial: lineColor = '[1. 1. 1.] (rgb)'
19.5936 	EXP 	Line_SS_Instr_PreTrial: lineWidth = 0.5
19.5936 	EXP 	Circle_SS_Instr_PreTrial: pos = array([0. , 0.4])
19.5936 	EXP 	Circle_SS_Instr_PreTrial: size = array([0.126, 0.126])
19.5936 	EXP 	Circle_SS_Instr_PreTrial: lineColor = '[-1. -1. -1.] (rgb)'
19.5936 	EXP 	Circle_SS_Instr_PreTrial: lineWidth = 6.0
19.5936 	EXP 	Score_SS_Intr_PreTrial: color = '[-1.  1. -1.] (rgb)'
19.5936 	EXP 	Score_SS_Intr_PreTrial: opacity = 1.0
19.5936 	EXP 	Score_SS_Intr_PreTrial: text = 0
19.5936 	EXP 	Ball_SS_Instr_PreTrial: pos = array([0. , 0.4])
19.5936 	EXP 	Ball_SS_Instr_PreTrial: fillColor = '[-1. -1. -1.] (rgb)'
19.5936 	EXP 	Text_1_SS_Instr_PreTrial: pos = array([-0.3 , -0.25])
19.5936 	EXP 	Text_1_SS_Instr_PreTrial: text = 'In the upcoming block, \npress (j) when the ball overlaps the white line'
19.5936 	EXP 	Text_2_SS_Instr_PreTrial: text = ''
19.5936 	EXP 	Text_3_SS_Instr_PreTrial: text = ''
19.5936 	EXP 	Line_SS_Instr_PreTrial: autoDraw = True
19.5936 	EXP 	Circle_SS_Instr_PreTrial: autoDraw = True
19.5936 	EXP 	Score_SS_Intr_PreTrial: autoDraw = True
19.5936 	EXP 	Ball_SS_Instr_PreTrial: autoDraw = True
19.5936 	EXP 	Text_1_SS_Instr_PreTrial: autoDraw = True
19.5936 	EXP 	Text_2_SS_Instr_PreTrial: autoDraw = True
19.5936 	EXP 	Text_3_SS_Instr_PreTrial: autoDraw = True
20.2099 	EXP 	Line_SS_Instr_PreTrial: autoDraw = False
20.2099 	EXP 	Circle_SS_Instr_PreTrial: autoDraw = False
20.2099 	EXP 	Score_SS_Intr_PreTrial: autoDraw = False
20.2099 	EXP 	Ball_SS_Instr_PreTrial: autoDraw = False
20.2099 	EXP 	Text_1_SS_Instr_PreTrial: autoDraw = False
20.2099 	EXP 	Text_2_SS_Instr_PreTrial: autoDraw = False
20.2099 	EXP 	Text_3_SS_Instr_PreTrial: autoDraw = False
20.2099 	EXP 	Line_SS_Instr_PreTrial: autoDraw = False
20.2099 	EXP 	Circle_SS_Instr_PreTrial: autoDraw = False
20.2099 	EXP 	Score_SS_Intr_PreTrial: autoDraw = False
20.2099 	EXP 	Ball_SS_Instr_PreTrial: autoDraw = False
20.2099 	EXP 	Text_1_SS_Instr_PreTrial: autoDraw = False
20.2099 	EXP 	Text_2_SS_Instr_PreTrial: autoDraw = False
20.2099 	EXP 	Text_3_SS_Instr_PreTrial: autoDraw = False
20.2099 	EXP 	Line_SS_Instr_MainTrial: pos = array([-0.5, -0.3])
20.2099 	EXP 	Line_SS_Instr_MainTrial: fillColor = '[1. 1. 1.] (rgb)'
20.2099 	EXP 	Line_SS_Instr_MainTrial: lineColor = '[1. 1. 1.] (rgb)'
20.2099 	EXP 	Line_SS_Instr_MainTrial: lineWidth = 0.5
20.2099 	EXP 	Score_SS_Instr_MainTrial: color = '[-1.  1. -1.] (rgb)'
20.2099 	EXP 	Score_SS_Instr_MainTrial: opacity = 1.0
20.2099 	EXP 	Score_SS_Instr_MainTrial: text = 0
20.2099 	EXP 	Ball_SS_Instr_MainTrial: size = array([0.126, 0.126])
20.2099 	EXP 	Text_1_SS_Instr_MainTrial: pos = array([-0.3 , -0.25])
20.2099 	EXP 	Text_1_SS_Instr_MainTrial: text = 'In the upcoming block, \npress (j) when the ball overlaps the white line'
20.2099 	EXP 	Text_2_SS_Instr_MainTrial: text = ''
20.2099 	EXP 	Text_3_SS_Instr_MainTrial: text = ''
20.2099 	EXP 	Line_SS_Instr_MainTrial: autoDraw = True
20.2099 	EXP 	Score_SS_Instr_MainTrial: autoDraw = True
20.2099 	EXP 	Ball_SS_Instr_MainTrial: autoDraw = True
20.2099 	EXP 	Text_1_SS_Instr_MainTrial: autoDraw = True
20.2099 	EXP 	Text_2_SS_Instr_MainTrial: autoDraw = True
20.2099 	EXP 	Text_3_SS_Instr_MainTrial: autoDraw = True
20.8446 	EXP 	New trial (rep=4, index=0): None
20.8578 	EXP 	Line_SS_Instr_MainTrial: autoDraw = False
20.8578 	EXP 	Score_SS_Instr_MainTrial: autoDraw = False
20.8578 	EXP 	Ball_SS_Instr_MainTrial: autoDraw = False
20.8578 	EXP 	Text_1_SS_Instr_MainTrial: autoDraw = False
20.8578 	EXP 	Text_2_SS_Instr_MainTrial: autoDraw = False
20.8578 	EXP 	Text_3_SS_Instr_MainTrial: autoDraw = False
20.8578 	EXP 	Line_SS_Instr_MainTrial: autoDraw = False
20.8578 	EXP 	Score_SS_Instr_MainTrial: autoDraw = False
20.8578 	EXP 	Ball_SS_Instr_MainTrial: autoDraw = False
20.8578 	EXP 	Text_1_SS_Instr_MainTrial: autoDraw = False
20.8578 	EXP 	Text_2_SS_Instr_MainTrial: autoDraw = False
20.8578 	EXP 	Text_3_SS_Instr_MainTrial: autoDraw = False
20.8578 	EXP 	Line_SS_Instr_PreTrial: pos = array([-0.5, -0.3])
20.8578 	EXP 	Line_SS_Instr_PreTrial: fillColor = '[1. 1. 1.] (rgb)'
20.8578 	EXP 	Line_SS_Instr_PreTrial: lineColor = '[1. 1. 1.] (rgb)'
20.8578 	EXP 	Line_SS_Instr_PreTrial: lineWidth = 0.5
20.8578 	EXP 	Circle_SS_Instr_PreTrial: pos = array([0. , 0.4])
20.8578 	EXP 	Circle_SS_Instr_PreTrial: size = array([0.126, 0.126])
20.8578 	EXP 	Circle_SS_Instr_PreTrial: lineColor = '[-1. -1. -1.] (rgb)'
20.8578 	EXP 	Circle_SS_Instr_PreTrial: lineWidth = 6.0
20.8578 	EXP 	Score_SS_Intr_PreTrial: color = '[-1.  1. -1.] (rgb)'
20.8578 	EXP 	Score_SS_Intr_PreTrial: opacity = 1.0
20.8578 	EXP 	Score_SS_Intr_PreTrial: text = 0
20.8578 	EXP 	Ball_SS_Instr_PreTrial: pos = array([0. , 0.4])
20.8578 	EXP 	Ball_SS_Instr_PreTrial: fillColor = '[-1. -1. -1.] (rgb)'
20.8578 	EXP 	Text_1_SS_Instr_PreTrial: pos = array([-0.3 , -0.25])
20.8578 	EXP 	Text_1_SS_Instr_PreTrial: text = 'In the upcoming block, \npress (j) when the ball overlaps the white line'
20.8578 	EXP 	Text_2_SS_Instr_PreTrial: text = ''
20.8578 	EXP 	Text_3_SS_Instr_PreTrial: text = ''
20.8578 	EXP 	Line_SS_Instr_PreTrial: autoDraw = True
20.8578 	EXP 	Circle_SS_Instr_PreTrial: autoDraw = True
20.8578 	EXP 	Score_SS_Intr_PreTrial: autoDraw = True
20.8578 	EXP 	Ball_SS_Instr_PreTrial: autoDraw = True
20.8578 	EXP 	Text_1_SS_Instr_PreTrial: autoDraw = True
20.8578 	EXP 	Text_2_SS_Instr_PreTrial: autoDraw = True
20.8578 	EXP 	Text_3_SS_Instr_PreTrial: autoDraw = True
21.4718 	EXP 	Line_SS_Instr_PreTrial: autoDraw = False
21.4718 	EXP 	Circle_SS_Instr_PreTrial: autoDraw = False
21.4718 	EXP 	Score_SS_Intr_PreTrial: autoDraw = False
21.4718 	EXP 	Ball_SS_Instr_PreTrial: autoDraw = False
21.4718 	EXP 	Text_1_SS_Instr_PreTrial: autoDraw = False
21.4718 	EXP 	Text_2_SS_Instr_PreTrial: autoDraw = False
21.4718 	EXP 	Text_3_SS_Instr_PreTrial: autoDraw = False
21.4718 	EXP 	Line_SS_Instr_PreTrial: autoDraw = False
21.4718 	EXP 	Circle_SS_Instr_PreTrial: autoDraw = False
21.4718 	EXP 	Score_SS_Intr_PreTrial: autoDraw = False
21.4718 	EXP 	Ball_SS_Instr_PreTrial: autoDraw = False
21.4718 	EXP 	Text_1_SS_Instr_PreTrial: autoDraw = False
21.4718 	EXP 	Text_2_SS_Instr_PreTrial: autoDraw = False
21.4718 	EXP 	Text_3_SS_Instr_PreTrial: autoDraw = False
21.4718 	EXP 	Line_SS_Instr_MainTrial: pos = array([-0.5, -0.3])
21.4718 	EXP 	Line_SS_Instr_MainTrial: fillColor = '[1. 1. 1.] (rgb)'
21.4718 	EXP 	Line_SS_Instr_MainTrial: lineColor = '[1. 1. 1.] (rgb)'
21.4718 	EXP 	Line_SS_Instr_MainTrial: lineWidth = 0.5
21.4718 	EXP 	Score_SS_Instr_MainTrial: color = '[-1.  1. -1.] (rgb)'
21.4718 	EXP 	Score_SS_Instr_MainTrial: opacity = 1.0
21.4718 	EXP 	Score_SS_Instr_MainTrial: text = 0
21.4718 	EXP 	Ball_SS_Instr_MainTrial: size = array([0.126, 0.126])
21.4718 	EXP 	Text_1_SS_Instr_MainTrial: pos = array([-0.3 , -0.25])
21.4718 	EXP 	Text_1_SS_Instr_MainTrial: text = 'In the upcoming block, \npress (j) when the ball overlaps the white line'
21.4718 	EXP 	Text_2_SS_Instr_MainTrial: text = ''
21.4718 	EXP 	Text_3_SS_Instr_MainTrial: text = ''
21.4718 	EXP 	Line_SS_Instr_MainTrial: autoDraw = True
21.4718 	EXP 	Score_SS_Instr_MainTrial: autoDraw = True
21.4718 	EXP 	Ball_SS_Instr_MainTrial: autoDraw = True
21.4718 	EXP 	Text_1_SS_Instr_MainTrial: autoDraw = True
21.4718 	EXP 	Text_2_SS_Instr_MainTrial: autoDraw = True
21.4718 	EXP 	Text_3_SS_Instr_MainTrial: autoDraw = True
22.0933 	EXP 	New trial (rep=5, index=0): None
22.1114 	EXP 	Line_SS_Instr_MainTrial: autoDraw = False
22.1114 	EXP 	Score_SS_Instr_MainTrial: autoDraw = False
22.1114 	EXP 	Ball_SS_Instr_MainTrial: autoDraw = False
22.1114 	EXP 	Text_1_SS_Instr_MainTrial: autoDraw = False
22.1114 	EXP 	Text_2_SS_Instr_MainTrial: autoDraw = False
22.1114 	EXP 	Text_3_SS_Instr_MainTrial: autoDraw = False
22.1114 	EXP 	Line_SS_Instr_MainTrial: autoDraw = False
22.1114 	EXP 	Score_SS_Instr_MainTrial: autoDraw = False
22.1114 	EXP 	Ball_SS_Instr_MainTrial: autoDraw = False
22.1114 	EXP 	Text_1_SS_Instr_MainTrial: autoDraw = False
22.1114 	EXP 	Text_2_SS_Instr_MainTrial: autoDraw = False
22.1114 	EXP 	Text_3_SS_Instr_MainTrial: autoDraw = False
22.1114 	EXP 	Line_SS_Instr_PreTrial: pos = array([-0.5, -0.3])
22.1114 	EXP 	Line_SS_Instr_PreTrial: fillColor = '[1. 1. 1.] (rgb)'
22.1114 	EXP 	Line_SS_Instr_PreTrial: lineColor = '[1. 1. 1.] (rgb)'
22.1114 	EXP 	Line_SS_Instr_PreTrial: lineWidth = 0.5
22.1114 	EXP 	Circle_SS_Instr_PreTrial: pos = array([0. , 0.4])
22.1114 	EXP 	Circle_SS_Instr_PreTrial: size = array([0.126, 0.126])
22.1114 	EXP 	Circle_SS_Instr_PreTrial: lineColor = '[-1. -1. -1.] (rgb)'
22.1114 	EXP 	Circle_SS_Instr_PreTrial: lineWidth = 6.0
22.1114 	EXP 	Score_SS_Intr_PreTrial: color = '[-1.  1. -1.] (rgb)'
22.1114 	EXP 	Score_SS_Intr_PreTrial: opacity = 1.0
22.1114 	EXP 	Score_SS_Intr_PreTrial: text = 0
22.1114 	EXP 	Ball_SS_Instr_PreTrial: pos = array([0. , 0.4])
22.1114 	EXP 	Ball_SS_Instr_PreTrial: fillColor = '[-1. -1. -1.] (rgb)'
22.1114 	EXP 	Text_1_SS_Instr_PreTrial: pos = array([-0.3 , -0.25])
22.1114 	EXP 	Text_1_SS_Instr_PreTrial: text = 'In the upcoming block, \npress (j) when the ball overlaps the white line'
22.1114 	EXP 	Text_2_SS_Instr_PreTrial: text = 'Your job is to get 4 straght hits'
22.1114 	EXP 	Text_3_SS_Instr_PreTrial: text = ''
22.1114 	EXP 	Line_SS_Instr_PreTrial: autoDraw = True
22.1114 	EXP 	Circle_SS_Instr_PreTrial: autoDraw = True
22.1114 	EXP 	Score_SS_Intr_PreTrial: autoDraw = True
22.1114 	EXP 	Ball_SS_Instr_PreTrial: autoDraw = True
22.1114 	EXP 	Text_1_SS_Instr_PreTrial: autoDraw = True
22.1114 	EXP 	Text_2_SS_Instr_PreTrial: autoDraw = True
22.1114 	EXP 	Text_3_SS_Instr_PreTrial: autoDraw = True
22.7409 	EXP 	Line_SS_Instr_PreTrial: autoDraw = False
22.7409 	EXP 	Circle_SS_Instr_PreTrial: autoDraw = False
22.7409 	EXP 	Score_SS_Intr_PreTrial: autoDraw = False
22.7409 	EXP 	Ball_SS_Instr_PreTrial: autoDraw = False
22.7409 	EXP 	Text_1_SS_Instr_PreTrial: autoDraw = False
22.7409 	EXP 	Text_2_SS_Instr_PreTrial: autoDraw = False
22.7409 	EXP 	Text_3_SS_Instr_PreTrial: autoDraw = False
22.7409 	EXP 	Line_SS_Instr_PreTrial: autoDraw = False
22.7409 	EXP 	Circle_SS_Instr_PreTrial: autoDraw = False
22.7409 	EXP 	Score_SS_Intr_PreTrial: autoDraw = False
22.7409 	EXP 	Ball_SS_Instr_PreTrial: autoDraw = False
22.7409 	EXP 	Text_1_SS_Instr_PreTrial: autoDraw = False
22.7409 	EXP 	Text_2_SS_Instr_PreTrial: autoDraw = False
22.7409 	EXP 	Text_3_SS_Instr_PreTrial: autoDraw = False
22.7409 	EXP 	Line_SS_Instr_MainTrial: pos = array([-0.5, -0.3])
22.7409 	EXP 	Line_SS_Instr_MainTrial: fillColor = '[1. 1. 1.] (rgb)'
22.7409 	EXP 	Line_SS_Instr_MainTrial: lineColor = '[1. 1. 1.] (rgb)'
22.7409 	EXP 	Line_SS_Instr_MainTrial: lineWidth = 0.5
22.7409 	EXP 	Score_SS_Instr_MainTrial: color = '[-1.  1. -1.] (rgb)'
22.7409 	EXP 	Score_SS_Instr_MainTrial: opacity = 1.0
22.7409 	EXP 	Score_SS_Instr_MainTrial: text = 0
22.7409 	EXP 	Ball_SS_Instr_MainTrial: size = array([0.126, 0.126])
22.7409 	EXP 	Text_1_SS_Instr_MainTrial: pos = array([-0.3 , -0.25])
22.7409 	EXP 	Text_1_SS_Instr_MainTrial: text = 'In the upcoming block, \npress (j) when the ball overlaps the white line'
22.7409 	EXP 	Text_2_SS_Instr_MainTrial: text = 'Your job is to get 4 straght hits'
22.7409 	EXP 	Text_3_SS_Instr_MainTrial: text = ''
22.7409 	EXP 	Line_SS_Instr_MainTrial: autoDraw = True
22.7409 	EXP 	Score_SS_Instr_MainTrial: autoDraw = True
22.7409 	EXP 	Ball_SS_Instr_MainTrial: autoDraw = True
22.7409 	EXP 	Text_1_SS_Instr_MainTrial: autoDraw = True
22.7409 	EXP 	Text_2_SS_Instr_MainTrial: autoDraw = True
22.7409 	EXP 	Text_3_SS_Instr_MainTrial: autoDraw = True
23.3671 	EXP 	New trial (rep=6, index=0): None
23.3845 	EXP 	Line_SS_Instr_MainTrial: autoDraw = False
23.3845 	EXP 	Score_SS_Instr_MainTrial: autoDraw = False
23.3845 	EXP 	Ball_SS_Instr_MainTrial: autoDraw = False
23.3845 	EXP 	Text_1_SS_Instr_MainTrial: autoDraw = False
23.3845 	EXP 	Text_2_SS_Instr_MainTrial: autoDraw = False
23.3845 	EXP 	Text_3_SS_Instr_MainTrial: autoDraw = False
23.3845 	EXP 	Line_SS_Instr_MainTrial: autoDraw = False
23.3845 	EXP 	Score_SS_Instr_MainTrial: autoDraw = False
23.3845 	EXP 	Ball_SS_Instr_MainTrial: autoDraw = False
23.3845 	EXP 	Text_1_SS_Instr_MainTrial: autoDraw = False
23.3845 	EXP 	Text_2_SS_Instr_MainTrial: autoDraw = False
23.3845 	EXP 	Text_3_SS_Instr_MainTrial: autoDraw = False
23.3845 	EXP 	Line_SS_Instr_PreTrial: pos = array([-0.5, -0.3])
23.3845 	EXP 	Line_SS_Instr_PreTrial: fillColor = '[1. 1. 1.] (rgb)'
23.3845 	EXP 	Line_SS_Instr_PreTrial: lineColor = '[1. 1. 1.] (rgb)'
23.3845 	EXP 	Line_SS_Instr_PreTrial: lineWidth = 0.5
23.3845 	EXP 	Circle_SS_Instr_PreTrial: pos = array([0. , 0.4])
23.3845 	EXP 	Circle_SS_Instr_PreTrial: size = array([0.126, 0.126])
23.3845 	EXP 	Circle_SS_Instr_PreTrial: lineColor = '[-1. -1. -1.] (rgb)'
23.3845 	EXP 	Circle_SS_Instr_PreTrial: lineWidth = 6.0
23.3845 	EXP 	Score_SS_Intr_PreTrial: color = '[-1.  1. -1.] (rgb)'
23.3845 	EXP 	Score_SS_Intr_PreTrial: opacity = 1.0
23.3845 	EXP 	Score_SS_Intr_PreTrial: text = 1
23.3845 	EXP 	Ball_SS_Instr_PreTrial: pos = array([0. , 0.4])
23.3845 	EXP 	Ball_SS_Instr_PreTrial: fillColor = '[-1. -1. -1.] (rgb)'
23.3845 	EXP 	Text_1_SS_Instr_PreTrial: pos = array([-0.3 , -0.25])
23.3845 	EXP 	Text_1_SS_Instr_PreTrial: text = 'In the upcoming block, \npress (j) when the ball overlaps the white line'
23.3845 	EXP 	Text_2_SS_Instr_PreTrial: text = 'Your job is to get 4 straght hits'
23.3845 	EXP 	Text_3_SS_Instr_PreTrial: text = ''
23.3845 	EXP 	Line_SS_Instr_PreTrial: autoDraw = True
23.3845 	EXP 	Circle_SS_Instr_PreTrial: autoDraw = True
23.3845 	EXP 	Score_SS_Intr_PreTrial: autoDraw = True
23.3845 	EXP 	Ball_SS_Instr_PreTrial: autoDraw = True
23.3845 	EXP 	Text_1_SS_Instr_PreTrial: autoDraw = True
23.3845 	EXP 	Text_2_SS_Instr_PreTrial: autoDraw = True
23.3845 	EXP 	Text_3_SS_Instr_PreTrial: autoDraw = True
24.0234 	EXP 	Line_SS_Instr_PreTrial: autoDraw = False
24.0234 	EXP 	Circle_SS_Instr_PreTrial: autoDraw = False
24.0234 	EXP 	Score_SS_Intr_PreTrial: autoDraw = False
24.0234 	EXP 	Ball_SS_Instr_PreTrial: autoDraw = False
24.0234 	EXP 	Text_1_SS_Instr_PreTrial: autoDraw = False
24.0234 	EXP 	Text_2_SS_Instr_PreTrial: autoDraw = False
24.0234 	EXP 	Text_3_SS_Instr_PreTrial: autoDraw = False
24.0234 	EXP 	Line_SS_Instr_PreTrial: autoDraw = False
24.0234 	EXP 	Circle_SS_Instr_PreTrial: autoDraw = False
24.0234 	EXP 	Score_SS_Intr_PreTrial: autoDraw = False
24.0234 	EXP 	Ball_SS_Instr_PreTrial: autoDraw = False
24.0234 	EXP 	Text_1_SS_Instr_PreTrial: autoDraw = False
24.0234 	EXP 	Text_2_SS_Instr_PreTrial: autoDraw = False
24.0234 	EXP 	Text_3_SS_Instr_PreTrial: autoDraw = False
24.0234 	EXP 	Line_SS_Instr_MainTrial: pos = array([-0.5, -0.3])
24.0234 	EXP 	Line_SS_Instr_MainTrial: fillColor = '[1. 1. 1.] (rgb)'
24.0234 	EXP 	Line_SS_Instr_MainTrial: lineColor = '[1. 1. 1.] (rgb)'
24.0234 	EXP 	Line_SS_Instr_MainTrial: lineWidth = 0.5
24.0234 	EXP 	Score_SS_Instr_MainTrial: color = '[-1.  1. -1.] (rgb)'
24.0234 	EXP 	Score_SS_Instr_MainTrial: opacity = 1.0
24.0234 	EXP 	Score_SS_Instr_MainTrial: text = 1
24.0234 	EXP 	Ball_SS_Instr_MainTrial: size = array([0.126, 0.126])
24.0234 	EXP 	Text_1_SS_Instr_MainTrial: pos = array([-0.3 , -0.25])
24.0234 	EXP 	Text_1_SS_Instr_MainTrial: text = 'In the upcoming block, \npress (j) when the ball overlaps the white line'
24.0234 	EXP 	Text_2_SS_Instr_MainTrial: text = 'Your job is to get 4 straght hits'
24.0234 	EXP 	Text_3_SS_Instr_MainTrial: text = ''
24.0234 	EXP 	Line_SS_Instr_MainTrial: autoDraw = True
24.0234 	EXP 	Score_SS_Instr_MainTrial: autoDraw = True
24.0234 	EXP 	Ball_SS_Instr_MainTrial: autoDraw = True
24.0234 	EXP 	Text_1_SS_Instr_MainTrial: autoDraw = True
24.0234 	EXP 	Text_2_SS_Instr_MainTrial: autoDraw = True
24.0234 	EXP 	Text_3_SS_Instr_MainTrial: autoDraw = True
24.5152 	DATA 	Keypress: escape
24.6447 	EXP 	New trial (rep=7, index=0): None
24.7860 	EXP 	window1: mouseVisible = True
