1.0679 	WARNING 	We strongly recommend you activate the PTB sound engine in PsychoPy prefs as the preferred audio engine. Its timing is vastly superior. Your prefs are currently set to use ['sounddevice', 'PTB', 'pyo', 'pygame'] (in that order).
9.1952 	WARNING 	Couldn't measure a consistent frame rate.
  - Is your graphics card set to sync to vertical blank?
  - Are you running other processes on your computer?

9.1955 	EXP 	Created window1 = Window(allowGUI=False, allowStencil=False, args=UNKNOWN, autoLog=True, bitsMode=UNKNOWN, blendMode='avg', bpc=(8, 8, 8), color=array([0., 0., 0.]), colorSpace='rgb', depthBits=8, fullscr=<method-wrapper '__getattribute__' of attributeSetter object at 0x000001B89EAFE518>, gamma=None, gammaErrorPolicy='raise', kwargs=UNKNOWN, lms=UNKNOWN, monitor=<psychopy.monitors.calibTools.Monitor object at 0x000001B89EACCF28>, multiSample=False, name='window1', numSamples=2, pos=[0.0, 0.0], screen=0, size=array([1920, 1080]), stencilBits=0, stereo=False, units='height', useFBO=True, useRetina=False, viewOri=0.0, viewPos=None, viewScale=None, waitBlanking=True, winType='pyglet')
9.1955 	EXP 	window1: recordFrameIntervals = False
9.3613 	EXP 	window1: recordFrameIntervals = True
9.4481 	WARNING 	t of last frame was 22.81ms (=1/43)
11.0254 	WARNING 	Couldn't measure a consistent frame rate.
  - Is your graphics card set to sync to vertical blank?
  - Are you running other processes on your computer?

11.2486 	EXP 	Created Instr_Exp_Text = TextStim(__class__=<class 'psychopy.visual.text.TextStim'>, alignHoriz=method-wrapper(...), alignText='center', alignVert=method-wrapper(...), anchorHoriz='center', anchorVert='center', antialias=True, autoLog=True, bold=False, color='white', colorSpace='named', contrast=1.0, depth=0.0, flipHoriz=False, flipVert=False, font='Arial', fontFiles=[], height=0.03, italic=False, languageStyle='LTR', name='Instr_Exp_Text', opacity=1.0, ori=0, pos=array([0., 0.]), rgb=array([255., 255., 255.]), text='default text', units='height', win=Window(...), wrapWidth=1)
11.2507 	EXP 	Created Line_SS_Instr_PreTrial = Line(__class__=<class 'psychopy.visual.line.Line'>, autoDraw=False, autoLog=True, closeShape=False, contrast=1.0, depth=-1.0, fillColor=None, fillColorSpace='rgb', interpolate=True, lineColor=array([1., 1., 1.]), lineColorSpace='rgb', lineWidth=1.0, name='Line_SS_Instr_PreTrial', opacity=1.0, ori=array(0.), pos=array([0., 0.]), size=array([1., 1.]), units='height', vertices=array([[-0.5,  0. ],
       [ 0.5,  0. ]]), win=Window(...), windingRule=None)
11.2632 	EXP 	Created Circle_SS_Instr_PreTrial = Polygon(__class__=<class 'psychopy.visual.polygon.Polygon'>, autoDraw=False, autoLog=True, closeShape=True, color=method-wrapper(...), colorSpace=None, contrast=1.0, depth=-2.0, fillColor=None, fillColorSpace='rgb', fillRGB=None, interpolate=True, lineColor=array([1., 1., 1.]), lineColorSpace='rgb', lineRGB=array([1., 1., 1.]), lineWidth=1.0, name='Circle_SS_Instr_PreTrial', opacity=1.0, ori=array(0.), pos=array([0., 0.]), size=array([1., 1.]), units='height', vertices=ndarray(...), win=Window(...))
11.3069 	EXP 	Created Score_SS_Intr_PreTrial = TextStim(__class__=<class 'psychopy.visual.text.TextStim'>, alignHoriz=method-wrapper(...), alignText='center', alignVert=method-wrapper(...), anchorHoriz='center', anchorVert='center', antialias=True, autoLog=True, bold=False, color='white', colorSpace='named', contrast=1.0, depth=-3.0, flipHoriz=False, flipVert=False, font='Arial', fontFiles=[], height=0.2, italic=False, languageStyle='Arabic', name='Score_SS_Intr_PreTrial', opacity=1.0, ori=0, pos=array([0.7, 0. ]), rgb=array([255., 255., 255.]), text='default text', units='height', win=Window(...), wrapWidth=1)
11.3171 	EXP 	Created Ball_SS_Instr_PreTrial = Polygon(__class__=<class 'psychopy.visual.polygon.Polygon'>, autoDraw=False, autoLog=True, closeShape=True, color=method-wrapper(...), colorSpace=None, contrast=1.0, depth=-4.0, fillColor=array([1., 1., 1.]), fillColorSpace='rgb', fillRGB=array([1., 1., 1.]), interpolate=True, lineColor=None, lineColorSpace='rgb', lineRGB=None, lineWidth=0.01, name='Ball_SS_Instr_PreTrial', opacity=1.0, ori=array(0.), pos=array([0., 0.]), size=array([1., 1.]), units='height', vertices=ndarray(...), win=Window(...))
11.3194 	EXP 	Created Text_1_SS_Instr_PreTrial = TextStim(__class__=<class 'psychopy.visual.text.TextStim'>, alignHoriz=method-wrapper(...), alignText='center', alignVert=method-wrapper(...), anchorHoriz='center', anchorVert='center', antialias=True, autoLog=True, bold=False, color='white', colorSpace='named', contrast=1.0, depth=-5.0, flipHoriz=False, flipVert=False, font='Arial', fontFiles=[], height=0.03, italic=False, languageStyle='LTR', name='Text_1_SS_Instr_PreTrial', opacity=1.0, ori=0, pos=array([0., 0.]), rgb=array([255., 255., 255.]), text='default text', units='height', win=Window(...), wrapWidth=1)
11.3223 	EXP 	Created Text_2_SS_Instr_PreTrial = TextStim(__class__=<class 'psychopy.visual.text.TextStim'>, alignHoriz=method-wrapper(...), alignText='center', alignVert=method-wrapper(...), anchorHoriz='center', anchorVert='center', antialias=True, autoLog=True, bold=False, color='white', colorSpace='named', contrast=1.0, depth=-6.0, flipHoriz=False, flipVert=False, font='Arial', fontFiles=[], height=0.03, italic=False, languageStyle='LTR', name='Text_2_SS_Instr_PreTrial', opacity=1.0, ori=0, pos=array([0.5 , 0.15]), rgb=array([255., 255., 255.]), text='default text', units='height', win=Window(...), wrapWidth=1)
11.3357 	EXP 	Created Text_3_SS_Instr_PreTrial = TextStim(__class__=<class 'psychopy.visual.text.TextStim'>, alignHoriz=method-wrapper(...), alignText='center', alignVert=method-wrapper(...), anchorHoriz='center', anchorVert='center', antialias=True, autoLog=True, bold=False, color='white', colorSpace='named', contrast=1.0, depth=-7.0, flipHoriz=False, flipVert=False, font='Arial', fontFiles=[], height=0.05, italic=False, languageStyle='LTR', name='Text_3_SS_Instr_PreTrial', opacity=1.0, ori=0, pos=array([0., 0.]), rgb=array([255., 255., 255.]), text='default text', units='height', win=Window(...), wrapWidth=1)
11.3366 	EXP 	Created Line_SS_Instr_MainTrial = Line(__class__=<class 'psychopy.visual.line.Line'>, autoDraw=False, autoLog=True, closeShape=False, contrast=1.0, depth=-1.0, fillColor=None, fillColorSpace='rgb', interpolate=True, lineColor=array([1., 1., 1.]), lineColorSpace='rgb', lineWidth=1.0, name='Line_SS_Instr_MainTrial', opacity=1.0, ori=array(0.), pos=array([0., 0.]), size=array([1., 1.]), units='height', vertices=array([[-0.5,  0. ],
       [ 0.5,  0. ]]), win=Window(...), windingRule=None)
11.3426 	EXP 	Created Score_SS_Instr_MainTrial = TextStim(__class__=<class 'psychopy.visual.text.TextStim'>, alignHoriz=method-wrapper(...), alignText='center', alignVert=method-wrapper(...), anchorHoriz='center', anchorVert='center', antialias=True, autoLog=True, bold=False, color='white', colorSpace='named', contrast=1.0, depth=-2.0, flipHoriz=False, flipVert=False, font='Arial', fontFiles=[], height=0.2, italic=False, languageStyle='Arabic', name='Score_SS_Instr_MainTrial', opacity=1.0, ori=0, pos=array([0.7, 0. ]), rgb=array([255., 255., 255.]), text='default text', units='height', win=Window(...), wrapWidth=1)
11.3523 	EXP 	Created Ball_SS_Instr_MainTrial = Polygon(__class__=<class 'psychopy.visual.polygon.Polygon'>, autoDraw=False, autoLog=True, closeShape=True, color=method-wrapper(...), colorSpace=None, contrast=1.0, depth=-3.0, fillColor=array([1., 1., 1.]), fillColorSpace='rgb', fillRGB=array([1., 1., 1.]), interpolate=True, lineColor=None, lineColorSpace='rgb', lineRGB=None, lineWidth=0.01, name='Ball_SS_Instr_MainTrial', opacity=1.0, ori=array(0.), pos=array([0., 0.]), size=array([1., 1.]), units='height', vertices=ndarray(...), win=Window(...))
11.3593 	EXP 	Created Text_1_SS_Instr_MainTrial = TextStim(__class__=<class 'psychopy.visual.text.TextStim'>, alignHoriz=method-wrapper(...), alignText='center', alignVert=method-wrapper(...), anchorHoriz='center', anchorVert='center', antialias=True, autoLog=True, bold=False, color='white', colorSpace='named', contrast=1.0, depth=-4.0, flipHoriz=False, flipVert=False, font='Arial', fontFiles=[], height=0.03, italic=False, languageStyle='LTR', name='Text_1_SS_Instr_MainTrial', opacity=1.0, ori=0, pos=array([0., 0.]), rgb=array([255., 255., 255.]), text='default text', units='height', win=Window(...), wrapWidth=1)
11.3616 	EXP 	Created Text_2_SS_Instr_MainTrial = TextStim(__class__=<class 'psychopy.visual.text.TextStim'>, alignHoriz=method-wrapper(...), alignText='center', alignVert=method-wrapper(...), anchorHoriz='center', anchorVert='center', antialias=True, autoLog=True, bold=False, color='white', colorSpace='named', contrast=1.0, depth=-5.0, flipHoriz=False, flipVert=False, font='Arial', fontFiles=[], height=0.03, italic=False, languageStyle='LTR', name='Text_2_SS_Instr_MainTrial', opacity=1.0, ori=0, pos=array([0.5 , 0.15]), rgb=array([255., 255., 255.]), text='default text', units='height', win=Window(...), wrapWidth=1)
11.3640 	EXP 	Created Text_3_SS_Instr_MainTrial = TextStim(__class__=<class 'psychopy.visual.text.TextStim'>, alignHoriz=method-wrapper(...), alignText='center', alignVert=method-wrapper(...), anchorHoriz='center', anchorVert='center', antialias=True, autoLog=True, bold=False, color='white', colorSpace='named', contrast=1.0, depth=-6.0, flipHoriz=False, flipVert=False, font='Arial', fontFiles=[], height=0.05, italic=False, languageStyle='LTR', name='Text_3_SS_Instr_MainTrial', opacity=1.0, ori=0, pos=array([0., 0.]), rgb=array([255., 255., 255.]), text='default text', units='height', win=Window(...), wrapWidth=1)
11.3648 	EXP 	Created Line_SS_Prac_CountDown = Line(__class__=<class 'psychopy.visual.line.Line'>, autoDraw=False, autoLog=True, closeShape=False, contrast=1.0, depth=-1.0, fillColor=None, fillColorSpace='rgb', interpolate=True, lineColor=array([1., 1., 1.]), lineColorSpace='rgb', lineWidth=1.0, name='Line_SS_Prac_CountDown', opacity=1.0, ori=array(0.), pos=array([0., 0.]), size=array([1., 1.]), units='height', vertices=array([[-0.5,  0. ],
       [ 0.5,  0. ]]), win=Window(...), windingRule=None)
11.4003 	EXP 	Created Text_SS_Prac_CountDown = TextStim(__class__=<class 'psychopy.visual.text.TextStim'>, alignHoriz=method-wrapper(...), alignText='center', alignVert=method-wrapper(...), anchorHoriz='center', anchorVert='center', antialias=True, autoLog=True, bold=False, color='white', colorSpace='named', contrast=1.0, depth=-2.0, flipHoriz=False, flipVert=False, font='Arial', fontFiles=[], height=0.2, italic=False, languageStyle='Arabic', name='Text_SS_Prac_CountDown', opacity=1.0, ori=0, pos=array([0., 0.]), rgb=array([255., 255., 255.]), text='default text', units='height', win=Window(...), wrapWidth=1)
11.4057 	EXP 	Created Score_SS_Prac_CountDown = TextStim(__class__=<class 'psychopy.visual.text.TextStim'>, alignHoriz=method-wrapper(...), alignText='center', alignVert=method-wrapper(...), anchorHoriz='center', anchorVert='center', antialias=True, autoLog=True, bold=False, color='white', colorSpace='named', contrast=1.0, depth=-3.0, flipHoriz=False, flipVert=False, font='Arial', fontFiles=[], height=0.2, italic=False, languageStyle='Arabic', name='Score_SS_Prac_CountDown', opacity=1.0, ori=0, pos=array([0.7, 0. ]), rgb=array([255., 255., 255.]), text='default text', units='height', win=Window(...), wrapWidth=1)
11.4067 	EXP 	Created Line_SS_Prac_PreTrial = Line(__class__=<class 'psychopy.visual.line.Line'>, autoDraw=False, autoLog=True, closeShape=False, contrast=1.0, depth=-1.0, fillColor=None, fillColorSpace='rgb', interpolate=True, lineColor=array([1., 1., 1.]), lineColorSpace='rgb', lineWidth=1.0, name='Line_SS_Prac_PreTrial', opacity=1.0, ori=array(0.), pos=array([0., 0.]), size=array([1., 1.]), units='height', vertices=array([[-0.5,  0. ],
       [ 0.5,  0. ]]), win=Window(...), windingRule=None)
11.4121 	EXP 	Created Score_SS_Prac_PreTrial = TextStim(__class__=<class 'psychopy.visual.text.TextStim'>, alignHoriz=method-wrapper(...), alignText='center', alignVert=method-wrapper(...), anchorHoriz='center', anchorVert='center', antialias=True, autoLog=True, bold=False, color='white', colorSpace='named', contrast=1.0, depth=-2.0, flipHoriz=False, flipVert=False, font='Arial', fontFiles=[], height=0.2, italic=False, languageStyle='Arabic', name='Score_SS_Prac_PreTrial', opacity=1.0, ori=0, pos=array([0.7, 0. ]), rgb=array([255., 255., 255.]), text='default text', units='height', win=Window(...), wrapWidth=1)
11.4218 	EXP 	Created Circle_SS_Prac_PreTrial = Polygon(__class__=<class 'psychopy.visual.polygon.Polygon'>, autoDraw=False, autoLog=True, closeShape=True, color=method-wrapper(...), colorSpace=None, contrast=1.0, depth=-3.0, fillColor=None, fillColorSpace='rgb', fillRGB=None, interpolate=True, lineColor=array([1., 1., 1.]), lineColorSpace='rgb', lineRGB=array([1., 1., 1.]), lineWidth=1.0, name='Circle_SS_Prac_PreTrial', opacity=1.0, ori=array(0.), pos=array([0., 0.]), size=array([1., 1.]), units='height', vertices=ndarray(...), win=Window(...))
11.4321 	EXP 	Created Ball_SS_Prac_PreTrial = Polygon(__class__=<class 'psychopy.visual.polygon.Polygon'>, autoDraw=False, autoLog=True, closeShape=True, color=method-wrapper(...), colorSpace=None, contrast=1.0, depth=-4.0, fillColor=array([1., 1., 1.]), fillColorSpace='rgb', fillRGB=array([1., 1., 1.]), interpolate=True, lineColor=None, lineColorSpace='rgb', lineRGB=None, lineWidth=0, name='Ball_SS_Prac_PreTrial', opacity=1.0, ori=array(0.), pos=array([0., 0.]), size=array([1., 1.]), units='height', vertices=ndarray(...), win=Window(...))
11.4329 	EXP 	Created Line_SS_Prac_MainTrial = Line(__class__=<class 'psychopy.visual.line.Line'>, autoDraw=False, autoLog=True, closeShape=False, contrast=1.0, depth=-1.0, fillColor=None, fillColorSpace='rgb', interpolate=True, lineColor=array([1., 1., 1.]), lineColorSpace='rgb', lineWidth=1.0, name='Line_SS_Prac_MainTrial', opacity=1.0, ori=array(0.), pos=array([0., 0.]), size=array([1., 1.]), units='height', vertices=array([[-0.5,  0. ],
       [ 0.5,  0. ]]), win=Window(...), windingRule=None)
11.4385 	EXP 	Created Score_SS_Prac_MainTrial = TextStim(__class__=<class 'psychopy.visual.text.TextStim'>, alignHoriz=method-wrapper(...), alignText='center', alignVert=method-wrapper(...), anchorHoriz='center', anchorVert='center', antialias=True, autoLog=True, bold=False, color='white', colorSpace='named', contrast=1.0, depth=-2.0, flipHoriz=False, flipVert=False, font='Arial', fontFiles=[], height=0.2, italic=False, languageStyle='Arabic', name='Score_SS_Prac_MainTrial', opacity=1.0, ori=0, pos=array([0.7, 0. ]), rgb=array([255., 255., 255.]), text='default text', units='height', win=Window(...), wrapWidth=1)
11.4497 	EXP 	Created Ball_SS_Prac_MainTrial = Polygon(__class__=<class 'psychopy.visual.polygon.Polygon'>, autoDraw=False, autoLog=True, closeShape=True, color=method-wrapper(...), colorSpace=None, contrast=1.0, depth=-3.0, fillColor=array([1., 1., 1.]), fillColorSpace='rgb', fillRGB=array([1., 1., 1.]), interpolate=True, lineColor=None, lineColorSpace='rgb', lineRGB=None, lineWidth=0, name='Ball_SS_Prac_MainTrial', opacity=1.0, ori=array(0.), pos=array([0., 0.]), size=array([1., 1.]), units='height', vertices=ndarray(...), win=Window(...))
11.4716 	EXP 	Sound Sound_SS_Prac_PostTrial set volume 1.000
11.4727 	EXP 	Created Line_SS_Prac_PostTrial = Line(__class__=<class 'psychopy.visual.line.Line'>, autoDraw=False, autoLog=True, closeShape=False, contrast=1.0, depth=-1.0, fillColor=None, fillColorSpace='rgb', interpolate=True, lineColor=array([1., 1., 1.]), lineColorSpace='rgb', lineWidth=1.0, name='Line_SS_Prac_PostTrial', opacity=1.0, ori=array(0.), pos=array([0., 0.]), size=array([1., 1.]), units='height', vertices=array([[-0.5,  0. ],
       [ 0.5,  0. ]]), win=Window(...), windingRule=None)
11.4759 	EXP 	Created Image_SS_Prac_PostTrial = ImageStim(__class__=<class 'psychopy.visual.image.ImageStim'>, autoLog=True, color='white', colorSpace='named', contrast=1.0, depth=-2.0, flipHoriz=False, flipVert=False, image='sin', interpolate=True, mask=None, maskParams=None, name='Image_SS_Prac_PostTrial', opacity=1.0, ori=0.0, pos=array([0., 0.]), size=array([0.2, 0.2]), texRes=128, units='height', win=Window(...))
11.4818 	EXP 	Created Score_SS_Prac_PostTrial = TextStim(__class__=<class 'psychopy.visual.text.TextStim'>, alignHoriz=method-wrapper(...), alignText='center', alignVert=method-wrapper(...), anchorHoriz='center', anchorVert='center', antialias=True, autoLog=True, bold=False, color='white', colorSpace='named', contrast=1.0, depth=-3.0, flipHoriz=False, flipVert=False, font='Arial', fontFiles=[], height=0.2, italic=False, languageStyle='Arabic', name='Score_SS_Prac_PostTrial', opacity=1.0, ori=0, pos=array([0.7, 0. ]), rgb=array([255., 255., 255.]), text='default text', units='height', win=Window(...), wrapWidth=1)
11.4920 	EXP 	Created Ball_SS_Prac_PostTrial = Polygon(__class__=<class 'psychopy.visual.polygon.Polygon'>, autoDraw=False, autoLog=True, closeShape=True, color=method-wrapper(...), colorSpace=None, contrast=1.0, depth=-4.0, fillColor=array([1., 1., 1.]), fillColorSpace='rgb', fillRGB=array([1., 1., 1.]), interpolate=True, lineColor=None, lineColorSpace='rgb', lineRGB=None, lineWidth=0, name='Ball_SS_Prac_PostTrial', opacity=1.0, ori=array(0.), pos=array([0., 0.]), size=array([1., 1.]), units='height', vertices=ndarray(...), win=Window(...))
11.4945 	EXP 	Created Instr_SS_Text = TextStim(__class__=<class 'psychopy.visual.text.TextStim'>, alignHoriz=method-wrapper(...), alignText='center', alignVert=method-wrapper(...), anchorHoriz='center', anchorVert='center', antialias=True, autoLog=True, bold=False, color='white', colorSpace='named', contrast=1.0, depth=-1.0, flipHoriz=False, flipVert=False, font='Arial', fontFiles=[], height=0.03, italic=False, languageStyle='LTR', name='Instr_SS_Text', opacity=1.0, ori=0, pos=array([0., 0.]), rgb=array([255., 255., 255.]), text='default text', units='height', win=Window(...), wrapWidth=1)
11.4953 	EXP 	Created Line_SS_Instr_PreTrial = Line(__class__=<class 'psychopy.visual.line.Line'>, autoDraw=False, autoLog=True, closeShape=False, contrast=1.0, depth=-1.0, fillColor=None, fillColorSpace='rgb', interpolate=True, lineColor=array([1., 1., 1.]), lineColorSpace='rgb', lineWidth=1.0, name='Line_SS_Instr_PreTrial', opacity=1.0, ori=array(0.), pos=array([0., 0.]), size=array([1., 1.]), units='height', vertices=array([[-0.5,  0. ],
       [ 0.5,  0. ]]), win=Window(...), windingRule=None)
11.5049 	EXP 	Created Circle_SS_Instr_PreTrial = Polygon(__class__=<class 'psychopy.visual.polygon.Polygon'>, autoDraw=False, autoLog=True, closeShape=True, color=method-wrapper(...), colorSpace=None, contrast=1.0, depth=-2.0, fillColor=None, fillColorSpace='rgb', fillRGB=None, interpolate=True, lineColor=array([1., 1., 1.]), lineColorSpace='rgb', lineRGB=array([1., 1., 1.]), lineWidth=1.0, name='Circle_SS_Instr_PreTrial', opacity=1.0, ori=array(0.), pos=array([0., 0.]), size=array([1., 1.]), units='height', vertices=ndarray(...), win=Window(...))
11.5118 	EXP 	Created Score_SS_Intr_PreTrial = TextStim(__class__=<class 'psychopy.visual.text.TextStim'>, alignHoriz=method-wrapper(...), alignText='center', alignVert=method-wrapper(...), anchorHoriz='center', anchorVert='center', antialias=True, autoLog=True, bold=False, color='white', colorSpace='named', contrast=1.0, depth=-3.0, flipHoriz=False, flipVert=False, font='Arial', fontFiles=[], height=0.2, italic=False, languageStyle='Arabic', name='Score_SS_Intr_PreTrial', opacity=1.0, ori=0, pos=array([0.7, 0. ]), rgb=array([255., 255., 255.]), text='default text', units='height', win=Window(...), wrapWidth=1)
11.5216 	EXP 	Created Ball_SS_Instr_PreTrial = Polygon(__class__=<class 'psychopy.visual.polygon.Polygon'>, autoDraw=False, autoLog=True, closeShape=True, color=method-wrapper(...), colorSpace=None, contrast=1.0, depth=-4.0, fillColor=array([1., 1., 1.]), fillColorSpace='rgb', fillRGB=array([1., 1., 1.]), interpolate=True, lineColor=None, lineColorSpace='rgb', lineRGB=None, lineWidth=0.01, name='Ball_SS_Instr_PreTrial', opacity=1.0, ori=array(0.), pos=array([0., 0.]), size=array([1., 1.]), units='height', vertices=ndarray(...), win=Window(...))
11.5245 	EXP 	Created Text_1_SS_Instr_PreTrial = TextStim(__class__=<class 'psychopy.visual.text.TextStim'>, alignHoriz=method-wrapper(...), alignText='center', alignVert=method-wrapper(...), anchorHoriz='center', anchorVert='center', antialias=True, autoLog=True, bold=False, color='white', colorSpace='named', contrast=1.0, depth=-5.0, flipHoriz=False, flipVert=False, font='Arial', fontFiles=[], height=0.03, italic=False, languageStyle='LTR', name='Text_1_SS_Instr_PreTrial', opacity=1.0, ori=0, pos=array([0., 0.]), rgb=array([255., 255., 255.]), text='default text', units='height', win=Window(...), wrapWidth=1)
11.5268 	EXP 	Created Text_2_SS_Instr_PreTrial = TextStim(__class__=<class 'psychopy.visual.text.TextStim'>, alignHoriz=method-wrapper(...), alignText='center', alignVert=method-wrapper(...), anchorHoriz='center', anchorVert='center', antialias=True, autoLog=True, bold=False, color='white', colorSpace='named', contrast=1.0, depth=-6.0, flipHoriz=False, flipVert=False, font='Arial', fontFiles=[], height=0.03, italic=False, languageStyle='LTR', name='Text_2_SS_Instr_PreTrial', opacity=1.0, ori=0, pos=array([0.5 , 0.15]), rgb=array([255., 255., 255.]), text='default text', units='height', win=Window(...), wrapWidth=1)
11.5291 	EXP 	Created Text_3_SS_Instr_PreTrial = TextStim(__class__=<class 'psychopy.visual.text.TextStim'>, alignHoriz=method-wrapper(...), alignText='center', alignVert=method-wrapper(...), anchorHoriz='center', anchorVert='center', antialias=True, autoLog=True, bold=False, color='white', colorSpace='named', contrast=1.0, depth=-7.0, flipHoriz=False, flipVert=False, font='Arial', fontFiles=[], height=0.05, italic=False, languageStyle='LTR', name='Text_3_SS_Instr_PreTrial', opacity=1.0, ori=0, pos=array([0., 0.]), rgb=array([255., 255., 255.]), text='default text', units='height', win=Window(...), wrapWidth=1)
11.5300 	EXP 	Created Line_SS_Instr_MainTrial = Line(__class__=<class 'psychopy.visual.line.Line'>, autoDraw=False, autoLog=True, closeShape=False, contrast=1.0, depth=-1.0, fillColor=None, fillColorSpace='rgb', interpolate=True, lineColor=array([1., 1., 1.]), lineColorSpace='rgb', lineWidth=1.0, name='Line_SS_Instr_MainTrial', opacity=1.0, ori=array(0.), pos=array([0., 0.]), size=array([1., 1.]), units='height', vertices=array([[-0.5,  0. ],
       [ 0.5,  0. ]]), win=Window(...), windingRule=None)
11.5359 	EXP 	Created Score_SS_Instr_MainTrial = TextStim(__class__=<class 'psychopy.visual.text.TextStim'>, alignHoriz=method-wrapper(...), alignText='center', alignVert=method-wrapper(...), anchorHoriz='center', anchorVert='center', antialias=True, autoLog=True, bold=False, color='white', colorSpace='named', contrast=1.0, depth=-2.0, flipHoriz=False, flipVert=False, font='Arial', fontFiles=[], height=0.2, italic=False, languageStyle='Arabic', name='Score_SS_Instr_MainTrial', opacity=1.0, ori=0, pos=array([0.7, 0. ]), rgb=array([255., 255., 255.]), text='default text', units='height', win=Window(...), wrapWidth=1)
11.5483 	EXP 	Created Ball_SS_Instr_MainTrial = Polygon(__class__=<class 'psychopy.visual.polygon.Polygon'>, autoDraw=False, autoLog=True, closeShape=True, color=method-wrapper(...), colorSpace=None, contrast=1.0, depth=-3.0, fillColor=array([1., 1., 1.]), fillColorSpace='rgb', fillRGB=array([1., 1., 1.]), interpolate=True, lineColor=None, lineColorSpace='rgb', lineRGB=None, lineWidth=0.01, name='Ball_SS_Instr_MainTrial', opacity=1.0, ori=array(0.), pos=array([0., 0.]), size=array([1., 1.]), units='height', vertices=ndarray(...), win=Window(...))
11.5508 	EXP 	Created Text_1_SS_Instr_MainTrial = TextStim(__class__=<class 'psychopy.visual.text.TextStim'>, alignHoriz=method-wrapper(...), alignText='center', alignVert=method-wrapper(...), anchorHoriz='center', anchorVert='center', antialias=True, autoLog=True, bold=False, color='white', colorSpace='named', contrast=1.0, depth=-4.0, flipHoriz=False, flipVert=False, font='Arial', fontFiles=[], height=0.03, italic=False, languageStyle='LTR', name='Text_1_SS_Instr_MainTrial', opacity=1.0, ori=0, pos=array([0., 0.]), rgb=array([255., 255., 255.]), text='default text', units='height', win=Window(...), wrapWidth=1)
11.5531 	EXP 	Created Text_2_SS_Instr_MainTrial = TextStim(__class__=<class 'psychopy.visual.text.TextStim'>, alignHoriz=method-wrapper(...), alignText='center', alignVert=method-wrapper(...), anchorHoriz='center', anchorVert='center', antialias=True, autoLog=True, bold=False, color='white', colorSpace='named', contrast=1.0, depth=-5.0, flipHoriz=False, flipVert=False, font='Arial', fontFiles=[], height=0.03, italic=False, languageStyle='LTR', name='Text_2_SS_Instr_MainTrial', opacity=1.0, ori=0, pos=array([0.5 , 0.15]), rgb=array([255., 255., 255.]), text='default text', units='height', win=Window(...), wrapWidth=1)
11.5553 	EXP 	Created Text_3_SS_Instr_MainTrial = TextStim(__class__=<class 'psychopy.visual.text.TextStim'>, alignHoriz=method-wrapper(...), alignText='center', alignVert=method-wrapper(...), anchorHoriz='center', anchorVert='center', antialias=True, autoLog=True, bold=False, color='white', colorSpace='named', contrast=1.0, depth=-6.0, flipHoriz=False, flipVert=False, font='Arial', fontFiles=[], height=0.05, italic=False, languageStyle='LTR', name='Text_3_SS_Instr_MainTrial', opacity=1.0, ori=0, pos=array([0., 0.]), rgb=array([255., 255., 255.]), text='default text', units='height', win=Window(...), wrapWidth=1)
11.5580 	EXP 	Created Text_Instr_Block_Num = TextStim(__class__=<class 'psychopy.visual.text.TextStim'>, alignHoriz=method-wrapper(...), alignText='center', alignVert=method-wrapper(...), anchorHoriz='center', anchorVert='center', antialias=True, autoLog=True, bold=False, color='white', colorSpace='named', contrast=1.0, depth=0.0, flipHoriz=False, flipVert=False, font='Arial', fontFiles=[], height=0.03, italic=False, languageStyle='LTR', name='Text_Instr_Block_Num', opacity=1.0, ori=0, pos=array([0., 0.]), rgb=array([255., 255., 255.]), text='default text', units='height', win=Window(...), wrapWidth=1)
11.5593 	EXP 	Created Line_SS_CountDown = Line(__class__=<class 'psychopy.visual.line.Line'>, autoDraw=False, autoLog=True, closeShape=False, contrast=1.0, depth=-1.0, fillColor=None, fillColorSpace='rgb', interpolate=True, lineColor=array([1., 1., 1.]), lineColorSpace='rgb', lineWidth=1.0, name='Line_SS_CountDown', opacity=1.0, ori=array(0.), pos=array([0., 0.]), size=array([1., 1.]), units='height', vertices=array([[-0.5,  0. ],
       [ 0.5,  0. ]]), win=Window(...), windingRule=None)
11.5648 	EXP 	Created Text_SS_CountDown = TextStim(__class__=<class 'psychopy.visual.text.TextStim'>, alignHoriz=method-wrapper(...), alignText='center', alignVert=method-wrapper(...), anchorHoriz='center', anchorVert='center', antialias=True, autoLog=True, bold=False, color='white', colorSpace='named', contrast=1.0, depth=-2.0, flipHoriz=False, flipVert=False, font='Arial', fontFiles=[], height=0.2, italic=False, languageStyle='Arabic', name='Text_SS_CountDown', opacity=1.0, ori=0, pos=array([0., 0.]), rgb=array([255., 255., 255.]), text='default text', units='height', win=Window(...), wrapWidth=1)
11.5656 	EXP 	Created Line_SS_PreTrial = Line(__class__=<class 'psychopy.visual.line.Line'>, autoDraw=False, autoLog=True, closeShape=False, contrast=1.0, depth=-1.0, fillColor=None, fillColorSpace='rgb', interpolate=True, lineColor=array([1., 1., 1.]), lineColorSpace='rgb', lineWidth=1.0, name='Line_SS_PreTrial', opacity=1.0, ori=array(0.), pos=array([0., 0.]), size=array([1., 1.]), units='height', vertices=array([[-0.5,  0. ],
       [ 0.5,  0. ]]), win=Window(...), windingRule=None)
11.5757 	EXP 	Created Circle_SS_PreTrial = Polygon(__class__=<class 'psychopy.visual.polygon.Polygon'>, autoDraw=False, autoLog=True, closeShape=True, color=method-wrapper(...), colorSpace=None, contrast=1.0, depth=-2.0, fillColor=None, fillColorSpace='rgb', fillRGB=None, interpolate=True, lineColor=array([1., 1., 1.]), lineColorSpace='rgb', lineRGB=array([1., 1., 1.]), lineWidth=1.0, name='Circle_SS_PreTrial', opacity=1.0, ori=array(0.), pos=array([0., 0.]), size=array([1., 1.]), units='height', vertices=ndarray(...), win=Window(...))
11.5857 	EXP 	Created Ball_SS_PreTrial = Polygon(__class__=<class 'psychopy.visual.polygon.Polygon'>, autoDraw=False, autoLog=True, closeShape=True, color=method-wrapper(...), colorSpace=None, contrast=1.0, depth=-3.0, fillColor=array([1., 1., 1.]), fillColorSpace='rgb', fillRGB=array([1., 1., 1.]), interpolate=True, lineColor=None, lineColorSpace='rgb', lineRGB=None, lineWidth=0, name='Ball_SS_PreTrial', opacity=1.0, ori=array(0.), pos=array([0., 0.]), size=array([1., 1.]), units='height', vertices=ndarray(...), win=Window(...))
11.5865 	EXP 	Created Line_SS_MainTrial = Line(__class__=<class 'psychopy.visual.line.Line'>, autoDraw=False, autoLog=True, closeShape=False, contrast=1.0, depth=-1.0, fillColor=None, fillColorSpace='rgb', interpolate=True, lineColor=array([1., 1., 1.]), lineColorSpace='rgb', lineWidth=1.0, name='Line_SS_MainTrial', opacity=1.0, ori=array(0.), pos=array([0., 0.]), size=array([1., 1.]), units='height', vertices=array([[-0.5,  0. ],
       [ 0.5,  0. ]]), win=Window(...), windingRule=None)
11.5967 	EXP 	Created Ball_SS_MainTrial = Polygon(__class__=<class 'psychopy.visual.polygon.Polygon'>, autoDraw=False, autoLog=True, closeShape=True, color=method-wrapper(...), colorSpace=None, contrast=1.0, depth=-2.0, fillColor=array([1., 1., 1.]), fillColorSpace='rgb', fillRGB=array([1., 1., 1.]), interpolate=True, lineColor=None, lineColorSpace='rgb', lineRGB=None, lineWidth=0, name='Ball_SS_MainTrial', opacity=1.0, ori=array(0.), pos=array([0., 0.]), size=array([1., 1.]), units='height', vertices=ndarray(...), win=Window(...))
11.5968 	EXP 	Sound Sound_SS_PostTrial set volume 1.000
11.5978 	EXP 	Created Line_SS_PostTrial = Line(__class__=<class 'psychopy.visual.line.Line'>, autoDraw=False, autoLog=True, closeShape=False, contrast=1.0, depth=-1.0, fillColor=None, fillColorSpace='rgb', interpolate=True, lineColor=array([1., 1., 1.]), lineColorSpace='rgb', lineWidth=1.0, name='Line_SS_PostTrial', opacity=1.0, ori=array(0.), pos=array([0., 0.]), size=array([1., 1.]), units='height', vertices=array([[-0.5,  0. ],
       [ 0.5,  0. ]]), win=Window(...), windingRule=None)
11.6001 	EXP 	Created Image_SS_PostTrial = ImageStim(__class__=<class 'psychopy.visual.image.ImageStim'>, autoLog=True, color='white', colorSpace='named', contrast=1.0, depth=-2.0, flipHoriz=False, flipVert=False, image='sin', interpolate=True, mask=None, maskParams=None, name='Image_SS_PostTrial', opacity=1.0, ori=0.0, pos=array([0., 0.]), size=array([0.2, 0.2]), texRes=128, units='height', win=Window(...))
11.6106 	EXP 	Created Ball_SS_PostTrial = Polygon(__class__=<class 'psychopy.visual.polygon.Polygon'>, autoDraw=False, autoLog=True, closeShape=True, color=method-wrapper(...), colorSpace=None, contrast=1.0, depth=-3.0, fillColor=array([1., 1., 1.]), fillColorSpace='rgb', fillRGB=array([1., 1., 1.]), interpolate=True, lineColor=None, lineColorSpace='rgb', lineRGB=None, lineWidth=0, name='Ball_SS_PostTrial', opacity=1.0, ori=array(0.), pos=array([0., 0.]), size=array([1., 1.]), units='height', vertices=ndarray(...), win=Window(...))
11.6396 	EXP 	Imported conditions.xlsx as conditions, 1 conditions, 4 params
11.6399 	EXP 	Created sequence: sequential, trialTypes=1, nReps=1, seed=None
11.6402 	EXP 	New trial (rep=0, index=0): OrderedDict([('Check', 'media/check.png'), ('Cross', 'media/cross.png'), ('Sound_P', 'media/coin.wav'), ('Sound_N', 'media/buzz.wav')])
11.7002 	WARNING 	t of last frame was 674.95ms (=1/1)
11.7002 	EXP 	Instr_Exp_Text: text = 'Thank you for participating in our study! \n\nThis study will take about 30 minutes. Once you start, you cannot turn off your web browser until you complete the study. \n\nOn next page, please carefully read this instruction. \n\nIf you are ready, press (space) to continue.'
11.7002 	EXP 	Instr_Exp_Text: autoDraw = True
11.9645 	WARNING 	t of last frame was 20.68ms (=1/48)
12.0477 	WARNING 	t of last frame was 22.52ms (=1/44)
12.0811 	WARNING 	Multiple dropped frames have occurred - I'll stop bothering you about them!
12.1788 	EXP 	Created sequence: sequential, trialTypes=1, nReps=2, seed=None
12.1790 	EXP 	New trial (rep=0, index=0): None
12.1807 	EXP 	Created sequence: sequential, trialTypes=1, nReps=1000, seed=None
12.1842 	EXP 	New trial (rep=0, index=0): None
12.2018 	DATA 	Keypress: space
12.2055 	EXP 	Instr_Exp_Text: autoDraw = False
12.2055 	EXP 	Line_SS_Instr_PreTrial: pos = array([ 0. , -0.3])
12.2055 	EXP 	Line_SS_Instr_PreTrial: fillColor = '[1. 1. 1.] (rgb)'
12.2055 	EXP 	Line_SS_Instr_PreTrial: lineColor = '[1. 1. 1.] (rgb)'
12.2055 	EXP 	Line_SS_Instr_PreTrial: lineWidth = 0.5
12.2055 	EXP 	Circle_SS_Instr_PreTrial: pos = array([0. , 0.4])
12.2055 	EXP 	Circle_SS_Instr_PreTrial: size = array([0.126, 0.126])
12.2055 	EXP 	Circle_SS_Instr_PreTrial: lineColor = '[-1. -1. -1.] (rgb)'
12.2055 	EXP 	Circle_SS_Instr_PreTrial: lineWidth = 6.0
12.2055 	EXP 	Score_SS_Intr_PreTrial: color = '[-1.  1. -1.] (rgb)'
12.2055 	EXP 	Score_SS_Intr_PreTrial: opacity = 1.0
12.2055 	EXP 	Score_SS_Intr_PreTrial: text = 0
12.2055 	EXP 	Ball_SS_Instr_PreTrial: pos = array([0. , 0.4])
12.2055 	EXP 	Ball_SS_Instr_PreTrial: fillColor = '[-1. -1. -1.] (rgb)'
12.2055 	EXP 	Text_1_SS_Instr_PreTrial: pos = array([-0.3 , -0.25])
12.2055 	EXP 	Text_1_SS_Instr_PreTrial: text = ''
12.2055 	EXP 	Text_2_SS_Instr_PreTrial: text = ''
12.2055 	EXP 	Text_3_SS_Instr_PreTrial: text = ''
12.2055 	EXP 	Line_SS_Instr_PreTrial: autoDraw = True
12.2055 	EXP 	Circle_SS_Instr_PreTrial: autoDraw = True
12.2055 	EXP 	Score_SS_Intr_PreTrial: autoDraw = True
12.2055 	EXP 	Ball_SS_Instr_PreTrial: autoDraw = True
12.2055 	EXP 	Text_1_SS_Instr_PreTrial: autoDraw = True
12.2055 	EXP 	Text_2_SS_Instr_PreTrial: autoDraw = True
12.2055 	EXP 	Text_3_SS_Instr_PreTrial: autoDraw = True
12.8249 	EXP 	Line_SS_Instr_PreTrial: autoDraw = False
12.8249 	EXP 	Circle_SS_Instr_PreTrial: autoDraw = False
12.8249 	EXP 	Score_SS_Intr_PreTrial: autoDraw = False
12.8249 	EXP 	Ball_SS_Instr_PreTrial: autoDraw = False
12.8249 	EXP 	Text_1_SS_Instr_PreTrial: autoDraw = False
12.8249 	EXP 	Text_2_SS_Instr_PreTrial: autoDraw = False
12.8249 	EXP 	Text_3_SS_Instr_PreTrial: autoDraw = False
12.8249 	EXP 	Line_SS_Instr_PreTrial: autoDraw = False
12.8249 	EXP 	Circle_SS_Instr_PreTrial: autoDraw = False
12.8249 	EXP 	Score_SS_Intr_PreTrial: autoDraw = False
12.8249 	EXP 	Ball_SS_Instr_PreTrial: autoDraw = False
12.8249 	EXP 	Text_1_SS_Instr_PreTrial: autoDraw = False
12.8249 	EXP 	Text_2_SS_Instr_PreTrial: autoDraw = False
12.8249 	EXP 	Text_3_SS_Instr_PreTrial: autoDraw = False
12.8249 	EXP 	Line_SS_Instr_MainTrial: pos = array([ 0. , -0.3])
12.8249 	EXP 	Line_SS_Instr_MainTrial: fillColor = '[1. 1. 1.] (rgb)'
12.8249 	EXP 	Line_SS_Instr_MainTrial: lineColor = '[1. 1. 1.] (rgb)'
12.8249 	EXP 	Line_SS_Instr_MainTrial: lineWidth = 0.5
12.8249 	EXP 	Score_SS_Instr_MainTrial: color = '[-1.  1. -1.] (rgb)'
12.8249 	EXP 	Score_SS_Instr_MainTrial: opacity = 1.0
12.8249 	EXP 	Score_SS_Instr_MainTrial: text = 0
12.8249 	EXP 	Ball_SS_Instr_MainTrial: size = array([0.126, 0.126])
12.8249 	EXP 	Text_1_SS_Instr_MainTrial: pos = array([-0.3 , -0.25])
12.8249 	EXP 	Text_1_SS_Instr_MainTrial: text = ''
12.8249 	EXP 	Text_2_SS_Instr_MainTrial: text = ''
12.8249 	EXP 	Text_3_SS_Instr_MainTrial: text = ''
12.8249 	EXP 	Line_SS_Instr_MainTrial: autoDraw = True
12.8249 	EXP 	Score_SS_Instr_MainTrial: autoDraw = True
12.8249 	EXP 	Ball_SS_Instr_MainTrial: autoDraw = True
12.8249 	EXP 	Text_1_SS_Instr_MainTrial: autoDraw = True
12.8249 	EXP 	Text_2_SS_Instr_MainTrial: autoDraw = True
12.8249 	EXP 	Text_3_SS_Instr_MainTrial: autoDraw = True
13.4787 	EXP 	New trial (rep=1, index=0): None
13.4998 	EXP 	Line_SS_Instr_MainTrial: autoDraw = False
13.4998 	EXP 	Score_SS_Instr_MainTrial: autoDraw = False
13.4998 	EXP 	Ball_SS_Instr_MainTrial: autoDraw = False
13.4998 	EXP 	Text_1_SS_Instr_MainTrial: autoDraw = False
13.4998 	EXP 	Text_2_SS_Instr_MainTrial: autoDraw = False
13.4998 	EXP 	Text_3_SS_Instr_MainTrial: autoDraw = False
13.4998 	EXP 	Line_SS_Instr_MainTrial: autoDraw = False
13.4998 	EXP 	Score_SS_Instr_MainTrial: autoDraw = False
13.4998 	EXP 	Ball_SS_Instr_MainTrial: autoDraw = False
13.4998 	EXP 	Text_1_SS_Instr_MainTrial: autoDraw = False
13.4998 	EXP 	Text_2_SS_Instr_MainTrial: autoDraw = False
13.4998 	EXP 	Text_3_SS_Instr_MainTrial: autoDraw = False
13.4998 	EXP 	Line_SS_Instr_PreTrial: pos = array([ 0. , -0.3])
13.4998 	EXP 	Line_SS_Instr_PreTrial: fillColor = '[1. 1. 1.] (rgb)'
13.4998 	EXP 	Line_SS_Instr_PreTrial: lineColor = '[1. 1. 1.] (rgb)'
13.4998 	EXP 	Line_SS_Instr_PreTrial: lineWidth = 0.5
13.4998 	EXP 	Circle_SS_Instr_PreTrial: pos = array([0. , 0.4])
13.4998 	EXP 	Circle_SS_Instr_PreTrial: size = array([0.126, 0.126])
13.4998 	EXP 	Circle_SS_Instr_PreTrial: lineColor = '[-1. -1. -1.] (rgb)'
13.4998 	EXP 	Circle_SS_Instr_PreTrial: lineWidth = 6.0
13.4998 	EXP 	Score_SS_Intr_PreTrial: color = '[-1.  1. -1.] (rgb)'
13.4998 	EXP 	Score_SS_Intr_PreTrial: opacity = 1.0
13.4998 	EXP 	Score_SS_Intr_PreTrial: text = 0
13.4998 	EXP 	Ball_SS_Instr_PreTrial: pos = array([0. , 0.4])
13.4998 	EXP 	Ball_SS_Instr_PreTrial: fillColor = '[-1. -1. -1.] (rgb)'
13.4998 	EXP 	Text_1_SS_Instr_PreTrial: pos = array([-0.3 , -0.25])
13.4998 	EXP 	Text_1_SS_Instr_PreTrial: text = 'In the upcoming block, \npress (j) when the ball overlaps the white line'
13.4998 	EXP 	Text_2_SS_Instr_PreTrial: text = ''
13.4998 	EXP 	Text_3_SS_Instr_PreTrial: text = ''
13.4998 	EXP 	Line_SS_Instr_PreTrial: autoDraw = True
13.4998 	EXP 	Circle_SS_Instr_PreTrial: autoDraw = True
13.4998 	EXP 	Score_SS_Intr_PreTrial: autoDraw = True
13.4998 	EXP 	Ball_SS_Instr_PreTrial: autoDraw = True
13.4998 	EXP 	Text_1_SS_Instr_PreTrial: autoDraw = True
13.4998 	EXP 	Text_2_SS_Instr_PreTrial: autoDraw = True
13.4998 	EXP 	Text_3_SS_Instr_PreTrial: autoDraw = True
14.1297 	EXP 	Line_SS_Instr_PreTrial: autoDraw = False
14.1297 	EXP 	Circle_SS_Instr_PreTrial: autoDraw = False
14.1297 	EXP 	Score_SS_Intr_PreTrial: autoDraw = False
14.1297 	EXP 	Ball_SS_Instr_PreTrial: autoDraw = False
14.1297 	EXP 	Text_1_SS_Instr_PreTrial: autoDraw = False
14.1297 	EXP 	Text_2_SS_Instr_PreTrial: autoDraw = False
14.1297 	EXP 	Text_3_SS_Instr_PreTrial: autoDraw = False
14.1297 	EXP 	Line_SS_Instr_PreTrial: autoDraw = False
14.1297 	EXP 	Circle_SS_Instr_PreTrial: autoDraw = False
14.1297 	EXP 	Score_SS_Intr_PreTrial: autoDraw = False
14.1297 	EXP 	Ball_SS_Instr_PreTrial: autoDraw = False
14.1297 	EXP 	Text_1_SS_Instr_PreTrial: autoDraw = False
14.1297 	EXP 	Text_2_SS_Instr_PreTrial: autoDraw = False
14.1297 	EXP 	Text_3_SS_Instr_PreTrial: autoDraw = False
14.1297 	EXP 	Line_SS_Instr_MainTrial: pos = array([ 0. , -0.3])
14.1297 	EXP 	Line_SS_Instr_MainTrial: fillColor = '[1. 1. 1.] (rgb)'
14.1297 	EXP 	Line_SS_Instr_MainTrial: lineColor = '[1. 1. 1.] (rgb)'
14.1297 	EXP 	Line_SS_Instr_MainTrial: lineWidth = 0.5
14.1297 	EXP 	Score_SS_Instr_MainTrial: color = '[-1.  1. -1.] (rgb)'
14.1297 	EXP 	Score_SS_Instr_MainTrial: opacity = 1.0
14.1297 	EXP 	Score_SS_Instr_MainTrial: text = 0
14.1297 	EXP 	Ball_SS_Instr_MainTrial: size = array([0.126, 0.126])
14.1297 	EXP 	Text_1_SS_Instr_MainTrial: pos = array([-0.3 , -0.25])
14.1297 	EXP 	Text_1_SS_Instr_MainTrial: text = 'In the upcoming block, \npress (j) when the ball overlaps the white line'
14.1297 	EXP 	Text_2_SS_Instr_MainTrial: text = ''
14.1297 	EXP 	Text_3_SS_Instr_MainTrial: text = ''
14.1297 	EXP 	Line_SS_Instr_MainTrial: autoDraw = True
14.1297 	EXP 	Score_SS_Instr_MainTrial: autoDraw = True
14.1297 	EXP 	Ball_SS_Instr_MainTrial: autoDraw = True
14.1297 	EXP 	Text_1_SS_Instr_MainTrial: autoDraw = True
14.1297 	EXP 	Text_2_SS_Instr_MainTrial: autoDraw = True
14.1297 	EXP 	Text_3_SS_Instr_MainTrial: autoDraw = True
14.6982 	DATA 	Keypress: j
14.7759 	EXP 	New trial (rep=2, index=0): None
14.7891 	EXP 	Line_SS_Instr_MainTrial: autoDraw = False
14.7891 	EXP 	Score_SS_Instr_MainTrial: autoDraw = False
14.7891 	EXP 	Ball_SS_Instr_MainTrial: autoDraw = False
14.7891 	EXP 	Text_1_SS_Instr_MainTrial: autoDraw = False
14.7891 	EXP 	Text_2_SS_Instr_MainTrial: autoDraw = False
14.7891 	EXP 	Text_3_SS_Instr_MainTrial: autoDraw = False
14.7891 	EXP 	Line_SS_Instr_MainTrial: autoDraw = False
14.7891 	EXP 	Score_SS_Instr_MainTrial: autoDraw = False
14.7891 	EXP 	Ball_SS_Instr_MainTrial: autoDraw = False
14.7891 	EXP 	Text_1_SS_Instr_MainTrial: autoDraw = False
14.7891 	EXP 	Text_2_SS_Instr_MainTrial: autoDraw = False
14.7891 	EXP 	Text_3_SS_Instr_MainTrial: autoDraw = False
14.7891 	EXP 	Line_SS_Instr_PreTrial: pos = array([ 0. , -0.3])
14.7891 	EXP 	Line_SS_Instr_PreTrial: fillColor = '[1. 1. 1.] (rgb)'
14.7891 	EXP 	Line_SS_Instr_PreTrial: lineColor = '[1. 1. 1.] (rgb)'
14.7891 	EXP 	Line_SS_Instr_PreTrial: lineWidth = 0.5
14.7891 	EXP 	Circle_SS_Instr_PreTrial: pos = array([0. , 0.4])
14.7891 	EXP 	Circle_SS_Instr_PreTrial: size = array([0.126, 0.126])
14.7891 	EXP 	Circle_SS_Instr_PreTrial: lineColor = '[-1. -1. -1.] (rgb)'
14.7891 	EXP 	Circle_SS_Instr_PreTrial: lineWidth = 6.0
14.7891 	EXP 	Score_SS_Intr_PreTrial: color = '[-1.  1. -1.] (rgb)'
14.7891 	EXP 	Score_SS_Intr_PreTrial: opacity = 1.0
14.7891 	EXP 	Score_SS_Intr_PreTrial: text = 0
14.7891 	EXP 	Ball_SS_Instr_PreTrial: pos = array([0. , 0.4])
14.7891 	EXP 	Ball_SS_Instr_PreTrial: fillColor = '[-1. -1. -1.] (rgb)'
14.7891 	EXP 	Text_1_SS_Instr_PreTrial: pos = array([-0.3 , -0.25])
14.7891 	EXP 	Text_1_SS_Instr_PreTrial: text = 'In the upcoming block, \npress (j) when the ball overlaps the white line'
14.7891 	EXP 	Text_2_SS_Instr_PreTrial: text = ''
14.7891 	EXP 	Text_3_SS_Instr_PreTrial: text = ''
14.7891 	EXP 	Line_SS_Instr_PreTrial: autoDraw = True
14.7891 	EXP 	Circle_SS_Instr_PreTrial: autoDraw = True
14.7891 	EXP 	Score_SS_Intr_PreTrial: autoDraw = True
14.7891 	EXP 	Ball_SS_Instr_PreTrial: autoDraw = True
14.7891 	EXP 	Text_1_SS_Instr_PreTrial: autoDraw = True
14.7891 	EXP 	Text_2_SS_Instr_PreTrial: autoDraw = True
14.7891 	EXP 	Text_3_SS_Instr_PreTrial: autoDraw = True
15.4110 	EXP 	Line_SS_Instr_PreTrial: autoDraw = False
15.4110 	EXP 	Circle_SS_Instr_PreTrial: autoDraw = False
15.4110 	EXP 	Score_SS_Intr_PreTrial: autoDraw = False
15.4110 	EXP 	Ball_SS_Instr_PreTrial: autoDraw = False
15.4110 	EXP 	Text_1_SS_Instr_PreTrial: autoDraw = False
15.4110 	EXP 	Text_2_SS_Instr_PreTrial: autoDraw = False
15.4110 	EXP 	Text_3_SS_Instr_PreTrial: autoDraw = False
15.4110 	EXP 	Line_SS_Instr_PreTrial: autoDraw = False
15.4110 	EXP 	Circle_SS_Instr_PreTrial: autoDraw = False
15.4110 	EXP 	Score_SS_Intr_PreTrial: autoDraw = False
15.4110 	EXP 	Ball_SS_Instr_PreTrial: autoDraw = False
15.4110 	EXP 	Text_1_SS_Instr_PreTrial: autoDraw = False
15.4110 	EXP 	Text_2_SS_Instr_PreTrial: autoDraw = False
15.4110 	EXP 	Text_3_SS_Instr_PreTrial: autoDraw = False
15.4110 	EXP 	Line_SS_Instr_MainTrial: pos = array([ 0. , -0.3])
15.4110 	EXP 	Line_SS_Instr_MainTrial: fillColor = '[1. 1. 1.] (rgb)'
15.4110 	EXP 	Line_SS_Instr_MainTrial: lineColor = '[1. 1. 1.] (rgb)'
15.4110 	EXP 	Line_SS_Instr_MainTrial: lineWidth = 0.5
15.4110 	EXP 	Score_SS_Instr_MainTrial: color = '[-1.  1. -1.] (rgb)'
15.4110 	EXP 	Score_SS_Instr_MainTrial: opacity = 1.0
15.4110 	EXP 	Score_SS_Instr_MainTrial: text = 0
15.4110 	EXP 	Ball_SS_Instr_MainTrial: size = array([0.126, 0.126])
15.4110 	EXP 	Text_1_SS_Instr_MainTrial: pos = array([-0.3 , -0.25])
15.4110 	EXP 	Text_1_SS_Instr_MainTrial: text = 'In the upcoming block, \npress (j) when the ball overlaps the white line'
15.4110 	EXP 	Text_2_SS_Instr_MainTrial: text = ''
15.4110 	EXP 	Text_3_SS_Instr_MainTrial: text = ''
15.4110 	EXP 	Line_SS_Instr_MainTrial: autoDraw = True
15.4110 	EXP 	Score_SS_Instr_MainTrial: autoDraw = True
15.4110 	EXP 	Ball_SS_Instr_MainTrial: autoDraw = True
15.4110 	EXP 	Text_1_SS_Instr_MainTrial: autoDraw = True
15.4110 	EXP 	Text_2_SS_Instr_MainTrial: autoDraw = True
15.4110 	EXP 	Text_3_SS_Instr_MainTrial: autoDraw = True
16.0493 	EXP 	New trial (rep=3, index=0): None
16.0615 	EXP 	Line_SS_Instr_MainTrial: autoDraw = False
16.0615 	EXP 	Score_SS_Instr_MainTrial: autoDraw = False
16.0615 	EXP 	Ball_SS_Instr_MainTrial: autoDraw = False
16.0615 	EXP 	Text_1_SS_Instr_MainTrial: autoDraw = False
16.0615 	EXP 	Text_2_SS_Instr_MainTrial: autoDraw = False
16.0615 	EXP 	Text_3_SS_Instr_MainTrial: autoDraw = False
16.0615 	EXP 	Line_SS_Instr_MainTrial: autoDraw = False
16.0615 	EXP 	Score_SS_Instr_MainTrial: autoDraw = False
16.0615 	EXP 	Ball_SS_Instr_MainTrial: autoDraw = False
16.0615 	EXP 	Text_1_SS_Instr_MainTrial: autoDraw = False
16.0615 	EXP 	Text_2_SS_Instr_MainTrial: autoDraw = False
16.0615 	EXP 	Text_3_SS_Instr_MainTrial: autoDraw = False
16.0615 	EXP 	Line_SS_Instr_PreTrial: pos = array([ 0. , -0.3])
16.0615 	EXP 	Line_SS_Instr_PreTrial: fillColor = '[1. 1. 1.] (rgb)'
16.0615 	EXP 	Line_SS_Instr_PreTrial: lineColor = '[1. 1. 1.] (rgb)'
16.0615 	EXP 	Line_SS_Instr_PreTrial: lineWidth = 0.5
16.0615 	EXP 	Circle_SS_Instr_PreTrial: pos = array([0. , 0.4])
16.0615 	EXP 	Circle_SS_Instr_PreTrial: size = array([0.126, 0.126])
16.0615 	EXP 	Circle_SS_Instr_PreTrial: lineColor = '[-1. -1. -1.] (rgb)'
16.0615 	EXP 	Circle_SS_Instr_PreTrial: lineWidth = 6.0
16.0615 	EXP 	Score_SS_Intr_PreTrial: color = '[-1.  1. -1.] (rgb)'
16.0615 	EXP 	Score_SS_Intr_PreTrial: opacity = 1.0
16.0615 	EXP 	Score_SS_Intr_PreTrial: text = 0
16.0615 	EXP 	Ball_SS_Instr_PreTrial: pos = array([0. , 0.4])
16.0615 	EXP 	Ball_SS_Instr_PreTrial: fillColor = '[-1. -1. -1.] (rgb)'
16.0615 	EXP 	Text_1_SS_Instr_PreTrial: pos = array([-0.3 , -0.25])
16.0615 	EXP 	Text_1_SS_Instr_PreTrial: text = 'In the upcoming block, \npress (j) when the ball overlaps the white line'
16.0615 	EXP 	Text_2_SS_Instr_PreTrial: text = ''
16.0615 	EXP 	Text_3_SS_Instr_PreTrial: text = ''
16.0615 	EXP 	Line_SS_Instr_PreTrial: autoDraw = True
16.0615 	EXP 	Circle_SS_Instr_PreTrial: autoDraw = True
16.0615 	EXP 	Score_SS_Intr_PreTrial: autoDraw = True
16.0615 	EXP 	Ball_SS_Instr_PreTrial: autoDraw = True
16.0615 	EXP 	Text_1_SS_Instr_PreTrial: autoDraw = True
16.0615 	EXP 	Text_2_SS_Instr_PreTrial: autoDraw = True
16.0615 	EXP 	Text_3_SS_Instr_PreTrial: autoDraw = True
16.6919 	EXP 	Line_SS_Instr_PreTrial: autoDraw = False
16.6919 	EXP 	Circle_SS_Instr_PreTrial: autoDraw = False
16.6919 	EXP 	Score_SS_Intr_PreTrial: autoDraw = False
16.6919 	EXP 	Ball_SS_Instr_PreTrial: autoDraw = False
16.6919 	EXP 	Text_1_SS_Instr_PreTrial: autoDraw = False
16.6919 	EXP 	Text_2_SS_Instr_PreTrial: autoDraw = False
16.6919 	EXP 	Text_3_SS_Instr_PreTrial: autoDraw = False
16.6919 	EXP 	Line_SS_Instr_PreTrial: autoDraw = False
16.6919 	EXP 	Circle_SS_Instr_PreTrial: autoDraw = False
16.6919 	EXP 	Score_SS_Intr_PreTrial: autoDraw = False
16.6919 	EXP 	Ball_SS_Instr_PreTrial: autoDraw = False
16.6919 	EXP 	Text_1_SS_Instr_PreTrial: autoDraw = False
16.6919 	EXP 	Text_2_SS_Instr_PreTrial: autoDraw = False
16.6919 	EXP 	Text_3_SS_Instr_PreTrial: autoDraw = False
16.6919 	EXP 	Line_SS_Instr_MainTrial: pos = array([ 0. , -0.3])
16.6919 	EXP 	Line_SS_Instr_MainTrial: fillColor = '[1. 1. 1.] (rgb)'
16.6919 	EXP 	Line_SS_Instr_MainTrial: lineColor = '[1. 1. 1.] (rgb)'
16.6919 	EXP 	Line_SS_Instr_MainTrial: lineWidth = 0.5
16.6919 	EXP 	Score_SS_Instr_MainTrial: color = '[-1.  1. -1.] (rgb)'
16.6919 	EXP 	Score_SS_Instr_MainTrial: opacity = 1.0
16.6919 	EXP 	Score_SS_Instr_MainTrial: text = 0
16.6919 	EXP 	Ball_SS_Instr_MainTrial: size = array([0.126, 0.126])
16.6919 	EXP 	Text_1_SS_Instr_MainTrial: pos = array([-0.3 , -0.25])
16.6919 	EXP 	Text_1_SS_Instr_MainTrial: text = 'In the upcoming block, \npress (j) when the ball overlaps the white line'
16.6919 	EXP 	Text_2_SS_Instr_MainTrial: text = ''
16.6919 	EXP 	Text_3_SS_Instr_MainTrial: text = ''
16.6919 	EXP 	Line_SS_Instr_MainTrial: autoDraw = True
16.6919 	EXP 	Score_SS_Instr_MainTrial: autoDraw = True
16.6919 	EXP 	Ball_SS_Instr_MainTrial: autoDraw = True
16.6919 	EXP 	Text_1_SS_Instr_MainTrial: autoDraw = True
16.6919 	EXP 	Text_2_SS_Instr_MainTrial: autoDraw = True
16.6919 	EXP 	Text_3_SS_Instr_MainTrial: autoDraw = True
17.3145 	EXP 	New trial (rep=4, index=0): None
17.3278 	EXP 	Line_SS_Instr_MainTrial: autoDraw = False
17.3278 	EXP 	Score_SS_Instr_MainTrial: autoDraw = False
17.3278 	EXP 	Ball_SS_Instr_MainTrial: autoDraw = False
17.3278 	EXP 	Text_1_SS_Instr_MainTrial: autoDraw = False
17.3278 	EXP 	Text_2_SS_Instr_MainTrial: autoDraw = False
17.3278 	EXP 	Text_3_SS_Instr_MainTrial: autoDraw = False
17.3278 	EXP 	Line_SS_Instr_MainTrial: autoDraw = False
17.3278 	EXP 	Score_SS_Instr_MainTrial: autoDraw = False
17.3278 	EXP 	Ball_SS_Instr_MainTrial: autoDraw = False
17.3278 	EXP 	Text_1_SS_Instr_MainTrial: autoDraw = False
17.3278 	EXP 	Text_2_SS_Instr_MainTrial: autoDraw = False
17.3278 	EXP 	Text_3_SS_Instr_MainTrial: autoDraw = False
17.3278 	EXP 	Line_SS_Instr_PreTrial: pos = array([ 0. , -0.3])
17.3278 	EXP 	Line_SS_Instr_PreTrial: fillColor = '[1. 1. 1.] (rgb)'
17.3278 	EXP 	Line_SS_Instr_PreTrial: lineColor = '[1. 1. 1.] (rgb)'
17.3278 	EXP 	Line_SS_Instr_PreTrial: lineWidth = 0.5
17.3278 	EXP 	Circle_SS_Instr_PreTrial: pos = array([0. , 0.4])
17.3278 	EXP 	Circle_SS_Instr_PreTrial: size = array([0.126, 0.126])
17.3278 	EXP 	Circle_SS_Instr_PreTrial: lineColor = '[-1. -1. -1.] (rgb)'
17.3278 	EXP 	Circle_SS_Instr_PreTrial: lineWidth = 6.0
17.3278 	EXP 	Score_SS_Intr_PreTrial: color = '[-1.  1. -1.] (rgb)'
17.3278 	EXP 	Score_SS_Intr_PreTrial: opacity = 1.0
17.3278 	EXP 	Score_SS_Intr_PreTrial: text = 0
17.3278 	EXP 	Ball_SS_Instr_PreTrial: pos = array([0. , 0.4])
17.3278 	EXP 	Ball_SS_Instr_PreTrial: fillColor = '[-1. -1. -1.] (rgb)'
17.3278 	EXP 	Text_1_SS_Instr_PreTrial: pos = array([-0.3 , -0.25])
17.3278 	EXP 	Text_1_SS_Instr_PreTrial: text = 'In the upcoming block, \npress (j) when the ball overlaps the white line'
17.3278 	EXP 	Text_2_SS_Instr_PreTrial: text = ''
17.3278 	EXP 	Text_3_SS_Instr_PreTrial: text = ''
17.3278 	EXP 	Line_SS_Instr_PreTrial: autoDraw = True
17.3278 	EXP 	Circle_SS_Instr_PreTrial: autoDraw = True
17.3278 	EXP 	Score_SS_Intr_PreTrial: autoDraw = True
17.3278 	EXP 	Ball_SS_Instr_PreTrial: autoDraw = True
17.3278 	EXP 	Text_1_SS_Instr_PreTrial: autoDraw = True
17.3278 	EXP 	Text_2_SS_Instr_PreTrial: autoDraw = True
17.3278 	EXP 	Text_3_SS_Instr_PreTrial: autoDraw = True
17.7169 	DATA 	Mouse: Left button down, pos=(640,676)
17.8162 	DATA 	Mouse:  Left button up, pos=(640,676)
17.9454 	EXP 	Line_SS_Instr_PreTrial: autoDraw = False
17.9454 	EXP 	Circle_SS_Instr_PreTrial: autoDraw = False
17.9454 	EXP 	Score_SS_Intr_PreTrial: autoDraw = False
17.9454 	EXP 	Ball_SS_Instr_PreTrial: autoDraw = False
17.9454 	EXP 	Text_1_SS_Instr_PreTrial: autoDraw = False
17.9454 	EXP 	Text_2_SS_Instr_PreTrial: autoDraw = False
17.9454 	EXP 	Text_3_SS_Instr_PreTrial: autoDraw = False
17.9454 	EXP 	Line_SS_Instr_PreTrial: autoDraw = False
17.9454 	EXP 	Circle_SS_Instr_PreTrial: autoDraw = False
17.9454 	EXP 	Score_SS_Intr_PreTrial: autoDraw = False
17.9454 	EXP 	Ball_SS_Instr_PreTrial: autoDraw = False
17.9454 	EXP 	Text_1_SS_Instr_PreTrial: autoDraw = False
17.9454 	EXP 	Text_2_SS_Instr_PreTrial: autoDraw = False
17.9454 	EXP 	Text_3_SS_Instr_PreTrial: autoDraw = False
17.9454 	EXP 	Line_SS_Instr_MainTrial: pos = array([ 0. , -0.3])
17.9454 	EXP 	Line_SS_Instr_MainTrial: fillColor = '[1. 1. 1.] (rgb)'
17.9454 	EXP 	Line_SS_Instr_MainTrial: lineColor = '[1. 1. 1.] (rgb)'
17.9454 	EXP 	Line_SS_Instr_MainTrial: lineWidth = 0.5
17.9454 	EXP 	Score_SS_Instr_MainTrial: color = '[-1.  1. -1.] (rgb)'
17.9454 	EXP 	Score_SS_Instr_MainTrial: opacity = 1.0
17.9454 	EXP 	Score_SS_Instr_MainTrial: text = 0
17.9454 	EXP 	Ball_SS_Instr_MainTrial: size = array([0.126, 0.126])
17.9454 	EXP 	Text_1_SS_Instr_MainTrial: pos = array([-0.3 , -0.25])
17.9454 	EXP 	Text_1_SS_Instr_MainTrial: text = 'In the upcoming block, \npress (j) when the ball overlaps the white line'
17.9454 	EXP 	Text_2_SS_Instr_MainTrial: text = ''
17.9454 	EXP 	Text_3_SS_Instr_MainTrial: text = ''
17.9454 	EXP 	Line_SS_Instr_MainTrial: autoDraw = True
17.9454 	EXP 	Score_SS_Instr_MainTrial: autoDraw = True
17.9454 	EXP 	Ball_SS_Instr_MainTrial: autoDraw = True
17.9454 	EXP 	Text_1_SS_Instr_MainTrial: autoDraw = True
17.9454 	EXP 	Text_2_SS_Instr_MainTrial: autoDraw = True
17.9454 	EXP 	Text_3_SS_Instr_MainTrial: autoDraw = True
18.0011 	DATA 	Keypress: escape
18.2687 	EXP 	window1: mouseVisible = True
