1.0426 	WARNING 	We strongly recommend you activate the PTB sound engine in PsychoPy prefs as the preferred audio engine. Its timing is vastly superior. Your prefs are currently set to use ['sounddevice', 'PTB', 'pyo', 'pygame'] (in that order).
8.3381 	WARNING 	Couldn't measure a consistent frame rate.
  - Is your graphics card set to sync to vertical blank?
  - Are you running other processes on your computer?

8.3384 	EXP 	Created window1 = Window(allowGUI=False, allowStencil=False, args=UNKNOWN, autoLog=True, bitsMode=UNKNOWN, blendMode='avg', bpc=(8, 8, 8), color=array([0., 0., 0.]), colorSpace='rgb', depthBits=8, fullscr=<method-wrapper '__getattribute__' of attributeSetter object at 0x00000152334EE4A8>, gamma=None, gammaErrorPolicy='raise', kwargs=UNKNOWN, lms=UNKNOWN, monitor=<psychopy.monitors.calibTools.Monitor object at 0x00000152336BDEB8>, multiSample=False, name='window1', numSamples=2, pos=[0.0, 0.0], screen=0, size=array([1920, 1080]), stencilBits=0, stereo=False, units='height', useFBO=True, useRetina=False, viewOri=0.0, viewPos=None, viewScale=None, waitBlanking=True, winType='pyglet')
8.3385 	EXP 	window1: recordFrameIntervals = False
8.5047 	EXP 	window1: recordFrameIntervals = True
8.9389 	WARNING 	t of last frame was 20.03ms (=1/49)
10.1690 	WARNING 	Couldn't measure a consistent frame rate.
  - Is your graphics card set to sync to vertical blank?
  - Are you running other processes on your computer?

10.3985 	EXP 	Created Instr_Exp_Text = TextStim(__class__=<class 'psychopy.visual.text.TextStim'>, alignHoriz=method-wrapper(...), alignText='center', alignVert=method-wrapper(...), anchorHoriz='center', anchorVert='center', antialias=True, autoLog=True, bold=False, color='white', colorSpace='named', contrast=1.0, depth=0.0, flipHoriz=False, flipVert=False, font='Arial', fontFiles=[], height=0.03, italic=False, languageStyle='LTR', name='Instr_Exp_Text', opacity=1.0, ori=0, pos=array([0., 0.]), rgb=array([255., 255., 255.]), text='default text', units='height', win=Window(...), wrapWidth=1)
10.4013 	EXP 	Created Line_SS_Instr_PreTrial = Line(__class__=<class 'psychopy.visual.line.Line'>, autoDraw=False, autoLog=True, closeShape=False, contrast=1.0, depth=-1.0, fillColor=None, fillColorSpace='rgb', interpolate=True, lineColor=array([1., 1., 1.]), lineColorSpace='rgb', lineWidth=1.0, name='Line_SS_Instr_PreTrial', opacity=1.0, ori=array(0.), pos=array([0., 0.]), size=array([1., 1.]), units='height', vertices=array([[-0.5,  0. ],
       [ 0.5,  0. ]]), win=Window(...), windingRule=None)
10.4122 	EXP 	Created Circle_SS_Instr_PreTrial = Polygon(__class__=<class 'psychopy.visual.polygon.Polygon'>, autoDraw=False, autoLog=True, closeShape=True, color=method-wrapper(...), colorSpace=None, contrast=1.0, depth=-2.0, fillColor=None, fillColorSpace='rgb', fillRGB=None, interpolate=True, lineColor=array([1., 1., 1.]), lineColorSpace='rgb', lineRGB=array([1., 1., 1.]), lineWidth=1.0, name='Circle_SS_Instr_PreTrial', opacity=1.0, ori=array(0.), pos=array([0., 0.]), size=array([1., 1.]), units='height', vertices=ndarray(...), win=Window(...))
10.4675 	EXP 	Created Score_SS_Intr_PreTrial = TextStim(__class__=<class 'psychopy.visual.text.TextStim'>, alignHoriz=method-wrapper(...), alignText='center', alignVert=method-wrapper(...), anchorHoriz='center', anchorVert='center', antialias=True, autoLog=True, bold=False, color='white', colorSpace='named', contrast=1.0, depth=-3.0, flipHoriz=False, flipVert=False, font='Arial', fontFiles=[], height=0.2, italic=False, languageStyle='Arabic', name='Score_SS_Intr_PreTrial', opacity=1.0, ori=0, pos=array([0.7, 0. ]), rgb=array([255., 255., 255.]), text='default text', units='height', win=Window(...), wrapWidth=1)
10.4780 	EXP 	Created Ball_SS_Instr_PreTrial = Polygon(__class__=<class 'psychopy.visual.polygon.Polygon'>, autoDraw=False, autoLog=True, closeShape=True, color=method-wrapper(...), colorSpace=None, contrast=1.0, depth=-4.0, fillColor=array([1., 1., 1.]), fillColorSpace='rgb', fillRGB=array([1., 1., 1.]), interpolate=True, lineColor=None, lineColorSpace='rgb', lineRGB=None, lineWidth=0.01, name='Ball_SS_Instr_PreTrial', opacity=1.0, ori=array(0.), pos=array([0., 0.]), size=array([1., 1.]), units='height', vertices=ndarray(...), win=Window(...))
10.4807 	EXP 	Created Text_1_SS_Instr_PreTrial = TextStim(__class__=<class 'psychopy.visual.text.TextStim'>, alignHoriz=method-wrapper(...), alignText='center', alignVert=method-wrapper(...), anchorHoriz='center', anchorVert='center', antialias=True, autoLog=True, bold=False, color='white', colorSpace='named', contrast=1.0, depth=-5.0, flipHoriz=False, flipVert=False, font='Arial', fontFiles=[], height=0.03, italic=False, languageStyle='LTR', name='Text_1_SS_Instr_PreTrial', opacity=1.0, ori=0, pos=array([0., 0.]), rgb=array([255., 255., 255.]), text='default text', units='height', win=Window(...), wrapWidth=1)
10.4832 	EXP 	Created Text_2_SS_Instr_PreTrial = TextStim(__class__=<class 'psychopy.visual.text.TextStim'>, alignHoriz=method-wrapper(...), alignText='center', alignVert=method-wrapper(...), anchorHoriz='center', anchorVert='center', antialias=True, autoLog=True, bold=False, color='white', colorSpace='named', contrast=1.0, depth=-6.0, flipHoriz=False, flipVert=False, font='Arial', fontFiles=[], height=0.03, italic=False, languageStyle='LTR', name='Text_2_SS_Instr_PreTrial', opacity=1.0, ori=0, pos=array([0.5 , 0.15]), rgb=array([255., 255., 255.]), text='default text', units='height', win=Window(...), wrapWidth=1)
10.4980 	EXP 	Created Text_3_SS_Instr_PreTrial = TextStim(__class__=<class 'psychopy.visual.text.TextStim'>, alignHoriz=method-wrapper(...), alignText='center', alignVert=method-wrapper(...), anchorHoriz='center', anchorVert='center', antialias=True, autoLog=True, bold=False, color='white', colorSpace='named', contrast=1.0, depth=-7.0, flipHoriz=False, flipVert=False, font='Arial', fontFiles=[], height=0.05, italic=False, languageStyle='LTR', name='Text_3_SS_Instr_PreTrial', opacity=1.0, ori=0, pos=array([0., 0.]), rgb=array([255., 255., 255.]), text='default text', units='height', win=Window(...), wrapWidth=1)
10.4990 	EXP 	Created Line_SS_Instr_MainTrial = Line(__class__=<class 'psychopy.visual.line.Line'>, autoDraw=False, autoLog=True, closeShape=False, contrast=1.0, depth=-1.0, fillColor=None, fillColorSpace='rgb', interpolate=True, lineColor=array([1., 1., 1.]), lineColorSpace='rgb', lineWidth=1.0, name='Line_SS_Instr_MainTrial', opacity=1.0, ori=array(0.), pos=array([0., 0.]), size=array([1., 1.]), units='height', vertices=array([[-0.5,  0. ],
       [ 0.5,  0. ]]), win=Window(...), windingRule=None)
10.5051 	EXP 	Created Score_SS_Instr_MainTrial = TextStim(__class__=<class 'psychopy.visual.text.TextStim'>, alignHoriz=method-wrapper(...), alignText='center', alignVert=method-wrapper(...), anchorHoriz='center', anchorVert='center', antialias=True, autoLog=True, bold=False, color='white', colorSpace='named', contrast=1.0, depth=-2.0, flipHoriz=False, flipVert=False, font='Arial', fontFiles=[], height=0.2, italic=False, languageStyle='Arabic', name='Score_SS_Instr_MainTrial', opacity=1.0, ori=0, pos=array([0.7, 0. ]), rgb=array([255., 255., 255.]), text='default text', units='height', win=Window(...), wrapWidth=1)
10.5147 	EXP 	Created Ball_SS_Instr_MainTrial = Polygon(__class__=<class 'psychopy.visual.polygon.Polygon'>, autoDraw=False, autoLog=True, closeShape=True, color=method-wrapper(...), colorSpace=None, contrast=1.0, depth=-3.0, fillColor=array([1., 1., 1.]), fillColorSpace='rgb', fillRGB=array([1., 1., 1.]), interpolate=True, lineColor=None, lineColorSpace='rgb', lineRGB=None, lineWidth=0.01, name='Ball_SS_Instr_MainTrial', opacity=1.0, ori=array(0.), pos=array([0., 0.]), size=array([1., 1.]), units='height', vertices=ndarray(...), win=Window(...))
10.5214 	EXP 	Created Text_1_SS_Instr_MainTrial = TextStim(__class__=<class 'psychopy.visual.text.TextStim'>, alignHoriz=method-wrapper(...), alignText='center', alignVert=method-wrapper(...), anchorHoriz='center', anchorVert='center', antialias=True, autoLog=True, bold=False, color='white', colorSpace='named', contrast=1.0, depth=-4.0, flipHoriz=False, flipVert=False, font='Arial', fontFiles=[], height=0.03, italic=False, languageStyle='LTR', name='Text_1_SS_Instr_MainTrial', opacity=1.0, ori=0, pos=array([0., 0.]), rgb=array([255., 255., 255.]), text='default text', units='height', win=Window(...), wrapWidth=1)
10.5237 	EXP 	Created Text_2_SS_Instr_MainTrial = TextStim(__class__=<class 'psychopy.visual.text.TextStim'>, alignHoriz=method-wrapper(...), alignText='center', alignVert=method-wrapper(...), anchorHoriz='center', anchorVert='center', antialias=True, autoLog=True, bold=False, color='white', colorSpace='named', contrast=1.0, depth=-5.0, flipHoriz=False, flipVert=False, font='Arial', fontFiles=[], height=0.03, italic=False, languageStyle='LTR', name='Text_2_SS_Instr_MainTrial', opacity=1.0, ori=0, pos=array([0.5 , 0.15]), rgb=array([255., 255., 255.]), text='default text', units='height', win=Window(...), wrapWidth=1)
10.5261 	EXP 	Created Text_3_SS_Instr_MainTrial = TextStim(__class__=<class 'psychopy.visual.text.TextStim'>, alignHoriz=method-wrapper(...), alignText='center', alignVert=method-wrapper(...), anchorHoriz='center', anchorVert='center', antialias=True, autoLog=True, bold=False, color='white', colorSpace='named', contrast=1.0, depth=-6.0, flipHoriz=False, flipVert=False, font='Arial', fontFiles=[], height=0.05, italic=False, languageStyle='LTR', name='Text_3_SS_Instr_MainTrial', opacity=1.0, ori=0, pos=array([0., 0.]), rgb=array([255., 255., 255.]), text='default text', units='height', win=Window(...), wrapWidth=1)
10.5269 	EXP 	Created Line_SS_Prac_CountDown = Line(__class__=<class 'psychopy.visual.line.Line'>, autoDraw=False, autoLog=True, closeShape=False, contrast=1.0, depth=-1.0, fillColor=None, fillColorSpace='rgb', interpolate=True, lineColor=array([1., 1., 1.]), lineColorSpace='rgb', lineWidth=1.0, name='Line_SS_Prac_CountDown', opacity=1.0, ori=array(0.), pos=array([0., 0.]), size=array([1., 1.]), units='height', vertices=array([[-0.5,  0. ],
       [ 0.5,  0. ]]), win=Window(...), windingRule=None)
10.5603 	EXP 	Created Text_SS_Prac_CountDown = TextStim(__class__=<class 'psychopy.visual.text.TextStim'>, alignHoriz=method-wrapper(...), alignText='center', alignVert=method-wrapper(...), anchorHoriz='center', anchorVert='center', antialias=True, autoLog=True, bold=False, color='white', colorSpace='named', contrast=1.0, depth=-2.0, flipHoriz=False, flipVert=False, font='Arial', fontFiles=[], height=0.2, italic=False, languageStyle='Arabic', name='Text_SS_Prac_CountDown', opacity=1.0, ori=0, pos=array([0., 0.]), rgb=array([255., 255., 255.]), text='default text', units='height', win=Window(...), wrapWidth=1)
10.5659 	EXP 	Created Score_SS_Prac_CountDown = TextStim(__class__=<class 'psychopy.visual.text.TextStim'>, alignHoriz=method-wrapper(...), alignText='center', alignVert=method-wrapper(...), anchorHoriz='center', anchorVert='center', antialias=True, autoLog=True, bold=False, color='white', colorSpace='named', contrast=1.0, depth=-3.0, flipHoriz=False, flipVert=False, font='Arial', fontFiles=[], height=0.2, italic=False, languageStyle='Arabic', name='Score_SS_Prac_CountDown', opacity=1.0, ori=0, pos=array([0.7, 0. ]), rgb=array([255., 255., 255.]), text='default text', units='height', win=Window(...), wrapWidth=1)
10.5668 	EXP 	Created Line_SS_Prac_PreTrial = Line(__class__=<class 'psychopy.visual.line.Line'>, autoDraw=False, autoLog=True, closeShape=False, contrast=1.0, depth=-1.0, fillColor=None, fillColorSpace='rgb', interpolate=True, lineColor=array([1., 1., 1.]), lineColorSpace='rgb', lineWidth=1.0, name='Line_SS_Prac_PreTrial', opacity=1.0, ori=array(0.), pos=array([0., 0.]), size=array([1., 1.]), units='height', vertices=array([[-0.5,  0. ],
       [ 0.5,  0. ]]), win=Window(...), windingRule=None)
10.5724 	EXP 	Created Score_SS_Prac_PreTrial = TextStim(__class__=<class 'psychopy.visual.text.TextStim'>, alignHoriz=method-wrapper(...), alignText='center', alignVert=method-wrapper(...), anchorHoriz='center', anchorVert='center', antialias=True, autoLog=True, bold=False, color='white', colorSpace='named', contrast=1.0, depth=-2.0, flipHoriz=False, flipVert=False, font='Arial', fontFiles=[], height=0.2, italic=False, languageStyle='Arabic', name='Score_SS_Prac_PreTrial', opacity=1.0, ori=0, pos=array([0.7, 0. ]), rgb=array([255., 255., 255.]), text='default text', units='height', win=Window(...), wrapWidth=1)
10.5821 	EXP 	Created Circle_SS_Prac_PreTrial = Polygon(__class__=<class 'psychopy.visual.polygon.Polygon'>, autoDraw=False, autoLog=True, closeShape=True, color=method-wrapper(...), colorSpace=None, contrast=1.0, depth=-3.0, fillColor=None, fillColorSpace='rgb', fillRGB=None, interpolate=True, lineColor=array([1., 1., 1.]), lineColorSpace='rgb', lineRGB=array([1., 1., 1.]), lineWidth=1.0, name='Circle_SS_Prac_PreTrial', opacity=1.0, ori=array(0.), pos=array([0., 0.]), size=array([1., 1.]), units='height', vertices=ndarray(...), win=Window(...))
10.5921 	EXP 	Created Ball_SS_Prac_PreTrial = Polygon(__class__=<class 'psychopy.visual.polygon.Polygon'>, autoDraw=False, autoLog=True, closeShape=True, color=method-wrapper(...), colorSpace=None, contrast=1.0, depth=-4.0, fillColor=array([1., 1., 1.]), fillColorSpace='rgb', fillRGB=array([1., 1., 1.]), interpolate=True, lineColor=None, lineColorSpace='rgb', lineRGB=None, lineWidth=0, name='Ball_SS_Prac_PreTrial', opacity=1.0, ori=array(0.), pos=array([0., 0.]), size=array([1., 1.]), units='height', vertices=ndarray(...), win=Window(...))
10.5929 	EXP 	Created Line_SS_Prac_MainTrial = Line(__class__=<class 'psychopy.visual.line.Line'>, autoDraw=False, autoLog=True, closeShape=False, contrast=1.0, depth=-1.0, fillColor=None, fillColorSpace='rgb', interpolate=True, lineColor=array([1., 1., 1.]), lineColorSpace='rgb', lineWidth=1.0, name='Line_SS_Prac_MainTrial', opacity=1.0, ori=array(0.), pos=array([0., 0.]), size=array([1., 1.]), units='height', vertices=array([[-0.5,  0. ],
       [ 0.5,  0. ]]), win=Window(...), windingRule=None)
10.5986 	EXP 	Created Score_SS_Prac_MainTrial = TextStim(__class__=<class 'psychopy.visual.text.TextStim'>, alignHoriz=method-wrapper(...), alignText='center', alignVert=method-wrapper(...), anchorHoriz='center', anchorVert='center', antialias=True, autoLog=True, bold=False, color='white', colorSpace='named', contrast=1.0, depth=-2.0, flipHoriz=False, flipVert=False, font='Arial', fontFiles=[], height=0.2, italic=False, languageStyle='Arabic', name='Score_SS_Prac_MainTrial', opacity=1.0, ori=0, pos=array([0.7, 0. ]), rgb=array([255., 255., 255.]), text='default text', units='height', win=Window(...), wrapWidth=1)
10.6091 	EXP 	Created Ball_SS_Prac_MainTrial = Polygon(__class__=<class 'psychopy.visual.polygon.Polygon'>, autoDraw=False, autoLog=True, closeShape=True, color=method-wrapper(...), colorSpace=None, contrast=1.0, depth=-3.0, fillColor=array([1., 1., 1.]), fillColorSpace='rgb', fillRGB=array([1., 1., 1.]), interpolate=True, lineColor=None, lineColorSpace='rgb', lineRGB=None, lineWidth=0, name='Ball_SS_Prac_MainTrial', opacity=1.0, ori=array(0.), pos=array([0., 0.]), size=array([1., 1.]), units='height', vertices=ndarray(...), win=Window(...))
10.6299 	EXP 	Sound Sound_SS_Prac_PostTrial set volume 1.000
10.6309 	EXP 	Created Line_SS_Prac_PostTrial = Line(__class__=<class 'psychopy.visual.line.Line'>, autoDraw=False, autoLog=True, closeShape=False, contrast=1.0, depth=-1.0, fillColor=None, fillColorSpace='rgb', interpolate=True, lineColor=array([1., 1., 1.]), lineColorSpace='rgb', lineWidth=1.0, name='Line_SS_Prac_PostTrial', opacity=1.0, ori=array(0.), pos=array([0., 0.]), size=array([1., 1.]), units='height', vertices=array([[-0.5,  0. ],
       [ 0.5,  0. ]]), win=Window(...), windingRule=None)
10.6333 	EXP 	Created Image_SS_Prac_PostTrial = ImageStim(__class__=<class 'psychopy.visual.image.ImageStim'>, autoLog=True, color='white', colorSpace='named', contrast=1.0, depth=-2.0, flipHoriz=False, flipVert=False, image='sin', interpolate=True, mask=None, maskParams=None, name='Image_SS_Prac_PostTrial', opacity=1.0, ori=0.0, pos=array([0., 0.]), size=array([0.2, 0.2]), texRes=128, units='height', win=Window(...))
10.6404 	EXP 	Created Score_SS_Prac_PostTrial = TextStim(__class__=<class 'psychopy.visual.text.TextStim'>, alignHoriz=method-wrapper(...), alignText='center', alignVert=method-wrapper(...), anchorHoriz='center', anchorVert='center', antialias=True, autoLog=True, bold=False, color='white', colorSpace='named', contrast=1.0, depth=-3.0, flipHoriz=False, flipVert=False, font='Arial', fontFiles=[], height=0.2, italic=False, languageStyle='Arabic', name='Score_SS_Prac_PostTrial', opacity=1.0, ori=0, pos=array([0.7, 0. ]), rgb=array([255., 255., 255.]), text='default text', units='height', win=Window(...), wrapWidth=1)
10.6541 	EXP 	Created Ball_SS_Prac_PostTrial = Polygon(__class__=<class 'psychopy.visual.polygon.Polygon'>, autoDraw=False, autoLog=True, closeShape=True, color=method-wrapper(...), colorSpace=None, contrast=1.0, depth=-4.0, fillColor=array([1., 1., 1.]), fillColorSpace='rgb', fillRGB=array([1., 1., 1.]), interpolate=True, lineColor=None, lineColorSpace='rgb', lineRGB=None, lineWidth=0, name='Ball_SS_Prac_PostTrial', opacity=1.0, ori=array(0.), pos=array([0., 0.]), size=array([1., 1.]), units='height', vertices=ndarray(...), win=Window(...))
10.6567 	EXP 	Created Instr_SS_Text = TextStim(__class__=<class 'psychopy.visual.text.TextStim'>, alignHoriz=method-wrapper(...), alignText='center', alignVert=method-wrapper(...), anchorHoriz='center', anchorVert='center', antialias=True, autoLog=True, bold=False, color='white', colorSpace='named', contrast=1.0, depth=-1.0, flipHoriz=False, flipVert=False, font='Arial', fontFiles=[], height=0.03, italic=False, languageStyle='LTR', name='Instr_SS_Text', opacity=1.0, ori=0, pos=array([0., 0.]), rgb=array([255., 255., 255.]), text='default text', units='height', win=Window(...), wrapWidth=1)
10.6576 	EXP 	Created Line_SS_Instr_PreTrial = Line(__class__=<class 'psychopy.visual.line.Line'>, autoDraw=False, autoLog=True, closeShape=False, contrast=1.0, depth=-1.0, fillColor=None, fillColorSpace='rgb', interpolate=True, lineColor=array([1., 1., 1.]), lineColorSpace='rgb', lineWidth=1.0, name='Line_SS_Instr_PreTrial', opacity=1.0, ori=array(0.), pos=array([0., 0.]), size=array([1., 1.]), units='height', vertices=array([[-0.5,  0. ],
       [ 0.5,  0. ]]), win=Window(...), windingRule=None)
10.6691 	EXP 	Created Circle_SS_Instr_PreTrial = Polygon(__class__=<class 'psychopy.visual.polygon.Polygon'>, autoDraw=False, autoLog=True, closeShape=True, color=method-wrapper(...), colorSpace=None, contrast=1.0, depth=-2.0, fillColor=None, fillColorSpace='rgb', fillRGB=None, interpolate=True, lineColor=array([1., 1., 1.]), lineColorSpace='rgb', lineRGB=array([1., 1., 1.]), lineWidth=1.0, name='Circle_SS_Instr_PreTrial', opacity=1.0, ori=array(0.), pos=array([0., 0.]), size=array([1., 1.]), units='height', vertices=ndarray(...), win=Window(...))
10.6750 	EXP 	Created Score_SS_Intr_PreTrial = TextStim(__class__=<class 'psychopy.visual.text.TextStim'>, alignHoriz=method-wrapper(...), alignText='center', alignVert=method-wrapper(...), anchorHoriz='center', anchorVert='center', antialias=True, autoLog=True, bold=False, color='white', colorSpace='named', contrast=1.0, depth=-3.0, flipHoriz=False, flipVert=False, font='Arial', fontFiles=[], height=0.2, italic=False, languageStyle='Arabic', name='Score_SS_Intr_PreTrial', opacity=1.0, ori=0, pos=array([0.7, 0. ]), rgb=array([255., 255., 255.]), text='default text', units='height', win=Window(...), wrapWidth=1)
10.6849 	EXP 	Created Ball_SS_Instr_PreTrial = Polygon(__class__=<class 'psychopy.visual.polygon.Polygon'>, autoDraw=False, autoLog=True, closeShape=True, color=method-wrapper(...), colorSpace=None, contrast=1.0, depth=-4.0, fillColor=array([1., 1., 1.]), fillColorSpace='rgb', fillRGB=array([1., 1., 1.]), interpolate=True, lineColor=None, lineColorSpace='rgb', lineRGB=None, lineWidth=0.01, name='Ball_SS_Instr_PreTrial', opacity=1.0, ori=array(0.), pos=array([0., 0.]), size=array([1., 1.]), units='height', vertices=ndarray(...), win=Window(...))
10.6875 	EXP 	Created Text_1_SS_Instr_PreTrial = TextStim(__class__=<class 'psychopy.visual.text.TextStim'>, alignHoriz=method-wrapper(...), alignText='center', alignVert=method-wrapper(...), anchorHoriz='center', anchorVert='center', antialias=True, autoLog=True, bold=False, color='white', colorSpace='named', contrast=1.0, depth=-5.0, flipHoriz=False, flipVert=False, font='Arial', fontFiles=[], height=0.03, italic=False, languageStyle='LTR', name='Text_1_SS_Instr_PreTrial', opacity=1.0, ori=0, pos=array([0., 0.]), rgb=array([255., 255., 255.]), text='default text', units='height', win=Window(...), wrapWidth=1)
10.6900 	EXP 	Created Text_2_SS_Instr_PreTrial = TextStim(__class__=<class 'psychopy.visual.text.TextStim'>, alignHoriz=method-wrapper(...), alignText='center', alignVert=method-wrapper(...), anchorHoriz='center', anchorVert='center', antialias=True, autoLog=True, bold=False, color='white', colorSpace='named', contrast=1.0, depth=-6.0, flipHoriz=False, flipVert=False, font='Arial', fontFiles=[], height=0.03, italic=False, languageStyle='LTR', name='Text_2_SS_Instr_PreTrial', opacity=1.0, ori=0, pos=array([0.5 , 0.15]), rgb=array([255., 255., 255.]), text='default text', units='height', win=Window(...), wrapWidth=1)
10.6923 	EXP 	Created Text_3_SS_Instr_PreTrial = TextStim(__class__=<class 'psychopy.visual.text.TextStim'>, alignHoriz=method-wrapper(...), alignText='center', alignVert=method-wrapper(...), anchorHoriz='center', anchorVert='center', antialias=True, autoLog=True, bold=False, color='white', colorSpace='named', contrast=1.0, depth=-7.0, flipHoriz=False, flipVert=False, font='Arial', fontFiles=[], height=0.05, italic=False, languageStyle='LTR', name='Text_3_SS_Instr_PreTrial', opacity=1.0, ori=0, pos=array([0., 0.]), rgb=array([255., 255., 255.]), text='default text', units='height', win=Window(...), wrapWidth=1)
10.6931 	EXP 	Created Line_SS_Instr_MainTrial = Line(__class__=<class 'psychopy.visual.line.Line'>, autoDraw=False, autoLog=True, closeShape=False, contrast=1.0, depth=-1.0, fillColor=None, fillColorSpace='rgb', interpolate=True, lineColor=array([1., 1., 1.]), lineColorSpace='rgb', lineWidth=1.0, name='Line_SS_Instr_MainTrial', opacity=1.0, ori=array(0.), pos=array([0., 0.]), size=array([1., 1.]), units='height', vertices=array([[-0.5,  0. ],
       [ 0.5,  0. ]]), win=Window(...), windingRule=None)
10.7042 	EXP 	Created Score_SS_Instr_MainTrial = TextStim(__class__=<class 'psychopy.visual.text.TextStim'>, alignHoriz=method-wrapper(...), alignText='center', alignVert=method-wrapper(...), anchorHoriz='center', anchorVert='center', antialias=True, autoLog=True, bold=False, color='white', colorSpace='named', contrast=1.0, depth=-2.0, flipHoriz=False, flipVert=False, font='Arial', fontFiles=[], height=0.2, italic=False, languageStyle='Arabic', name='Score_SS_Instr_MainTrial', opacity=1.0, ori=0, pos=array([0.7, 0. ]), rgb=array([255., 255., 255.]), text='default text', units='height', win=Window(...), wrapWidth=1)
10.7160 	EXP 	Created Ball_SS_Instr_MainTrial = Polygon(__class__=<class 'psychopy.visual.polygon.Polygon'>, autoDraw=False, autoLog=True, closeShape=True, color=method-wrapper(...), colorSpace=None, contrast=1.0, depth=-3.0, fillColor=array([1., 1., 1.]), fillColorSpace='rgb', fillRGB=array([1., 1., 1.]), interpolate=True, lineColor=None, lineColorSpace='rgb', lineRGB=None, lineWidth=0.01, name='Ball_SS_Instr_MainTrial', opacity=1.0, ori=array(0.), pos=array([0., 0.]), size=array([1., 1.]), units='height', vertices=ndarray(...), win=Window(...))
10.7188 	EXP 	Created Text_1_SS_Instr_MainTrial = TextStim(__class__=<class 'psychopy.visual.text.TextStim'>, alignHoriz=method-wrapper(...), alignText='center', alignVert=method-wrapper(...), anchorHoriz='center', anchorVert='center', antialias=True, autoLog=True, bold=False, color='white', colorSpace='named', contrast=1.0, depth=-4.0, flipHoriz=False, flipVert=False, font='Arial', fontFiles=[], height=0.03, italic=False, languageStyle='LTR', name='Text_1_SS_Instr_MainTrial', opacity=1.0, ori=0, pos=array([0., 0.]), rgb=array([255., 255., 255.]), text='default text', units='height', win=Window(...), wrapWidth=1)
10.7208 	EXP 	Created Text_2_SS_Instr_MainTrial = TextStim(__class__=<class 'psychopy.visual.text.TextStim'>, alignHoriz=method-wrapper(...), alignText='center', alignVert=method-wrapper(...), anchorHoriz='center', anchorVert='center', antialias=True, autoLog=True, bold=False, color='white', colorSpace='named', contrast=1.0, depth=-5.0, flipHoriz=False, flipVert=False, font='Arial', fontFiles=[], height=0.03, italic=False, languageStyle='LTR', name='Text_2_SS_Instr_MainTrial', opacity=1.0, ori=0, pos=array([0.5 , 0.15]), rgb=array([255., 255., 255.]), text='default text', units='height', win=Window(...), wrapWidth=1)
10.7228 	EXP 	Created Text_3_SS_Instr_MainTrial = TextStim(__class__=<class 'psychopy.visual.text.TextStim'>, alignHoriz=method-wrapper(...), alignText='center', alignVert=method-wrapper(...), anchorHoriz='center', anchorVert='center', antialias=True, autoLog=True, bold=False, color='white', colorSpace='named', contrast=1.0, depth=-6.0, flipHoriz=False, flipVert=False, font='Arial', fontFiles=[], height=0.05, italic=False, languageStyle='LTR', name='Text_3_SS_Instr_MainTrial', opacity=1.0, ori=0, pos=array([0., 0.]), rgb=array([255., 255., 255.]), text='default text', units='height', win=Window(...), wrapWidth=1)
10.7254 	EXP 	Created Text_Instr_Block_Num = TextStim(__class__=<class 'psychopy.visual.text.TextStim'>, alignHoriz=method-wrapper(...), alignText='center', alignVert=method-wrapper(...), anchorHoriz='center', anchorVert='center', antialias=True, autoLog=True, bold=False, color='white', colorSpace='named', contrast=1.0, depth=0.0, flipHoriz=False, flipVert=False, font='Arial', fontFiles=[], height=0.03, italic=False, languageStyle='LTR', name='Text_Instr_Block_Num', opacity=1.0, ori=0, pos=array([0., 0.]), rgb=array([255., 255., 255.]), text='default text', units='height', win=Window(...), wrapWidth=1)
10.7264 	EXP 	Created Line_SS_CountDown = Line(__class__=<class 'psychopy.visual.line.Line'>, autoDraw=False, autoLog=True, closeShape=False, contrast=1.0, depth=-1.0, fillColor=None, fillColorSpace='rgb', interpolate=True, lineColor=array([1., 1., 1.]), lineColorSpace='rgb', lineWidth=1.0, name='Line_SS_CountDown', opacity=1.0, ori=array(0.), pos=array([0., 0.]), size=array([1., 1.]), units='height', vertices=array([[-0.5,  0. ],
       [ 0.5,  0. ]]), win=Window(...), windingRule=None)
10.7318 	EXP 	Created Text_SS_CountDown = TextStim(__class__=<class 'psychopy.visual.text.TextStim'>, alignHoriz=method-wrapper(...), alignText='center', alignVert=method-wrapper(...), anchorHoriz='center', anchorVert='center', antialias=True, autoLog=True, bold=False, color='white', colorSpace='named', contrast=1.0, depth=-2.0, flipHoriz=False, flipVert=False, font='Arial', fontFiles=[], height=0.2, italic=False, languageStyle='Arabic', name='Text_SS_CountDown', opacity=1.0, ori=0, pos=array([0., 0.]), rgb=array([255., 255., 255.]), text='default text', units='height', win=Window(...), wrapWidth=1)
10.7328 	EXP 	Created Line_SS_PreTrial = Line(__class__=<class 'psychopy.visual.line.Line'>, autoDraw=False, autoLog=True, closeShape=False, contrast=1.0, depth=-1.0, fillColor=None, fillColorSpace='rgb', interpolate=True, lineColor=array([1., 1., 1.]), lineColorSpace='rgb', lineWidth=1.0, name='Line_SS_PreTrial', opacity=1.0, ori=array(0.), pos=array([0., 0.]), size=array([1., 1.]), units='height', vertices=array([[-0.5,  0. ],
       [ 0.5,  0. ]]), win=Window(...), windingRule=None)
10.7430 	EXP 	Created Circle_SS_PreTrial = Polygon(__class__=<class 'psychopy.visual.polygon.Polygon'>, autoDraw=False, autoLog=True, closeShape=True, color=method-wrapper(...), colorSpace=None, contrast=1.0, depth=-2.0, fillColor=None, fillColorSpace='rgb', fillRGB=None, interpolate=True, lineColor=array([1., 1., 1.]), lineColorSpace='rgb', lineRGB=array([1., 1., 1.]), lineWidth=1.0, name='Circle_SS_PreTrial', opacity=1.0, ori=array(0.), pos=array([0., 0.]), size=array([1., 1.]), units='height', vertices=ndarray(...), win=Window(...))
10.7528 	EXP 	Created Ball_SS_PreTrial = Polygon(__class__=<class 'psychopy.visual.polygon.Polygon'>, autoDraw=False, autoLog=True, closeShape=True, color=method-wrapper(...), colorSpace=None, contrast=1.0, depth=-3.0, fillColor=array([1., 1., 1.]), fillColorSpace='rgb', fillRGB=array([1., 1., 1.]), interpolate=True, lineColor=None, lineColorSpace='rgb', lineRGB=None, lineWidth=0, name='Ball_SS_PreTrial', opacity=1.0, ori=array(0.), pos=array([0., 0.]), size=array([1., 1.]), units='height', vertices=ndarray(...), win=Window(...))
10.7535 	EXP 	Created Line_SS_MainTrial = Line(__class__=<class 'psychopy.visual.line.Line'>, autoDraw=False, autoLog=True, closeShape=False, contrast=1.0, depth=-1.0, fillColor=None, fillColorSpace='rgb', interpolate=True, lineColor=array([1., 1., 1.]), lineColorSpace='rgb', lineWidth=1.0, name='Line_SS_MainTrial', opacity=1.0, ori=array(0.), pos=array([0., 0.]), size=array([1., 1.]), units='height', vertices=array([[-0.5,  0. ],
       [ 0.5,  0. ]]), win=Window(...), windingRule=None)
10.7636 	EXP 	Created Ball_SS_MainTrial = Polygon(__class__=<class 'psychopy.visual.polygon.Polygon'>, autoDraw=False, autoLog=True, closeShape=True, color=method-wrapper(...), colorSpace=None, contrast=1.0, depth=-2.0, fillColor=array([1., 1., 1.]), fillColorSpace='rgb', fillRGB=array([1., 1., 1.]), interpolate=True, lineColor=None, lineColorSpace='rgb', lineRGB=None, lineWidth=0, name='Ball_SS_MainTrial', opacity=1.0, ori=array(0.), pos=array([0., 0.]), size=array([1., 1.]), units='height', vertices=ndarray(...), win=Window(...))
10.7637 	EXP 	Sound Sound_SS_PostTrial set volume 1.000
10.7645 	EXP 	Created Line_SS_PostTrial = Line(__class__=<class 'psychopy.visual.line.Line'>, autoDraw=False, autoLog=True, closeShape=False, contrast=1.0, depth=-1.0, fillColor=None, fillColorSpace='rgb', interpolate=True, lineColor=array([1., 1., 1.]), lineColorSpace='rgb', lineWidth=1.0, name='Line_SS_PostTrial', opacity=1.0, ori=array(0.), pos=array([0., 0.]), size=array([1., 1.]), units='height', vertices=array([[-0.5,  0. ],
       [ 0.5,  0. ]]), win=Window(...), windingRule=None)
10.7666 	EXP 	Created Image_SS_PostTrial = ImageStim(__class__=<class 'psychopy.visual.image.ImageStim'>, autoLog=True, color='white', colorSpace='named', contrast=1.0, depth=-2.0, flipHoriz=False, flipVert=False, image='sin', interpolate=True, mask=None, maskParams=None, name='Image_SS_PostTrial', opacity=1.0, ori=0.0, pos=array([0., 0.]), size=array([0.2, 0.2]), texRes=128, units='height', win=Window(...))
10.7762 	EXP 	Created Ball_SS_PostTrial = Polygon(__class__=<class 'psychopy.visual.polygon.Polygon'>, autoDraw=False, autoLog=True, closeShape=True, color=method-wrapper(...), colorSpace=None, contrast=1.0, depth=-3.0, fillColor=array([1., 1., 1.]), fillColorSpace='rgb', fillRGB=array([1., 1., 1.]), interpolate=True, lineColor=None, lineColorSpace='rgb', lineRGB=None, lineWidth=0, name='Ball_SS_PostTrial', opacity=1.0, ori=array(0.), pos=array([0., 0.]), size=array([1., 1.]), units='height', vertices=ndarray(...), win=Window(...))
10.8078 	EXP 	Imported conditions.xlsx as conditions, 1 conditions, 4 params
10.8080 	EXP 	Created sequence: sequential, trialTypes=1, nReps=1, seed=None
10.8083 	EXP 	New trial (rep=0, index=0): OrderedDict([('Check', 'media/check.png'), ('Cross', 'media/cross.png'), ('Sound_P', 'media/coin.wav'), ('Sound_N', 'media/buzz.wav')])
10.8706 	WARNING 	t of last frame was 701.84ms (=1/1)
10.8706 	EXP 	Instr_Exp_Text: text = 'Thank you for participating in our study! \n\nThis study will take about 30 minutes. Once you start, you cannot turn off your web browser until you complete the study. \n\nOn next page, please carefully read this instruction. \n\nIf you are ready, press (space) to continue.'
10.8706 	EXP 	Instr_Exp_Text: autoDraw = True
10.9095 	WARNING 	t of last frame was 24.01ms (=1/41)
11.1078 	WARNING 	t of last frame was 22.12ms (=1/45)
11.1412 	WARNING 	Multiple dropped frames have occurred - I'll stop bothering you about them!
11.5092 	DATA 	Keypress: space
11.5227 	EXP 	Created sequence: sequential, trialTypes=1, nReps=2, seed=None
11.5229 	EXP 	New trial (rep=0, index=0): None
11.5246 	EXP 	Created sequence: sequential, trialTypes=1, nReps=1000, seed=None
11.5283 	EXP 	New trial (rep=0, index=0): None
11.5470 	EXP 	Instr_Exp_Text: autoDraw = False
11.5470 	EXP 	Line_SS_Instr_PreTrial: pos = array([-0.2, -0.3])
11.5470 	EXP 	Line_SS_Instr_PreTrial: fillColor = '[1. 1. 1.] (rgb)'
11.5470 	EXP 	Line_SS_Instr_PreTrial: lineColor = '[1. 1. 1.] (rgb)'
11.5470 	EXP 	Line_SS_Instr_PreTrial: lineWidth = 0.5
11.5470 	EXP 	Circle_SS_Instr_PreTrial: pos = array([0. , 0.4])
11.5470 	EXP 	Circle_SS_Instr_PreTrial: size = array([0.126, 0.126])
11.5470 	EXP 	Circle_SS_Instr_PreTrial: lineColor = '[1. 1. 1.] (rgb)'
11.5470 	EXP 	Circle_SS_Instr_PreTrial: lineWidth = 6.0
11.5470 	EXP 	Score_SS_Intr_PreTrial: color = '[-1.  1. -1.] (rgb)'
11.5470 	EXP 	Score_SS_Intr_PreTrial: opacity = 1.0
11.5470 	EXP 	Score_SS_Intr_PreTrial: text = 0
11.5470 	EXP 	Ball_SS_Instr_PreTrial: pos = array([0. , 0.4])
11.5470 	EXP 	Ball_SS_Instr_PreTrial: fillColor = '[1. 1. 1.] (rgb)'
11.5470 	EXP 	Text_1_SS_Instr_PreTrial: pos = array([-0.3 , -0.25])
11.5470 	EXP 	Text_1_SS_Instr_PreTrial: text = ''
11.5470 	EXP 	Text_2_SS_Instr_PreTrial: text = ''
11.5470 	EXP 	Text_3_SS_Instr_PreTrial: text = ''
11.5470 	EXP 	Line_SS_Instr_PreTrial: autoDraw = True
11.5470 	EXP 	Circle_SS_Instr_PreTrial: autoDraw = True
11.5470 	EXP 	Score_SS_Intr_PreTrial: autoDraw = True
11.5470 	EXP 	Ball_SS_Instr_PreTrial: autoDraw = True
11.5470 	EXP 	Text_1_SS_Instr_PreTrial: autoDraw = True
11.5470 	EXP 	Text_2_SS_Instr_PreTrial: autoDraw = True
11.5470 	EXP 	Text_3_SS_Instr_PreTrial: autoDraw = True
12.1705 	EXP 	Line_SS_Instr_PreTrial: autoDraw = False
12.1705 	EXP 	Circle_SS_Instr_PreTrial: autoDraw = False
12.1705 	EXP 	Score_SS_Intr_PreTrial: autoDraw = False
12.1705 	EXP 	Ball_SS_Instr_PreTrial: autoDraw = False
12.1705 	EXP 	Text_1_SS_Instr_PreTrial: autoDraw = False
12.1705 	EXP 	Text_2_SS_Instr_PreTrial: autoDraw = False
12.1705 	EXP 	Text_3_SS_Instr_PreTrial: autoDraw = False
12.1705 	EXP 	Line_SS_Instr_PreTrial: autoDraw = False
12.1705 	EXP 	Circle_SS_Instr_PreTrial: autoDraw = False
12.1705 	EXP 	Score_SS_Intr_PreTrial: autoDraw = False
12.1705 	EXP 	Ball_SS_Instr_PreTrial: autoDraw = False
12.1705 	EXP 	Text_1_SS_Instr_PreTrial: autoDraw = False
12.1705 	EXP 	Text_2_SS_Instr_PreTrial: autoDraw = False
12.1705 	EXP 	Text_3_SS_Instr_PreTrial: autoDraw = False
12.1705 	EXP 	Line_SS_Instr_MainTrial: pos = array([-0.5, -0.3])
12.1705 	EXP 	Line_SS_Instr_MainTrial: fillColor = '[1. 1. 1.] (rgb)'
12.1705 	EXP 	Line_SS_Instr_MainTrial: lineColor = '[1. 1. 1.] (rgb)'
12.1705 	EXP 	Line_SS_Instr_MainTrial: lineWidth = 0.5
12.1705 	EXP 	Score_SS_Instr_MainTrial: color = '[-1.  1. -1.] (rgb)'
12.1705 	EXP 	Score_SS_Instr_MainTrial: opacity = 1.0
12.1705 	EXP 	Score_SS_Instr_MainTrial: text = 0
12.1705 	EXP 	Ball_SS_Instr_MainTrial: size = array([0.126, 0.126])
12.1705 	EXP 	Text_1_SS_Instr_MainTrial: pos = array([-0.3 , -0.25])
12.1705 	EXP 	Text_1_SS_Instr_MainTrial: text = ''
12.1705 	EXP 	Text_2_SS_Instr_MainTrial: text = ''
12.1705 	EXP 	Text_3_SS_Instr_MainTrial: text = ''
12.1705 	EXP 	Line_SS_Instr_MainTrial: autoDraw = True
12.1705 	EXP 	Score_SS_Instr_MainTrial: autoDraw = True
12.1705 	EXP 	Ball_SS_Instr_MainTrial: autoDraw = True
12.1705 	EXP 	Text_1_SS_Instr_MainTrial: autoDraw = True
12.1705 	EXP 	Text_2_SS_Instr_MainTrial: autoDraw = True
12.1705 	EXP 	Text_3_SS_Instr_MainTrial: autoDraw = True
12.8075 	EXP 	New trial (rep=1, index=0): None
12.8275 	EXP 	Line_SS_Instr_MainTrial: autoDraw = False
12.8275 	EXP 	Score_SS_Instr_MainTrial: autoDraw = False
12.8275 	EXP 	Ball_SS_Instr_MainTrial: autoDraw = False
12.8275 	EXP 	Text_1_SS_Instr_MainTrial: autoDraw = False
12.8275 	EXP 	Text_2_SS_Instr_MainTrial: autoDraw = False
12.8275 	EXP 	Text_3_SS_Instr_MainTrial: autoDraw = False
12.8275 	EXP 	Line_SS_Instr_MainTrial: autoDraw = False
12.8275 	EXP 	Score_SS_Instr_MainTrial: autoDraw = False
12.8275 	EXP 	Ball_SS_Instr_MainTrial: autoDraw = False
12.8275 	EXP 	Text_1_SS_Instr_MainTrial: autoDraw = False
12.8275 	EXP 	Text_2_SS_Instr_MainTrial: autoDraw = False
12.8275 	EXP 	Text_3_SS_Instr_MainTrial: autoDraw = False
12.8275 	EXP 	Line_SS_Instr_PreTrial: pos = array([-0.2, -0.3])
12.8275 	EXP 	Line_SS_Instr_PreTrial: fillColor = '[1. 1. 1.] (rgb)'
12.8275 	EXP 	Line_SS_Instr_PreTrial: lineColor = '[1. 1. 1.] (rgb)'
12.8275 	EXP 	Line_SS_Instr_PreTrial: lineWidth = 0.5
12.8275 	EXP 	Circle_SS_Instr_PreTrial: pos = array([0. , 0.4])
12.8275 	EXP 	Circle_SS_Instr_PreTrial: size = array([0.126, 0.126])
12.8275 	EXP 	Circle_SS_Instr_PreTrial: lineColor = '[1. 1. 1.] (rgb)'
12.8275 	EXP 	Circle_SS_Instr_PreTrial: lineWidth = 6.0
12.8275 	EXP 	Score_SS_Intr_PreTrial: color = '[-1.  1. -1.] (rgb)'
12.8275 	EXP 	Score_SS_Intr_PreTrial: opacity = 1.0
12.8275 	EXP 	Score_SS_Intr_PreTrial: text = 0
12.8275 	EXP 	Ball_SS_Instr_PreTrial: pos = array([0. , 0.4])
12.8275 	EXP 	Ball_SS_Instr_PreTrial: fillColor = '[1. 1. 1.] (rgb)'
12.8275 	EXP 	Text_1_SS_Instr_PreTrial: pos = array([-0.3 , -0.25])
12.8275 	EXP 	Text_1_SS_Instr_PreTrial: text = 'In the upcoming block, \npress (j) when the ball overlaps the white line'
12.8275 	EXP 	Text_2_SS_Instr_PreTrial: text = ''
12.8275 	EXP 	Text_3_SS_Instr_PreTrial: text = ''
12.8275 	EXP 	Line_SS_Instr_PreTrial: autoDraw = True
12.8275 	EXP 	Circle_SS_Instr_PreTrial: autoDraw = True
12.8275 	EXP 	Score_SS_Intr_PreTrial: autoDraw = True
12.8275 	EXP 	Ball_SS_Instr_PreTrial: autoDraw = True
12.8275 	EXP 	Text_1_SS_Instr_PreTrial: autoDraw = True
12.8275 	EXP 	Text_2_SS_Instr_PreTrial: autoDraw = True
12.8275 	EXP 	Text_3_SS_Instr_PreTrial: autoDraw = True
13.4554 	EXP 	Line_SS_Instr_PreTrial: autoDraw = False
13.4554 	EXP 	Circle_SS_Instr_PreTrial: autoDraw = False
13.4554 	EXP 	Score_SS_Intr_PreTrial: autoDraw = False
13.4554 	EXP 	Ball_SS_Instr_PreTrial: autoDraw = False
13.4554 	EXP 	Text_1_SS_Instr_PreTrial: autoDraw = False
13.4554 	EXP 	Text_2_SS_Instr_PreTrial: autoDraw = False
13.4554 	EXP 	Text_3_SS_Instr_PreTrial: autoDraw = False
13.4554 	EXP 	Line_SS_Instr_PreTrial: autoDraw = False
13.4554 	EXP 	Circle_SS_Instr_PreTrial: autoDraw = False
13.4554 	EXP 	Score_SS_Intr_PreTrial: autoDraw = False
13.4554 	EXP 	Ball_SS_Instr_PreTrial: autoDraw = False
13.4554 	EXP 	Text_1_SS_Instr_PreTrial: autoDraw = False
13.4554 	EXP 	Text_2_SS_Instr_PreTrial: autoDraw = False
13.4554 	EXP 	Text_3_SS_Instr_PreTrial: autoDraw = False
13.4554 	EXP 	Line_SS_Instr_MainTrial: pos = array([-0.5, -0.3])
13.4554 	EXP 	Line_SS_Instr_MainTrial: fillColor = '[1. 1. 1.] (rgb)'
13.4554 	EXP 	Line_SS_Instr_MainTrial: lineColor = '[1. 1. 1.] (rgb)'
13.4554 	EXP 	Line_SS_Instr_MainTrial: lineWidth = 0.5
13.4554 	EXP 	Score_SS_Instr_MainTrial: color = '[-1.  1. -1.] (rgb)'
13.4554 	EXP 	Score_SS_Instr_MainTrial: opacity = 1.0
13.4554 	EXP 	Score_SS_Instr_MainTrial: text = 0
13.4554 	EXP 	Ball_SS_Instr_MainTrial: size = array([0.126, 0.126])
13.4554 	EXP 	Text_1_SS_Instr_MainTrial: pos = array([-0.3 , -0.25])
13.4554 	EXP 	Text_1_SS_Instr_MainTrial: text = 'In the upcoming block, \npress (j) when the ball overlaps the white line'
13.4554 	EXP 	Text_2_SS_Instr_MainTrial: text = ''
13.4554 	EXP 	Text_3_SS_Instr_MainTrial: text = ''
13.4554 	EXP 	Line_SS_Instr_MainTrial: autoDraw = True
13.4554 	EXP 	Score_SS_Instr_MainTrial: autoDraw = True
13.4554 	EXP 	Ball_SS_Instr_MainTrial: autoDraw = True
13.4554 	EXP 	Text_1_SS_Instr_MainTrial: autoDraw = True
13.4554 	EXP 	Text_2_SS_Instr_MainTrial: autoDraw = True
13.4554 	EXP 	Text_3_SS_Instr_MainTrial: autoDraw = True
14.0883 	EXP 	New trial (rep=2, index=0): None
14.1040 	EXP 	Line_SS_Instr_MainTrial: autoDraw = False
14.1040 	EXP 	Score_SS_Instr_MainTrial: autoDraw = False
14.1040 	EXP 	Ball_SS_Instr_MainTrial: autoDraw = False
14.1040 	EXP 	Text_1_SS_Instr_MainTrial: autoDraw = False
14.1040 	EXP 	Text_2_SS_Instr_MainTrial: autoDraw = False
14.1040 	EXP 	Text_3_SS_Instr_MainTrial: autoDraw = False
14.1040 	EXP 	Line_SS_Instr_MainTrial: autoDraw = False
14.1040 	EXP 	Score_SS_Instr_MainTrial: autoDraw = False
14.1040 	EXP 	Ball_SS_Instr_MainTrial: autoDraw = False
14.1040 	EXP 	Text_1_SS_Instr_MainTrial: autoDraw = False
14.1040 	EXP 	Text_2_SS_Instr_MainTrial: autoDraw = False
14.1040 	EXP 	Text_3_SS_Instr_MainTrial: autoDraw = False
14.1040 	EXP 	Line_SS_Instr_PreTrial: pos = array([-0.2, -0.3])
14.1040 	EXP 	Line_SS_Instr_PreTrial: fillColor = '[1. 1. 1.] (rgb)'
14.1040 	EXP 	Line_SS_Instr_PreTrial: lineColor = '[1. 1. 1.] (rgb)'
14.1040 	EXP 	Line_SS_Instr_PreTrial: lineWidth = 0.5
14.1040 	EXP 	Circle_SS_Instr_PreTrial: pos = array([0. , 0.4])
14.1040 	EXP 	Circle_SS_Instr_PreTrial: size = array([0.126, 0.126])
14.1040 	EXP 	Circle_SS_Instr_PreTrial: lineColor = '[1. 1. 1.] (rgb)'
14.1040 	EXP 	Circle_SS_Instr_PreTrial: lineWidth = 6.0
14.1040 	EXP 	Score_SS_Intr_PreTrial: color = '[-1.  1. -1.] (rgb)'
14.1040 	EXP 	Score_SS_Intr_PreTrial: opacity = 1.0
14.1040 	EXP 	Score_SS_Intr_PreTrial: text = 0
14.1040 	EXP 	Ball_SS_Instr_PreTrial: pos = array([0. , 0.4])
14.1040 	EXP 	Ball_SS_Instr_PreTrial: fillColor = '[1. 1. 1.] (rgb)'
14.1040 	EXP 	Text_1_SS_Instr_PreTrial: pos = array([-0.3 , -0.25])
14.1040 	EXP 	Text_1_SS_Instr_PreTrial: text = 'In the upcoming block, \npress (j) when the ball overlaps the white line'
14.1040 	EXP 	Text_2_SS_Instr_PreTrial: text = ''
14.1040 	EXP 	Text_3_SS_Instr_PreTrial: text = ''
14.1040 	EXP 	Line_SS_Instr_PreTrial: autoDraw = True
14.1040 	EXP 	Circle_SS_Instr_PreTrial: autoDraw = True
14.1040 	EXP 	Score_SS_Intr_PreTrial: autoDraw = True
14.1040 	EXP 	Ball_SS_Instr_PreTrial: autoDraw = True
14.1040 	EXP 	Text_1_SS_Instr_PreTrial: autoDraw = True
14.1040 	EXP 	Text_2_SS_Instr_PreTrial: autoDraw = True
14.1040 	EXP 	Text_3_SS_Instr_PreTrial: autoDraw = True
14.7156 	EXP 	Line_SS_Instr_PreTrial: autoDraw = False
14.7156 	EXP 	Circle_SS_Instr_PreTrial: autoDraw = False
14.7156 	EXP 	Score_SS_Intr_PreTrial: autoDraw = False
14.7156 	EXP 	Ball_SS_Instr_PreTrial: autoDraw = False
14.7156 	EXP 	Text_1_SS_Instr_PreTrial: autoDraw = False
14.7156 	EXP 	Text_2_SS_Instr_PreTrial: autoDraw = False
14.7156 	EXP 	Text_3_SS_Instr_PreTrial: autoDraw = False
14.7156 	EXP 	Line_SS_Instr_PreTrial: autoDraw = False
14.7156 	EXP 	Circle_SS_Instr_PreTrial: autoDraw = False
14.7156 	EXP 	Score_SS_Intr_PreTrial: autoDraw = False
14.7156 	EXP 	Ball_SS_Instr_PreTrial: autoDraw = False
14.7156 	EXP 	Text_1_SS_Instr_PreTrial: autoDraw = False
14.7156 	EXP 	Text_2_SS_Instr_PreTrial: autoDraw = False
14.7156 	EXP 	Text_3_SS_Instr_PreTrial: autoDraw = False
14.7156 	EXP 	Line_SS_Instr_MainTrial: pos = array([-0.5, -0.3])
14.7156 	EXP 	Line_SS_Instr_MainTrial: fillColor = '[1. 1. 1.] (rgb)'
14.7156 	EXP 	Line_SS_Instr_MainTrial: lineColor = '[1. 1. 1.] (rgb)'
14.7156 	EXP 	Line_SS_Instr_MainTrial: lineWidth = 0.5
14.7156 	EXP 	Score_SS_Instr_MainTrial: color = '[-1.  1. -1.] (rgb)'
14.7156 	EXP 	Score_SS_Instr_MainTrial: opacity = 1.0
14.7156 	EXP 	Score_SS_Instr_MainTrial: text = 0
14.7156 	EXP 	Ball_SS_Instr_MainTrial: size = array([0.126, 0.126])
14.7156 	EXP 	Text_1_SS_Instr_MainTrial: pos = array([-0.3 , -0.25])
14.7156 	EXP 	Text_1_SS_Instr_MainTrial: text = 'In the upcoming block, \npress (j) when the ball overlaps the white line'
14.7156 	EXP 	Text_2_SS_Instr_MainTrial: text = ''
14.7156 	EXP 	Text_3_SS_Instr_MainTrial: text = ''
14.7156 	EXP 	Line_SS_Instr_MainTrial: autoDraw = True
14.7156 	EXP 	Score_SS_Instr_MainTrial: autoDraw = True
14.7156 	EXP 	Ball_SS_Instr_MainTrial: autoDraw = True
14.7156 	EXP 	Text_1_SS_Instr_MainTrial: autoDraw = True
14.7156 	EXP 	Text_2_SS_Instr_MainTrial: autoDraw = True
14.7156 	EXP 	Text_3_SS_Instr_MainTrial: autoDraw = True
15.3698 	EXP 	New trial (rep=3, index=0): None
15.3838 	EXP 	Line_SS_Instr_MainTrial: autoDraw = False
15.3838 	EXP 	Score_SS_Instr_MainTrial: autoDraw = False
15.3838 	EXP 	Ball_SS_Instr_MainTrial: autoDraw = False
15.3838 	EXP 	Text_1_SS_Instr_MainTrial: autoDraw = False
15.3838 	EXP 	Text_2_SS_Instr_MainTrial: autoDraw = False
15.3838 	EXP 	Text_3_SS_Instr_MainTrial: autoDraw = False
15.3838 	EXP 	Line_SS_Instr_MainTrial: autoDraw = False
15.3838 	EXP 	Score_SS_Instr_MainTrial: autoDraw = False
15.3838 	EXP 	Ball_SS_Instr_MainTrial: autoDraw = False
15.3838 	EXP 	Text_1_SS_Instr_MainTrial: autoDraw = False
15.3838 	EXP 	Text_2_SS_Instr_MainTrial: autoDraw = False
15.3838 	EXP 	Text_3_SS_Instr_MainTrial: autoDraw = False
15.3838 	EXP 	Line_SS_Instr_PreTrial: pos = array([-0.2, -0.3])
15.3838 	EXP 	Line_SS_Instr_PreTrial: fillColor = '[1. 1. 1.] (rgb)'
15.3838 	EXP 	Line_SS_Instr_PreTrial: lineColor = '[1. 1. 1.] (rgb)'
15.3838 	EXP 	Line_SS_Instr_PreTrial: lineWidth = 0.5
15.3838 	EXP 	Circle_SS_Instr_PreTrial: pos = array([0. , 0.4])
15.3838 	EXP 	Circle_SS_Instr_PreTrial: size = array([0.126, 0.126])
15.3838 	EXP 	Circle_SS_Instr_PreTrial: lineColor = '[1. 1. 1.] (rgb)'
15.3838 	EXP 	Circle_SS_Instr_PreTrial: lineWidth = 6.0
15.3838 	EXP 	Score_SS_Intr_PreTrial: color = '[-1.  1. -1.] (rgb)'
15.3838 	EXP 	Score_SS_Intr_PreTrial: opacity = 1.0
15.3838 	EXP 	Score_SS_Intr_PreTrial: text = 0
15.3838 	EXP 	Ball_SS_Instr_PreTrial: pos = array([0. , 0.4])
15.3838 	EXP 	Ball_SS_Instr_PreTrial: fillColor = '[1. 1. 1.] (rgb)'
15.3838 	EXP 	Text_1_SS_Instr_PreTrial: pos = array([-0.3 , -0.25])
15.3838 	EXP 	Text_1_SS_Instr_PreTrial: text = 'In the upcoming block, \npress (j) when the ball overlaps the white line'
15.3838 	EXP 	Text_2_SS_Instr_PreTrial: text = ''
15.3838 	EXP 	Text_3_SS_Instr_PreTrial: text = ''
15.3838 	EXP 	Line_SS_Instr_PreTrial: autoDraw = True
15.3838 	EXP 	Circle_SS_Instr_PreTrial: autoDraw = True
15.3838 	EXP 	Score_SS_Intr_PreTrial: autoDraw = True
15.3838 	EXP 	Ball_SS_Instr_PreTrial: autoDraw = True
15.3838 	EXP 	Text_1_SS_Instr_PreTrial: autoDraw = True
15.3838 	EXP 	Text_2_SS_Instr_PreTrial: autoDraw = True
15.3838 	EXP 	Text_3_SS_Instr_PreTrial: autoDraw = True
16.0146 	EXP 	Line_SS_Instr_PreTrial: autoDraw = False
16.0146 	EXP 	Circle_SS_Instr_PreTrial: autoDraw = False
16.0146 	EXP 	Score_SS_Intr_PreTrial: autoDraw = False
16.0146 	EXP 	Ball_SS_Instr_PreTrial: autoDraw = False
16.0146 	EXP 	Text_1_SS_Instr_PreTrial: autoDraw = False
16.0146 	EXP 	Text_2_SS_Instr_PreTrial: autoDraw = False
16.0146 	EXP 	Text_3_SS_Instr_PreTrial: autoDraw = False
16.0146 	EXP 	Line_SS_Instr_PreTrial: autoDraw = False
16.0146 	EXP 	Circle_SS_Instr_PreTrial: autoDraw = False
16.0146 	EXP 	Score_SS_Intr_PreTrial: autoDraw = False
16.0146 	EXP 	Ball_SS_Instr_PreTrial: autoDraw = False
16.0146 	EXP 	Text_1_SS_Instr_PreTrial: autoDraw = False
16.0146 	EXP 	Text_2_SS_Instr_PreTrial: autoDraw = False
16.0146 	EXP 	Text_3_SS_Instr_PreTrial: autoDraw = False
16.0146 	EXP 	Line_SS_Instr_MainTrial: pos = array([-0.5, -0.3])
16.0146 	EXP 	Line_SS_Instr_MainTrial: fillColor = '[1. 1. 1.] (rgb)'
16.0146 	EXP 	Line_SS_Instr_MainTrial: lineColor = '[1. 1. 1.] (rgb)'
16.0146 	EXP 	Line_SS_Instr_MainTrial: lineWidth = 0.5
16.0146 	EXP 	Score_SS_Instr_MainTrial: color = '[-1.  1. -1.] (rgb)'
16.0146 	EXP 	Score_SS_Instr_MainTrial: opacity = 1.0
16.0146 	EXP 	Score_SS_Instr_MainTrial: text = 0
16.0146 	EXP 	Ball_SS_Instr_MainTrial: size = array([0.126, 0.126])
16.0146 	EXP 	Text_1_SS_Instr_MainTrial: pos = array([-0.3 , -0.25])
16.0146 	EXP 	Text_1_SS_Instr_MainTrial: text = 'In the upcoming block, \npress (j) when the ball overlaps the white line'
16.0146 	EXP 	Text_2_SS_Instr_MainTrial: text = ''
16.0146 	EXP 	Text_3_SS_Instr_MainTrial: text = ''
16.0146 	EXP 	Line_SS_Instr_MainTrial: autoDraw = True
16.0146 	EXP 	Score_SS_Instr_MainTrial: autoDraw = True
16.0146 	EXP 	Ball_SS_Instr_MainTrial: autoDraw = True
16.0146 	EXP 	Text_1_SS_Instr_MainTrial: autoDraw = True
16.0146 	EXP 	Text_2_SS_Instr_MainTrial: autoDraw = True
16.0146 	EXP 	Text_3_SS_Instr_MainTrial: autoDraw = True
16.2179 	DATA 	Mouse: Left button down, pos=(1919,110)
16.3266 	DATA 	Mouse:  Left button up, pos=(1919,110)
16.5441 	DATA 	Keypress: escape
16.6399 	EXP 	New trial (rep=4, index=0): None
16.7810 	EXP 	window1: mouseVisible = True
