1.1859 	WARNING 	We strongly recommend you activate the PTB sound engine in PsychoPy prefs as the preferred audio engine. Its timing is vastly superior. Your prefs are currently set to use ['sounddevice', 'PTB', 'pyo', 'pygame'] (in that order).
7.8653 	WARNING 	Couldn't measure a consistent frame rate.
  - Is your graphics card set to sync to vertical blank?
  - Are you running other processes on your computer?

7.8657 	EXP 	Created window1 = Window(allowGUI=False, allowStencil=False, args=UNKNOWN, autoLog=True, bitsMode=UNKNOWN, blendMode='avg', bpc=(8, 8, 8), color=array([0., 0., 0.]), colorSpace='rgb', depthBits=8, fullscr=<method-wrapper '__getattribute__' of attributeSetter object at 0x0000025048C4E4A8>, gamma=None, gammaErrorPolicy='raise', kwargs=UNKNOWN, lms=UNKNOWN, monitor=<psychopy.monitors.calibTools.Monitor object at 0x0000025048E1DEB8>, multiSample=False, name='window1', numSamples=2, pos=[0.0, 0.0], screen=0, size=array([1920, 1080]), stencilBits=0, stereo=False, units='height', useFBO=True, useRetina=False, viewOri=0.0, viewPos=None, viewScale=None, waitBlanking=True, winType='pyglet')
7.8657 	EXP 	window1: recordFrameIntervals = False
8.0318 	EXP 	window1: recordFrameIntervals = True
8.4543 	WARNING 	t of last frame was 20.56ms (=1/48)
9.6982 	WARNING 	Couldn't measure a consistent frame rate.
  - Is your graphics card set to sync to vertical blank?
  - Are you running other processes on your computer?

9.9241 	EXP 	Created Instr_Exp_Text = TextStim(__class__=<class 'psychopy.visual.text.TextStim'>, alignHoriz=method-wrapper(...), alignText='center', alignVert=method-wrapper(...), anchorHoriz='center', anchorVert='center', antialias=True, autoLog=True, bold=False, color='white', colorSpace='named', contrast=1.0, depth=0.0, flipHoriz=False, flipVert=False, font='Arial', fontFiles=[], height=0.03, italic=False, languageStyle='LTR', name='Instr_Exp_Text', opacity=1.0, ori=0, pos=array([0., 0.]), rgb=array([255., 255., 255.]), text='default text', units='height', win=Window(...), wrapWidth=1)
9.9262 	EXP 	Created Line_SS_Instr_PreTrial = Line(__class__=<class 'psychopy.visual.line.Line'>, autoDraw=False, autoLog=True, closeShape=False, contrast=1.0, depth=-1.0, fillColor=None, fillColorSpace='rgb', interpolate=True, lineColor=array([1., 1., 1.]), lineColorSpace='rgb', lineWidth=1.0, name='Line_SS_Instr_PreTrial', opacity=1.0, ori=array(0.), pos=array([0., 0.]), size=array([1., 1.]), units='height', vertices=array([[-0.5,  0. ],
       [ 0.5,  0. ]]), win=Window(...), windingRule=None)
9.9375 	EXP 	Created Circle_SS_Instr_PreTrial = Polygon(__class__=<class 'psychopy.visual.polygon.Polygon'>, autoDraw=False, autoLog=True, closeShape=True, color=method-wrapper(...), colorSpace=None, contrast=1.0, depth=-2.0, fillColor=None, fillColorSpace='rgb', fillRGB=None, interpolate=True, lineColor=array([1., 1., 1.]), lineColorSpace='rgb', lineRGB=array([1., 1., 1.]), lineWidth=1.0, name='Circle_SS_Instr_PreTrial', opacity=1.0, ori=array(0.), pos=array([0., 0.]), size=array([1., 1.]), units='height', vertices=ndarray(...), win=Window(...))
9.9890 	EXP 	Created Score_SS_Intr_PreTrial = TextStim(__class__=<class 'psychopy.visual.text.TextStim'>, alignHoriz=method-wrapper(...), alignText='center', alignVert=method-wrapper(...), anchorHoriz='center', anchorVert='center', antialias=True, autoLog=True, bold=False, color='white', colorSpace='named', contrast=1.0, depth=-3.0, flipHoriz=False, flipVert=False, font='Arial', fontFiles=[], height=0.2, italic=False, languageStyle='Arabic', name='Score_SS_Intr_PreTrial', opacity=1.0, ori=0, pos=array([0.7, 0. ]), rgb=array([255., 255., 255.]), text='default text', units='height', win=Window(...), wrapWidth=1)
9.9996 	EXP 	Created Ball_SS_Instr_PreTrial = Polygon(__class__=<class 'psychopy.visual.polygon.Polygon'>, autoDraw=False, autoLog=True, closeShape=True, color=method-wrapper(...), colorSpace=None, contrast=1.0, depth=-4.0, fillColor=array([1., 1., 1.]), fillColorSpace='rgb', fillRGB=array([1., 1., 1.]), interpolate=True, lineColor=None, lineColorSpace='rgb', lineRGB=None, lineWidth=0.01, name='Ball_SS_Instr_PreTrial', opacity=1.0, ori=array(0.), pos=array([0., 0.]), size=array([1., 1.]), units='height', vertices=ndarray(...), win=Window(...))
10.0020 	EXP 	Created Text_1_SS_Instr_PreTrial = TextStim(__class__=<class 'psychopy.visual.text.TextStim'>, alignHoriz=method-wrapper(...), alignText='center', alignVert=method-wrapper(...), anchorHoriz='center', anchorVert='center', antialias=True, autoLog=True, bold=False, color='white', colorSpace='named', contrast=1.0, depth=-5.0, flipHoriz=False, flipVert=False, font='Arial', fontFiles=[], height=0.03, italic=False, languageStyle='LTR', name='Text_1_SS_Instr_PreTrial', opacity=1.0, ori=0, pos=array([0., 0.]), rgb=array([255., 255., 255.]), text='default text', units='height', win=Window(...), wrapWidth=1)
10.0043 	EXP 	Created Text_2_SS_Instr_PreTrial = TextStim(__class__=<class 'psychopy.visual.text.TextStim'>, alignHoriz=method-wrapper(...), alignText='center', alignVert=method-wrapper(...), anchorHoriz='center', anchorVert='center', antialias=True, autoLog=True, bold=False, color='white', colorSpace='named', contrast=1.0, depth=-6.0, flipHoriz=False, flipVert=False, font='Arial', fontFiles=[], height=0.03, italic=False, languageStyle='LTR', name='Text_2_SS_Instr_PreTrial', opacity=1.0, ori=0, pos=array([0.5 , 0.15]), rgb=array([255., 255., 255.]), text='default text', units='height', win=Window(...), wrapWidth=1)
10.0182 	EXP 	Created Text_3_SS_Instr_PreTrial = TextStim(__class__=<class 'psychopy.visual.text.TextStim'>, alignHoriz=method-wrapper(...), alignText='center', alignVert=method-wrapper(...), anchorHoriz='center', anchorVert='center', antialias=True, autoLog=True, bold=False, color='white', colorSpace='named', contrast=1.0, depth=-7.0, flipHoriz=False, flipVert=False, font='Arial', fontFiles=[], height=0.05, italic=False, languageStyle='LTR', name='Text_3_SS_Instr_PreTrial', opacity=1.0, ori=0, pos=array([0., 0.]), rgb=array([255., 255., 255.]), text='default text', units='height', win=Window(...), wrapWidth=1)
10.0191 	EXP 	Created Line_SS_Instr_MainTrial = Line(__class__=<class 'psychopy.visual.line.Line'>, autoDraw=False, autoLog=True, closeShape=False, contrast=1.0, depth=-1.0, fillColor=None, fillColorSpace='rgb', interpolate=True, lineColor=array([1., 1., 1.]), lineColorSpace='rgb', lineWidth=1.0, name='Line_SS_Instr_MainTrial', opacity=1.0, ori=array(0.), pos=array([0., 0.]), size=array([1., 1.]), units='height', vertices=array([[-0.5,  0. ],
       [ 0.5,  0. ]]), win=Window(...), windingRule=None)
10.0245 	EXP 	Created Score_SS_Instr_MainTrial = TextStim(__class__=<class 'psychopy.visual.text.TextStim'>, alignHoriz=method-wrapper(...), alignText='center', alignVert=method-wrapper(...), anchorHoriz='center', anchorVert='center', antialias=True, autoLog=True, bold=False, color='white', colorSpace='named', contrast=1.0, depth=-2.0, flipHoriz=False, flipVert=False, font='Arial', fontFiles=[], height=0.2, italic=False, languageStyle='Arabic', name='Score_SS_Instr_MainTrial', opacity=1.0, ori=0, pos=array([0.7, 0. ]), rgb=array([255., 255., 255.]), text='default text', units='height', win=Window(...), wrapWidth=1)
10.0352 	EXP 	Created Ball_SS_Instr_MainTrial = Polygon(__class__=<class 'psychopy.visual.polygon.Polygon'>, autoDraw=False, autoLog=True, closeShape=True, color=method-wrapper(...), colorSpace=None, contrast=1.0, depth=-3.0, fillColor=array([1., 1., 1.]), fillColorSpace='rgb', fillRGB=array([1., 1., 1.]), interpolate=True, lineColor=None, lineColorSpace='rgb', lineRGB=None, lineWidth=0.01, name='Ball_SS_Instr_MainTrial', opacity=1.0, ori=array(0.), pos=array([0., 0.]), size=array([1., 1.]), units='height', vertices=ndarray(...), win=Window(...))
10.0405 	EXP 	Created Text_1_SS_Instr_MainTrial = TextStim(__class__=<class 'psychopy.visual.text.TextStim'>, alignHoriz=method-wrapper(...), alignText='center', alignVert=method-wrapper(...), anchorHoriz='center', anchorVert='center', antialias=True, autoLog=True, bold=False, color='white', colorSpace='named', contrast=1.0, depth=-4.0, flipHoriz=False, flipVert=False, font='Arial', fontFiles=[], height=0.03, italic=False, languageStyle='LTR', name='Text_1_SS_Instr_MainTrial', opacity=1.0, ori=0, pos=array([0., 0.]), rgb=array([255., 255., 255.]), text='default text', units='height', win=Window(...), wrapWidth=1)
10.0432 	EXP 	Created Text_2_SS_Instr_MainTrial = TextStim(__class__=<class 'psychopy.visual.text.TextStim'>, alignHoriz=method-wrapper(...), alignText='center', alignVert=method-wrapper(...), anchorHoriz='center', anchorVert='center', antialias=True, autoLog=True, bold=False, color='white', colorSpace='named', contrast=1.0, depth=-5.0, flipHoriz=False, flipVert=False, font='Arial', fontFiles=[], height=0.03, italic=False, languageStyle='LTR', name='Text_2_SS_Instr_MainTrial', opacity=1.0, ori=0, pos=array([0.5 , 0.15]), rgb=array([255., 255., 255.]), text='default text', units='height', win=Window(...), wrapWidth=1)
10.0459 	EXP 	Created Text_3_SS_Instr_MainTrial = TextStim(__class__=<class 'psychopy.visual.text.TextStim'>, alignHoriz=method-wrapper(...), alignText='center', alignVert=method-wrapper(...), anchorHoriz='center', anchorVert='center', antialias=True, autoLog=True, bold=False, color='white', colorSpace='named', contrast=1.0, depth=-6.0, flipHoriz=False, flipVert=False, font='Arial', fontFiles=[], height=0.05, italic=False, languageStyle='LTR', name='Text_3_SS_Instr_MainTrial', opacity=1.0, ori=0, pos=array([0., 0.]), rgb=array([255., 255., 255.]), text='default text', units='height', win=Window(...), wrapWidth=1)
10.0472 	EXP 	Created Line_SS_Prac_CountDown = Line(__class__=<class 'psychopy.visual.line.Line'>, autoDraw=False, autoLog=True, closeShape=False, contrast=1.0, depth=-1.0, fillColor=None, fillColorSpace='rgb', interpolate=True, lineColor=array([1., 1., 1.]), lineColorSpace='rgb', lineWidth=1.0, name='Line_SS_Prac_CountDown', opacity=1.0, ori=array(0.), pos=array([0., 0.]), size=array([1., 1.]), units='height', vertices=array([[-0.5,  0. ],
       [ 0.5,  0. ]]), win=Window(...), windingRule=None)
10.0790 	EXP 	Created Text_SS_Prac_CountDown = TextStim(__class__=<class 'psychopy.visual.text.TextStim'>, alignHoriz=method-wrapper(...), alignText='center', alignVert=method-wrapper(...), anchorHoriz='center', anchorVert='center', antialias=True, autoLog=True, bold=False, color='white', colorSpace='named', contrast=1.0, depth=-2.0, flipHoriz=False, flipVert=False, font='Arial', fontFiles=[], height=0.2, italic=False, languageStyle='Arabic', name='Text_SS_Prac_CountDown', opacity=1.0, ori=0, pos=array([0., 0.]), rgb=array([255., 255., 255.]), text='default text', units='height', win=Window(...), wrapWidth=1)
10.0849 	EXP 	Created Score_SS_Prac_CountDown = TextStim(__class__=<class 'psychopy.visual.text.TextStim'>, alignHoriz=method-wrapper(...), alignText='center', alignVert=method-wrapper(...), anchorHoriz='center', anchorVert='center', antialias=True, autoLog=True, bold=False, color='white', colorSpace='named', contrast=1.0, depth=-3.0, flipHoriz=False, flipVert=False, font='Arial', fontFiles=[], height=0.2, italic=False, languageStyle='Arabic', name='Score_SS_Prac_CountDown', opacity=1.0, ori=0, pos=array([0.7, 0. ]), rgb=array([255., 255., 255.]), text='default text', units='height', win=Window(...), wrapWidth=1)
10.0857 	EXP 	Created Line_SS_Prac_PreTrial = Line(__class__=<class 'psychopy.visual.line.Line'>, autoDraw=False, autoLog=True, closeShape=False, contrast=1.0, depth=-1.0, fillColor=None, fillColorSpace='rgb', interpolate=True, lineColor=array([1., 1., 1.]), lineColorSpace='rgb', lineWidth=1.0, name='Line_SS_Prac_PreTrial', opacity=1.0, ori=array(0.), pos=array([0., 0.]), size=array([1., 1.]), units='height', vertices=array([[-0.5,  0. ],
       [ 0.5,  0. ]]), win=Window(...), windingRule=None)
10.0911 	EXP 	Created Score_SS_Prac_PreTrial = TextStim(__class__=<class 'psychopy.visual.text.TextStim'>, alignHoriz=method-wrapper(...), alignText='center', alignVert=method-wrapper(...), anchorHoriz='center', anchorVert='center', antialias=True, autoLog=True, bold=False, color='white', colorSpace='named', contrast=1.0, depth=-2.0, flipHoriz=False, flipVert=False, font='Arial', fontFiles=[], height=0.2, italic=False, languageStyle='Arabic', name='Score_SS_Prac_PreTrial', opacity=1.0, ori=0, pos=array([0.7, 0. ]), rgb=array([255., 255., 255.]), text='default text', units='height', win=Window(...), wrapWidth=1)
10.1021 	EXP 	Created Circle_SS_Prac_PreTrial = Polygon(__class__=<class 'psychopy.visual.polygon.Polygon'>, autoDraw=False, autoLog=True, closeShape=True, color=method-wrapper(...), colorSpace=None, contrast=1.0, depth=-3.0, fillColor=None, fillColorSpace='rgb', fillRGB=None, interpolate=True, lineColor=array([1., 1., 1.]), lineColorSpace='rgb', lineRGB=array([1., 1., 1.]), lineWidth=1.0, name='Circle_SS_Prac_PreTrial', opacity=1.0, ori=array(0.), pos=array([0., 0.]), size=array([1., 1.]), units='height', vertices=ndarray(...), win=Window(...))
10.1119 	EXP 	Created Ball_SS_Prac_PreTrial = Polygon(__class__=<class 'psychopy.visual.polygon.Polygon'>, autoDraw=False, autoLog=True, closeShape=True, color=method-wrapper(...), colorSpace=None, contrast=1.0, depth=-4.0, fillColor=array([1., 1., 1.]), fillColorSpace='rgb', fillRGB=array([1., 1., 1.]), interpolate=True, lineColor=None, lineColorSpace='rgb', lineRGB=None, lineWidth=0, name='Ball_SS_Prac_PreTrial', opacity=1.0, ori=array(0.), pos=array([0., 0.]), size=array([1., 1.]), units='height', vertices=ndarray(...), win=Window(...))
10.1132 	EXP 	Created Line_SS_Prac_MainTrial = Line(__class__=<class 'psychopy.visual.line.Line'>, autoDraw=False, autoLog=True, closeShape=False, contrast=1.0, depth=-1.0, fillColor=None, fillColorSpace='rgb', interpolate=True, lineColor=array([1., 1., 1.]), lineColorSpace='rgb', lineWidth=1.0, name='Line_SS_Prac_MainTrial', opacity=1.0, ori=array(0.), pos=array([0., 0.]), size=array([1., 1.]), units='height', vertices=array([[-0.5,  0. ],
       [ 0.5,  0. ]]), win=Window(...), windingRule=None)
10.1185 	EXP 	Created Score_SS_Prac_MainTrial = TextStim(__class__=<class 'psychopy.visual.text.TextStim'>, alignHoriz=method-wrapper(...), alignText='center', alignVert=method-wrapper(...), anchorHoriz='center', anchorVert='center', antialias=True, autoLog=True, bold=False, color='white', colorSpace='named', contrast=1.0, depth=-2.0, flipHoriz=False, flipVert=False, font='Arial', fontFiles=[], height=0.2, italic=False, languageStyle='Arabic', name='Score_SS_Prac_MainTrial', opacity=1.0, ori=0, pos=array([0.7, 0. ]), rgb=array([255., 255., 255.]), text='default text', units='height', win=Window(...), wrapWidth=1)
10.1282 	EXP 	Created Ball_SS_Prac_MainTrial = Polygon(__class__=<class 'psychopy.visual.polygon.Polygon'>, autoDraw=False, autoLog=True, closeShape=True, color=method-wrapper(...), colorSpace=None, contrast=1.0, depth=-3.0, fillColor=array([1., 1., 1.]), fillColorSpace='rgb', fillRGB=array([1., 1., 1.]), interpolate=True, lineColor=None, lineColorSpace='rgb', lineRGB=None, lineWidth=0, name='Ball_SS_Prac_MainTrial', opacity=1.0, ori=array(0.), pos=array([0., 0.]), size=array([1., 1.]), units='height', vertices=ndarray(...), win=Window(...))
10.1489 	EXP 	Sound Sound_SS_Prac_PostTrial set volume 1.000
10.1500 	EXP 	Created Line_SS_Prac_PostTrial = Line(__class__=<class 'psychopy.visual.line.Line'>, autoDraw=False, autoLog=True, closeShape=False, contrast=1.0, depth=-1.0, fillColor=None, fillColorSpace='rgb', interpolate=True, lineColor=array([1., 1., 1.]), lineColorSpace='rgb', lineWidth=1.0, name='Line_SS_Prac_PostTrial', opacity=1.0, ori=array(0.), pos=array([0., 0.]), size=array([1., 1.]), units='height', vertices=array([[-0.5,  0. ],
       [ 0.5,  0. ]]), win=Window(...), windingRule=None)
10.1520 	EXP 	Created Image_SS_Prac_PostTrial = ImageStim(__class__=<class 'psychopy.visual.image.ImageStim'>, autoLog=True, color='white', colorSpace='named', contrast=1.0, depth=-2.0, flipHoriz=False, flipVert=False, image='sin', interpolate=True, mask=None, maskParams=None, name='Image_SS_Prac_PostTrial', opacity=1.0, ori=0.0, pos=array([0., 0.]), size=array([0.2, 0.2]), texRes=128, units='height', win=Window(...))
10.1574 	EXP 	Created Score_SS_Prac_PostTrial = TextStim(__class__=<class 'psychopy.visual.text.TextStim'>, alignHoriz=method-wrapper(...), alignText='center', alignVert=method-wrapper(...), anchorHoriz='center', anchorVert='center', antialias=True, autoLog=True, bold=False, color='white', colorSpace='named', contrast=1.0, depth=-3.0, flipHoriz=False, flipVert=False, font='Arial', fontFiles=[], height=0.2, italic=False, languageStyle='Arabic', name='Score_SS_Prac_PostTrial', opacity=1.0, ori=0, pos=array([0.7, 0. ]), rgb=array([255., 255., 255.]), text='default text', units='height', win=Window(...), wrapWidth=1)
10.1676 	EXP 	Created Ball_SS_Prac_PostTrial = Polygon(__class__=<class 'psychopy.visual.polygon.Polygon'>, autoDraw=False, autoLog=True, closeShape=True, color=method-wrapper(...), colorSpace=None, contrast=1.0, depth=-4.0, fillColor=array([1., 1., 1.]), fillColorSpace='rgb', fillRGB=array([1., 1., 1.]), interpolate=True, lineColor=None, lineColorSpace='rgb', lineRGB=None, lineWidth=0, name='Ball_SS_Prac_PostTrial', opacity=1.0, ori=array(0.), pos=array([0., 0.]), size=array([1., 1.]), units='height', vertices=ndarray(...), win=Window(...))
10.1700 	EXP 	Created Instr_SS_Text = TextStim(__class__=<class 'psychopy.visual.text.TextStim'>, alignHoriz=method-wrapper(...), alignText='center', alignVert=method-wrapper(...), anchorHoriz='center', anchorVert='center', antialias=True, autoLog=True, bold=False, color='white', colorSpace='named', contrast=1.0, depth=-1.0, flipHoriz=False, flipVert=False, font='Arial', fontFiles=[], height=0.03, italic=False, languageStyle='LTR', name='Instr_SS_Text', opacity=1.0, ori=0, pos=array([0., 0.]), rgb=array([255., 255., 255.]), text='default text', units='height', win=Window(...), wrapWidth=1)
10.1708 	EXP 	Created Line_SS_Instr_PreTrial = Line(__class__=<class 'psychopy.visual.line.Line'>, autoDraw=False, autoLog=True, closeShape=False, contrast=1.0, depth=-1.0, fillColor=None, fillColorSpace='rgb', interpolate=True, lineColor=array([1., 1., 1.]), lineColorSpace='rgb', lineWidth=1.0, name='Line_SS_Instr_PreTrial', opacity=1.0, ori=array(0.), pos=array([0., 0.]), size=array([1., 1.]), units='height', vertices=array([[-0.5,  0. ],
       [ 0.5,  0. ]]), win=Window(...), windingRule=None)
10.1805 	EXP 	Created Circle_SS_Instr_PreTrial = Polygon(__class__=<class 'psychopy.visual.polygon.Polygon'>, autoDraw=False, autoLog=True, closeShape=True, color=method-wrapper(...), colorSpace=None, contrast=1.0, depth=-2.0, fillColor=None, fillColorSpace='rgb', fillRGB=None, interpolate=True, lineColor=array([1., 1., 1.]), lineColorSpace='rgb', lineRGB=array([1., 1., 1.]), lineWidth=1.0, name='Circle_SS_Instr_PreTrial', opacity=1.0, ori=array(0.), pos=array([0., 0.]), size=array([1., 1.]), units='height', vertices=ndarray(...), win=Window(...))
10.1862 	EXP 	Created Score_SS_Intr_PreTrial = TextStim(__class__=<class 'psychopy.visual.text.TextStim'>, alignHoriz=method-wrapper(...), alignText='center', alignVert=method-wrapper(...), anchorHoriz='center', anchorVert='center', antialias=True, autoLog=True, bold=False, color='white', colorSpace='named', contrast=1.0, depth=-3.0, flipHoriz=False, flipVert=False, font='Arial', fontFiles=[], height=0.2, italic=False, languageStyle='Arabic', name='Score_SS_Intr_PreTrial', opacity=1.0, ori=0, pos=array([0.7, 0. ]), rgb=array([255., 255., 255.]), text='default text', units='height', win=Window(...), wrapWidth=1)
10.1961 	EXP 	Created Ball_SS_Instr_PreTrial = Polygon(__class__=<class 'psychopy.visual.polygon.Polygon'>, autoDraw=False, autoLog=True, closeShape=True, color=method-wrapper(...), colorSpace=None, contrast=1.0, depth=-4.0, fillColor=array([1., 1., 1.]), fillColorSpace='rgb', fillRGB=array([1., 1., 1.]), interpolate=True, lineColor=None, lineColorSpace='rgb', lineRGB=None, lineWidth=0.01, name='Ball_SS_Instr_PreTrial', opacity=1.0, ori=array(0.), pos=array([0., 0.]), size=array([1., 1.]), units='height', vertices=ndarray(...), win=Window(...))
10.1986 	EXP 	Created Text_1_SS_Instr_PreTrial = TextStim(__class__=<class 'psychopy.visual.text.TextStim'>, alignHoriz=method-wrapper(...), alignText='center', alignVert=method-wrapper(...), anchorHoriz='center', anchorVert='center', antialias=True, autoLog=True, bold=False, color='white', colorSpace='named', contrast=1.0, depth=-5.0, flipHoriz=False, flipVert=False, font='Arial', fontFiles=[], height=0.03, italic=False, languageStyle='LTR', name='Text_1_SS_Instr_PreTrial', opacity=1.0, ori=0, pos=array([0., 0.]), rgb=array([255., 255., 255.]), text='default text', units='height', win=Window(...), wrapWidth=1)
10.2008 	EXP 	Created Text_2_SS_Instr_PreTrial = TextStim(__class__=<class 'psychopy.visual.text.TextStim'>, alignHoriz=method-wrapper(...), alignText='center', alignVert=method-wrapper(...), anchorHoriz='center', anchorVert='center', antialias=True, autoLog=True, bold=False, color='white', colorSpace='named', contrast=1.0, depth=-6.0, flipHoriz=False, flipVert=False, font='Arial', fontFiles=[], height=0.03, italic=False, languageStyle='LTR', name='Text_2_SS_Instr_PreTrial', opacity=1.0, ori=0, pos=array([0.5 , 0.15]), rgb=array([255., 255., 255.]), text='default text', units='height', win=Window(...), wrapWidth=1)
10.2030 	EXP 	Created Text_3_SS_Instr_PreTrial = TextStim(__class__=<class 'psychopy.visual.text.TextStim'>, alignHoriz=method-wrapper(...), alignText='center', alignVert=method-wrapper(...), anchorHoriz='center', anchorVert='center', antialias=True, autoLog=True, bold=False, color='white', colorSpace='named', contrast=1.0, depth=-7.0, flipHoriz=False, flipVert=False, font='Arial', fontFiles=[], height=0.05, italic=False, languageStyle='LTR', name='Text_3_SS_Instr_PreTrial', opacity=1.0, ori=0, pos=array([0., 0.]), rgb=array([255., 255., 255.]), text='default text', units='height', win=Window(...), wrapWidth=1)
10.2038 	EXP 	Created Line_SS_Instr_MainTrial = Line(__class__=<class 'psychopy.visual.line.Line'>, autoDraw=False, autoLog=True, closeShape=False, contrast=1.0, depth=-1.0, fillColor=None, fillColorSpace='rgb', interpolate=True, lineColor=array([1., 1., 1.]), lineColorSpace='rgb', lineWidth=1.0, name='Line_SS_Instr_MainTrial', opacity=1.0, ori=array(0.), pos=array([0., 0.]), size=array([1., 1.]), units='height', vertices=array([[-0.5,  0. ],
       [ 0.5,  0. ]]), win=Window(...), windingRule=None)
10.2091 	EXP 	Created Score_SS_Instr_MainTrial = TextStim(__class__=<class 'psychopy.visual.text.TextStim'>, alignHoriz=method-wrapper(...), alignText='center', alignVert=method-wrapper(...), anchorHoriz='center', anchorVert='center', antialias=True, autoLog=True, bold=False, color='white', colorSpace='named', contrast=1.0, depth=-2.0, flipHoriz=False, flipVert=False, font='Arial', fontFiles=[], height=0.2, italic=False, languageStyle='Arabic', name='Score_SS_Instr_MainTrial', opacity=1.0, ori=0, pos=array([0.7, 0. ]), rgb=array([255., 255., 255.]), text='default text', units='height', win=Window(...), wrapWidth=1)
10.2228 	EXP 	Created Ball_SS_Instr_MainTrial = Polygon(__class__=<class 'psychopy.visual.polygon.Polygon'>, autoDraw=False, autoLog=True, closeShape=True, color=method-wrapper(...), colorSpace=None, contrast=1.0, depth=-3.0, fillColor=array([1., 1., 1.]), fillColorSpace='rgb', fillRGB=array([1., 1., 1.]), interpolate=True, lineColor=None, lineColorSpace='rgb', lineRGB=None, lineWidth=0.01, name='Ball_SS_Instr_MainTrial', opacity=1.0, ori=array(0.), pos=array([0., 0.]), size=array([1., 1.]), units='height', vertices=ndarray(...), win=Window(...))
10.2252 	EXP 	Created Text_1_SS_Instr_MainTrial = TextStim(__class__=<class 'psychopy.visual.text.TextStim'>, alignHoriz=method-wrapper(...), alignText='center', alignVert=method-wrapper(...), anchorHoriz='center', anchorVert='center', antialias=True, autoLog=True, bold=False, color='white', colorSpace='named', contrast=1.0, depth=-4.0, flipHoriz=False, flipVert=False, font='Arial', fontFiles=[], height=0.03, italic=False, languageStyle='LTR', name='Text_1_SS_Instr_MainTrial', opacity=1.0, ori=0, pos=array([0., 0.]), rgb=array([255., 255., 255.]), text='default text', units='height', win=Window(...), wrapWidth=1)
10.2274 	EXP 	Created Text_2_SS_Instr_MainTrial = TextStim(__class__=<class 'psychopy.visual.text.TextStim'>, alignHoriz=method-wrapper(...), alignText='center', alignVert=method-wrapper(...), anchorHoriz='center', anchorVert='center', antialias=True, autoLog=True, bold=False, color='white', colorSpace='named', contrast=1.0, depth=-5.0, flipHoriz=False, flipVert=False, font='Arial', fontFiles=[], height=0.03, italic=False, languageStyle='LTR', name='Text_2_SS_Instr_MainTrial', opacity=1.0, ori=0, pos=array([0.5 , 0.15]), rgb=array([255., 255., 255.]), text='default text', units='height', win=Window(...), wrapWidth=1)
10.2300 	EXP 	Created Text_3_SS_Instr_MainTrial = TextStim(__class__=<class 'psychopy.visual.text.TextStim'>, alignHoriz=method-wrapper(...), alignText='center', alignVert=method-wrapper(...), anchorHoriz='center', anchorVert='center', antialias=True, autoLog=True, bold=False, color='white', colorSpace='named', contrast=1.0, depth=-6.0, flipHoriz=False, flipVert=False, font='Arial', fontFiles=[], height=0.05, italic=False, languageStyle='LTR', name='Text_3_SS_Instr_MainTrial', opacity=1.0, ori=0, pos=array([0., 0.]), rgb=array([255., 255., 255.]), text='default text', units='height', win=Window(...), wrapWidth=1)
10.2324 	EXP 	Created Text_Instr_Block_Num = TextStim(__class__=<class 'psychopy.visual.text.TextStim'>, alignHoriz=method-wrapper(...), alignText='center', alignVert=method-wrapper(...), anchorHoriz='center', anchorVert='center', antialias=True, autoLog=True, bold=False, color='white', colorSpace='named', contrast=1.0, depth=0.0, flipHoriz=False, flipVert=False, font='Arial', fontFiles=[], height=0.03, italic=False, languageStyle='LTR', name='Text_Instr_Block_Num', opacity=1.0, ori=0, pos=array([0., 0.]), rgb=array([255., 255., 255.]), text='default text', units='height', win=Window(...), wrapWidth=1)
10.2335 	EXP 	Created Line_SS_CountDown = Line(__class__=<class 'psychopy.visual.line.Line'>, autoDraw=False, autoLog=True, closeShape=False, contrast=1.0, depth=-1.0, fillColor=None, fillColorSpace='rgb', interpolate=True, lineColor=array([1., 1., 1.]), lineColorSpace='rgb', lineWidth=1.0, name='Line_SS_CountDown', opacity=1.0, ori=array(0.), pos=array([0., 0.]), size=array([1., 1.]), units='height', vertices=array([[-0.5,  0. ],
       [ 0.5,  0. ]]), win=Window(...), windingRule=None)
10.2389 	EXP 	Created Text_SS_CountDown = TextStim(__class__=<class 'psychopy.visual.text.TextStim'>, alignHoriz=method-wrapper(...), alignText='center', alignVert=method-wrapper(...), anchorHoriz='center', anchorVert='center', antialias=True, autoLog=True, bold=False, color='white', colorSpace='named', contrast=1.0, depth=-2.0, flipHoriz=False, flipVert=False, font='Arial', fontFiles=[], height=0.2, italic=False, languageStyle='Arabic', name='Text_SS_CountDown', opacity=1.0, ori=0, pos=array([0., 0.]), rgb=array([255., 255., 255.]), text='default text', units='height', win=Window(...), wrapWidth=1)
10.2396 	EXP 	Created Line_SS_PreTrial = Line(__class__=<class 'psychopy.visual.line.Line'>, autoDraw=False, autoLog=True, closeShape=False, contrast=1.0, depth=-1.0, fillColor=None, fillColorSpace='rgb', interpolate=True, lineColor=array([1., 1., 1.]), lineColorSpace='rgb', lineWidth=1.0, name='Line_SS_PreTrial', opacity=1.0, ori=array(0.), pos=array([0., 0.]), size=array([1., 1.]), units='height', vertices=array([[-0.5,  0. ],
       [ 0.5,  0. ]]), win=Window(...), windingRule=None)
10.2501 	EXP 	Created Circle_SS_PreTrial = Polygon(__class__=<class 'psychopy.visual.polygon.Polygon'>, autoDraw=False, autoLog=True, closeShape=True, color=method-wrapper(...), colorSpace=None, contrast=1.0, depth=-2.0, fillColor=None, fillColorSpace='rgb', fillRGB=None, interpolate=True, lineColor=array([1., 1., 1.]), lineColorSpace='rgb', lineRGB=array([1., 1., 1.]), lineWidth=1.0, name='Circle_SS_PreTrial', opacity=1.0, ori=array(0.), pos=array([0., 0.]), size=array([1., 1.]), units='height', vertices=ndarray(...), win=Window(...))
10.2602 	EXP 	Created Ball_SS_PreTrial = Polygon(__class__=<class 'psychopy.visual.polygon.Polygon'>, autoDraw=False, autoLog=True, closeShape=True, color=method-wrapper(...), colorSpace=None, contrast=1.0, depth=-3.0, fillColor=array([1., 1., 1.]), fillColorSpace='rgb', fillRGB=array([1., 1., 1.]), interpolate=True, lineColor=None, lineColorSpace='rgb', lineRGB=None, lineWidth=0, name='Ball_SS_PreTrial', opacity=1.0, ori=array(0.), pos=array([0., 0.]), size=array([1., 1.]), units='height', vertices=ndarray(...), win=Window(...))
10.2610 	EXP 	Created Line_SS_MainTrial = Line(__class__=<class 'psychopy.visual.line.Line'>, autoDraw=False, autoLog=True, closeShape=False, contrast=1.0, depth=-1.0, fillColor=None, fillColorSpace='rgb', interpolate=True, lineColor=array([1., 1., 1.]), lineColorSpace='rgb', lineWidth=1.0, name='Line_SS_MainTrial', opacity=1.0, ori=array(0.), pos=array([0., 0.]), size=array([1., 1.]), units='height', vertices=array([[-0.5,  0. ],
       [ 0.5,  0. ]]), win=Window(...), windingRule=None)
10.2707 	EXP 	Created Ball_SS_MainTrial = Polygon(__class__=<class 'psychopy.visual.polygon.Polygon'>, autoDraw=False, autoLog=True, closeShape=True, color=method-wrapper(...), colorSpace=None, contrast=1.0, depth=-2.0, fillColor=array([1., 1., 1.]), fillColorSpace='rgb', fillRGB=array([1., 1., 1.]), interpolate=True, lineColor=None, lineColorSpace='rgb', lineRGB=None, lineWidth=0, name='Ball_SS_MainTrial', opacity=1.0, ori=array(0.), pos=array([0., 0.]), size=array([1., 1.]), units='height', vertices=ndarray(...), win=Window(...))
10.2708 	EXP 	Sound Sound_SS_PostTrial set volume 1.000
10.2716 	EXP 	Created Line_SS_PostTrial = Line(__class__=<class 'psychopy.visual.line.Line'>, autoDraw=False, autoLog=True, closeShape=False, contrast=1.0, depth=-1.0, fillColor=None, fillColorSpace='rgb', interpolate=True, lineColor=array([1., 1., 1.]), lineColorSpace='rgb', lineWidth=1.0, name='Line_SS_PostTrial', opacity=1.0, ori=array(0.), pos=array([0., 0.]), size=array([1., 1.]), units='height', vertices=array([[-0.5,  0. ],
       [ 0.5,  0. ]]), win=Window(...), windingRule=None)
10.2739 	EXP 	Created Image_SS_PostTrial = ImageStim(__class__=<class 'psychopy.visual.image.ImageStim'>, autoLog=True, color='white', colorSpace='named', contrast=1.0, depth=-2.0, flipHoriz=False, flipVert=False, image='sin', interpolate=True, mask=None, maskParams=None, name='Image_SS_PostTrial', opacity=1.0, ori=0.0, pos=array([0., 0.]), size=array([0.2, 0.2]), texRes=128, units='height', win=Window(...))
10.2850 	EXP 	Created Ball_SS_PostTrial = Polygon(__class__=<class 'psychopy.visual.polygon.Polygon'>, autoDraw=False, autoLog=True, closeShape=True, color=method-wrapper(...), colorSpace=None, contrast=1.0, depth=-3.0, fillColor=array([1., 1., 1.]), fillColorSpace='rgb', fillRGB=array([1., 1., 1.]), interpolate=True, lineColor=None, lineColorSpace='rgb', lineRGB=None, lineWidth=0, name='Ball_SS_PostTrial', opacity=1.0, ori=array(0.), pos=array([0., 0.]), size=array([1., 1.]), units='height', vertices=ndarray(...), win=Window(...))
10.3136 	EXP 	Imported conditions.xlsx as conditions, 1 conditions, 4 params
10.3139 	EXP 	Created sequence: sequential, trialTypes=1, nReps=1, seed=None
10.3141 	EXP 	New trial (rep=0, index=0): OrderedDict([('Check', 'media/check.png'), ('Cross', 'media/cross.png'), ('Sound_P', 'media/coin.wav'), ('Sound_N', 'media/buzz.wav')])
10.3757 	WARNING 	t of last frame was 677.66ms (=1/1)
10.3757 	EXP 	Instr_Exp_Text: text = 'Thank you for participating in our study! \n\nThis study will take about 30 minutes. Once you start, you cannot turn off your web browser until you complete the study. \n\nOn next page, please carefully read this instruction. \n\nIf you are ready, press (space) to continue.'
10.3757 	EXP 	Instr_Exp_Text: autoDraw = True
10.3985 	WARNING 	t of last frame was 22.88ms (=1/43)
10.4205 	WARNING 	t of last frame was 22.00ms (=1/45)
10.5375 	WARNING 	Multiple dropped frames have occurred - I'll stop bothering you about them!
10.7555 	EXP 	Created sequence: sequential, trialTypes=1, nReps=2, seed=None
10.7560 	EXP 	New trial (rep=0, index=0): None
10.7582 	EXP 	Created sequence: sequential, trialTypes=1, nReps=1000, seed=None
10.7668 	EXP 	New trial (rep=0, index=0): None
10.7819 	DATA 	Keypress: space
10.7853 	EXP 	Instr_Exp_Text: autoDraw = False
10.7853 	EXP 	Line_SS_Instr_PreTrial: pos = array([ 0. , -0.3])
10.7853 	EXP 	Line_SS_Instr_PreTrial: fillColor = '[1. 1. 1.] (rgb)'
10.7853 	EXP 	Line_SS_Instr_PreTrial: lineColor = '[1. 1. 1.] (rgb)'
10.7853 	EXP 	Line_SS_Instr_PreTrial: lineWidth = 0.5
10.7853 	EXP 	Circle_SS_Instr_PreTrial: pos = array([0. , 0.4])
10.7853 	EXP 	Circle_SS_Instr_PreTrial: size = array([0.126, 0.126])
10.7853 	EXP 	Circle_SS_Instr_PreTrial: lineColor = '[-1. -1. -1.] (rgb)'
10.7853 	EXP 	Circle_SS_Instr_PreTrial: lineWidth = 6.0
10.7853 	EXP 	Score_SS_Intr_PreTrial: color = '[-1.  1. -1.] (rgb)'
10.7853 	EXP 	Score_SS_Intr_PreTrial: opacity = 1.0
10.7853 	EXP 	Score_SS_Intr_PreTrial: text = 0
10.7853 	EXP 	Ball_SS_Instr_PreTrial: pos = array([0. , 0.4])
10.7853 	EXP 	Ball_SS_Instr_PreTrial: fillColor = '[-1. -1. -1.] (rgb)'
10.7853 	EXP 	Text_1_SS_Instr_PreTrial: pos = array([-0.3 , -0.25])
10.7853 	EXP 	Text_1_SS_Instr_PreTrial: text = ''
10.7853 	EXP 	Text_2_SS_Instr_PreTrial: text = ''
10.7853 	EXP 	Text_3_SS_Instr_PreTrial: text = ''
10.7853 	EXP 	Line_SS_Instr_PreTrial: autoDraw = True
10.7853 	EXP 	Circle_SS_Instr_PreTrial: autoDraw = True
10.7853 	EXP 	Score_SS_Intr_PreTrial: autoDraw = True
10.7853 	EXP 	Ball_SS_Instr_PreTrial: autoDraw = True
10.7853 	EXP 	Text_1_SS_Instr_PreTrial: autoDraw = True
10.7853 	EXP 	Text_2_SS_Instr_PreTrial: autoDraw = True
10.7853 	EXP 	Text_3_SS_Instr_PreTrial: autoDraw = True
11.4391 	EXP 	Line_SS_Instr_PreTrial: autoDraw = False
11.4391 	EXP 	Circle_SS_Instr_PreTrial: autoDraw = False
11.4391 	EXP 	Score_SS_Intr_PreTrial: autoDraw = False
11.4391 	EXP 	Ball_SS_Instr_PreTrial: autoDraw = False
11.4391 	EXP 	Text_1_SS_Instr_PreTrial: autoDraw = False
11.4391 	EXP 	Text_2_SS_Instr_PreTrial: autoDraw = False
11.4391 	EXP 	Text_3_SS_Instr_PreTrial: autoDraw = False
11.4391 	EXP 	Line_SS_Instr_PreTrial: autoDraw = False
11.4391 	EXP 	Circle_SS_Instr_PreTrial: autoDraw = False
11.4391 	EXP 	Score_SS_Intr_PreTrial: autoDraw = False
11.4391 	EXP 	Ball_SS_Instr_PreTrial: autoDraw = False
11.4391 	EXP 	Text_1_SS_Instr_PreTrial: autoDraw = False
11.4391 	EXP 	Text_2_SS_Instr_PreTrial: autoDraw = False
11.4391 	EXP 	Text_3_SS_Instr_PreTrial: autoDraw = False
11.4391 	EXP 	Line_SS_Instr_MainTrial: pos = array([ 0. , -0.3])
11.4391 	EXP 	Line_SS_Instr_MainTrial: fillColor = '[1. 1. 1.] (rgb)'
11.4391 	EXP 	Line_SS_Instr_MainTrial: lineColor = '[1. 1. 1.] (rgb)'
11.4391 	EXP 	Line_SS_Instr_MainTrial: lineWidth = 0.5
11.4391 	EXP 	Score_SS_Instr_MainTrial: color = '[-1.  1. -1.] (rgb)'
11.4391 	EXP 	Score_SS_Instr_MainTrial: opacity = 1.0
11.4391 	EXP 	Score_SS_Instr_MainTrial: text = 0
11.4391 	EXP 	Ball_SS_Instr_MainTrial: size = array([0.126, 0.126])
11.4391 	EXP 	Text_1_SS_Instr_MainTrial: pos = array([-0.3 , -0.25])
11.4391 	EXP 	Text_1_SS_Instr_MainTrial: text = ''
11.4391 	EXP 	Text_2_SS_Instr_MainTrial: text = ''
11.4391 	EXP 	Text_3_SS_Instr_MainTrial: text = ''
11.4391 	EXP 	Line_SS_Instr_MainTrial: autoDraw = True
11.4391 	EXP 	Score_SS_Instr_MainTrial: autoDraw = True
11.4391 	EXP 	Ball_SS_Instr_MainTrial: autoDraw = True
11.4391 	EXP 	Text_1_SS_Instr_MainTrial: autoDraw = True
11.4391 	EXP 	Text_2_SS_Instr_MainTrial: autoDraw = True
11.4391 	EXP 	Text_3_SS_Instr_MainTrial: autoDraw = True
12.0926 	EXP 	New trial (rep=1, index=0): None
12.1125 	EXP 	Line_SS_Instr_MainTrial: autoDraw = False
12.1125 	EXP 	Score_SS_Instr_MainTrial: autoDraw = False
12.1125 	EXP 	Ball_SS_Instr_MainTrial: autoDraw = False
12.1125 	EXP 	Text_1_SS_Instr_MainTrial: autoDraw = False
12.1125 	EXP 	Text_2_SS_Instr_MainTrial: autoDraw = False
12.1125 	EXP 	Text_3_SS_Instr_MainTrial: autoDraw = False
12.1125 	EXP 	Line_SS_Instr_MainTrial: autoDraw = False
12.1125 	EXP 	Score_SS_Instr_MainTrial: autoDraw = False
12.1125 	EXP 	Ball_SS_Instr_MainTrial: autoDraw = False
12.1125 	EXP 	Text_1_SS_Instr_MainTrial: autoDraw = False
12.1125 	EXP 	Text_2_SS_Instr_MainTrial: autoDraw = False
12.1125 	EXP 	Text_3_SS_Instr_MainTrial: autoDraw = False
12.1125 	EXP 	Line_SS_Instr_PreTrial: pos = array([ 0. , -0.3])
12.1125 	EXP 	Line_SS_Instr_PreTrial: fillColor = '[1. 1. 1.] (rgb)'
12.1125 	EXP 	Line_SS_Instr_PreTrial: lineColor = '[1. 1. 1.] (rgb)'
12.1125 	EXP 	Line_SS_Instr_PreTrial: lineWidth = 0.5
12.1125 	EXP 	Circle_SS_Instr_PreTrial: pos = array([0. , 0.4])
12.1125 	EXP 	Circle_SS_Instr_PreTrial: size = array([0.126, 0.126])
12.1125 	EXP 	Circle_SS_Instr_PreTrial: lineColor = '[-1. -1. -1.] (rgb)'
12.1125 	EXP 	Circle_SS_Instr_PreTrial: lineWidth = 6.0
12.1125 	EXP 	Score_SS_Intr_PreTrial: color = '[-1.  1. -1.] (rgb)'
12.1125 	EXP 	Score_SS_Intr_PreTrial: opacity = 1.0
12.1125 	EXP 	Score_SS_Intr_PreTrial: text = 0
12.1125 	EXP 	Ball_SS_Instr_PreTrial: pos = array([0. , 0.4])
12.1125 	EXP 	Ball_SS_Instr_PreTrial: fillColor = '[-1. -1. -1.] (rgb)'
12.1125 	EXP 	Text_1_SS_Instr_PreTrial: pos = array([-0.3 , -0.25])
12.1125 	EXP 	Text_1_SS_Instr_PreTrial: text = 'In the upcoming block, \npress (j) when the ball overlaps the white line'
12.1125 	EXP 	Text_2_SS_Instr_PreTrial: text = ''
12.1125 	EXP 	Text_3_SS_Instr_PreTrial: text = ''
12.1125 	EXP 	Line_SS_Instr_PreTrial: autoDraw = True
12.1125 	EXP 	Circle_SS_Instr_PreTrial: autoDraw = True
12.1125 	EXP 	Score_SS_Intr_PreTrial: autoDraw = True
12.1125 	EXP 	Ball_SS_Instr_PreTrial: autoDraw = True
12.1125 	EXP 	Text_1_SS_Instr_PreTrial: autoDraw = True
12.1125 	EXP 	Text_2_SS_Instr_PreTrial: autoDraw = True
12.1125 	EXP 	Text_3_SS_Instr_PreTrial: autoDraw = True
12.7529 	EXP 	Line_SS_Instr_PreTrial: autoDraw = False
12.7529 	EXP 	Circle_SS_Instr_PreTrial: autoDraw = False
12.7529 	EXP 	Score_SS_Intr_PreTrial: autoDraw = False
12.7529 	EXP 	Ball_SS_Instr_PreTrial: autoDraw = False
12.7529 	EXP 	Text_1_SS_Instr_PreTrial: autoDraw = False
12.7529 	EXP 	Text_2_SS_Instr_PreTrial: autoDraw = False
12.7529 	EXP 	Text_3_SS_Instr_PreTrial: autoDraw = False
12.7529 	EXP 	Line_SS_Instr_PreTrial: autoDraw = False
12.7529 	EXP 	Circle_SS_Instr_PreTrial: autoDraw = False
12.7529 	EXP 	Score_SS_Intr_PreTrial: autoDraw = False
12.7529 	EXP 	Ball_SS_Instr_PreTrial: autoDraw = False
12.7529 	EXP 	Text_1_SS_Instr_PreTrial: autoDraw = False
12.7529 	EXP 	Text_2_SS_Instr_PreTrial: autoDraw = False
12.7529 	EXP 	Text_3_SS_Instr_PreTrial: autoDraw = False
12.7529 	EXP 	Line_SS_Instr_MainTrial: pos = array([ 0. , -0.3])
12.7529 	EXP 	Line_SS_Instr_MainTrial: fillColor = '[1. 1. 1.] (rgb)'
12.7529 	EXP 	Line_SS_Instr_MainTrial: lineColor = '[1. 1. 1.] (rgb)'
12.7529 	EXP 	Line_SS_Instr_MainTrial: lineWidth = 0.5
12.7529 	EXP 	Score_SS_Instr_MainTrial: color = '[-1.  1. -1.] (rgb)'
12.7529 	EXP 	Score_SS_Instr_MainTrial: opacity = 1.0
12.7529 	EXP 	Score_SS_Instr_MainTrial: text = 0
12.7529 	EXP 	Ball_SS_Instr_MainTrial: size = array([0.126, 0.126])
12.7529 	EXP 	Text_1_SS_Instr_MainTrial: pos = array([-0.3 , -0.25])
12.7529 	EXP 	Text_1_SS_Instr_MainTrial: text = 'In the upcoming block, \npress (j) when the ball overlaps the white line'
12.7529 	EXP 	Text_2_SS_Instr_MainTrial: text = ''
12.7529 	EXP 	Text_3_SS_Instr_MainTrial: text = ''
12.7529 	EXP 	Line_SS_Instr_MainTrial: autoDraw = True
12.7529 	EXP 	Score_SS_Instr_MainTrial: autoDraw = True
12.7529 	EXP 	Ball_SS_Instr_MainTrial: autoDraw = True
12.7529 	EXP 	Text_1_SS_Instr_MainTrial: autoDraw = True
12.7529 	EXP 	Text_2_SS_Instr_MainTrial: autoDraw = True
12.7529 	EXP 	Text_3_SS_Instr_MainTrial: autoDraw = True
13.3825 	EXP 	New trial (rep=2, index=0): None
13.3942 	EXP 	Line_SS_Instr_MainTrial: autoDraw = False
13.3942 	EXP 	Score_SS_Instr_MainTrial: autoDraw = False
13.3942 	EXP 	Ball_SS_Instr_MainTrial: autoDraw = False
13.3942 	EXP 	Text_1_SS_Instr_MainTrial: autoDraw = False
13.3942 	EXP 	Text_2_SS_Instr_MainTrial: autoDraw = False
13.3942 	EXP 	Text_3_SS_Instr_MainTrial: autoDraw = False
13.3942 	EXP 	Line_SS_Instr_MainTrial: autoDraw = False
13.3942 	EXP 	Score_SS_Instr_MainTrial: autoDraw = False
13.3942 	EXP 	Ball_SS_Instr_MainTrial: autoDraw = False
13.3942 	EXP 	Text_1_SS_Instr_MainTrial: autoDraw = False
13.3942 	EXP 	Text_2_SS_Instr_MainTrial: autoDraw = False
13.3942 	EXP 	Text_3_SS_Instr_MainTrial: autoDraw = False
13.3942 	EXP 	Line_SS_Instr_PreTrial: pos = array([ 0. , -0.3])
13.3942 	EXP 	Line_SS_Instr_PreTrial: fillColor = '[1. 1. 1.] (rgb)'
13.3942 	EXP 	Line_SS_Instr_PreTrial: lineColor = '[1. 1. 1.] (rgb)'
13.3942 	EXP 	Line_SS_Instr_PreTrial: lineWidth = 0.5
13.3942 	EXP 	Circle_SS_Instr_PreTrial: pos = array([0. , 0.4])
13.3942 	EXP 	Circle_SS_Instr_PreTrial: size = array([0.126, 0.126])
13.3942 	EXP 	Circle_SS_Instr_PreTrial: lineColor = '[-1. -1. -1.] (rgb)'
13.3942 	EXP 	Circle_SS_Instr_PreTrial: lineWidth = 6.0
13.3942 	EXP 	Score_SS_Intr_PreTrial: color = '[-1.  1. -1.] (rgb)'
13.3942 	EXP 	Score_SS_Intr_PreTrial: opacity = 1.0
13.3942 	EXP 	Score_SS_Intr_PreTrial: text = 0
13.3942 	EXP 	Ball_SS_Instr_PreTrial: pos = array([0. , 0.4])
13.3942 	EXP 	Ball_SS_Instr_PreTrial: fillColor = '[-1. -1. -1.] (rgb)'
13.3942 	EXP 	Text_1_SS_Instr_PreTrial: pos = array([-0.3 , -0.25])
13.3942 	EXP 	Text_1_SS_Instr_PreTrial: text = 'In the upcoming block, \npress (j) when the ball overlaps the white line'
13.3942 	EXP 	Text_2_SS_Instr_PreTrial: text = ''
13.3942 	EXP 	Text_3_SS_Instr_PreTrial: text = ''
13.3942 	EXP 	Line_SS_Instr_PreTrial: autoDraw = True
13.3942 	EXP 	Circle_SS_Instr_PreTrial: autoDraw = True
13.3942 	EXP 	Score_SS_Intr_PreTrial: autoDraw = True
13.3942 	EXP 	Ball_SS_Instr_PreTrial: autoDraw = True
13.3942 	EXP 	Text_1_SS_Instr_PreTrial: autoDraw = True
13.3942 	EXP 	Text_2_SS_Instr_PreTrial: autoDraw = True
13.3942 	EXP 	Text_3_SS_Instr_PreTrial: autoDraw = True
14.0166 	EXP 	Line_SS_Instr_PreTrial: autoDraw = False
14.0166 	EXP 	Circle_SS_Instr_PreTrial: autoDraw = False
14.0166 	EXP 	Score_SS_Intr_PreTrial: autoDraw = False
14.0166 	EXP 	Ball_SS_Instr_PreTrial: autoDraw = False
14.0166 	EXP 	Text_1_SS_Instr_PreTrial: autoDraw = False
14.0166 	EXP 	Text_2_SS_Instr_PreTrial: autoDraw = False
14.0166 	EXP 	Text_3_SS_Instr_PreTrial: autoDraw = False
14.0166 	EXP 	Line_SS_Instr_PreTrial: autoDraw = False
14.0166 	EXP 	Circle_SS_Instr_PreTrial: autoDraw = False
14.0166 	EXP 	Score_SS_Intr_PreTrial: autoDraw = False
14.0166 	EXP 	Ball_SS_Instr_PreTrial: autoDraw = False
14.0166 	EXP 	Text_1_SS_Instr_PreTrial: autoDraw = False
14.0166 	EXP 	Text_2_SS_Instr_PreTrial: autoDraw = False
14.0166 	EXP 	Text_3_SS_Instr_PreTrial: autoDraw = False
14.0166 	EXP 	Line_SS_Instr_MainTrial: pos = array([ 0. , -0.3])
14.0166 	EXP 	Line_SS_Instr_MainTrial: fillColor = '[1. 1. 1.] (rgb)'
14.0166 	EXP 	Line_SS_Instr_MainTrial: lineColor = '[1. 1. 1.] (rgb)'
14.0166 	EXP 	Line_SS_Instr_MainTrial: lineWidth = 0.5
14.0166 	EXP 	Score_SS_Instr_MainTrial: color = '[-1.  1. -1.] (rgb)'
14.0166 	EXP 	Score_SS_Instr_MainTrial: opacity = 1.0
14.0166 	EXP 	Score_SS_Instr_MainTrial: text = 0
14.0166 	EXP 	Ball_SS_Instr_MainTrial: size = array([0.126, 0.126])
14.0166 	EXP 	Text_1_SS_Instr_MainTrial: pos = array([-0.3 , -0.25])
14.0166 	EXP 	Text_1_SS_Instr_MainTrial: text = 'In the upcoming block, \npress (j) when the ball overlaps the white line'
14.0166 	EXP 	Text_2_SS_Instr_MainTrial: text = ''
14.0166 	EXP 	Text_3_SS_Instr_MainTrial: text = ''
14.0166 	EXP 	Line_SS_Instr_MainTrial: autoDraw = True
14.0166 	EXP 	Score_SS_Instr_MainTrial: autoDraw = True
14.0166 	EXP 	Ball_SS_Instr_MainTrial: autoDraw = True
14.0166 	EXP 	Text_1_SS_Instr_MainTrial: autoDraw = True
14.0166 	EXP 	Text_2_SS_Instr_MainTrial: autoDraw = True
14.0166 	EXP 	Text_3_SS_Instr_MainTrial: autoDraw = True
14.6516 	EXP 	New trial (rep=3, index=0): None
14.6640 	EXP 	Line_SS_Instr_MainTrial: autoDraw = False
14.6640 	EXP 	Score_SS_Instr_MainTrial: autoDraw = False
14.6640 	EXP 	Ball_SS_Instr_MainTrial: autoDraw = False
14.6640 	EXP 	Text_1_SS_Instr_MainTrial: autoDraw = False
14.6640 	EXP 	Text_2_SS_Instr_MainTrial: autoDraw = False
14.6640 	EXP 	Text_3_SS_Instr_MainTrial: autoDraw = False
14.6640 	EXP 	Line_SS_Instr_MainTrial: autoDraw = False
14.6640 	EXP 	Score_SS_Instr_MainTrial: autoDraw = False
14.6640 	EXP 	Ball_SS_Instr_MainTrial: autoDraw = False
14.6640 	EXP 	Text_1_SS_Instr_MainTrial: autoDraw = False
14.6640 	EXP 	Text_2_SS_Instr_MainTrial: autoDraw = False
14.6640 	EXP 	Text_3_SS_Instr_MainTrial: autoDraw = False
14.6640 	EXP 	Line_SS_Instr_PreTrial: pos = array([ 0. , -0.3])
14.6640 	EXP 	Line_SS_Instr_PreTrial: fillColor = '[1. 1. 1.] (rgb)'
14.6640 	EXP 	Line_SS_Instr_PreTrial: lineColor = '[1. 1. 1.] (rgb)'
14.6640 	EXP 	Line_SS_Instr_PreTrial: lineWidth = 0.5
14.6640 	EXP 	Circle_SS_Instr_PreTrial: pos = array([0. , 0.4])
14.6640 	EXP 	Circle_SS_Instr_PreTrial: size = array([0.126, 0.126])
14.6640 	EXP 	Circle_SS_Instr_PreTrial: lineColor = '[-1. -1. -1.] (rgb)'
14.6640 	EXP 	Circle_SS_Instr_PreTrial: lineWidth = 6.0
14.6640 	EXP 	Score_SS_Intr_PreTrial: color = '[-1.  1. -1.] (rgb)'
14.6640 	EXP 	Score_SS_Intr_PreTrial: opacity = 1.0
14.6640 	EXP 	Score_SS_Intr_PreTrial: text = 0
14.6640 	EXP 	Ball_SS_Instr_PreTrial: pos = array([0. , 0.4])
14.6640 	EXP 	Ball_SS_Instr_PreTrial: fillColor = '[-1. -1. -1.] (rgb)'
14.6640 	EXP 	Text_1_SS_Instr_PreTrial: pos = array([-0.3 , -0.25])
14.6640 	EXP 	Text_1_SS_Instr_PreTrial: text = 'In the upcoming block, \npress (j) when the ball overlaps the white line'
14.6640 	EXP 	Text_2_SS_Instr_PreTrial: text = ''
14.6640 	EXP 	Text_3_SS_Instr_PreTrial: text = ''
14.6640 	EXP 	Line_SS_Instr_PreTrial: autoDraw = True
14.6640 	EXP 	Circle_SS_Instr_PreTrial: autoDraw = True
14.6640 	EXP 	Score_SS_Intr_PreTrial: autoDraw = True
14.6640 	EXP 	Ball_SS_Instr_PreTrial: autoDraw = True
14.6640 	EXP 	Text_1_SS_Instr_PreTrial: autoDraw = True
14.6640 	EXP 	Text_2_SS_Instr_PreTrial: autoDraw = True
14.6640 	EXP 	Text_3_SS_Instr_PreTrial: autoDraw = True
15.2853 	EXP 	Line_SS_Instr_PreTrial: autoDraw = False
15.2853 	EXP 	Circle_SS_Instr_PreTrial: autoDraw = False
15.2853 	EXP 	Score_SS_Intr_PreTrial: autoDraw = False
15.2853 	EXP 	Ball_SS_Instr_PreTrial: autoDraw = False
15.2853 	EXP 	Text_1_SS_Instr_PreTrial: autoDraw = False
15.2853 	EXP 	Text_2_SS_Instr_PreTrial: autoDraw = False
15.2853 	EXP 	Text_3_SS_Instr_PreTrial: autoDraw = False
15.2853 	EXP 	Line_SS_Instr_PreTrial: autoDraw = False
15.2853 	EXP 	Circle_SS_Instr_PreTrial: autoDraw = False
15.2853 	EXP 	Score_SS_Intr_PreTrial: autoDraw = False
15.2853 	EXP 	Ball_SS_Instr_PreTrial: autoDraw = False
15.2853 	EXP 	Text_1_SS_Instr_PreTrial: autoDraw = False
15.2853 	EXP 	Text_2_SS_Instr_PreTrial: autoDraw = False
15.2853 	EXP 	Text_3_SS_Instr_PreTrial: autoDraw = False
15.2853 	EXP 	Line_SS_Instr_MainTrial: pos = array([ 0. , -0.3])
15.2853 	EXP 	Line_SS_Instr_MainTrial: fillColor = '[1. 1. 1.] (rgb)'
15.2853 	EXP 	Line_SS_Instr_MainTrial: lineColor = '[1. 1. 1.] (rgb)'
15.2853 	EXP 	Line_SS_Instr_MainTrial: lineWidth = 0.5
15.2853 	EXP 	Score_SS_Instr_MainTrial: color = '[-1.  1. -1.] (rgb)'
15.2853 	EXP 	Score_SS_Instr_MainTrial: opacity = 1.0
15.2853 	EXP 	Score_SS_Instr_MainTrial: text = 0
15.2853 	EXP 	Ball_SS_Instr_MainTrial: size = array([0.126, 0.126])
15.2853 	EXP 	Text_1_SS_Instr_MainTrial: pos = array([-0.3 , -0.25])
15.2853 	EXP 	Text_1_SS_Instr_MainTrial: text = 'In the upcoming block, \npress (j) when the ball overlaps the white line'
15.2853 	EXP 	Text_2_SS_Instr_MainTrial: text = ''
15.2853 	EXP 	Text_3_SS_Instr_MainTrial: text = ''
15.2853 	EXP 	Line_SS_Instr_MainTrial: autoDraw = True
15.2853 	EXP 	Score_SS_Instr_MainTrial: autoDraw = True
15.2853 	EXP 	Ball_SS_Instr_MainTrial: autoDraw = True
15.2853 	EXP 	Text_1_SS_Instr_MainTrial: autoDraw = True
15.2853 	EXP 	Text_2_SS_Instr_MainTrial: autoDraw = True
15.2853 	EXP 	Text_3_SS_Instr_MainTrial: autoDraw = True
15.9215 	EXP 	New trial (rep=4, index=0): None
15.9355 	EXP 	Line_SS_Instr_MainTrial: autoDraw = False
15.9355 	EXP 	Score_SS_Instr_MainTrial: autoDraw = False
15.9355 	EXP 	Ball_SS_Instr_MainTrial: autoDraw = False
15.9355 	EXP 	Text_1_SS_Instr_MainTrial: autoDraw = False
15.9355 	EXP 	Text_2_SS_Instr_MainTrial: autoDraw = False
15.9355 	EXP 	Text_3_SS_Instr_MainTrial: autoDraw = False
15.9355 	EXP 	Line_SS_Instr_MainTrial: autoDraw = False
15.9355 	EXP 	Score_SS_Instr_MainTrial: autoDraw = False
15.9355 	EXP 	Ball_SS_Instr_MainTrial: autoDraw = False
15.9355 	EXP 	Text_1_SS_Instr_MainTrial: autoDraw = False
15.9355 	EXP 	Text_2_SS_Instr_MainTrial: autoDraw = False
15.9355 	EXP 	Text_3_SS_Instr_MainTrial: autoDraw = False
15.9355 	EXP 	Line_SS_Instr_PreTrial: pos = array([ 0. , -0.3])
15.9355 	EXP 	Line_SS_Instr_PreTrial: fillColor = '[1. 1. 1.] (rgb)'
15.9355 	EXP 	Line_SS_Instr_PreTrial: lineColor = '[1. 1. 1.] (rgb)'
15.9355 	EXP 	Line_SS_Instr_PreTrial: lineWidth = 0.5
15.9355 	EXP 	Circle_SS_Instr_PreTrial: pos = array([0. , 0.4])
15.9355 	EXP 	Circle_SS_Instr_PreTrial: size = array([0.126, 0.126])
15.9355 	EXP 	Circle_SS_Instr_PreTrial: lineColor = '[-1. -1. -1.] (rgb)'
15.9355 	EXP 	Circle_SS_Instr_PreTrial: lineWidth = 6.0
15.9355 	EXP 	Score_SS_Intr_PreTrial: color = '[-1.  1. -1.] (rgb)'
15.9355 	EXP 	Score_SS_Intr_PreTrial: opacity = 1.0
15.9355 	EXP 	Score_SS_Intr_PreTrial: text = 0
15.9355 	EXP 	Ball_SS_Instr_PreTrial: pos = array([0. , 0.4])
15.9355 	EXP 	Ball_SS_Instr_PreTrial: fillColor = '[-1. -1. -1.] (rgb)'
15.9355 	EXP 	Text_1_SS_Instr_PreTrial: pos = array([-0.3 , -0.25])
15.9355 	EXP 	Text_1_SS_Instr_PreTrial: text = 'In the upcoming block, \npress (j) when the ball overlaps the white line'
15.9355 	EXP 	Text_2_SS_Instr_PreTrial: text = ''
15.9355 	EXP 	Text_3_SS_Instr_PreTrial: text = ''
15.9355 	EXP 	Line_SS_Instr_PreTrial: autoDraw = True
15.9355 	EXP 	Circle_SS_Instr_PreTrial: autoDraw = True
15.9355 	EXP 	Score_SS_Intr_PreTrial: autoDraw = True
15.9355 	EXP 	Ball_SS_Instr_PreTrial: autoDraw = True
15.9355 	EXP 	Text_1_SS_Instr_PreTrial: autoDraw = True
15.9355 	EXP 	Text_2_SS_Instr_PreTrial: autoDraw = True
15.9355 	EXP 	Text_3_SS_Instr_PreTrial: autoDraw = True
16.5694 	EXP 	Line_SS_Instr_PreTrial: autoDraw = False
16.5694 	EXP 	Circle_SS_Instr_PreTrial: autoDraw = False
16.5694 	EXP 	Score_SS_Intr_PreTrial: autoDraw = False
16.5694 	EXP 	Ball_SS_Instr_PreTrial: autoDraw = False
16.5694 	EXP 	Text_1_SS_Instr_PreTrial: autoDraw = False
16.5694 	EXP 	Text_2_SS_Instr_PreTrial: autoDraw = False
16.5694 	EXP 	Text_3_SS_Instr_PreTrial: autoDraw = False
16.5694 	EXP 	Line_SS_Instr_PreTrial: autoDraw = False
16.5694 	EXP 	Circle_SS_Instr_PreTrial: autoDraw = False
16.5694 	EXP 	Score_SS_Intr_PreTrial: autoDraw = False
16.5694 	EXP 	Ball_SS_Instr_PreTrial: autoDraw = False
16.5694 	EXP 	Text_1_SS_Instr_PreTrial: autoDraw = False
16.5694 	EXP 	Text_2_SS_Instr_PreTrial: autoDraw = False
16.5694 	EXP 	Text_3_SS_Instr_PreTrial: autoDraw = False
16.5694 	EXP 	Line_SS_Instr_MainTrial: pos = array([ 0. , -0.3])
16.5694 	EXP 	Line_SS_Instr_MainTrial: fillColor = '[1. 1. 1.] (rgb)'
16.5694 	EXP 	Line_SS_Instr_MainTrial: lineColor = '[1. 1. 1.] (rgb)'
16.5694 	EXP 	Line_SS_Instr_MainTrial: lineWidth = 0.5
16.5694 	EXP 	Score_SS_Instr_MainTrial: color = '[-1.  1. -1.] (rgb)'
16.5694 	EXP 	Score_SS_Instr_MainTrial: opacity = 1.0
16.5694 	EXP 	Score_SS_Instr_MainTrial: text = 0
16.5694 	EXP 	Ball_SS_Instr_MainTrial: size = array([0.126, 0.126])
16.5694 	EXP 	Text_1_SS_Instr_MainTrial: pos = array([-0.3 , -0.25])
16.5694 	EXP 	Text_1_SS_Instr_MainTrial: text = 'In the upcoming block, \npress (j) when the ball overlaps the white line'
16.5694 	EXP 	Text_2_SS_Instr_MainTrial: text = ''
16.5694 	EXP 	Text_3_SS_Instr_MainTrial: text = ''
16.5694 	EXP 	Line_SS_Instr_MainTrial: autoDraw = True
16.5694 	EXP 	Score_SS_Instr_MainTrial: autoDraw = True
16.5694 	EXP 	Ball_SS_Instr_MainTrial: autoDraw = True
16.5694 	EXP 	Text_1_SS_Instr_MainTrial: autoDraw = True
16.5694 	EXP 	Text_2_SS_Instr_MainTrial: autoDraw = True
16.5694 	EXP 	Text_3_SS_Instr_MainTrial: autoDraw = True
17.2019 	EXP 	New trial (rep=5, index=0): None
17.2201 	EXP 	Line_SS_Instr_MainTrial: autoDraw = False
17.2201 	EXP 	Score_SS_Instr_MainTrial: autoDraw = False
17.2201 	EXP 	Ball_SS_Instr_MainTrial: autoDraw = False
17.2201 	EXP 	Text_1_SS_Instr_MainTrial: autoDraw = False
17.2201 	EXP 	Text_2_SS_Instr_MainTrial: autoDraw = False
17.2201 	EXP 	Text_3_SS_Instr_MainTrial: autoDraw = False
17.2201 	EXP 	Line_SS_Instr_MainTrial: autoDraw = False
17.2201 	EXP 	Score_SS_Instr_MainTrial: autoDraw = False
17.2201 	EXP 	Ball_SS_Instr_MainTrial: autoDraw = False
17.2201 	EXP 	Text_1_SS_Instr_MainTrial: autoDraw = False
17.2201 	EXP 	Text_2_SS_Instr_MainTrial: autoDraw = False
17.2201 	EXP 	Text_3_SS_Instr_MainTrial: autoDraw = False
17.2201 	EXP 	Line_SS_Instr_PreTrial: pos = array([ 0. , -0.3])
17.2201 	EXP 	Line_SS_Instr_PreTrial: fillColor = '[1. 1. 1.] (rgb)'
17.2201 	EXP 	Line_SS_Instr_PreTrial: lineColor = '[1. 1. 1.] (rgb)'
17.2201 	EXP 	Line_SS_Instr_PreTrial: lineWidth = 0.5
17.2201 	EXP 	Circle_SS_Instr_PreTrial: pos = array([0. , 0.4])
17.2201 	EXP 	Circle_SS_Instr_PreTrial: size = array([0.126, 0.126])
17.2201 	EXP 	Circle_SS_Instr_PreTrial: lineColor = '[-1. -1. -1.] (rgb)'
17.2201 	EXP 	Circle_SS_Instr_PreTrial: lineWidth = 6.0
17.2201 	EXP 	Score_SS_Intr_PreTrial: color = '[-1.  1. -1.] (rgb)'
17.2201 	EXP 	Score_SS_Intr_PreTrial: opacity = 1.0
17.2201 	EXP 	Score_SS_Intr_PreTrial: text = 0
17.2201 	EXP 	Ball_SS_Instr_PreTrial: pos = array([0. , 0.4])
17.2201 	EXP 	Ball_SS_Instr_PreTrial: fillColor = '[-1. -1. -1.] (rgb)'
17.2201 	EXP 	Text_1_SS_Instr_PreTrial: pos = array([-0.3 , -0.25])
17.2201 	EXP 	Text_1_SS_Instr_PreTrial: text = 'In the upcoming block, \npress (j) when the ball overlaps the white line'
17.2201 	EXP 	Text_2_SS_Instr_PreTrial: text = 'Your job is to get 4 straght hits'
17.2201 	EXP 	Text_3_SS_Instr_PreTrial: text = ''
17.2201 	EXP 	Line_SS_Instr_PreTrial: autoDraw = True
17.2201 	EXP 	Circle_SS_Instr_PreTrial: autoDraw = True
17.2201 	EXP 	Score_SS_Intr_PreTrial: autoDraw = True
17.2201 	EXP 	Ball_SS_Instr_PreTrial: autoDraw = True
17.2201 	EXP 	Text_1_SS_Instr_PreTrial: autoDraw = True
17.2201 	EXP 	Text_2_SS_Instr_PreTrial: autoDraw = True
17.2201 	EXP 	Text_3_SS_Instr_PreTrial: autoDraw = True
17.8499 	EXP 	Line_SS_Instr_PreTrial: autoDraw = False
17.8499 	EXP 	Circle_SS_Instr_PreTrial: autoDraw = False
17.8499 	EXP 	Score_SS_Intr_PreTrial: autoDraw = False
17.8499 	EXP 	Ball_SS_Instr_PreTrial: autoDraw = False
17.8499 	EXP 	Text_1_SS_Instr_PreTrial: autoDraw = False
17.8499 	EXP 	Text_2_SS_Instr_PreTrial: autoDraw = False
17.8499 	EXP 	Text_3_SS_Instr_PreTrial: autoDraw = False
17.8499 	EXP 	Line_SS_Instr_PreTrial: autoDraw = False
17.8499 	EXP 	Circle_SS_Instr_PreTrial: autoDraw = False
17.8499 	EXP 	Score_SS_Intr_PreTrial: autoDraw = False
17.8499 	EXP 	Ball_SS_Instr_PreTrial: autoDraw = False
17.8499 	EXP 	Text_1_SS_Instr_PreTrial: autoDraw = False
17.8499 	EXP 	Text_2_SS_Instr_PreTrial: autoDraw = False
17.8499 	EXP 	Text_3_SS_Instr_PreTrial: autoDraw = False
17.8499 	EXP 	Line_SS_Instr_MainTrial: pos = array([ 0. , -0.3])
17.8499 	EXP 	Line_SS_Instr_MainTrial: fillColor = '[1. 1. 1.] (rgb)'
17.8499 	EXP 	Line_SS_Instr_MainTrial: lineColor = '[1. 1. 1.] (rgb)'
17.8499 	EXP 	Line_SS_Instr_MainTrial: lineWidth = 0.5
17.8499 	EXP 	Score_SS_Instr_MainTrial: color = '[-1.  1. -1.] (rgb)'
17.8499 	EXP 	Score_SS_Instr_MainTrial: opacity = 1.0
17.8499 	EXP 	Score_SS_Instr_MainTrial: text = 0
17.8499 	EXP 	Ball_SS_Instr_MainTrial: size = array([0.126, 0.126])
17.8499 	EXP 	Text_1_SS_Instr_MainTrial: pos = array([-0.3 , -0.25])
17.8499 	EXP 	Text_1_SS_Instr_MainTrial: text = 'In the upcoming block, \npress (j) when the ball overlaps the white line'
17.8499 	EXP 	Text_2_SS_Instr_MainTrial: text = 'Your job is to get 4 straght hits'
17.8499 	EXP 	Text_3_SS_Instr_MainTrial: text = ''
17.8499 	EXP 	Line_SS_Instr_MainTrial: autoDraw = True
17.8499 	EXP 	Score_SS_Instr_MainTrial: autoDraw = True
17.8499 	EXP 	Ball_SS_Instr_MainTrial: autoDraw = True
17.8499 	EXP 	Text_1_SS_Instr_MainTrial: autoDraw = True
17.8499 	EXP 	Text_2_SS_Instr_MainTrial: autoDraw = True
17.8499 	EXP 	Text_3_SS_Instr_MainTrial: autoDraw = True
18.4756 	EXP 	New trial (rep=6, index=0): None
18.4948 	EXP 	Line_SS_Instr_MainTrial: autoDraw = False
18.4948 	EXP 	Score_SS_Instr_MainTrial: autoDraw = False
18.4948 	EXP 	Ball_SS_Instr_MainTrial: autoDraw = False
18.4948 	EXP 	Text_1_SS_Instr_MainTrial: autoDraw = False
18.4948 	EXP 	Text_2_SS_Instr_MainTrial: autoDraw = False
18.4948 	EXP 	Text_3_SS_Instr_MainTrial: autoDraw = False
18.4948 	EXP 	Line_SS_Instr_MainTrial: autoDraw = False
18.4948 	EXP 	Score_SS_Instr_MainTrial: autoDraw = False
18.4948 	EXP 	Ball_SS_Instr_MainTrial: autoDraw = False
18.4948 	EXP 	Text_1_SS_Instr_MainTrial: autoDraw = False
18.4948 	EXP 	Text_2_SS_Instr_MainTrial: autoDraw = False
18.4948 	EXP 	Text_3_SS_Instr_MainTrial: autoDraw = False
18.4948 	EXP 	Line_SS_Instr_PreTrial: pos = array([ 0. , -0.3])
18.4948 	EXP 	Line_SS_Instr_PreTrial: fillColor = '[1. 1. 1.] (rgb)'
18.4948 	EXP 	Line_SS_Instr_PreTrial: lineColor = '[1. 1. 1.] (rgb)'
18.4948 	EXP 	Line_SS_Instr_PreTrial: lineWidth = 0.5
18.4948 	EXP 	Circle_SS_Instr_PreTrial: pos = array([0. , 0.4])
18.4948 	EXP 	Circle_SS_Instr_PreTrial: size = array([0.126, 0.126])
18.4948 	EXP 	Circle_SS_Instr_PreTrial: lineColor = '[-1. -1. -1.] (rgb)'
18.4948 	EXP 	Circle_SS_Instr_PreTrial: lineWidth = 6.0
18.4948 	EXP 	Score_SS_Intr_PreTrial: color = '[-1.  1. -1.] (rgb)'
18.4948 	EXP 	Score_SS_Intr_PreTrial: opacity = 1.0
18.4948 	EXP 	Score_SS_Intr_PreTrial: text = 1
18.4948 	EXP 	Ball_SS_Instr_PreTrial: pos = array([0. , 0.4])
18.4948 	EXP 	Ball_SS_Instr_PreTrial: fillColor = '[-1. -1. -1.] (rgb)'
18.4948 	EXP 	Text_1_SS_Instr_PreTrial: pos = array([-0.3 , -0.25])
18.4948 	EXP 	Text_1_SS_Instr_PreTrial: text = 'In the upcoming block, \npress (j) when the ball overlaps the white line'
18.4948 	EXP 	Text_2_SS_Instr_PreTrial: text = 'Your job is to get 4 straght hits'
18.4948 	EXP 	Text_3_SS_Instr_PreTrial: text = ''
18.4948 	EXP 	Line_SS_Instr_PreTrial: autoDraw = True
18.4948 	EXP 	Circle_SS_Instr_PreTrial: autoDraw = True
18.4948 	EXP 	Score_SS_Intr_PreTrial: autoDraw = True
18.4948 	EXP 	Ball_SS_Instr_PreTrial: autoDraw = True
18.4948 	EXP 	Text_1_SS_Instr_PreTrial: autoDraw = True
18.4948 	EXP 	Text_2_SS_Instr_PreTrial: autoDraw = True
18.4948 	EXP 	Text_3_SS_Instr_PreTrial: autoDraw = True
19.1194 	EXP 	Line_SS_Instr_PreTrial: autoDraw = False
19.1194 	EXP 	Circle_SS_Instr_PreTrial: autoDraw = False
19.1194 	EXP 	Score_SS_Intr_PreTrial: autoDraw = False
19.1194 	EXP 	Ball_SS_Instr_PreTrial: autoDraw = False
19.1194 	EXP 	Text_1_SS_Instr_PreTrial: autoDraw = False
19.1194 	EXP 	Text_2_SS_Instr_PreTrial: autoDraw = False
19.1194 	EXP 	Text_3_SS_Instr_PreTrial: autoDraw = False
19.1194 	EXP 	Line_SS_Instr_PreTrial: autoDraw = False
19.1194 	EXP 	Circle_SS_Instr_PreTrial: autoDraw = False
19.1194 	EXP 	Score_SS_Intr_PreTrial: autoDraw = False
19.1194 	EXP 	Ball_SS_Instr_PreTrial: autoDraw = False
19.1194 	EXP 	Text_1_SS_Instr_PreTrial: autoDraw = False
19.1194 	EXP 	Text_2_SS_Instr_PreTrial: autoDraw = False
19.1194 	EXP 	Text_3_SS_Instr_PreTrial: autoDraw = False
19.1194 	EXP 	Line_SS_Instr_MainTrial: pos = array([ 0. , -0.3])
19.1194 	EXP 	Line_SS_Instr_MainTrial: fillColor = '[1. 1. 1.] (rgb)'
19.1194 	EXP 	Line_SS_Instr_MainTrial: lineColor = '[1. 1. 1.] (rgb)'
19.1194 	EXP 	Line_SS_Instr_MainTrial: lineWidth = 0.5
19.1194 	EXP 	Score_SS_Instr_MainTrial: color = '[-1.  1. -1.] (rgb)'
19.1194 	EXP 	Score_SS_Instr_MainTrial: opacity = 1.0
19.1194 	EXP 	Score_SS_Instr_MainTrial: text = 1
19.1194 	EXP 	Ball_SS_Instr_MainTrial: size = array([0.126, 0.126])
19.1194 	EXP 	Text_1_SS_Instr_MainTrial: pos = array([-0.3 , -0.25])
19.1194 	EXP 	Text_1_SS_Instr_MainTrial: text = 'In the upcoming block, \npress (j) when the ball overlaps the white line'
19.1194 	EXP 	Text_2_SS_Instr_MainTrial: text = 'Your job is to get 4 straght hits'
19.1194 	EXP 	Text_3_SS_Instr_MainTrial: text = ''
19.1194 	EXP 	Line_SS_Instr_MainTrial: autoDraw = True
19.1194 	EXP 	Score_SS_Instr_MainTrial: autoDraw = True
19.1194 	EXP 	Ball_SS_Instr_MainTrial: autoDraw = True
19.1194 	EXP 	Text_1_SS_Instr_MainTrial: autoDraw = True
19.1194 	EXP 	Text_2_SS_Instr_MainTrial: autoDraw = True
19.1194 	EXP 	Text_3_SS_Instr_MainTrial: autoDraw = True
19.7501 	EXP 	New trial (rep=7, index=0): None
19.7707 	EXP 	Line_SS_Instr_MainTrial: autoDraw = False
19.7707 	EXP 	Score_SS_Instr_MainTrial: autoDraw = False
19.7707 	EXP 	Ball_SS_Instr_MainTrial: autoDraw = False
19.7707 	EXP 	Text_1_SS_Instr_MainTrial: autoDraw = False
19.7707 	EXP 	Text_2_SS_Instr_MainTrial: autoDraw = False
19.7707 	EXP 	Text_3_SS_Instr_MainTrial: autoDraw = False
19.7707 	EXP 	Line_SS_Instr_MainTrial: autoDraw = False
19.7707 	EXP 	Score_SS_Instr_MainTrial: autoDraw = False
19.7707 	EXP 	Ball_SS_Instr_MainTrial: autoDraw = False
19.7707 	EXP 	Text_1_SS_Instr_MainTrial: autoDraw = False
19.7707 	EXP 	Text_2_SS_Instr_MainTrial: autoDraw = False
19.7707 	EXP 	Text_3_SS_Instr_MainTrial: autoDraw = False
19.7707 	EXP 	Line_SS_Instr_PreTrial: pos = array([ 0. , -0.3])
19.7707 	EXP 	Line_SS_Instr_PreTrial: fillColor = '[1. 1. 1.] (rgb)'
19.7707 	EXP 	Line_SS_Instr_PreTrial: lineColor = '[1. 1. 1.] (rgb)'
19.7707 	EXP 	Line_SS_Instr_PreTrial: lineWidth = 0.5
19.7707 	EXP 	Circle_SS_Instr_PreTrial: pos = array([0. , 0.4])
19.7707 	EXP 	Circle_SS_Instr_PreTrial: size = array([0.126, 0.126])
19.7707 	EXP 	Circle_SS_Instr_PreTrial: lineColor = '[-1. -1. -1.] (rgb)'
19.7707 	EXP 	Circle_SS_Instr_PreTrial: lineWidth = 6.0
19.7707 	EXP 	Score_SS_Intr_PreTrial: color = '[-1.  1. -1.] (rgb)'
19.7707 	EXP 	Score_SS_Intr_PreTrial: opacity = 1.0
19.7707 	EXP 	Score_SS_Intr_PreTrial: text = 2
19.7707 	EXP 	Ball_SS_Instr_PreTrial: pos = array([0. , 0.4])
19.7707 	EXP 	Ball_SS_Instr_PreTrial: fillColor = '[-1. -1. -1.] (rgb)'
19.7707 	EXP 	Text_1_SS_Instr_PreTrial: pos = array([-0.3 , -0.25])
19.7707 	EXP 	Text_1_SS_Instr_PreTrial: text = 'In the upcoming block, \npress (j) when the ball overlaps the white line'
19.7707 	EXP 	Text_2_SS_Instr_PreTrial: text = 'Your job is to get 4 straght hits'
19.7707 	EXP 	Text_3_SS_Instr_PreTrial: text = ''
19.7707 	EXP 	Line_SS_Instr_PreTrial: autoDraw = True
19.7707 	EXP 	Circle_SS_Instr_PreTrial: autoDraw = True
19.7707 	EXP 	Score_SS_Intr_PreTrial: autoDraw = True
19.7707 	EXP 	Ball_SS_Instr_PreTrial: autoDraw = True
19.7707 	EXP 	Text_1_SS_Instr_PreTrial: autoDraw = True
19.7707 	EXP 	Text_2_SS_Instr_PreTrial: autoDraw = True
19.7707 	EXP 	Text_3_SS_Instr_PreTrial: autoDraw = True
20.3953 	EXP 	Line_SS_Instr_PreTrial: autoDraw = False
20.3953 	EXP 	Circle_SS_Instr_PreTrial: autoDraw = False
20.3953 	EXP 	Score_SS_Intr_PreTrial: autoDraw = False
20.3953 	EXP 	Ball_SS_Instr_PreTrial: autoDraw = False
20.3953 	EXP 	Text_1_SS_Instr_PreTrial: autoDraw = False
20.3953 	EXP 	Text_2_SS_Instr_PreTrial: autoDraw = False
20.3953 	EXP 	Text_3_SS_Instr_PreTrial: autoDraw = False
20.3953 	EXP 	Line_SS_Instr_PreTrial: autoDraw = False
20.3953 	EXP 	Circle_SS_Instr_PreTrial: autoDraw = False
20.3953 	EXP 	Score_SS_Intr_PreTrial: autoDraw = False
20.3953 	EXP 	Ball_SS_Instr_PreTrial: autoDraw = False
20.3953 	EXP 	Text_1_SS_Instr_PreTrial: autoDraw = False
20.3953 	EXP 	Text_2_SS_Instr_PreTrial: autoDraw = False
20.3953 	EXP 	Text_3_SS_Instr_PreTrial: autoDraw = False
20.3953 	EXP 	Line_SS_Instr_MainTrial: pos = array([ 0. , -0.3])
20.3953 	EXP 	Line_SS_Instr_MainTrial: fillColor = '[1. 1. 1.] (rgb)'
20.3953 	EXP 	Line_SS_Instr_MainTrial: lineColor = '[1. 1. 1.] (rgb)'
20.3953 	EXP 	Line_SS_Instr_MainTrial: lineWidth = 0.5
20.3953 	EXP 	Score_SS_Instr_MainTrial: color = '[-1.  1. -1.] (rgb)'
20.3953 	EXP 	Score_SS_Instr_MainTrial: opacity = 1.0
20.3953 	EXP 	Score_SS_Instr_MainTrial: text = 2
20.3953 	EXP 	Ball_SS_Instr_MainTrial: size = array([0.126, 0.126])
20.3953 	EXP 	Text_1_SS_Instr_MainTrial: pos = array([-0.3 , -0.25])
20.3953 	EXP 	Text_1_SS_Instr_MainTrial: text = 'In the upcoming block, \npress (j) when the ball overlaps the white line'
20.3953 	EXP 	Text_2_SS_Instr_MainTrial: text = 'Your job is to get 4 straght hits'
20.3953 	EXP 	Text_3_SS_Instr_MainTrial: text = ''
20.3953 	EXP 	Line_SS_Instr_MainTrial: autoDraw = True
20.3953 	EXP 	Score_SS_Instr_MainTrial: autoDraw = True
20.3953 	EXP 	Ball_SS_Instr_MainTrial: autoDraw = True
20.3953 	EXP 	Text_1_SS_Instr_MainTrial: autoDraw = True
20.3953 	EXP 	Text_2_SS_Instr_MainTrial: autoDraw = True
20.3953 	EXP 	Text_3_SS_Instr_MainTrial: autoDraw = True
21.0171 	EXP 	New trial (rep=8, index=0): None
21.0337 	EXP 	Line_SS_Instr_MainTrial: autoDraw = False
21.0337 	EXP 	Score_SS_Instr_MainTrial: autoDraw = False
21.0337 	EXP 	Ball_SS_Instr_MainTrial: autoDraw = False
21.0337 	EXP 	Text_1_SS_Instr_MainTrial: autoDraw = False
21.0337 	EXP 	Text_2_SS_Instr_MainTrial: autoDraw = False
21.0337 	EXP 	Text_3_SS_Instr_MainTrial: autoDraw = False
21.0337 	EXP 	Line_SS_Instr_MainTrial: autoDraw = False
21.0337 	EXP 	Score_SS_Instr_MainTrial: autoDraw = False
21.0337 	EXP 	Ball_SS_Instr_MainTrial: autoDraw = False
21.0337 	EXP 	Text_1_SS_Instr_MainTrial: autoDraw = False
21.0337 	EXP 	Text_2_SS_Instr_MainTrial: autoDraw = False
21.0337 	EXP 	Text_3_SS_Instr_MainTrial: autoDraw = False
21.0337 	EXP 	Line_SS_Instr_PreTrial: pos = array([ 0. , -0.3])
21.0337 	EXP 	Line_SS_Instr_PreTrial: fillColor = '[1. 1. 1.] (rgb)'
21.0337 	EXP 	Line_SS_Instr_PreTrial: lineColor = '[1. 1. 1.] (rgb)'
21.0337 	EXP 	Line_SS_Instr_PreTrial: lineWidth = 0.5
21.0337 	EXP 	Circle_SS_Instr_PreTrial: pos = array([0. , 0.4])
21.0337 	EXP 	Circle_SS_Instr_PreTrial: size = array([0.126, 0.126])
21.0337 	EXP 	Circle_SS_Instr_PreTrial: lineColor = '[-1. -1. -1.] (rgb)'
21.0337 	EXP 	Circle_SS_Instr_PreTrial: lineWidth = 6.0
21.0337 	EXP 	Score_SS_Intr_PreTrial: color = '[-1.  1. -1.] (rgb)'
21.0337 	EXP 	Score_SS_Intr_PreTrial: opacity = 1.0
21.0337 	EXP 	Score_SS_Intr_PreTrial: text = 3
21.0337 	EXP 	Ball_SS_Instr_PreTrial: pos = array([0. , 0.4])
21.0337 	EXP 	Ball_SS_Instr_PreTrial: fillColor = '[-1. -1. -1.] (rgb)'
21.0337 	EXP 	Text_1_SS_Instr_PreTrial: pos = array([-0.3 , -0.25])
21.0337 	EXP 	Text_1_SS_Instr_PreTrial: text = 'In the upcoming block, \npress (j) when the ball overlaps the white line'
21.0337 	EXP 	Text_2_SS_Instr_PreTrial: text = 'Your job is to get 4 straght hits'
21.0337 	EXP 	Text_3_SS_Instr_PreTrial: text = ''
21.0337 	EXP 	Line_SS_Instr_PreTrial: autoDraw = True
21.0337 	EXP 	Circle_SS_Instr_PreTrial: autoDraw = True
21.0337 	EXP 	Score_SS_Intr_PreTrial: autoDraw = True
21.0337 	EXP 	Ball_SS_Instr_PreTrial: autoDraw = True
21.0337 	EXP 	Text_1_SS_Instr_PreTrial: autoDraw = True
21.0337 	EXP 	Text_2_SS_Instr_PreTrial: autoDraw = True
21.0337 	EXP 	Text_3_SS_Instr_PreTrial: autoDraw = True
21.6638 	EXP 	Line_SS_Instr_PreTrial: autoDraw = False
21.6638 	EXP 	Circle_SS_Instr_PreTrial: autoDraw = False
21.6638 	EXP 	Score_SS_Intr_PreTrial: autoDraw = False
21.6638 	EXP 	Ball_SS_Instr_PreTrial: autoDraw = False
21.6638 	EXP 	Text_1_SS_Instr_PreTrial: autoDraw = False
21.6638 	EXP 	Text_2_SS_Instr_PreTrial: autoDraw = False
21.6638 	EXP 	Text_3_SS_Instr_PreTrial: autoDraw = False
21.6638 	EXP 	Line_SS_Instr_PreTrial: autoDraw = False
21.6638 	EXP 	Circle_SS_Instr_PreTrial: autoDraw = False
21.6638 	EXP 	Score_SS_Intr_PreTrial: autoDraw = False
21.6638 	EXP 	Ball_SS_Instr_PreTrial: autoDraw = False
21.6638 	EXP 	Text_1_SS_Instr_PreTrial: autoDraw = False
21.6638 	EXP 	Text_2_SS_Instr_PreTrial: autoDraw = False
21.6638 	EXP 	Text_3_SS_Instr_PreTrial: autoDraw = False
21.6638 	EXP 	Line_SS_Instr_MainTrial: pos = array([ 0. , -0.3])
21.6638 	EXP 	Line_SS_Instr_MainTrial: fillColor = '[1. 1. 1.] (rgb)'
21.6638 	EXP 	Line_SS_Instr_MainTrial: lineColor = '[1. 1. 1.] (rgb)'
21.6638 	EXP 	Line_SS_Instr_MainTrial: lineWidth = 0.5
21.6638 	EXP 	Score_SS_Instr_MainTrial: color = '[-1.  1. -1.] (rgb)'
21.6638 	EXP 	Score_SS_Instr_MainTrial: opacity = 1.0
21.6638 	EXP 	Score_SS_Instr_MainTrial: text = 3
21.6638 	EXP 	Ball_SS_Instr_MainTrial: size = array([0.126, 0.126])
21.6638 	EXP 	Text_1_SS_Instr_MainTrial: pos = array([-0.3 , -0.25])
21.6638 	EXP 	Text_1_SS_Instr_MainTrial: text = 'In the upcoming block, \npress (j) when the ball overlaps the white line'
21.6638 	EXP 	Text_2_SS_Instr_MainTrial: text = 'Your job is to get 4 straght hits'
21.6638 	EXP 	Text_3_SS_Instr_MainTrial: text = ''
21.6638 	EXP 	Line_SS_Instr_MainTrial: autoDraw = True
21.6638 	EXP 	Score_SS_Instr_MainTrial: autoDraw = True
21.6638 	EXP 	Ball_SS_Instr_MainTrial: autoDraw = True
21.6638 	EXP 	Text_1_SS_Instr_MainTrial: autoDraw = True
21.6638 	EXP 	Text_2_SS_Instr_MainTrial: autoDraw = True
21.6638 	EXP 	Text_3_SS_Instr_MainTrial: autoDraw = True
22.2858 	EXP 	New trial (rep=9, index=0): None
22.3013 	EXP 	Line_SS_Instr_MainTrial: autoDraw = False
22.3013 	EXP 	Score_SS_Instr_MainTrial: autoDraw = False
22.3013 	EXP 	Ball_SS_Instr_MainTrial: autoDraw = False
22.3013 	EXP 	Text_1_SS_Instr_MainTrial: autoDraw = False
22.3013 	EXP 	Text_2_SS_Instr_MainTrial: autoDraw = False
22.3013 	EXP 	Text_3_SS_Instr_MainTrial: autoDraw = False
22.3013 	EXP 	Line_SS_Instr_MainTrial: autoDraw = False
22.3013 	EXP 	Score_SS_Instr_MainTrial: autoDraw = False
22.3013 	EXP 	Ball_SS_Instr_MainTrial: autoDraw = False
22.3013 	EXP 	Text_1_SS_Instr_MainTrial: autoDraw = False
22.3013 	EXP 	Text_2_SS_Instr_MainTrial: autoDraw = False
22.3013 	EXP 	Text_3_SS_Instr_MainTrial: autoDraw = False
22.3013 	EXP 	Line_SS_Instr_PreTrial: pos = array([ 0. , -0.3])
22.3013 	EXP 	Line_SS_Instr_PreTrial: fillColor = '[1. 1. 1.] (rgb)'
22.3013 	EXP 	Line_SS_Instr_PreTrial: lineColor = '[1. 1. 1.] (rgb)'
22.3013 	EXP 	Line_SS_Instr_PreTrial: lineWidth = 0.5
22.3013 	EXP 	Circle_SS_Instr_PreTrial: pos = array([0. , 0.4])
22.3013 	EXP 	Circle_SS_Instr_PreTrial: size = array([0.126, 0.126])
22.3013 	EXP 	Circle_SS_Instr_PreTrial: lineColor = '[-1. -1. -1.] (rgb)'
22.3013 	EXP 	Circle_SS_Instr_PreTrial: lineWidth = 6.0
22.3013 	EXP 	Score_SS_Intr_PreTrial: color = '[-1.  1. -1.] (rgb)'
22.3013 	EXP 	Score_SS_Intr_PreTrial: opacity = 1.0
22.3013 	EXP 	Score_SS_Intr_PreTrial: text = 4
22.3013 	EXP 	Ball_SS_Instr_PreTrial: pos = array([0. , 0.4])
22.3013 	EXP 	Ball_SS_Instr_PreTrial: fillColor = '[-1. -1. -1.] (rgb)'
22.3013 	EXP 	Text_1_SS_Instr_PreTrial: pos = array([-0.3 , -0.25])
22.3013 	EXP 	Text_1_SS_Instr_PreTrial: text = 'In the upcoming block, \npress (j) when the ball overlaps the white line'
22.3013 	EXP 	Text_2_SS_Instr_PreTrial: text = 'Your job is to get 4 straght hits'
22.3013 	EXP 	Text_3_SS_Instr_PreTrial: text = ''
22.3013 	EXP 	Line_SS_Instr_PreTrial: autoDraw = True
22.3013 	EXP 	Circle_SS_Instr_PreTrial: autoDraw = True
22.3013 	EXP 	Score_SS_Intr_PreTrial: autoDraw = True
22.3013 	EXP 	Ball_SS_Instr_PreTrial: autoDraw = True
22.3013 	EXP 	Text_1_SS_Instr_PreTrial: autoDraw = True
22.3013 	EXP 	Text_2_SS_Instr_PreTrial: autoDraw = True
22.3013 	EXP 	Text_3_SS_Instr_PreTrial: autoDraw = True
22.9355 	EXP 	Line_SS_Instr_PreTrial: autoDraw = False
22.9355 	EXP 	Circle_SS_Instr_PreTrial: autoDraw = False
22.9355 	EXP 	Score_SS_Intr_PreTrial: autoDraw = False
22.9355 	EXP 	Ball_SS_Instr_PreTrial: autoDraw = False
22.9355 	EXP 	Text_1_SS_Instr_PreTrial: autoDraw = False
22.9355 	EXP 	Text_2_SS_Instr_PreTrial: autoDraw = False
22.9355 	EXP 	Text_3_SS_Instr_PreTrial: autoDraw = False
22.9355 	EXP 	Line_SS_Instr_PreTrial: autoDraw = False
22.9355 	EXP 	Circle_SS_Instr_PreTrial: autoDraw = False
22.9355 	EXP 	Score_SS_Intr_PreTrial: autoDraw = False
22.9355 	EXP 	Ball_SS_Instr_PreTrial: autoDraw = False
22.9355 	EXP 	Text_1_SS_Instr_PreTrial: autoDraw = False
22.9355 	EXP 	Text_2_SS_Instr_PreTrial: autoDraw = False
22.9355 	EXP 	Text_3_SS_Instr_PreTrial: autoDraw = False
22.9355 	EXP 	Line_SS_Instr_MainTrial: pos = array([ 0. , -0.3])
22.9355 	EXP 	Line_SS_Instr_MainTrial: fillColor = '[1. 1. 1.] (rgb)'
22.9355 	EXP 	Line_SS_Instr_MainTrial: lineColor = '[1. 1. 1.] (rgb)'
22.9355 	EXP 	Line_SS_Instr_MainTrial: lineWidth = 0.5
22.9355 	EXP 	Score_SS_Instr_MainTrial: color = '[-1.  1. -1.] (rgb)'
22.9355 	EXP 	Score_SS_Instr_MainTrial: opacity = 1.0
22.9355 	EXP 	Score_SS_Instr_MainTrial: text = 4
22.9355 	EXP 	Ball_SS_Instr_MainTrial: size = array([0.126, 0.126])
22.9355 	EXP 	Text_1_SS_Instr_MainTrial: pos = array([-0.3 , -0.25])
22.9355 	EXP 	Text_1_SS_Instr_MainTrial: text = 'In the upcoming block, \npress (j) when the ball overlaps the white line'
22.9355 	EXP 	Text_2_SS_Instr_MainTrial: text = 'Your job is to get 4 straght hits'
22.9355 	EXP 	Text_3_SS_Instr_MainTrial: text = ''
22.9355 	EXP 	Line_SS_Instr_MainTrial: autoDraw = True
22.9355 	EXP 	Score_SS_Instr_MainTrial: autoDraw = True
22.9355 	EXP 	Ball_SS_Instr_MainTrial: autoDraw = True
22.9355 	EXP 	Text_1_SS_Instr_MainTrial: autoDraw = True
22.9355 	EXP 	Text_2_SS_Instr_MainTrial: autoDraw = True
22.9355 	EXP 	Text_3_SS_Instr_MainTrial: autoDraw = True
23.5698 	EXP 	New trial (rep=10, index=0): None
23.5921 	EXP 	Line_SS_Instr_MainTrial: autoDraw = False
23.5921 	EXP 	Score_SS_Instr_MainTrial: autoDraw = False
23.5921 	EXP 	Ball_SS_Instr_MainTrial: autoDraw = False
23.5921 	EXP 	Text_1_SS_Instr_MainTrial: autoDraw = False
23.5921 	EXP 	Text_2_SS_Instr_MainTrial: autoDraw = False
23.5921 	EXP 	Text_3_SS_Instr_MainTrial: autoDraw = False
23.5921 	EXP 	Line_SS_Instr_MainTrial: autoDraw = False
23.5921 	EXP 	Score_SS_Instr_MainTrial: autoDraw = False
23.5921 	EXP 	Ball_SS_Instr_MainTrial: autoDraw = False
23.5921 	EXP 	Text_1_SS_Instr_MainTrial: autoDraw = False
23.5921 	EXP 	Text_2_SS_Instr_MainTrial: autoDraw = False
23.5921 	EXP 	Text_3_SS_Instr_MainTrial: autoDraw = False
23.5921 	EXP 	Line_SS_Instr_PreTrial: pos = array([ 0. , -0.3])
23.5921 	EXP 	Line_SS_Instr_PreTrial: fillColor = '[1. 1. 1.] (rgb)'
23.5921 	EXP 	Line_SS_Instr_PreTrial: lineColor = '[1. 1. 1.] (rgb)'
23.5921 	EXP 	Line_SS_Instr_PreTrial: lineWidth = 0.5
23.5921 	EXP 	Circle_SS_Instr_PreTrial: pos = array([0. , 0.4])
23.5921 	EXP 	Circle_SS_Instr_PreTrial: size = array([0.126, 0.126])
23.5921 	EXP 	Circle_SS_Instr_PreTrial: lineColor = '[-1. -1. -1.] (rgb)'
23.5921 	EXP 	Circle_SS_Instr_PreTrial: lineWidth = 6.0
23.5921 	EXP 	Score_SS_Intr_PreTrial: color = '[-1.  1. -1.] (rgb)'
23.5921 	EXP 	Score_SS_Intr_PreTrial: opacity = 1.0
23.5921 	EXP 	Score_SS_Intr_PreTrial: text = 4
23.5921 	EXP 	Ball_SS_Instr_PreTrial: pos = array([0. , 0.4])
23.5921 	EXP 	Ball_SS_Instr_PreTrial: fillColor = '[-1. -1. -1.] (rgb)'
23.5921 	EXP 	Text_1_SS_Instr_PreTrial: pos = array([-0.3 , -0.25])
23.5921 	EXP 	Text_1_SS_Instr_PreTrial: text = 'In the upcoming block, \npress (j) when the ball overlaps the white line'
23.5921 	EXP 	Text_2_SS_Instr_PreTrial: text = 'Your job is to get 4 straght hits'
23.5921 	EXP 	Text_3_SS_Instr_PreTrial: text = 'Whenever you are ready, press (j) to start the task'
23.5921 	EXP 	Line_SS_Instr_PreTrial: autoDraw = True
23.5921 	EXP 	Circle_SS_Instr_PreTrial: autoDraw = True
23.5921 	EXP 	Score_SS_Intr_PreTrial: autoDraw = True
23.5921 	EXP 	Ball_SS_Instr_PreTrial: autoDraw = True
23.5921 	EXP 	Text_1_SS_Instr_PreTrial: autoDraw = True
23.5921 	EXP 	Text_2_SS_Instr_PreTrial: autoDraw = True
23.5921 	EXP 	Text_3_SS_Instr_PreTrial: autoDraw = True
24.0708 	DATA 	Mouse: Left button down, pos=(1005,488)
24.2144 	DATA 	Mouse:  Left button up, pos=(1005,488)
24.2190 	EXP 	Line_SS_Instr_PreTrial: autoDraw = False
24.2190 	EXP 	Circle_SS_Instr_PreTrial: autoDraw = False
24.2190 	EXP 	Score_SS_Intr_PreTrial: autoDraw = False
24.2190 	EXP 	Ball_SS_Instr_PreTrial: autoDraw = False
24.2190 	EXP 	Text_1_SS_Instr_PreTrial: autoDraw = False
24.2190 	EXP 	Text_2_SS_Instr_PreTrial: autoDraw = False
24.2190 	EXP 	Text_3_SS_Instr_PreTrial: autoDraw = False
24.2190 	EXP 	Line_SS_Instr_PreTrial: autoDraw = False
24.2190 	EXP 	Circle_SS_Instr_PreTrial: autoDraw = False
24.2190 	EXP 	Score_SS_Intr_PreTrial: autoDraw = False
24.2190 	EXP 	Ball_SS_Instr_PreTrial: autoDraw = False
24.2190 	EXP 	Text_1_SS_Instr_PreTrial: autoDraw = False
24.2190 	EXP 	Text_2_SS_Instr_PreTrial: autoDraw = False
24.2190 	EXP 	Text_3_SS_Instr_PreTrial: autoDraw = False
24.2190 	EXP 	Line_SS_Instr_MainTrial: pos = array([ 0. , -0.3])
24.2190 	EXP 	Line_SS_Instr_MainTrial: fillColor = '[1. 1. 1.] (rgb)'
24.2190 	EXP 	Line_SS_Instr_MainTrial: lineColor = '[1. 1. 1.] (rgb)'
24.2190 	EXP 	Line_SS_Instr_MainTrial: lineWidth = 0.5
24.2190 	EXP 	Score_SS_Instr_MainTrial: color = '[-1.  1. -1.] (rgb)'
24.2190 	EXP 	Score_SS_Instr_MainTrial: opacity = 1.0
24.2190 	EXP 	Score_SS_Instr_MainTrial: text = 4
24.2190 	EXP 	Ball_SS_Instr_MainTrial: size = array([0.126, 0.126])
24.2190 	EXP 	Text_1_SS_Instr_MainTrial: pos = array([-0.3 , -0.25])
24.2190 	EXP 	Text_1_SS_Instr_MainTrial: text = 'In the upcoming block, \npress (j) when the ball overlaps the white line'
24.2190 	EXP 	Text_2_SS_Instr_MainTrial: text = 'Your job is to get 4 straght hits'
24.2190 	EXP 	Text_3_SS_Instr_MainTrial: text = 'Whenever you are ready, press (j) to start the task'
24.2190 	EXP 	Line_SS_Instr_MainTrial: autoDraw = True
24.2190 	EXP 	Score_SS_Instr_MainTrial: autoDraw = True
24.2190 	EXP 	Ball_SS_Instr_MainTrial: autoDraw = True
24.2190 	EXP 	Text_1_SS_Instr_MainTrial: autoDraw = True
24.2190 	EXP 	Text_2_SS_Instr_MainTrial: autoDraw = True
24.2190 	EXP 	Text_3_SS_Instr_MainTrial: autoDraw = True
24.8514 	EXP 	New trial (rep=11, index=0): None
24.8640 	EXP 	Line_SS_Instr_MainTrial: autoDraw = False
24.8640 	EXP 	Score_SS_Instr_MainTrial: autoDraw = False
24.8640 	EXP 	Ball_SS_Instr_MainTrial: autoDraw = False
24.8640 	EXP 	Text_1_SS_Instr_MainTrial: autoDraw = False
24.8640 	EXP 	Text_2_SS_Instr_MainTrial: autoDraw = False
24.8640 	EXP 	Text_3_SS_Instr_MainTrial: autoDraw = False
24.8640 	EXP 	Line_SS_Instr_MainTrial: autoDraw = False
24.8640 	EXP 	Score_SS_Instr_MainTrial: autoDraw = False
24.8640 	EXP 	Ball_SS_Instr_MainTrial: autoDraw = False
24.8640 	EXP 	Text_1_SS_Instr_MainTrial: autoDraw = False
24.8640 	EXP 	Text_2_SS_Instr_MainTrial: autoDraw = False
24.8640 	EXP 	Text_3_SS_Instr_MainTrial: autoDraw = False
24.8640 	EXP 	Line_SS_Instr_PreTrial: pos = array([ 0. , -0.3])
24.8640 	EXP 	Line_SS_Instr_PreTrial: fillColor = '[1. 1. 1.] (rgb)'
24.8640 	EXP 	Line_SS_Instr_PreTrial: lineColor = '[1. 1. 1.] (rgb)'
24.8640 	EXP 	Line_SS_Instr_PreTrial: lineWidth = 0.5
24.8640 	EXP 	Circle_SS_Instr_PreTrial: pos = array([0. , 0.4])
24.8640 	EXP 	Circle_SS_Instr_PreTrial: size = array([0.126, 0.126])
24.8640 	EXP 	Circle_SS_Instr_PreTrial: lineColor = '[-1. -1. -1.] (rgb)'
24.8640 	EXP 	Circle_SS_Instr_PreTrial: lineWidth = 6.0
24.8640 	EXP 	Score_SS_Intr_PreTrial: color = '[-1.  1. -1.] (rgb)'
24.8640 	EXP 	Score_SS_Intr_PreTrial: opacity = 1.0
24.8640 	EXP 	Score_SS_Intr_PreTrial: text = 4
24.8640 	EXP 	Ball_SS_Instr_PreTrial: pos = array([0. , 0.4])
24.8640 	EXP 	Ball_SS_Instr_PreTrial: fillColor = '[-1. -1. -1.] (rgb)'
24.8640 	EXP 	Text_1_SS_Instr_PreTrial: pos = array([-0.3 , -0.25])
24.8640 	EXP 	Text_1_SS_Instr_PreTrial: text = 'In the upcoming block, \npress (j) when the ball overlaps the white line'
24.8640 	EXP 	Text_2_SS_Instr_PreTrial: text = 'Your job is to get 4 straght hits'
24.8640 	EXP 	Text_3_SS_Instr_PreTrial: text = 'Whenever you are ready, press (j) to start the task'
24.8640 	EXP 	Line_SS_Instr_PreTrial: autoDraw = True
24.8640 	EXP 	Circle_SS_Instr_PreTrial: autoDraw = True
24.8640 	EXP 	Score_SS_Intr_PreTrial: autoDraw = True
24.8640 	EXP 	Ball_SS_Instr_PreTrial: autoDraw = True
24.8640 	EXP 	Text_1_SS_Instr_PreTrial: autoDraw = True
24.8640 	EXP 	Text_2_SS_Instr_PreTrial: autoDraw = True
24.8640 	EXP 	Text_3_SS_Instr_PreTrial: autoDraw = True
25.4831 	EXP 	Line_SS_Instr_PreTrial: autoDraw = False
25.4831 	EXP 	Circle_SS_Instr_PreTrial: autoDraw = False
25.4831 	EXP 	Score_SS_Intr_PreTrial: autoDraw = False
25.4831 	EXP 	Ball_SS_Instr_PreTrial: autoDraw = False
25.4831 	EXP 	Text_1_SS_Instr_PreTrial: autoDraw = False
25.4831 	EXP 	Text_2_SS_Instr_PreTrial: autoDraw = False
25.4831 	EXP 	Text_3_SS_Instr_PreTrial: autoDraw = False
25.4831 	EXP 	Line_SS_Instr_PreTrial: autoDraw = False
25.4831 	EXP 	Circle_SS_Instr_PreTrial: autoDraw = False
25.4831 	EXP 	Score_SS_Intr_PreTrial: autoDraw = False
25.4831 	EXP 	Ball_SS_Instr_PreTrial: autoDraw = False
25.4831 	EXP 	Text_1_SS_Instr_PreTrial: autoDraw = False
25.4831 	EXP 	Text_2_SS_Instr_PreTrial: autoDraw = False
25.4831 	EXP 	Text_3_SS_Instr_PreTrial: autoDraw = False
25.4831 	EXP 	Line_SS_Instr_MainTrial: pos = array([ 0. , -0.3])
25.4831 	EXP 	Line_SS_Instr_MainTrial: fillColor = '[1. 1. 1.] (rgb)'
25.4831 	EXP 	Line_SS_Instr_MainTrial: lineColor = '[1. 1. 1.] (rgb)'
25.4831 	EXP 	Line_SS_Instr_MainTrial: lineWidth = 0.5
25.4831 	EXP 	Score_SS_Instr_MainTrial: color = '[-1.  1. -1.] (rgb)'
25.4831 	EXP 	Score_SS_Instr_MainTrial: opacity = 1.0
25.4831 	EXP 	Score_SS_Instr_MainTrial: text = 4
25.4831 	EXP 	Ball_SS_Instr_MainTrial: size = array([0.126, 0.126])
25.4831 	EXP 	Text_1_SS_Instr_MainTrial: pos = array([-0.3 , -0.25])
25.4831 	EXP 	Text_1_SS_Instr_MainTrial: text = 'In the upcoming block, \npress (j) when the ball overlaps the white line'
25.4831 	EXP 	Text_2_SS_Instr_MainTrial: text = 'Your job is to get 4 straght hits'
25.4831 	EXP 	Text_3_SS_Instr_MainTrial: text = 'Whenever you are ready, press (j) to start the task'
25.4831 	EXP 	Line_SS_Instr_MainTrial: autoDraw = True
25.4831 	EXP 	Score_SS_Instr_MainTrial: autoDraw = True
25.4831 	EXP 	Ball_SS_Instr_MainTrial: autoDraw = True
25.4831 	EXP 	Text_1_SS_Instr_MainTrial: autoDraw = True
25.4831 	EXP 	Text_2_SS_Instr_MainTrial: autoDraw = True
25.4831 	EXP 	Text_3_SS_Instr_MainTrial: autoDraw = True
26.0998 	EXP 	New trial (rep=12, index=0): None
26.1130 	EXP 	Line_SS_Instr_MainTrial: autoDraw = False
26.1130 	EXP 	Score_SS_Instr_MainTrial: autoDraw = False
26.1130 	EXP 	Ball_SS_Instr_MainTrial: autoDraw = False
26.1130 	EXP 	Text_1_SS_Instr_MainTrial: autoDraw = False
26.1130 	EXP 	Text_2_SS_Instr_MainTrial: autoDraw = False
26.1130 	EXP 	Text_3_SS_Instr_MainTrial: autoDraw = False
26.1130 	EXP 	Line_SS_Instr_MainTrial: autoDraw = False
26.1130 	EXP 	Score_SS_Instr_MainTrial: autoDraw = False
26.1130 	EXP 	Ball_SS_Instr_MainTrial: autoDraw = False
26.1130 	EXP 	Text_1_SS_Instr_MainTrial: autoDraw = False
26.1130 	EXP 	Text_2_SS_Instr_MainTrial: autoDraw = False
26.1130 	EXP 	Text_3_SS_Instr_MainTrial: autoDraw = False
26.1130 	EXP 	Line_SS_Instr_PreTrial: pos = array([ 0. , -0.3])
26.1130 	EXP 	Line_SS_Instr_PreTrial: fillColor = '[1. 1. 1.] (rgb)'
26.1130 	EXP 	Line_SS_Instr_PreTrial: lineColor = '[1. 1. 1.] (rgb)'
26.1130 	EXP 	Line_SS_Instr_PreTrial: lineWidth = 0.5
26.1130 	EXP 	Circle_SS_Instr_PreTrial: pos = array([0. , 0.4])
26.1130 	EXP 	Circle_SS_Instr_PreTrial: size = array([0.126, 0.126])
26.1130 	EXP 	Circle_SS_Instr_PreTrial: lineColor = '[-1. -1. -1.] (rgb)'
26.1130 	EXP 	Circle_SS_Instr_PreTrial: lineWidth = 6.0
26.1130 	EXP 	Score_SS_Intr_PreTrial: color = '[-1.  1. -1.] (rgb)'
26.1130 	EXP 	Score_SS_Intr_PreTrial: opacity = 1.0
26.1130 	EXP 	Score_SS_Intr_PreTrial: text = 4
26.1130 	EXP 	Ball_SS_Instr_PreTrial: pos = array([0. , 0.4])
26.1130 	EXP 	Ball_SS_Instr_PreTrial: fillColor = '[-1. -1. -1.] (rgb)'
26.1130 	EXP 	Text_1_SS_Instr_PreTrial: pos = array([-0.3 , -0.25])
26.1130 	EXP 	Text_1_SS_Instr_PreTrial: text = 'In the upcoming block, \npress (j) when the ball overlaps the white line'
26.1130 	EXP 	Text_2_SS_Instr_PreTrial: text = 'Your job is to get 4 straght hits'
26.1130 	EXP 	Text_3_SS_Instr_PreTrial: text = 'Whenever you are ready, press (j) to start the task'
26.1130 	EXP 	Line_SS_Instr_PreTrial: autoDraw = True
26.1130 	EXP 	Circle_SS_Instr_PreTrial: autoDraw = True
26.1130 	EXP 	Score_SS_Intr_PreTrial: autoDraw = True
26.1130 	EXP 	Ball_SS_Instr_PreTrial: autoDraw = True
26.1130 	EXP 	Text_1_SS_Instr_PreTrial: autoDraw = True
26.1130 	EXP 	Text_2_SS_Instr_PreTrial: autoDraw = True
26.1130 	EXP 	Text_3_SS_Instr_PreTrial: autoDraw = True
26.7356 	EXP 	Line_SS_Instr_PreTrial: autoDraw = False
26.7356 	EXP 	Circle_SS_Instr_PreTrial: autoDraw = False
26.7356 	EXP 	Score_SS_Intr_PreTrial: autoDraw = False
26.7356 	EXP 	Ball_SS_Instr_PreTrial: autoDraw = False
26.7356 	EXP 	Text_1_SS_Instr_PreTrial: autoDraw = False
26.7356 	EXP 	Text_2_SS_Instr_PreTrial: autoDraw = False
26.7356 	EXP 	Text_3_SS_Instr_PreTrial: autoDraw = False
26.7356 	EXP 	Line_SS_Instr_PreTrial: autoDraw = False
26.7356 	EXP 	Circle_SS_Instr_PreTrial: autoDraw = False
26.7356 	EXP 	Score_SS_Intr_PreTrial: autoDraw = False
26.7356 	EXP 	Ball_SS_Instr_PreTrial: autoDraw = False
26.7356 	EXP 	Text_1_SS_Instr_PreTrial: autoDraw = False
26.7356 	EXP 	Text_2_SS_Instr_PreTrial: autoDraw = False
26.7356 	EXP 	Text_3_SS_Instr_PreTrial: autoDraw = False
26.7356 	EXP 	Line_SS_Instr_MainTrial: pos = array([ 0. , -0.3])
26.7356 	EXP 	Line_SS_Instr_MainTrial: fillColor = '[1. 1. 1.] (rgb)'
26.7356 	EXP 	Line_SS_Instr_MainTrial: lineColor = '[1. 1. 1.] (rgb)'
26.7356 	EXP 	Line_SS_Instr_MainTrial: lineWidth = 0.5
26.7356 	EXP 	Score_SS_Instr_MainTrial: color = '[-1.  1. -1.] (rgb)'
26.7356 	EXP 	Score_SS_Instr_MainTrial: opacity = 1.0
26.7356 	EXP 	Score_SS_Instr_MainTrial: text = 4
26.7356 	EXP 	Ball_SS_Instr_MainTrial: size = array([0.126, 0.126])
26.7356 	EXP 	Text_1_SS_Instr_MainTrial: pos = array([-0.3 , -0.25])
26.7356 	EXP 	Text_1_SS_Instr_MainTrial: text = 'In the upcoming block, \npress (j) when the ball overlaps the white line'
26.7356 	EXP 	Text_2_SS_Instr_MainTrial: text = 'Your job is to get 4 straght hits'
26.7356 	EXP 	Text_3_SS_Instr_MainTrial: text = 'Whenever you are ready, press (j) to start the task'
26.7356 	EXP 	Line_SS_Instr_MainTrial: autoDraw = True
26.7356 	EXP 	Score_SS_Instr_MainTrial: autoDraw = True
26.7356 	EXP 	Ball_SS_Instr_MainTrial: autoDraw = True
26.7356 	EXP 	Text_1_SS_Instr_MainTrial: autoDraw = True
26.7356 	EXP 	Text_2_SS_Instr_MainTrial: autoDraw = True
26.7356 	EXP 	Text_3_SS_Instr_MainTrial: autoDraw = True
27.3692 	EXP 	New trial (rep=13, index=0): None
27.3811 	EXP 	Line_SS_Instr_MainTrial: autoDraw = False
27.3811 	EXP 	Score_SS_Instr_MainTrial: autoDraw = False
27.3811 	EXP 	Ball_SS_Instr_MainTrial: autoDraw = False
27.3811 	EXP 	Text_1_SS_Instr_MainTrial: autoDraw = False
27.3811 	EXP 	Text_2_SS_Instr_MainTrial: autoDraw = False
27.3811 	EXP 	Text_3_SS_Instr_MainTrial: autoDraw = False
27.3811 	EXP 	Line_SS_Instr_MainTrial: autoDraw = False
27.3811 	EXP 	Score_SS_Instr_MainTrial: autoDraw = False
27.3811 	EXP 	Ball_SS_Instr_MainTrial: autoDraw = False
27.3811 	EXP 	Text_1_SS_Instr_MainTrial: autoDraw = False
27.3811 	EXP 	Text_2_SS_Instr_MainTrial: autoDraw = False
27.3811 	EXP 	Text_3_SS_Instr_MainTrial: autoDraw = False
27.3811 	EXP 	Line_SS_Instr_PreTrial: pos = array([ 0. , -0.3])
27.3811 	EXP 	Line_SS_Instr_PreTrial: fillColor = '[1. 1. 1.] (rgb)'
27.3811 	EXP 	Line_SS_Instr_PreTrial: lineColor = '[1. 1. 1.] (rgb)'
27.3811 	EXP 	Line_SS_Instr_PreTrial: lineWidth = 0.5
27.3811 	EXP 	Circle_SS_Instr_PreTrial: pos = array([0. , 0.4])
27.3811 	EXP 	Circle_SS_Instr_PreTrial: size = array([0.126, 0.126])
27.3811 	EXP 	Circle_SS_Instr_PreTrial: lineColor = '[-1. -1. -1.] (rgb)'
27.3811 	EXP 	Circle_SS_Instr_PreTrial: lineWidth = 6.0
27.3811 	EXP 	Score_SS_Intr_PreTrial: color = '[-1.  1. -1.] (rgb)'
27.3811 	EXP 	Score_SS_Intr_PreTrial: opacity = 1.0
27.3811 	EXP 	Score_SS_Intr_PreTrial: text = 4
27.3811 	EXP 	Ball_SS_Instr_PreTrial: pos = array([0. , 0.4])
27.3811 	EXP 	Ball_SS_Instr_PreTrial: fillColor = '[-1. -1. -1.] (rgb)'
27.3811 	EXP 	Text_1_SS_Instr_PreTrial: pos = array([-0.3 , -0.25])
27.3811 	EXP 	Text_1_SS_Instr_PreTrial: text = 'In the upcoming block, \npress (j) when the ball overlaps the white line'
27.3811 	EXP 	Text_2_SS_Instr_PreTrial: text = 'Your job is to get 4 straght hits'
27.3811 	EXP 	Text_3_SS_Instr_PreTrial: text = 'Whenever you are ready, press (j) to start the task'
27.3811 	EXP 	Line_SS_Instr_PreTrial: autoDraw = True
27.3811 	EXP 	Circle_SS_Instr_PreTrial: autoDraw = True
27.3811 	EXP 	Score_SS_Intr_PreTrial: autoDraw = True
27.3811 	EXP 	Ball_SS_Instr_PreTrial: autoDraw = True
27.3811 	EXP 	Text_1_SS_Instr_PreTrial: autoDraw = True
27.3811 	EXP 	Text_2_SS_Instr_PreTrial: autoDraw = True
27.3811 	EXP 	Text_3_SS_Instr_PreTrial: autoDraw = True
27.9954 	EXP 	Line_SS_Instr_PreTrial: autoDraw = False
27.9954 	EXP 	Circle_SS_Instr_PreTrial: autoDraw = False
27.9954 	EXP 	Score_SS_Intr_PreTrial: autoDraw = False
27.9954 	EXP 	Ball_SS_Instr_PreTrial: autoDraw = False
27.9954 	EXP 	Text_1_SS_Instr_PreTrial: autoDraw = False
27.9954 	EXP 	Text_2_SS_Instr_PreTrial: autoDraw = False
27.9954 	EXP 	Text_3_SS_Instr_PreTrial: autoDraw = False
27.9954 	EXP 	Line_SS_Instr_PreTrial: autoDraw = False
27.9954 	EXP 	Circle_SS_Instr_PreTrial: autoDraw = False
27.9954 	EXP 	Score_SS_Intr_PreTrial: autoDraw = False
27.9954 	EXP 	Ball_SS_Instr_PreTrial: autoDraw = False
27.9954 	EXP 	Text_1_SS_Instr_PreTrial: autoDraw = False
27.9954 	EXP 	Text_2_SS_Instr_PreTrial: autoDraw = False
27.9954 	EXP 	Text_3_SS_Instr_PreTrial: autoDraw = False
27.9954 	EXP 	Line_SS_Instr_MainTrial: pos = array([ 0. , -0.3])
27.9954 	EXP 	Line_SS_Instr_MainTrial: fillColor = '[1. 1. 1.] (rgb)'
27.9954 	EXP 	Line_SS_Instr_MainTrial: lineColor = '[1. 1. 1.] (rgb)'
27.9954 	EXP 	Line_SS_Instr_MainTrial: lineWidth = 0.5
27.9954 	EXP 	Score_SS_Instr_MainTrial: color = '[-1.  1. -1.] (rgb)'
27.9954 	EXP 	Score_SS_Instr_MainTrial: opacity = 1.0
27.9954 	EXP 	Score_SS_Instr_MainTrial: text = 4
27.9954 	EXP 	Ball_SS_Instr_MainTrial: size = array([0.126, 0.126])
27.9954 	EXP 	Text_1_SS_Instr_MainTrial: pos = array([-0.3 , -0.25])
27.9954 	EXP 	Text_1_SS_Instr_MainTrial: text = 'In the upcoming block, \npress (j) when the ball overlaps the white line'
27.9954 	EXP 	Text_2_SS_Instr_MainTrial: text = 'Your job is to get 4 straght hits'
27.9954 	EXP 	Text_3_SS_Instr_MainTrial: text = 'Whenever you are ready, press (j) to start the task'
27.9954 	EXP 	Line_SS_Instr_MainTrial: autoDraw = True
27.9954 	EXP 	Score_SS_Instr_MainTrial: autoDraw = True
27.9954 	EXP 	Ball_SS_Instr_MainTrial: autoDraw = True
27.9954 	EXP 	Text_1_SS_Instr_MainTrial: autoDraw = True
27.9954 	EXP 	Text_2_SS_Instr_MainTrial: autoDraw = True
27.9954 	EXP 	Text_3_SS_Instr_MainTrial: autoDraw = True
28.6173 	EXP 	New trial (rep=14, index=0): None
28.6299 	EXP 	Line_SS_Instr_MainTrial: autoDraw = False
28.6299 	EXP 	Score_SS_Instr_MainTrial: autoDraw = False
28.6299 	EXP 	Ball_SS_Instr_MainTrial: autoDraw = False
28.6299 	EXP 	Text_1_SS_Instr_MainTrial: autoDraw = False
28.6299 	EXP 	Text_2_SS_Instr_MainTrial: autoDraw = False
28.6299 	EXP 	Text_3_SS_Instr_MainTrial: autoDraw = False
28.6299 	EXP 	Line_SS_Instr_MainTrial: autoDraw = False
28.6299 	EXP 	Score_SS_Instr_MainTrial: autoDraw = False
28.6299 	EXP 	Ball_SS_Instr_MainTrial: autoDraw = False
28.6299 	EXP 	Text_1_SS_Instr_MainTrial: autoDraw = False
28.6299 	EXP 	Text_2_SS_Instr_MainTrial: autoDraw = False
28.6299 	EXP 	Text_3_SS_Instr_MainTrial: autoDraw = False
28.6299 	EXP 	Line_SS_Instr_PreTrial: pos = array([ 0. , -0.3])
28.6299 	EXP 	Line_SS_Instr_PreTrial: fillColor = '[1. 1. 1.] (rgb)'
28.6299 	EXP 	Line_SS_Instr_PreTrial: lineColor = '[1. 1. 1.] (rgb)'
28.6299 	EXP 	Line_SS_Instr_PreTrial: lineWidth = 0.5
28.6299 	EXP 	Circle_SS_Instr_PreTrial: pos = array([0. , 0.4])
28.6299 	EXP 	Circle_SS_Instr_PreTrial: size = array([0.126, 0.126])
28.6299 	EXP 	Circle_SS_Instr_PreTrial: lineColor = '[-1. -1. -1.] (rgb)'
28.6299 	EXP 	Circle_SS_Instr_PreTrial: lineWidth = 6.0
28.6299 	EXP 	Score_SS_Intr_PreTrial: color = '[-1.  1. -1.] (rgb)'
28.6299 	EXP 	Score_SS_Intr_PreTrial: opacity = 1.0
28.6299 	EXP 	Score_SS_Intr_PreTrial: text = 4
28.6299 	EXP 	Ball_SS_Instr_PreTrial: pos = array([0. , 0.4])
28.6299 	EXP 	Ball_SS_Instr_PreTrial: fillColor = '[-1. -1. -1.] (rgb)'
28.6299 	EXP 	Text_1_SS_Instr_PreTrial: pos = array([-0.3 , -0.25])
28.6299 	EXP 	Text_1_SS_Instr_PreTrial: text = 'In the upcoming block, \npress (j) when the ball overlaps the white line'
28.6299 	EXP 	Text_2_SS_Instr_PreTrial: text = 'Your job is to get 4 straght hits'
28.6299 	EXP 	Text_3_SS_Instr_PreTrial: text = 'Whenever you are ready, press (j) to start the task'
28.6299 	EXP 	Line_SS_Instr_PreTrial: autoDraw = True
28.6299 	EXP 	Circle_SS_Instr_PreTrial: autoDraw = True
28.6299 	EXP 	Score_SS_Intr_PreTrial: autoDraw = True
28.6299 	EXP 	Ball_SS_Instr_PreTrial: autoDraw = True
28.6299 	EXP 	Text_1_SS_Instr_PreTrial: autoDraw = True
28.6299 	EXP 	Text_2_SS_Instr_PreTrial: autoDraw = True
28.6299 	EXP 	Text_3_SS_Instr_PreTrial: autoDraw = True
28.7033 	DATA 	Keypress: escape
28.9437 	EXP 	window1: mouseVisible = True
