1.0807 	WARNING 	We strongly recommend you activate the PTB sound engine in PsychoPy prefs as the preferred audio engine. Its timing is vastly superior. Your prefs are currently set to use ['sounddevice', 'PTB', 'pyo', 'pygame'] (in that order).
8.0193 	WARNING 	Couldn't measure a consistent frame rate.
  - Is your graphics card set to sync to vertical blank?
  - Are you running other processes on your computer?

8.0196 	EXP 	Created window1 = Window(allowGUI=False, allowStencil=False, args=UNKNOWN, autoLog=True, bitsMode=UNKNOWN, blendMode='avg', bpc=(8, 8, 8), color=array([0., 0., 0.]), colorSpace='rgb', depthBits=8, fullscr=<method-wrapper '__getattribute__' of attributeSetter object at 0x000001AEAE7CE4A8>, gamma=None, gammaErrorPolicy='raise', kwargs=UNKNOWN, lms=UNKNOWN, monitor=<psychopy.monitors.calibTools.Monitor object at 0x000001AEAE99DEB8>, multiSample=False, name='window1', numSamples=2, pos=[0.0, 0.0], screen=0, size=array([1920, 1080]), stencilBits=0, stereo=False, units='height', useFBO=True, useRetina=False, viewOri=0.0, viewPos=None, viewScale=None, waitBlanking=True, winType='pyglet')
8.0197 	EXP 	window1: recordFrameIntervals = False
8.1859 	EXP 	window1: recordFrameIntervals = True
9.5393 	WARNING 	t of last frame was 20.10ms (=1/49)
9.7416 	WARNING 	t of last frame was 22.24ms (=1/44)
9.8558 	WARNING 	Couldn't measure a consistent frame rate.
  - Is your graphics card set to sync to vertical blank?
  - Are you running other processes on your computer?

10.0784 	EXP 	Created Instr_Exp_Text = TextStim(__class__=<class 'psychopy.visual.text.TextStim'>, alignHoriz=method-wrapper(...), alignText='center', alignVert=method-wrapper(...), anchorHoriz='center', anchorVert='center', antialias=True, autoLog=True, bold=False, color='white', colorSpace='named', contrast=1.0, depth=0.0, flipHoriz=False, flipVert=False, font='Arial', fontFiles=[], height=0.03, italic=False, languageStyle='LTR', name='Instr_Exp_Text', opacity=1.0, ori=0, pos=array([0., 0.]), rgb=array([255., 255., 255.]), text='default text', units='height', win=Window(...), wrapWidth=1)
10.0807 	EXP 	Created Line_SS_Instr_PreTrial = Line(__class__=<class 'psychopy.visual.line.Line'>, autoDraw=False, autoLog=True, closeShape=False, contrast=1.0, depth=-1.0, fillColor=None, fillColorSpace='rgb', interpolate=True, lineColor=array([1., 1., 1.]), lineColorSpace='rgb', lineWidth=1.0, name='Line_SS_Instr_PreTrial', opacity=1.0, ori=array(0.), pos=array([0., 0.]), size=array([1., 1.]), units='height', vertices=array([[-0.5,  0. ],
       [ 0.5,  0. ]]), win=Window(...), windingRule=None)
10.0926 	EXP 	Created Circle_SS_Instr_PreTrial = Polygon(__class__=<class 'psychopy.visual.polygon.Polygon'>, autoDraw=False, autoLog=True, closeShape=True, color=method-wrapper(...), colorSpace=None, contrast=1.0, depth=-2.0, fillColor=None, fillColorSpace='rgb', fillRGB=None, interpolate=True, lineColor=array([1., 1., 1.]), lineColorSpace='rgb', lineRGB=array([1., 1., 1.]), lineWidth=1.0, name='Circle_SS_Instr_PreTrial', opacity=1.0, ori=array(0.), pos=array([0., 0.]), size=array([1., 1.]), units='height', vertices=ndarray(...), win=Window(...))
10.1418 	EXP 	Created Score_SS_Intr_PreTrial = TextStim(__class__=<class 'psychopy.visual.text.TextStim'>, alignHoriz=method-wrapper(...), alignText='center', alignVert=method-wrapper(...), anchorHoriz='center', anchorVert='center', antialias=True, autoLog=True, bold=False, color='white', colorSpace='named', contrast=1.0, depth=-3.0, flipHoriz=False, flipVert=False, font='Arial', fontFiles=[], height=0.2, italic=False, languageStyle='Arabic', name='Score_SS_Intr_PreTrial', opacity=1.0, ori=0, pos=array([0.7, 0. ]), rgb=array([255., 255., 255.]), text='default text', units='height', win=Window(...), wrapWidth=1)
10.1517 	EXP 	Created Ball_SS_Instr_PreTrial = Polygon(__class__=<class 'psychopy.visual.polygon.Polygon'>, autoDraw=False, autoLog=True, closeShape=True, color=method-wrapper(...), colorSpace=None, contrast=1.0, depth=-4.0, fillColor=array([1., 1., 1.]), fillColorSpace='rgb', fillRGB=array([1., 1., 1.]), interpolate=True, lineColor=None, lineColorSpace='rgb', lineRGB=None, lineWidth=0.01, name='Ball_SS_Instr_PreTrial', opacity=1.0, ori=array(0.), pos=array([0., 0.]), size=array([1., 1.]), units='height', vertices=ndarray(...), win=Window(...))
10.1542 	EXP 	Created Text_1_SS_Instr_PreTrial = TextStim(__class__=<class 'psychopy.visual.text.TextStim'>, alignHoriz=method-wrapper(...), alignText='center', alignVert=method-wrapper(...), anchorHoriz='center', anchorVert='center', antialias=True, autoLog=True, bold=False, color='white', colorSpace='named', contrast=1.0, depth=-5.0, flipHoriz=False, flipVert=False, font='Arial', fontFiles=[], height=0.03, italic=False, languageStyle='LTR', name='Text_1_SS_Instr_PreTrial', opacity=1.0, ori=0, pos=array([0., 0.]), rgb=array([255., 255., 255.]), text='default text', units='height', win=Window(...), wrapWidth=1)
10.1564 	EXP 	Created Text_2_SS_Instr_PreTrial = TextStim(__class__=<class 'psychopy.visual.text.TextStim'>, alignHoriz=method-wrapper(...), alignText='center', alignVert=method-wrapper(...), anchorHoriz='center', anchorVert='center', antialias=True, autoLog=True, bold=False, color='white', colorSpace='named', contrast=1.0, depth=-6.0, flipHoriz=False, flipVert=False, font='Arial', fontFiles=[], height=0.03, italic=False, languageStyle='LTR', name='Text_2_SS_Instr_PreTrial', opacity=1.0, ori=0, pos=array([0.5 , 0.15]), rgb=array([255., 255., 255.]), text='default text', units='height', win=Window(...), wrapWidth=1)
10.1702 	EXP 	Created Text_3_SS_Instr_PreTrial = TextStim(__class__=<class 'psychopy.visual.text.TextStim'>, alignHoriz=method-wrapper(...), alignText='center', alignVert=method-wrapper(...), anchorHoriz='center', anchorVert='center', antialias=True, autoLog=True, bold=False, color='white', colorSpace='named', contrast=1.0, depth=-7.0, flipHoriz=False, flipVert=False, font='Arial', fontFiles=[], height=0.05, italic=False, languageStyle='LTR', name='Text_3_SS_Instr_PreTrial', opacity=1.0, ori=0, pos=array([0., 0.]), rgb=array([255., 255., 255.]), text='default text', units='height', win=Window(...), wrapWidth=1)
10.1711 	EXP 	Created Line_SS_Instr_MainTrial = Line(__class__=<class 'psychopy.visual.line.Line'>, autoDraw=False, autoLog=True, closeShape=False, contrast=1.0, depth=-1.0, fillColor=None, fillColorSpace='rgb', interpolate=True, lineColor=array([1., 1., 1.]), lineColorSpace='rgb', lineWidth=1.0, name='Line_SS_Instr_MainTrial', opacity=1.0, ori=array(0.), pos=array([0., 0.]), size=array([1., 1.]), units='height', vertices=array([[-0.5,  0. ],
       [ 0.5,  0. ]]), win=Window(...), windingRule=None)
10.1764 	EXP 	Created Score_SS_Instr_MainTrial = TextStim(__class__=<class 'psychopy.visual.text.TextStim'>, alignHoriz=method-wrapper(...), alignText='center', alignVert=method-wrapper(...), anchorHoriz='center', anchorVert='center', antialias=True, autoLog=True, bold=False, color='white', colorSpace='named', contrast=1.0, depth=-2.0, flipHoriz=False, flipVert=False, font='Arial', fontFiles=[], height=0.2, italic=False, languageStyle='Arabic', name='Score_SS_Instr_MainTrial', opacity=1.0, ori=0, pos=array([0.7, 0. ]), rgb=array([255., 255., 255.]), text='default text', units='height', win=Window(...), wrapWidth=1)
10.1863 	EXP 	Created Ball_SS_Instr_MainTrial = Polygon(__class__=<class 'psychopy.visual.polygon.Polygon'>, autoDraw=False, autoLog=True, closeShape=True, color=method-wrapper(...), colorSpace=None, contrast=1.0, depth=-3.0, fillColor=array([1., 1., 1.]), fillColorSpace='rgb', fillRGB=array([1., 1., 1.]), interpolate=True, lineColor=None, lineColorSpace='rgb', lineRGB=None, lineWidth=0.01, name='Ball_SS_Instr_MainTrial', opacity=1.0, ori=array(0.), pos=array([0., 0.]), size=array([1., 1.]), units='height', vertices=ndarray(...), win=Window(...))
10.1915 	EXP 	Created Text_1_SS_Instr_MainTrial = TextStim(__class__=<class 'psychopy.visual.text.TextStim'>, alignHoriz=method-wrapper(...), alignText='center', alignVert=method-wrapper(...), anchorHoriz='center', anchorVert='center', antialias=True, autoLog=True, bold=False, color='white', colorSpace='named', contrast=1.0, depth=-4.0, flipHoriz=False, flipVert=False, font='Arial', fontFiles=[], height=0.03, italic=False, languageStyle='LTR', name='Text_1_SS_Instr_MainTrial', opacity=1.0, ori=0, pos=array([0., 0.]), rgb=array([255., 255., 255.]), text='default text', units='height', win=Window(...), wrapWidth=1)
10.1938 	EXP 	Created Text_2_SS_Instr_MainTrial = TextStim(__class__=<class 'psychopy.visual.text.TextStim'>, alignHoriz=method-wrapper(...), alignText='center', alignVert=method-wrapper(...), anchorHoriz='center', anchorVert='center', antialias=True, autoLog=True, bold=False, color='white', colorSpace='named', contrast=1.0, depth=-5.0, flipHoriz=False, flipVert=False, font='Arial', fontFiles=[], height=0.03, italic=False, languageStyle='LTR', name='Text_2_SS_Instr_MainTrial', opacity=1.0, ori=0, pos=array([0.5 , 0.15]), rgb=array([255., 255., 255.]), text='default text', units='height', win=Window(...), wrapWidth=1)
10.1960 	EXP 	Created Text_3_SS_Instr_MainTrial = TextStim(__class__=<class 'psychopy.visual.text.TextStim'>, alignHoriz=method-wrapper(...), alignText='center', alignVert=method-wrapper(...), anchorHoriz='center', anchorVert='center', antialias=True, autoLog=True, bold=False, color='white', colorSpace='named', contrast=1.0, depth=-6.0, flipHoriz=False, flipVert=False, font='Arial', fontFiles=[], height=0.05, italic=False, languageStyle='LTR', name='Text_3_SS_Instr_MainTrial', opacity=1.0, ori=0, pos=array([0., 0.]), rgb=array([255., 255., 255.]), text='default text', units='height', win=Window(...), wrapWidth=1)
10.1968 	EXP 	Created Line_SS_Prac_CountDown = Line(__class__=<class 'psychopy.visual.line.Line'>, autoDraw=False, autoLog=True, closeShape=False, contrast=1.0, depth=-1.0, fillColor=None, fillColorSpace='rgb', interpolate=True, lineColor=array([1., 1., 1.]), lineColorSpace='rgb', lineWidth=1.0, name='Line_SS_Prac_CountDown', opacity=1.0, ori=array(0.), pos=array([0., 0.]), size=array([1., 1.]), units='height', vertices=array([[-1.,  0.],
       [ 1.,  0.]]), win=Window(...), windingRule=None)
10.2368 	EXP 	Created Text_SS_Prac_CountDown = TextStim(__class__=<class 'psychopy.visual.text.TextStim'>, alignHoriz=method-wrapper(...), alignText='center', alignVert=method-wrapper(...), anchorHoriz='center', anchorVert='center', antialias=True, autoLog=True, bold=False, color='white', colorSpace='named', contrast=1.0, depth=-2.0, flipHoriz=False, flipVert=False, font='Arial', fontFiles=[], height=0.2, italic=False, languageStyle='Arabic', name='Text_SS_Prac_CountDown', opacity=1.0, ori=0, pos=array([0., 0.]), rgb=array([255., 255., 255.]), text='default text', units='height', win=Window(...), wrapWidth=1)
10.2422 	EXP 	Created Score_SS_Prac_CountDown = TextStim(__class__=<class 'psychopy.visual.text.TextStim'>, alignHoriz=method-wrapper(...), alignText='center', alignVert=method-wrapper(...), anchorHoriz='center', anchorVert='center', antialias=True, autoLog=True, bold=False, color='white', colorSpace='named', contrast=1.0, depth=-3.0, flipHoriz=False, flipVert=False, font='Arial', fontFiles=[], height=0.2, italic=False, languageStyle='Arabic', name='Score_SS_Prac_CountDown', opacity=1.0, ori=0, pos=array([0.7, 0. ]), rgb=array([255., 255., 255.]), text='default text', units='height', win=Window(...), wrapWidth=1)
10.2431 	EXP 	Created Line_SS_Prac_PreTrial = Line(__class__=<class 'psychopy.visual.line.Line'>, autoDraw=False, autoLog=True, closeShape=False, contrast=1.0, depth=-1.0, fillColor=None, fillColorSpace='rgb', interpolate=True, lineColor=array([1., 1., 1.]), lineColorSpace='rgb', lineWidth=1.0, name='Line_SS_Prac_PreTrial', opacity=1.0, ori=array(0.), pos=array([0., 0.]), size=array([1., 1.]), units='height', vertices=array([[-0.5,  0. ],
       [ 0.5,  0. ]]), win=Window(...), windingRule=None)
10.2486 	EXP 	Created Score_SS_Prac_PreTrial = TextStim(__class__=<class 'psychopy.visual.text.TextStim'>, alignHoriz=method-wrapper(...), alignText='center', alignVert=method-wrapper(...), anchorHoriz='center', anchorVert='center', antialias=True, autoLog=True, bold=False, color='white', colorSpace='named', contrast=1.0, depth=-2.0, flipHoriz=False, flipVert=False, font='Arial', fontFiles=[], height=0.2, italic=False, languageStyle='Arabic', name='Score_SS_Prac_PreTrial', opacity=1.0, ori=0, pos=array([0.7, 0. ]), rgb=array([255., 255., 255.]), text='default text', units='height', win=Window(...), wrapWidth=1)
10.2595 	EXP 	Created Circle_SS_Prac_PreTrial = Polygon(__class__=<class 'psychopy.visual.polygon.Polygon'>, autoDraw=False, autoLog=True, closeShape=True, color=method-wrapper(...), colorSpace=None, contrast=1.0, depth=-3.0, fillColor=None, fillColorSpace='rgb', fillRGB=None, interpolate=True, lineColor=array([1., 1., 1.]), lineColorSpace='rgb', lineRGB=array([1., 1., 1.]), lineWidth=1.0, name='Circle_SS_Prac_PreTrial', opacity=1.0, ori=array(0.), pos=array([0., 0.]), size=array([1., 1.]), units='height', vertices=ndarray(...), win=Window(...))
10.2694 	EXP 	Created Ball_SS_Prac_PreTrial = Polygon(__class__=<class 'psychopy.visual.polygon.Polygon'>, autoDraw=False, autoLog=True, closeShape=True, color=method-wrapper(...), colorSpace=None, contrast=1.0, depth=-4.0, fillColor=array([1., 1., 1.]), fillColorSpace='rgb', fillRGB=array([1., 1., 1.]), interpolate=True, lineColor=None, lineColorSpace='rgb', lineRGB=None, lineWidth=0, name='Ball_SS_Prac_PreTrial', opacity=1.0, ori=array(0.), pos=array([0., 0.]), size=array([1., 1.]), units='height', vertices=ndarray(...), win=Window(...))
10.2702 	EXP 	Created Line_SS_Prac_MainTrial = Line(__class__=<class 'psychopy.visual.line.Line'>, autoDraw=False, autoLog=True, closeShape=False, contrast=1.0, depth=-1.0, fillColor=None, fillColorSpace='rgb', interpolate=True, lineColor=array([1., 1., 1.]), lineColorSpace='rgb', lineWidth=1.0, name='Line_SS_Prac_MainTrial', opacity=1.0, ori=array(0.), pos=array([0., 0.]), size=array([1., 1.]), units='height', vertices=array([[-0.5,  0. ],
       [ 0.5,  0. ]]), win=Window(...), windingRule=None)
10.2756 	EXP 	Created Score_SS_Prac_MainTrial = TextStim(__class__=<class 'psychopy.visual.text.TextStim'>, alignHoriz=method-wrapper(...), alignText='center', alignVert=method-wrapper(...), anchorHoriz='center', anchorVert='center', antialias=True, autoLog=True, bold=False, color='white', colorSpace='named', contrast=1.0, depth=-2.0, flipHoriz=False, flipVert=False, font='Arial', fontFiles=[], height=0.2, italic=False, languageStyle='Arabic', name='Score_SS_Prac_MainTrial', opacity=1.0, ori=0, pos=array([0.7, 0. ]), rgb=array([255., 255., 255.]), text='default text', units='height', win=Window(...), wrapWidth=1)
10.2859 	EXP 	Created Ball_SS_Prac_MainTrial = Polygon(__class__=<class 'psychopy.visual.polygon.Polygon'>, autoDraw=False, autoLog=True, closeShape=True, color=method-wrapper(...), colorSpace=None, contrast=1.0, depth=-3.0, fillColor=array([1., 1., 1.]), fillColorSpace='rgb', fillRGB=array([1., 1., 1.]), interpolate=True, lineColor=None, lineColorSpace='rgb', lineRGB=None, lineWidth=0, name='Ball_SS_Prac_MainTrial', opacity=1.0, ori=array(0.), pos=array([0., 0.]), size=array([1., 1.]), units='height', vertices=ndarray(...), win=Window(...))
10.3056 	EXP 	Sound Sound_SS_Prac_PostTrial set volume 1.000
10.3069 	EXP 	Created Line_SS_Prac_PostTrial = Line(__class__=<class 'psychopy.visual.line.Line'>, autoDraw=False, autoLog=True, closeShape=False, contrast=1.0, depth=-1.0, fillColor=None, fillColorSpace='rgb', interpolate=True, lineColor=array([1., 1., 1.]), lineColorSpace='rgb', lineWidth=1.0, name='Line_SS_Prac_PostTrial', opacity=1.0, ori=array(0.), pos=array([0., 0.]), size=array([1., 1.]), units='height', vertices=array([[-0.5,  0. ],
       [ 0.5,  0. ]]), win=Window(...), windingRule=None)
10.3089 	EXP 	Created Image_SS_Prac_PostTrial = ImageStim(__class__=<class 'psychopy.visual.image.ImageStim'>, autoLog=True, color='white', colorSpace='named', contrast=1.0, depth=-2.0, flipHoriz=False, flipVert=False, image='sin', interpolate=True, mask=None, maskParams=None, name='Image_SS_Prac_PostTrial', opacity=1.0, ori=0.0, pos=array([0., 0.]), size=array([0.2, 0.2]), texRes=128, units='height', win=Window(...))
10.3141 	EXP 	Created Score_SS_Prac_PostTrial = TextStim(__class__=<class 'psychopy.visual.text.TextStim'>, alignHoriz=method-wrapper(...), alignText='center', alignVert=method-wrapper(...), anchorHoriz='center', anchorVert='center', antialias=True, autoLog=True, bold=False, color='white', colorSpace='named', contrast=1.0, depth=-3.0, flipHoriz=False, flipVert=False, font='Arial', fontFiles=[], height=0.2, italic=False, languageStyle='Arabic', name='Score_SS_Prac_PostTrial', opacity=1.0, ori=0, pos=array([0.7, 0. ]), rgb=array([255., 255., 255.]), text='default text', units='height', win=Window(...), wrapWidth=1)
10.3248 	EXP 	Created Ball_SS_Prac_PostTrial = Polygon(__class__=<class 'psychopy.visual.polygon.Polygon'>, autoDraw=False, autoLog=True, closeShape=True, color=method-wrapper(...), colorSpace=None, contrast=1.0, depth=-4.0, fillColor=array([1., 1., 1.]), fillColorSpace='rgb', fillRGB=array([1., 1., 1.]), interpolate=True, lineColor=None, lineColorSpace='rgb', lineRGB=None, lineWidth=0, name='Ball_SS_Prac_PostTrial', opacity=1.0, ori=array(0.), pos=array([0., 0.]), size=array([1., 1.]), units='height', vertices=ndarray(...), win=Window(...))
10.3273 	EXP 	Created Instr_SS_Text = TextStim(__class__=<class 'psychopy.visual.text.TextStim'>, alignHoriz=method-wrapper(...), alignText='center', alignVert=method-wrapper(...), anchorHoriz='center', anchorVert='center', antialias=True, autoLog=True, bold=False, color='white', colorSpace='named', contrast=1.0, depth=-1.0, flipHoriz=False, flipVert=False, font='Arial', fontFiles=[], height=0.03, italic=False, languageStyle='LTR', name='Instr_SS_Text', opacity=1.0, ori=0, pos=array([0., 0.]), rgb=array([255., 255., 255.]), text='default text', units='height', win=Window(...), wrapWidth=1)
10.3281 	EXP 	Created Line_SS_Instr_PreTrial = Line(__class__=<class 'psychopy.visual.line.Line'>, autoDraw=False, autoLog=True, closeShape=False, contrast=1.0, depth=-1.0, fillColor=None, fillColorSpace='rgb', interpolate=True, lineColor=array([1., 1., 1.]), lineColorSpace='rgb', lineWidth=1.0, name='Line_SS_Instr_PreTrial', opacity=1.0, ori=array(0.), pos=array([0., 0.]), size=array([1., 1.]), units='height', vertices=array([[-0.5,  0. ],
       [ 0.5,  0. ]]), win=Window(...), windingRule=None)
10.3395 	EXP 	Created Circle_SS_Instr_PreTrial = Polygon(__class__=<class 'psychopy.visual.polygon.Polygon'>, autoDraw=False, autoLog=True, closeShape=True, color=method-wrapper(...), colorSpace=None, contrast=1.0, depth=-2.0, fillColor=None, fillColorSpace='rgb', fillRGB=None, interpolate=True, lineColor=array([1., 1., 1.]), lineColorSpace='rgb', lineRGB=array([1., 1., 1.]), lineWidth=1.0, name='Circle_SS_Instr_PreTrial', opacity=1.0, ori=array(0.), pos=array([0., 0.]), size=array([1., 1.]), units='height', vertices=ndarray(...), win=Window(...))
10.3449 	EXP 	Created Score_SS_Intr_PreTrial = TextStim(__class__=<class 'psychopy.visual.text.TextStim'>, alignHoriz=method-wrapper(...), alignText='center', alignVert=method-wrapper(...), anchorHoriz='center', anchorVert='center', antialias=True, autoLog=True, bold=False, color='white', colorSpace='named', contrast=1.0, depth=-3.0, flipHoriz=False, flipVert=False, font='Arial', fontFiles=[], height=0.2, italic=False, languageStyle='Arabic', name='Score_SS_Intr_PreTrial', opacity=1.0, ori=0, pos=array([0.7, 0. ]), rgb=array([255., 255., 255.]), text='default text', units='height', win=Window(...), wrapWidth=1)
10.3554 	EXP 	Created Ball_SS_Instr_PreTrial = Polygon(__class__=<class 'psychopy.visual.polygon.Polygon'>, autoDraw=False, autoLog=True, closeShape=True, color=method-wrapper(...), colorSpace=None, contrast=1.0, depth=-4.0, fillColor=array([1., 1., 1.]), fillColorSpace='rgb', fillRGB=array([1., 1., 1.]), interpolate=True, lineColor=None, lineColorSpace='rgb', lineRGB=None, lineWidth=0.01, name='Ball_SS_Instr_PreTrial', opacity=1.0, ori=array(0.), pos=array([0., 0.]), size=array([1., 1.]), units='height', vertices=ndarray(...), win=Window(...))
10.3581 	EXP 	Created Text_1_SS_Instr_PreTrial = TextStim(__class__=<class 'psychopy.visual.text.TextStim'>, alignHoriz=method-wrapper(...), alignText='center', alignVert=method-wrapper(...), anchorHoriz='center', anchorVert='center', antialias=True, autoLog=True, bold=False, color='white', colorSpace='named', contrast=1.0, depth=-5.0, flipHoriz=False, flipVert=False, font='Arial', fontFiles=[], height=0.03, italic=False, languageStyle='LTR', name='Text_1_SS_Instr_PreTrial', opacity=1.0, ori=0, pos=array([0., 0.]), rgb=array([255., 255., 255.]), text='default text', units='height', win=Window(...), wrapWidth=1)
10.3603 	EXP 	Created Text_2_SS_Instr_PreTrial = TextStim(__class__=<class 'psychopy.visual.text.TextStim'>, alignHoriz=method-wrapper(...), alignText='center', alignVert=method-wrapper(...), anchorHoriz='center', anchorVert='center', antialias=True, autoLog=True, bold=False, color='white', colorSpace='named', contrast=1.0, depth=-6.0, flipHoriz=False, flipVert=False, font='Arial', fontFiles=[], height=0.03, italic=False, languageStyle='LTR', name='Text_2_SS_Instr_PreTrial', opacity=1.0, ori=0, pos=array([0.5 , 0.15]), rgb=array([255., 255., 255.]), text='default text', units='height', win=Window(...), wrapWidth=1)
10.3624 	EXP 	Created Text_3_SS_Instr_PreTrial = TextStim(__class__=<class 'psychopy.visual.text.TextStim'>, alignHoriz=method-wrapper(...), alignText='center', alignVert=method-wrapper(...), anchorHoriz='center', anchorVert='center', antialias=True, autoLog=True, bold=False, color='white', colorSpace='named', contrast=1.0, depth=-7.0, flipHoriz=False, flipVert=False, font='Arial', fontFiles=[], height=0.05, italic=False, languageStyle='LTR', name='Text_3_SS_Instr_PreTrial', opacity=1.0, ori=0, pos=array([0., 0.]), rgb=array([255., 255., 255.]), text='default text', units='height', win=Window(...), wrapWidth=1)
10.3632 	EXP 	Created Line_SS_Instr_MainTrial = Line(__class__=<class 'psychopy.visual.line.Line'>, autoDraw=False, autoLog=True, closeShape=False, contrast=1.0, depth=-1.0, fillColor=None, fillColorSpace='rgb', interpolate=True, lineColor=array([1., 1., 1.]), lineColorSpace='rgb', lineWidth=1.0, name='Line_SS_Instr_MainTrial', opacity=1.0, ori=array(0.), pos=array([0., 0.]), size=array([1., 1.]), units='height', vertices=array([[-0.5,  0. ],
       [ 0.5,  0. ]]), win=Window(...), windingRule=None)
10.3690 	EXP 	Created Score_SS_Instr_MainTrial = TextStim(__class__=<class 'psychopy.visual.text.TextStim'>, alignHoriz=method-wrapper(...), alignText='center', alignVert=method-wrapper(...), anchorHoriz='center', anchorVert='center', antialias=True, autoLog=True, bold=False, color='white', colorSpace='named', contrast=1.0, depth=-2.0, flipHoriz=False, flipVert=False, font='Arial', fontFiles=[], height=0.2, italic=False, languageStyle='Arabic', name='Score_SS_Instr_MainTrial', opacity=1.0, ori=0, pos=array([0.7, 0. ]), rgb=array([255., 255., 255.]), text='default text', units='height', win=Window(...), wrapWidth=1)
10.3802 	EXP 	Created Ball_SS_Instr_MainTrial = Polygon(__class__=<class 'psychopy.visual.polygon.Polygon'>, autoDraw=False, autoLog=True, closeShape=True, color=method-wrapper(...), colorSpace=None, contrast=1.0, depth=-3.0, fillColor=array([1., 1., 1.]), fillColorSpace='rgb', fillRGB=array([1., 1., 1.]), interpolate=True, lineColor=None, lineColorSpace='rgb', lineRGB=None, lineWidth=0.01, name='Ball_SS_Instr_MainTrial', opacity=1.0, ori=array(0.), pos=array([0., 0.]), size=array([1., 1.]), units='height', vertices=ndarray(...), win=Window(...))
10.3828 	EXP 	Created Text_1_SS_Instr_MainTrial = TextStim(__class__=<class 'psychopy.visual.text.TextStim'>, alignHoriz=method-wrapper(...), alignText='center', alignVert=method-wrapper(...), anchorHoriz='center', anchorVert='center', antialias=True, autoLog=True, bold=False, color='white', colorSpace='named', contrast=1.0, depth=-4.0, flipHoriz=False, flipVert=False, font='Arial', fontFiles=[], height=0.03, italic=False, languageStyle='LTR', name='Text_1_SS_Instr_MainTrial', opacity=1.0, ori=0, pos=array([0., 0.]), rgb=array([255., 255., 255.]), text='default text', units='height', win=Window(...), wrapWidth=1)
10.3855 	EXP 	Created Text_2_SS_Instr_MainTrial = TextStim(__class__=<class 'psychopy.visual.text.TextStim'>, alignHoriz=method-wrapper(...), alignText='center', alignVert=method-wrapper(...), anchorHoriz='center', anchorVert='center', antialias=True, autoLog=True, bold=False, color='white', colorSpace='named', contrast=1.0, depth=-5.0, flipHoriz=False, flipVert=False, font='Arial', fontFiles=[], height=0.03, italic=False, languageStyle='LTR', name='Text_2_SS_Instr_MainTrial', opacity=1.0, ori=0, pos=array([0.5 , 0.15]), rgb=array([255., 255., 255.]), text='default text', units='height', win=Window(...), wrapWidth=1)
10.3878 	EXP 	Created Text_3_SS_Instr_MainTrial = TextStim(__class__=<class 'psychopy.visual.text.TextStim'>, alignHoriz=method-wrapper(...), alignText='center', alignVert=method-wrapper(...), anchorHoriz='center', anchorVert='center', antialias=True, autoLog=True, bold=False, color='white', colorSpace='named', contrast=1.0, depth=-6.0, flipHoriz=False, flipVert=False, font='Arial', fontFiles=[], height=0.05, italic=False, languageStyle='LTR', name='Text_3_SS_Instr_MainTrial', opacity=1.0, ori=0, pos=array([0., 0.]), rgb=array([255., 255., 255.]), text='default text', units='height', win=Window(...), wrapWidth=1)
10.3901 	EXP 	Created Text_Instr_Block_Num = TextStim(__class__=<class 'psychopy.visual.text.TextStim'>, alignHoriz=method-wrapper(...), alignText='center', alignVert=method-wrapper(...), anchorHoriz='center', anchorVert='center', antialias=True, autoLog=True, bold=False, color='white', colorSpace='named', contrast=1.0, depth=0.0, flipHoriz=False, flipVert=False, font='Arial', fontFiles=[], height=0.03, italic=False, languageStyle='LTR', name='Text_Instr_Block_Num', opacity=1.0, ori=0, pos=array([0., 0.]), rgb=array([255., 255., 255.]), text='default text', units='height', win=Window(...), wrapWidth=1)
10.3911 	EXP 	Created Line_SS_CountDown = Line(__class__=<class 'psychopy.visual.line.Line'>, autoDraw=False, autoLog=True, closeShape=False, contrast=1.0, depth=-1.0, fillColor=None, fillColorSpace='rgb', interpolate=True, lineColor=array([1., 1., 1.]), lineColorSpace='rgb', lineWidth=1.0, name='Line_SS_CountDown', opacity=1.0, ori=array(0.), pos=array([0., 0.]), size=array([1., 1.]), units='height', vertices=array([[-1.,  0.],
       [ 1.,  0.]]), win=Window(...), windingRule=None)
10.3963 	EXP 	Created Text_SS_CountDown = TextStim(__class__=<class 'psychopy.visual.text.TextStim'>, alignHoriz=method-wrapper(...), alignText='center', alignVert=method-wrapper(...), anchorHoriz='center', anchorVert='center', antialias=True, autoLog=True, bold=False, color='white', colorSpace='named', contrast=1.0, depth=-2.0, flipHoriz=False, flipVert=False, font='Arial', fontFiles=[], height=0.2, italic=False, languageStyle='Arabic', name='Text_SS_CountDown', opacity=1.0, ori=0, pos=array([0., 0.]), rgb=array([255., 255., 255.]), text='default text', units='height', win=Window(...), wrapWidth=1)
10.3971 	EXP 	Created Line_SS_PreTrial = Line(__class__=<class 'psychopy.visual.line.Line'>, autoDraw=False, autoLog=True, closeShape=False, contrast=1.0, depth=-1.0, fillColor=None, fillColorSpace='rgb', interpolate=True, lineColor=array([1., 1., 1.]), lineColorSpace='rgb', lineWidth=1.0, name='Line_SS_PreTrial', opacity=1.0, ori=array(0.), pos=array([0., 0.]), size=array([1., 1.]), units='height', vertices=array([[-0.5,  0. ],
       [ 0.5,  0. ]]), win=Window(...), windingRule=None)
10.4089 	EXP 	Created Circle_SS_PreTrial = Polygon(__class__=<class 'psychopy.visual.polygon.Polygon'>, autoDraw=False, autoLog=True, closeShape=True, color=method-wrapper(...), colorSpace=None, contrast=1.0, depth=-2.0, fillColor=None, fillColorSpace='rgb', fillRGB=None, interpolate=True, lineColor=array([1., 1., 1.]), lineColorSpace='rgb', lineRGB=array([1., 1., 1.]), lineWidth=1.0, name='Circle_SS_PreTrial', opacity=1.0, ori=array(0.), pos=array([0., 0.]), size=array([1., 1.]), units='height', vertices=ndarray(...), win=Window(...))
10.4203 	EXP 	Created Ball_SS_PreTrial = Polygon(__class__=<class 'psychopy.visual.polygon.Polygon'>, autoDraw=False, autoLog=True, closeShape=True, color=method-wrapper(...), colorSpace=None, contrast=1.0, depth=-3.0, fillColor=array([1., 1., 1.]), fillColorSpace='rgb', fillRGB=array([1., 1., 1.]), interpolate=True, lineColor=None, lineColorSpace='rgb', lineRGB=None, lineWidth=0, name='Ball_SS_PreTrial', opacity=1.0, ori=array(0.), pos=array([0., 0.]), size=array([1., 1.]), units='height', vertices=ndarray(...), win=Window(...))
10.4211 	EXP 	Created Line_SS_MainTrial = Line(__class__=<class 'psychopy.visual.line.Line'>, autoDraw=False, autoLog=True, closeShape=False, contrast=1.0, depth=-1.0, fillColor=None, fillColorSpace='rgb', interpolate=True, lineColor=array([1., 1., 1.]), lineColorSpace='rgb', lineWidth=1.0, name='Line_SS_MainTrial', opacity=1.0, ori=array(0.), pos=array([0., 0.]), size=array([1., 1.]), units='height', vertices=array([[-0.5,  0. ],
       [ 0.5,  0. ]]), win=Window(...), windingRule=None)
10.4307 	EXP 	Created Ball_SS_MainTrial = Polygon(__class__=<class 'psychopy.visual.polygon.Polygon'>, autoDraw=False, autoLog=True, closeShape=True, color=method-wrapper(...), colorSpace=None, contrast=1.0, depth=-2.0, fillColor=array([1., 1., 1.]), fillColorSpace='rgb', fillRGB=array([1., 1., 1.]), interpolate=True, lineColor=None, lineColorSpace='rgb', lineRGB=None, lineWidth=0, name='Ball_SS_MainTrial', opacity=1.0, ori=array(0.), pos=array([0., 0.]), size=array([1., 1.]), units='height', vertices=ndarray(...), win=Window(...))
10.4309 	EXP 	Sound Sound_SS_PostTrial set volume 1.000
10.4316 	EXP 	Created Line_SS_PostTrial = Line(__class__=<class 'psychopy.visual.line.Line'>, autoDraw=False, autoLog=True, closeShape=False, contrast=1.0, depth=-1.0, fillColor=None, fillColorSpace='rgb', interpolate=True, lineColor=array([1., 1., 1.]), lineColorSpace='rgb', lineWidth=1.0, name='Line_SS_PostTrial', opacity=1.0, ori=array(0.), pos=array([0., 0.]), size=array([1., 1.]), units='height', vertices=array([[-0.5,  0. ],
       [ 0.5,  0. ]]), win=Window(...), windingRule=None)
10.4337 	EXP 	Created Image_SS_PostTrial = ImageStim(__class__=<class 'psychopy.visual.image.ImageStim'>, autoLog=True, color='white', colorSpace='named', contrast=1.0, depth=-2.0, flipHoriz=False, flipVert=False, image='sin', interpolate=True, mask=None, maskParams=None, name='Image_SS_PostTrial', opacity=1.0, ori=0.0, pos=array([0., 0.]), size=array([0.2, 0.2]), texRes=128, units='height', win=Window(...))
10.4438 	EXP 	Created Ball_SS_PostTrial = Polygon(__class__=<class 'psychopy.visual.polygon.Polygon'>, autoDraw=False, autoLog=True, closeShape=True, color=method-wrapper(...), colorSpace=None, contrast=1.0, depth=-3.0, fillColor=array([1., 1., 1.]), fillColorSpace='rgb', fillRGB=array([1., 1., 1.]), interpolate=True, lineColor=None, lineColorSpace='rgb', lineRGB=None, lineWidth=0, name='Ball_SS_PostTrial', opacity=1.0, ori=array(0.), pos=array([0., 0.]), size=array([1., 1.]), units='height', vertices=ndarray(...), win=Window(...))
10.4734 	EXP 	Imported conditions.xlsx as conditions, 1 conditions, 4 params
10.4736 	EXP 	Created sequence: sequential, trialTypes=1, nReps=1, seed=None
10.4739 	EXP 	New trial (rep=0, index=0): OrderedDict([('Check', 'media/check.png'), ('Cross', 'media/cross.png'), ('Sound_P', 'media/coin.wav'), ('Sound_N', 'media/buzz.wav')])
10.5517 	WARNING 	t of last frame was 696.09ms (=1/1)
10.5517 	EXP 	Instr_Exp_Text: text = 'Thank you for participating in our study! \n\nThis study will take about 30 minutes. Once you start, you cannot turn off your web browser until you complete the study. \n\nOn next page, please carefully read this instruction. \n\nIf you are ready, press (space) to continue.'
10.5517 	EXP 	Instr_Exp_Text: autoDraw = True
10.5719 	WARNING 	t of last frame was 20.25ms (=1/49)
10.6083 	WARNING 	Multiple dropped frames have occurred - I'll stop bothering you about them!
11.3061 	EXP 	Created sequence: sequential, trialTypes=1, nReps=2, seed=None
11.3063 	EXP 	New trial (rep=0, index=0): None
11.3078 	EXP 	Created sequence: sequential, trialTypes=1, nReps=1000, seed=None
11.3114 	EXP 	New trial (rep=0, index=0): None
11.3269 	DATA 	Keypress: space
11.3304 	EXP 	Instr_Exp_Text: autoDraw = False
11.3304 	EXP 	Line_SS_Instr_PreTrial: pos = array([-0.5, -0.3])
11.3304 	EXP 	Line_SS_Instr_PreTrial: fillColor = '[1. 1. 1.] (rgb)'
11.3304 	EXP 	Line_SS_Instr_PreTrial: lineColor = '[1. 1. 1.] (rgb)'
11.3304 	EXP 	Line_SS_Instr_PreTrial: lineWidth = 0.5
11.3304 	EXP 	Circle_SS_Instr_PreTrial: pos = array([0. , 0.4])
11.3304 	EXP 	Circle_SS_Instr_PreTrial: size = array([0.126, 0.126])
11.3304 	EXP 	Circle_SS_Instr_PreTrial: lineColor = '[-1. -1. -1.] (rgb)'
11.3304 	EXP 	Circle_SS_Instr_PreTrial: lineWidth = 6.0
11.3304 	EXP 	Score_SS_Intr_PreTrial: color = '[-1.  1. -1.] (rgb)'
11.3304 	EXP 	Score_SS_Intr_PreTrial: opacity = 1.0
11.3304 	EXP 	Score_SS_Intr_PreTrial: text = 0
11.3304 	EXP 	Ball_SS_Instr_PreTrial: pos = array([0. , 0.4])
11.3304 	EXP 	Ball_SS_Instr_PreTrial: fillColor = '[-1. -1. -1.] (rgb)'
11.3304 	EXP 	Text_1_SS_Instr_PreTrial: pos = array([-0.3 , -0.25])
11.3304 	EXP 	Text_1_SS_Instr_PreTrial: text = ''
11.3304 	EXP 	Text_2_SS_Instr_PreTrial: text = ''
11.3304 	EXP 	Text_3_SS_Instr_PreTrial: text = ''
11.3304 	EXP 	Line_SS_Instr_PreTrial: autoDraw = True
11.3304 	EXP 	Circle_SS_Instr_PreTrial: autoDraw = True
11.3304 	EXP 	Score_SS_Intr_PreTrial: autoDraw = True
11.3304 	EXP 	Ball_SS_Instr_PreTrial: autoDraw = True
11.3304 	EXP 	Text_1_SS_Instr_PreTrial: autoDraw = True
11.3304 	EXP 	Text_2_SS_Instr_PreTrial: autoDraw = True
11.3304 	EXP 	Text_3_SS_Instr_PreTrial: autoDraw = True
11.9518 	EXP 	Line_SS_Instr_PreTrial: autoDraw = False
11.9518 	EXP 	Circle_SS_Instr_PreTrial: autoDraw = False
11.9518 	EXP 	Score_SS_Intr_PreTrial: autoDraw = False
11.9518 	EXP 	Ball_SS_Instr_PreTrial: autoDraw = False
11.9518 	EXP 	Text_1_SS_Instr_PreTrial: autoDraw = False
11.9518 	EXP 	Text_2_SS_Instr_PreTrial: autoDraw = False
11.9518 	EXP 	Text_3_SS_Instr_PreTrial: autoDraw = False
11.9518 	EXP 	Line_SS_Instr_PreTrial: autoDraw = False
11.9518 	EXP 	Circle_SS_Instr_PreTrial: autoDraw = False
11.9518 	EXP 	Score_SS_Intr_PreTrial: autoDraw = False
11.9518 	EXP 	Ball_SS_Instr_PreTrial: autoDraw = False
11.9518 	EXP 	Text_1_SS_Instr_PreTrial: autoDraw = False
11.9518 	EXP 	Text_2_SS_Instr_PreTrial: autoDraw = False
11.9518 	EXP 	Text_3_SS_Instr_PreTrial: autoDraw = False
11.9518 	EXP 	Line_SS_Instr_MainTrial: pos = array([-0.5, -0.3])
11.9518 	EXP 	Line_SS_Instr_MainTrial: fillColor = '[1. 1. 1.] (rgb)'
11.9518 	EXP 	Line_SS_Instr_MainTrial: lineColor = '[1. 1. 1.] (rgb)'
11.9518 	EXP 	Line_SS_Instr_MainTrial: lineWidth = 0.5
11.9518 	EXP 	Score_SS_Instr_MainTrial: color = '[-1.  1. -1.] (rgb)'
11.9518 	EXP 	Score_SS_Instr_MainTrial: opacity = 1.0
11.9518 	EXP 	Score_SS_Instr_MainTrial: text = 0
11.9518 	EXP 	Ball_SS_Instr_MainTrial: size = array([0.126, 0.126])
11.9518 	EXP 	Text_1_SS_Instr_MainTrial: pos = array([-0.3 , -0.25])
11.9518 	EXP 	Text_1_SS_Instr_MainTrial: text = ''
11.9518 	EXP 	Text_2_SS_Instr_MainTrial: text = ''
11.9518 	EXP 	Text_3_SS_Instr_MainTrial: text = ''
11.9518 	EXP 	Line_SS_Instr_MainTrial: autoDraw = True
11.9518 	EXP 	Score_SS_Instr_MainTrial: autoDraw = True
11.9518 	EXP 	Ball_SS_Instr_MainTrial: autoDraw = True
11.9518 	EXP 	Text_1_SS_Instr_MainTrial: autoDraw = True
11.9518 	EXP 	Text_2_SS_Instr_MainTrial: autoDraw = True
11.9518 	EXP 	Text_3_SS_Instr_MainTrial: autoDraw = True
12.5902 	EXP 	New trial (rep=1, index=0): None
12.6102 	EXP 	Line_SS_Instr_MainTrial: autoDraw = False
12.6102 	EXP 	Score_SS_Instr_MainTrial: autoDraw = False
12.6102 	EXP 	Ball_SS_Instr_MainTrial: autoDraw = False
12.6102 	EXP 	Text_1_SS_Instr_MainTrial: autoDraw = False
12.6102 	EXP 	Text_2_SS_Instr_MainTrial: autoDraw = False
12.6102 	EXP 	Text_3_SS_Instr_MainTrial: autoDraw = False
12.6102 	EXP 	Line_SS_Instr_MainTrial: autoDraw = False
12.6102 	EXP 	Score_SS_Instr_MainTrial: autoDraw = False
12.6102 	EXP 	Ball_SS_Instr_MainTrial: autoDraw = False
12.6102 	EXP 	Text_1_SS_Instr_MainTrial: autoDraw = False
12.6102 	EXP 	Text_2_SS_Instr_MainTrial: autoDraw = False
12.6102 	EXP 	Text_3_SS_Instr_MainTrial: autoDraw = False
12.6102 	EXP 	Line_SS_Instr_PreTrial: pos = array([-0.5, -0.3])
12.6102 	EXP 	Line_SS_Instr_PreTrial: fillColor = '[1. 1. 1.] (rgb)'
12.6102 	EXP 	Line_SS_Instr_PreTrial: lineColor = '[1. 1. 1.] (rgb)'
12.6102 	EXP 	Line_SS_Instr_PreTrial: lineWidth = 0.5
12.6102 	EXP 	Circle_SS_Instr_PreTrial: pos = array([0. , 0.4])
12.6102 	EXP 	Circle_SS_Instr_PreTrial: size = array([0.126, 0.126])
12.6102 	EXP 	Circle_SS_Instr_PreTrial: lineColor = '[-1. -1. -1.] (rgb)'
12.6102 	EXP 	Circle_SS_Instr_PreTrial: lineWidth = 6.0
12.6102 	EXP 	Score_SS_Intr_PreTrial: color = '[-1.  1. -1.] (rgb)'
12.6102 	EXP 	Score_SS_Intr_PreTrial: opacity = 1.0
12.6102 	EXP 	Score_SS_Intr_PreTrial: text = 0
12.6102 	EXP 	Ball_SS_Instr_PreTrial: pos = array([0. , 0.4])
12.6102 	EXP 	Ball_SS_Instr_PreTrial: fillColor = '[-1. -1. -1.] (rgb)'
12.6102 	EXP 	Text_1_SS_Instr_PreTrial: pos = array([-0.3 , -0.25])
12.6102 	EXP 	Text_1_SS_Instr_PreTrial: text = 'In the upcoming block, \npress (j) when the ball overlaps the white line'
12.6102 	EXP 	Text_2_SS_Instr_PreTrial: text = ''
12.6102 	EXP 	Text_3_SS_Instr_PreTrial: text = ''
12.6102 	EXP 	Line_SS_Instr_PreTrial: autoDraw = True
12.6102 	EXP 	Circle_SS_Instr_PreTrial: autoDraw = True
12.6102 	EXP 	Score_SS_Intr_PreTrial: autoDraw = True
12.6102 	EXP 	Ball_SS_Instr_PreTrial: autoDraw = True
12.6102 	EXP 	Text_1_SS_Instr_PreTrial: autoDraw = True
12.6102 	EXP 	Text_2_SS_Instr_PreTrial: autoDraw = True
12.6102 	EXP 	Text_3_SS_Instr_PreTrial: autoDraw = True
13.2364 	EXP 	Line_SS_Instr_PreTrial: autoDraw = False
13.2364 	EXP 	Circle_SS_Instr_PreTrial: autoDraw = False
13.2364 	EXP 	Score_SS_Intr_PreTrial: autoDraw = False
13.2364 	EXP 	Ball_SS_Instr_PreTrial: autoDraw = False
13.2364 	EXP 	Text_1_SS_Instr_PreTrial: autoDraw = False
13.2364 	EXP 	Text_2_SS_Instr_PreTrial: autoDraw = False
13.2364 	EXP 	Text_3_SS_Instr_PreTrial: autoDraw = False
13.2364 	EXP 	Line_SS_Instr_PreTrial: autoDraw = False
13.2364 	EXP 	Circle_SS_Instr_PreTrial: autoDraw = False
13.2364 	EXP 	Score_SS_Intr_PreTrial: autoDraw = False
13.2364 	EXP 	Ball_SS_Instr_PreTrial: autoDraw = False
13.2364 	EXP 	Text_1_SS_Instr_PreTrial: autoDraw = False
13.2364 	EXP 	Text_2_SS_Instr_PreTrial: autoDraw = False
13.2364 	EXP 	Text_3_SS_Instr_PreTrial: autoDraw = False
13.2364 	EXP 	Line_SS_Instr_MainTrial: pos = array([-0.5, -0.3])
13.2364 	EXP 	Line_SS_Instr_MainTrial: fillColor = '[1. 1. 1.] (rgb)'
13.2364 	EXP 	Line_SS_Instr_MainTrial: lineColor = '[1. 1. 1.] (rgb)'
13.2364 	EXP 	Line_SS_Instr_MainTrial: lineWidth = 0.5
13.2364 	EXP 	Score_SS_Instr_MainTrial: color = '[-1.  1. -1.] (rgb)'
13.2364 	EXP 	Score_SS_Instr_MainTrial: opacity = 1.0
13.2364 	EXP 	Score_SS_Instr_MainTrial: text = 0
13.2364 	EXP 	Ball_SS_Instr_MainTrial: size = array([0.126, 0.126])
13.2364 	EXP 	Text_1_SS_Instr_MainTrial: pos = array([-0.3 , -0.25])
13.2364 	EXP 	Text_1_SS_Instr_MainTrial: text = 'In the upcoming block, \npress (j) when the ball overlaps the white line'
13.2364 	EXP 	Text_2_SS_Instr_MainTrial: text = ''
13.2364 	EXP 	Text_3_SS_Instr_MainTrial: text = ''
13.2364 	EXP 	Line_SS_Instr_MainTrial: autoDraw = True
13.2364 	EXP 	Score_SS_Instr_MainTrial: autoDraw = True
13.2364 	EXP 	Ball_SS_Instr_MainTrial: autoDraw = True
13.2364 	EXP 	Text_1_SS_Instr_MainTrial: autoDraw = True
13.2364 	EXP 	Text_2_SS_Instr_MainTrial: autoDraw = True
13.2364 	EXP 	Text_3_SS_Instr_MainTrial: autoDraw = True
13.8695 	EXP 	New trial (rep=2, index=0): None
13.8815 	EXP 	Line_SS_Instr_MainTrial: autoDraw = False
13.8815 	EXP 	Score_SS_Instr_MainTrial: autoDraw = False
13.8815 	EXP 	Ball_SS_Instr_MainTrial: autoDraw = False
13.8815 	EXP 	Text_1_SS_Instr_MainTrial: autoDraw = False
13.8815 	EXP 	Text_2_SS_Instr_MainTrial: autoDraw = False
13.8815 	EXP 	Text_3_SS_Instr_MainTrial: autoDraw = False
13.8815 	EXP 	Line_SS_Instr_MainTrial: autoDraw = False
13.8815 	EXP 	Score_SS_Instr_MainTrial: autoDraw = False
13.8815 	EXP 	Ball_SS_Instr_MainTrial: autoDraw = False
13.8815 	EXP 	Text_1_SS_Instr_MainTrial: autoDraw = False
13.8815 	EXP 	Text_2_SS_Instr_MainTrial: autoDraw = False
13.8815 	EXP 	Text_3_SS_Instr_MainTrial: autoDraw = False
13.8815 	EXP 	Line_SS_Instr_PreTrial: pos = array([-0.5, -0.3])
13.8815 	EXP 	Line_SS_Instr_PreTrial: fillColor = '[1. 1. 1.] (rgb)'
13.8815 	EXP 	Line_SS_Instr_PreTrial: lineColor = '[1. 1. 1.] (rgb)'
13.8815 	EXP 	Line_SS_Instr_PreTrial: lineWidth = 0.5
13.8815 	EXP 	Circle_SS_Instr_PreTrial: pos = array([0. , 0.4])
13.8815 	EXP 	Circle_SS_Instr_PreTrial: size = array([0.126, 0.126])
13.8815 	EXP 	Circle_SS_Instr_PreTrial: lineColor = '[-1. -1. -1.] (rgb)'
13.8815 	EXP 	Circle_SS_Instr_PreTrial: lineWidth = 6.0
13.8815 	EXP 	Score_SS_Intr_PreTrial: color = '[-1.  1. -1.] (rgb)'
13.8815 	EXP 	Score_SS_Intr_PreTrial: opacity = 1.0
13.8815 	EXP 	Score_SS_Intr_PreTrial: text = 0
13.8815 	EXP 	Ball_SS_Instr_PreTrial: pos = array([0. , 0.4])
13.8815 	EXP 	Ball_SS_Instr_PreTrial: fillColor = '[-1. -1. -1.] (rgb)'
13.8815 	EXP 	Text_1_SS_Instr_PreTrial: pos = array([-0.3 , -0.25])
13.8815 	EXP 	Text_1_SS_Instr_PreTrial: text = 'In the upcoming block, \npress (j) when the ball overlaps the white line'
13.8815 	EXP 	Text_2_SS_Instr_PreTrial: text = ''
13.8815 	EXP 	Text_3_SS_Instr_PreTrial: text = ''
13.8815 	EXP 	Line_SS_Instr_PreTrial: autoDraw = True
13.8815 	EXP 	Circle_SS_Instr_PreTrial: autoDraw = True
13.8815 	EXP 	Score_SS_Intr_PreTrial: autoDraw = True
13.8815 	EXP 	Ball_SS_Instr_PreTrial: autoDraw = True
13.8815 	EXP 	Text_1_SS_Instr_PreTrial: autoDraw = True
13.8815 	EXP 	Text_2_SS_Instr_PreTrial: autoDraw = True
13.8815 	EXP 	Text_3_SS_Instr_PreTrial: autoDraw = True
14.5035 	EXP 	Line_SS_Instr_PreTrial: autoDraw = False
14.5035 	EXP 	Circle_SS_Instr_PreTrial: autoDraw = False
14.5035 	EXP 	Score_SS_Intr_PreTrial: autoDraw = False
14.5035 	EXP 	Ball_SS_Instr_PreTrial: autoDraw = False
14.5035 	EXP 	Text_1_SS_Instr_PreTrial: autoDraw = False
14.5035 	EXP 	Text_2_SS_Instr_PreTrial: autoDraw = False
14.5035 	EXP 	Text_3_SS_Instr_PreTrial: autoDraw = False
14.5035 	EXP 	Line_SS_Instr_PreTrial: autoDraw = False
14.5035 	EXP 	Circle_SS_Instr_PreTrial: autoDraw = False
14.5035 	EXP 	Score_SS_Intr_PreTrial: autoDraw = False
14.5035 	EXP 	Ball_SS_Instr_PreTrial: autoDraw = False
14.5035 	EXP 	Text_1_SS_Instr_PreTrial: autoDraw = False
14.5035 	EXP 	Text_2_SS_Instr_PreTrial: autoDraw = False
14.5035 	EXP 	Text_3_SS_Instr_PreTrial: autoDraw = False
14.5035 	EXP 	Line_SS_Instr_MainTrial: pos = array([-0.5, -0.3])
14.5035 	EXP 	Line_SS_Instr_MainTrial: fillColor = '[1. 1. 1.] (rgb)'
14.5035 	EXP 	Line_SS_Instr_MainTrial: lineColor = '[1. 1. 1.] (rgb)'
14.5035 	EXP 	Line_SS_Instr_MainTrial: lineWidth = 0.5
14.5035 	EXP 	Score_SS_Instr_MainTrial: color = '[-1.  1. -1.] (rgb)'
14.5035 	EXP 	Score_SS_Instr_MainTrial: opacity = 1.0
14.5035 	EXP 	Score_SS_Instr_MainTrial: text = 0
14.5035 	EXP 	Ball_SS_Instr_MainTrial: size = array([0.126, 0.126])
14.5035 	EXP 	Text_1_SS_Instr_MainTrial: pos = array([-0.3 , -0.25])
14.5035 	EXP 	Text_1_SS_Instr_MainTrial: text = 'In the upcoming block, \npress (j) when the ball overlaps the white line'
14.5035 	EXP 	Text_2_SS_Instr_MainTrial: text = ''
14.5035 	EXP 	Text_3_SS_Instr_MainTrial: text = ''
14.5035 	EXP 	Line_SS_Instr_MainTrial: autoDraw = True
14.5035 	EXP 	Score_SS_Instr_MainTrial: autoDraw = True
14.5035 	EXP 	Ball_SS_Instr_MainTrial: autoDraw = True
14.5035 	EXP 	Text_1_SS_Instr_MainTrial: autoDraw = True
14.5035 	EXP 	Text_2_SS_Instr_MainTrial: autoDraw = True
14.5035 	EXP 	Text_3_SS_Instr_MainTrial: autoDraw = True
15.1401 	EXP 	New trial (rep=3, index=0): None
15.1521 	EXP 	Line_SS_Instr_MainTrial: autoDraw = False
15.1521 	EXP 	Score_SS_Instr_MainTrial: autoDraw = False
15.1521 	EXP 	Ball_SS_Instr_MainTrial: autoDraw = False
15.1521 	EXP 	Text_1_SS_Instr_MainTrial: autoDraw = False
15.1521 	EXP 	Text_2_SS_Instr_MainTrial: autoDraw = False
15.1521 	EXP 	Text_3_SS_Instr_MainTrial: autoDraw = False
15.1521 	EXP 	Line_SS_Instr_MainTrial: autoDraw = False
15.1521 	EXP 	Score_SS_Instr_MainTrial: autoDraw = False
15.1521 	EXP 	Ball_SS_Instr_MainTrial: autoDraw = False
15.1521 	EXP 	Text_1_SS_Instr_MainTrial: autoDraw = False
15.1521 	EXP 	Text_2_SS_Instr_MainTrial: autoDraw = False
15.1521 	EXP 	Text_3_SS_Instr_MainTrial: autoDraw = False
15.1521 	EXP 	Line_SS_Instr_PreTrial: pos = array([-0.5, -0.3])
15.1521 	EXP 	Line_SS_Instr_PreTrial: fillColor = '[1. 1. 1.] (rgb)'
15.1521 	EXP 	Line_SS_Instr_PreTrial: lineColor = '[1. 1. 1.] (rgb)'
15.1521 	EXP 	Line_SS_Instr_PreTrial: lineWidth = 0.5
15.1521 	EXP 	Circle_SS_Instr_PreTrial: pos = array([0. , 0.4])
15.1521 	EXP 	Circle_SS_Instr_PreTrial: size = array([0.126, 0.126])
15.1521 	EXP 	Circle_SS_Instr_PreTrial: lineColor = '[-1. -1. -1.] (rgb)'
15.1521 	EXP 	Circle_SS_Instr_PreTrial: lineWidth = 6.0
15.1521 	EXP 	Score_SS_Intr_PreTrial: color = '[-1.  1. -1.] (rgb)'
15.1521 	EXP 	Score_SS_Intr_PreTrial: opacity = 1.0
15.1521 	EXP 	Score_SS_Intr_PreTrial: text = 0
15.1521 	EXP 	Ball_SS_Instr_PreTrial: pos = array([0. , 0.4])
15.1521 	EXP 	Ball_SS_Instr_PreTrial: fillColor = '[-1. -1. -1.] (rgb)'
15.1521 	EXP 	Text_1_SS_Instr_PreTrial: pos = array([-0.3 , -0.25])
15.1521 	EXP 	Text_1_SS_Instr_PreTrial: text = 'In the upcoming block, \npress (j) when the ball overlaps the white line'
15.1521 	EXP 	Text_2_SS_Instr_PreTrial: text = ''
15.1521 	EXP 	Text_3_SS_Instr_PreTrial: text = ''
15.1521 	EXP 	Line_SS_Instr_PreTrial: autoDraw = True
15.1521 	EXP 	Circle_SS_Instr_PreTrial: autoDraw = True
15.1521 	EXP 	Score_SS_Intr_PreTrial: autoDraw = True
15.1521 	EXP 	Ball_SS_Instr_PreTrial: autoDraw = True
15.1521 	EXP 	Text_1_SS_Instr_PreTrial: autoDraw = True
15.1521 	EXP 	Text_2_SS_Instr_PreTrial: autoDraw = True
15.1521 	EXP 	Text_3_SS_Instr_PreTrial: autoDraw = True
15.7869 	EXP 	Line_SS_Instr_PreTrial: autoDraw = False
15.7869 	EXP 	Circle_SS_Instr_PreTrial: autoDraw = False
15.7869 	EXP 	Score_SS_Intr_PreTrial: autoDraw = False
15.7869 	EXP 	Ball_SS_Instr_PreTrial: autoDraw = False
15.7869 	EXP 	Text_1_SS_Instr_PreTrial: autoDraw = False
15.7869 	EXP 	Text_2_SS_Instr_PreTrial: autoDraw = False
15.7869 	EXP 	Text_3_SS_Instr_PreTrial: autoDraw = False
15.7869 	EXP 	Line_SS_Instr_PreTrial: autoDraw = False
15.7869 	EXP 	Circle_SS_Instr_PreTrial: autoDraw = False
15.7869 	EXP 	Score_SS_Intr_PreTrial: autoDraw = False
15.7869 	EXP 	Ball_SS_Instr_PreTrial: autoDraw = False
15.7869 	EXP 	Text_1_SS_Instr_PreTrial: autoDraw = False
15.7869 	EXP 	Text_2_SS_Instr_PreTrial: autoDraw = False
15.7869 	EXP 	Text_3_SS_Instr_PreTrial: autoDraw = False
15.7869 	EXP 	Line_SS_Instr_MainTrial: pos = array([-0.5, -0.3])
15.7869 	EXP 	Line_SS_Instr_MainTrial: fillColor = '[1. 1. 1.] (rgb)'
15.7869 	EXP 	Line_SS_Instr_MainTrial: lineColor = '[1. 1. 1.] (rgb)'
15.7869 	EXP 	Line_SS_Instr_MainTrial: lineWidth = 0.5
15.7869 	EXP 	Score_SS_Instr_MainTrial: color = '[-1.  1. -1.] (rgb)'
15.7869 	EXP 	Score_SS_Instr_MainTrial: opacity = 1.0
15.7869 	EXP 	Score_SS_Instr_MainTrial: text = 0
15.7869 	EXP 	Ball_SS_Instr_MainTrial: size = array([0.126, 0.126])
15.7869 	EXP 	Text_1_SS_Instr_MainTrial: pos = array([-0.3 , -0.25])
15.7869 	EXP 	Text_1_SS_Instr_MainTrial: text = 'In the upcoming block, \npress (j) when the ball overlaps the white line'
15.7869 	EXP 	Text_2_SS_Instr_MainTrial: text = ''
15.7869 	EXP 	Text_3_SS_Instr_MainTrial: text = ''
15.7869 	EXP 	Line_SS_Instr_MainTrial: autoDraw = True
15.7869 	EXP 	Score_SS_Instr_MainTrial: autoDraw = True
15.7869 	EXP 	Ball_SS_Instr_MainTrial: autoDraw = True
15.7869 	EXP 	Text_1_SS_Instr_MainTrial: autoDraw = True
15.7869 	EXP 	Text_2_SS_Instr_MainTrial: autoDraw = True
15.7869 	EXP 	Text_3_SS_Instr_MainTrial: autoDraw = True
16.4190 	EXP 	New trial (rep=4, index=0): None
16.4310 	EXP 	Line_SS_Instr_MainTrial: autoDraw = False
16.4310 	EXP 	Score_SS_Instr_MainTrial: autoDraw = False
16.4310 	EXP 	Ball_SS_Instr_MainTrial: autoDraw = False
16.4310 	EXP 	Text_1_SS_Instr_MainTrial: autoDraw = False
16.4310 	EXP 	Text_2_SS_Instr_MainTrial: autoDraw = False
16.4310 	EXP 	Text_3_SS_Instr_MainTrial: autoDraw = False
16.4310 	EXP 	Line_SS_Instr_MainTrial: autoDraw = False
16.4310 	EXP 	Score_SS_Instr_MainTrial: autoDraw = False
16.4310 	EXP 	Ball_SS_Instr_MainTrial: autoDraw = False
16.4310 	EXP 	Text_1_SS_Instr_MainTrial: autoDraw = False
16.4310 	EXP 	Text_2_SS_Instr_MainTrial: autoDraw = False
16.4310 	EXP 	Text_3_SS_Instr_MainTrial: autoDraw = False
16.4310 	EXP 	Line_SS_Instr_PreTrial: pos = array([-0.5, -0.3])
16.4310 	EXP 	Line_SS_Instr_PreTrial: fillColor = '[1. 1. 1.] (rgb)'
16.4310 	EXP 	Line_SS_Instr_PreTrial: lineColor = '[1. 1. 1.] (rgb)'
16.4310 	EXP 	Line_SS_Instr_PreTrial: lineWidth = 0.5
16.4310 	EXP 	Circle_SS_Instr_PreTrial: pos = array([0. , 0.4])
16.4310 	EXP 	Circle_SS_Instr_PreTrial: size = array([0.126, 0.126])
16.4310 	EXP 	Circle_SS_Instr_PreTrial: lineColor = '[-1. -1. -1.] (rgb)'
16.4310 	EXP 	Circle_SS_Instr_PreTrial: lineWidth = 6.0
16.4310 	EXP 	Score_SS_Intr_PreTrial: color = '[-1.  1. -1.] (rgb)'
16.4310 	EXP 	Score_SS_Intr_PreTrial: opacity = 1.0
16.4310 	EXP 	Score_SS_Intr_PreTrial: text = 0
16.4310 	EXP 	Ball_SS_Instr_PreTrial: pos = array([0. , 0.4])
16.4310 	EXP 	Ball_SS_Instr_PreTrial: fillColor = '[-1. -1. -1.] (rgb)'
16.4310 	EXP 	Text_1_SS_Instr_PreTrial: pos = array([-0.3 , -0.25])
16.4310 	EXP 	Text_1_SS_Instr_PreTrial: text = 'In the upcoming block, \npress (j) when the ball overlaps the white line'
16.4310 	EXP 	Text_2_SS_Instr_PreTrial: text = ''
16.4310 	EXP 	Text_3_SS_Instr_PreTrial: text = ''
16.4310 	EXP 	Line_SS_Instr_PreTrial: autoDraw = True
16.4310 	EXP 	Circle_SS_Instr_PreTrial: autoDraw = True
16.4310 	EXP 	Score_SS_Intr_PreTrial: autoDraw = True
16.4310 	EXP 	Ball_SS_Instr_PreTrial: autoDraw = True
16.4310 	EXP 	Text_1_SS_Instr_PreTrial: autoDraw = True
16.4310 	EXP 	Text_2_SS_Instr_PreTrial: autoDraw = True
16.4310 	EXP 	Text_3_SS_Instr_PreTrial: autoDraw = True
17.0509 	EXP 	Line_SS_Instr_PreTrial: autoDraw = False
17.0509 	EXP 	Circle_SS_Instr_PreTrial: autoDraw = False
17.0509 	EXP 	Score_SS_Intr_PreTrial: autoDraw = False
17.0509 	EXP 	Ball_SS_Instr_PreTrial: autoDraw = False
17.0509 	EXP 	Text_1_SS_Instr_PreTrial: autoDraw = False
17.0509 	EXP 	Text_2_SS_Instr_PreTrial: autoDraw = False
17.0509 	EXP 	Text_3_SS_Instr_PreTrial: autoDraw = False
17.0509 	EXP 	Line_SS_Instr_PreTrial: autoDraw = False
17.0509 	EXP 	Circle_SS_Instr_PreTrial: autoDraw = False
17.0509 	EXP 	Score_SS_Intr_PreTrial: autoDraw = False
17.0509 	EXP 	Ball_SS_Instr_PreTrial: autoDraw = False
17.0509 	EXP 	Text_1_SS_Instr_PreTrial: autoDraw = False
17.0509 	EXP 	Text_2_SS_Instr_PreTrial: autoDraw = False
17.0509 	EXP 	Text_3_SS_Instr_PreTrial: autoDraw = False
17.0509 	EXP 	Line_SS_Instr_MainTrial: pos = array([-0.5, -0.3])
17.0509 	EXP 	Line_SS_Instr_MainTrial: fillColor = '[1. 1. 1.] (rgb)'
17.0509 	EXP 	Line_SS_Instr_MainTrial: lineColor = '[1. 1. 1.] (rgb)'
17.0509 	EXP 	Line_SS_Instr_MainTrial: lineWidth = 0.5
17.0509 	EXP 	Score_SS_Instr_MainTrial: color = '[-1.  1. -1.] (rgb)'
17.0509 	EXP 	Score_SS_Instr_MainTrial: opacity = 1.0
17.0509 	EXP 	Score_SS_Instr_MainTrial: text = 0
17.0509 	EXP 	Ball_SS_Instr_MainTrial: size = array([0.126, 0.126])
17.0509 	EXP 	Text_1_SS_Instr_MainTrial: pos = array([-0.3 , -0.25])
17.0509 	EXP 	Text_1_SS_Instr_MainTrial: text = 'In the upcoming block, \npress (j) when the ball overlaps the white line'
17.0509 	EXP 	Text_2_SS_Instr_MainTrial: text = ''
17.0509 	EXP 	Text_3_SS_Instr_MainTrial: text = ''
17.0509 	EXP 	Line_SS_Instr_MainTrial: autoDraw = True
17.0509 	EXP 	Score_SS_Instr_MainTrial: autoDraw = True
17.0509 	EXP 	Ball_SS_Instr_MainTrial: autoDraw = True
17.0509 	EXP 	Text_1_SS_Instr_MainTrial: autoDraw = True
17.0509 	EXP 	Text_2_SS_Instr_MainTrial: autoDraw = True
17.0509 	EXP 	Text_3_SS_Instr_MainTrial: autoDraw = True
17.6716 	EXP 	New trial (rep=5, index=0): None
17.6899 	EXP 	Line_SS_Instr_MainTrial: autoDraw = False
17.6899 	EXP 	Score_SS_Instr_MainTrial: autoDraw = False
17.6899 	EXP 	Ball_SS_Instr_MainTrial: autoDraw = False
17.6899 	EXP 	Text_1_SS_Instr_MainTrial: autoDraw = False
17.6899 	EXP 	Text_2_SS_Instr_MainTrial: autoDraw = False
17.6899 	EXP 	Text_3_SS_Instr_MainTrial: autoDraw = False
17.6899 	EXP 	Line_SS_Instr_MainTrial: autoDraw = False
17.6899 	EXP 	Score_SS_Instr_MainTrial: autoDraw = False
17.6899 	EXP 	Ball_SS_Instr_MainTrial: autoDraw = False
17.6899 	EXP 	Text_1_SS_Instr_MainTrial: autoDraw = False
17.6899 	EXP 	Text_2_SS_Instr_MainTrial: autoDraw = False
17.6899 	EXP 	Text_3_SS_Instr_MainTrial: autoDraw = False
17.6899 	EXP 	Line_SS_Instr_PreTrial: pos = array([-0.5, -0.3])
17.6899 	EXP 	Line_SS_Instr_PreTrial: fillColor = '[1. 1. 1.] (rgb)'
17.6899 	EXP 	Line_SS_Instr_PreTrial: lineColor = '[1. 1. 1.] (rgb)'
17.6899 	EXP 	Line_SS_Instr_PreTrial: lineWidth = 0.5
17.6899 	EXP 	Circle_SS_Instr_PreTrial: pos = array([0. , 0.4])
17.6899 	EXP 	Circle_SS_Instr_PreTrial: size = array([0.126, 0.126])
17.6899 	EXP 	Circle_SS_Instr_PreTrial: lineColor = '[-1. -1. -1.] (rgb)'
17.6899 	EXP 	Circle_SS_Instr_PreTrial: lineWidth = 6.0
17.6899 	EXP 	Score_SS_Intr_PreTrial: color = '[-1.  1. -1.] (rgb)'
17.6899 	EXP 	Score_SS_Intr_PreTrial: opacity = 1.0
17.6899 	EXP 	Score_SS_Intr_PreTrial: text = 0
17.6899 	EXP 	Ball_SS_Instr_PreTrial: pos = array([0. , 0.4])
17.6899 	EXP 	Ball_SS_Instr_PreTrial: fillColor = '[-1. -1. -1.] (rgb)'
17.6899 	EXP 	Text_1_SS_Instr_PreTrial: pos = array([-0.3 , -0.25])
17.6899 	EXP 	Text_1_SS_Instr_PreTrial: text = 'In the upcoming block, \npress (j) when the ball overlaps the white line'
17.6899 	EXP 	Text_2_SS_Instr_PreTrial: text = 'Your job is to get 4 straght hits'
17.6899 	EXP 	Text_3_SS_Instr_PreTrial: text = ''
17.6899 	EXP 	Line_SS_Instr_PreTrial: autoDraw = True
17.6899 	EXP 	Circle_SS_Instr_PreTrial: autoDraw = True
17.6899 	EXP 	Score_SS_Intr_PreTrial: autoDraw = True
17.6899 	EXP 	Ball_SS_Instr_PreTrial: autoDraw = True
17.6899 	EXP 	Text_1_SS_Instr_PreTrial: autoDraw = True
17.6899 	EXP 	Text_2_SS_Instr_PreTrial: autoDraw = True
17.6899 	EXP 	Text_3_SS_Instr_PreTrial: autoDraw = True
18.3195 	EXP 	Line_SS_Instr_PreTrial: autoDraw = False
18.3195 	EXP 	Circle_SS_Instr_PreTrial: autoDraw = False
18.3195 	EXP 	Score_SS_Intr_PreTrial: autoDraw = False
18.3195 	EXP 	Ball_SS_Instr_PreTrial: autoDraw = False
18.3195 	EXP 	Text_1_SS_Instr_PreTrial: autoDraw = False
18.3195 	EXP 	Text_2_SS_Instr_PreTrial: autoDraw = False
18.3195 	EXP 	Text_3_SS_Instr_PreTrial: autoDraw = False
18.3195 	EXP 	Line_SS_Instr_PreTrial: autoDraw = False
18.3195 	EXP 	Circle_SS_Instr_PreTrial: autoDraw = False
18.3195 	EXP 	Score_SS_Intr_PreTrial: autoDraw = False
18.3195 	EXP 	Ball_SS_Instr_PreTrial: autoDraw = False
18.3195 	EXP 	Text_1_SS_Instr_PreTrial: autoDraw = False
18.3195 	EXP 	Text_2_SS_Instr_PreTrial: autoDraw = False
18.3195 	EXP 	Text_3_SS_Instr_PreTrial: autoDraw = False
18.3195 	EXP 	Line_SS_Instr_MainTrial: pos = array([-0.5, -0.3])
18.3195 	EXP 	Line_SS_Instr_MainTrial: fillColor = '[1. 1. 1.] (rgb)'
18.3195 	EXP 	Line_SS_Instr_MainTrial: lineColor = '[1. 1. 1.] (rgb)'
18.3195 	EXP 	Line_SS_Instr_MainTrial: lineWidth = 0.5
18.3195 	EXP 	Score_SS_Instr_MainTrial: color = '[-1.  1. -1.] (rgb)'
18.3195 	EXP 	Score_SS_Instr_MainTrial: opacity = 1.0
18.3195 	EXP 	Score_SS_Instr_MainTrial: text = 0
18.3195 	EXP 	Ball_SS_Instr_MainTrial: size = array([0.126, 0.126])
18.3195 	EXP 	Text_1_SS_Instr_MainTrial: pos = array([-0.3 , -0.25])
18.3195 	EXP 	Text_1_SS_Instr_MainTrial: text = 'In the upcoming block, \npress (j) when the ball overlaps the white line'
18.3195 	EXP 	Text_2_SS_Instr_MainTrial: text = 'Your job is to get 4 straght hits'
18.3195 	EXP 	Text_3_SS_Instr_MainTrial: text = ''
18.3195 	EXP 	Line_SS_Instr_MainTrial: autoDraw = True
18.3195 	EXP 	Score_SS_Instr_MainTrial: autoDraw = True
18.3195 	EXP 	Ball_SS_Instr_MainTrial: autoDraw = True
18.3195 	EXP 	Text_1_SS_Instr_MainTrial: autoDraw = True
18.3195 	EXP 	Text_2_SS_Instr_MainTrial: autoDraw = True
18.3195 	EXP 	Text_3_SS_Instr_MainTrial: autoDraw = True
18.9580 	EXP 	New trial (rep=6, index=0): None
18.9753 	DATA 	Mouse: Left button down, pos=(1597,671)
18.9788 	EXP 	Line_SS_Instr_MainTrial: autoDraw = False
18.9788 	EXP 	Score_SS_Instr_MainTrial: autoDraw = False
18.9788 	EXP 	Ball_SS_Instr_MainTrial: autoDraw = False
18.9788 	EXP 	Text_1_SS_Instr_MainTrial: autoDraw = False
18.9788 	EXP 	Text_2_SS_Instr_MainTrial: autoDraw = False
18.9788 	EXP 	Text_3_SS_Instr_MainTrial: autoDraw = False
18.9788 	EXP 	Line_SS_Instr_MainTrial: autoDraw = False
18.9788 	EXP 	Score_SS_Instr_MainTrial: autoDraw = False
18.9788 	EXP 	Ball_SS_Instr_MainTrial: autoDraw = False
18.9788 	EXP 	Text_1_SS_Instr_MainTrial: autoDraw = False
18.9788 	EXP 	Text_2_SS_Instr_MainTrial: autoDraw = False
18.9788 	EXP 	Text_3_SS_Instr_MainTrial: autoDraw = False
18.9788 	EXP 	Line_SS_Instr_PreTrial: pos = array([-0.5, -0.3])
18.9788 	EXP 	Line_SS_Instr_PreTrial: fillColor = '[1. 1. 1.] (rgb)'
18.9788 	EXP 	Line_SS_Instr_PreTrial: lineColor = '[1. 1. 1.] (rgb)'
18.9788 	EXP 	Line_SS_Instr_PreTrial: lineWidth = 0.5
18.9788 	EXP 	Circle_SS_Instr_PreTrial: pos = array([0. , 0.4])
18.9788 	EXP 	Circle_SS_Instr_PreTrial: size = array([0.126, 0.126])
18.9788 	EXP 	Circle_SS_Instr_PreTrial: lineColor = '[-1. -1. -1.] (rgb)'
18.9788 	EXP 	Circle_SS_Instr_PreTrial: lineWidth = 6.0
18.9788 	EXP 	Score_SS_Intr_PreTrial: color = '[-1.  1. -1.] (rgb)'
18.9788 	EXP 	Score_SS_Intr_PreTrial: opacity = 1.0
18.9788 	EXP 	Score_SS_Intr_PreTrial: text = 1
18.9788 	EXP 	Ball_SS_Instr_PreTrial: pos = array([0. , 0.4])
18.9788 	EXP 	Ball_SS_Instr_PreTrial: fillColor = '[-1. -1. -1.] (rgb)'
18.9788 	EXP 	Text_1_SS_Instr_PreTrial: pos = array([-0.3 , -0.25])
18.9788 	EXP 	Text_1_SS_Instr_PreTrial: text = 'In the upcoming block, \npress (j) when the ball overlaps the white line'
18.9788 	EXP 	Text_2_SS_Instr_PreTrial: text = 'Your job is to get 4 straght hits'
18.9788 	EXP 	Text_3_SS_Instr_PreTrial: text = ''
18.9788 	EXP 	Line_SS_Instr_PreTrial: autoDraw = True
18.9788 	EXP 	Circle_SS_Instr_PreTrial: autoDraw = True
18.9788 	EXP 	Score_SS_Intr_PreTrial: autoDraw = True
18.9788 	EXP 	Ball_SS_Instr_PreTrial: autoDraw = True
18.9788 	EXP 	Text_1_SS_Instr_PreTrial: autoDraw = True
18.9788 	EXP 	Text_2_SS_Instr_PreTrial: autoDraw = True
18.9788 	EXP 	Text_3_SS_Instr_PreTrial: autoDraw = True
19.0967 	DATA 	Mouse:  Left button up, pos=(1597,671)
19.6061 	EXP 	Line_SS_Instr_PreTrial: autoDraw = False
19.6061 	EXP 	Circle_SS_Instr_PreTrial: autoDraw = False
19.6061 	EXP 	Score_SS_Intr_PreTrial: autoDraw = False
19.6061 	EXP 	Ball_SS_Instr_PreTrial: autoDraw = False
19.6061 	EXP 	Text_1_SS_Instr_PreTrial: autoDraw = False
19.6061 	EXP 	Text_2_SS_Instr_PreTrial: autoDraw = False
19.6061 	EXP 	Text_3_SS_Instr_PreTrial: autoDraw = False
19.6061 	EXP 	Line_SS_Instr_PreTrial: autoDraw = False
19.6061 	EXP 	Circle_SS_Instr_PreTrial: autoDraw = False
19.6061 	EXP 	Score_SS_Intr_PreTrial: autoDraw = False
19.6061 	EXP 	Ball_SS_Instr_PreTrial: autoDraw = False
19.6061 	EXP 	Text_1_SS_Instr_PreTrial: autoDraw = False
19.6061 	EXP 	Text_2_SS_Instr_PreTrial: autoDraw = False
19.6061 	EXP 	Text_3_SS_Instr_PreTrial: autoDraw = False
19.6061 	EXP 	Line_SS_Instr_MainTrial: pos = array([-0.5, -0.3])
19.6061 	EXP 	Line_SS_Instr_MainTrial: fillColor = '[1. 1. 1.] (rgb)'
19.6061 	EXP 	Line_SS_Instr_MainTrial: lineColor = '[1. 1. 1.] (rgb)'
19.6061 	EXP 	Line_SS_Instr_MainTrial: lineWidth = 0.5
19.6061 	EXP 	Score_SS_Instr_MainTrial: color = '[-1.  1. -1.] (rgb)'
19.6061 	EXP 	Score_SS_Instr_MainTrial: opacity = 1.0
19.6061 	EXP 	Score_SS_Instr_MainTrial: text = 1
19.6061 	EXP 	Ball_SS_Instr_MainTrial: size = array([0.126, 0.126])
19.6061 	EXP 	Text_1_SS_Instr_MainTrial: pos = array([-0.3 , -0.25])
19.6061 	EXP 	Text_1_SS_Instr_MainTrial: text = 'In the upcoming block, \npress (j) when the ball overlaps the white line'
19.6061 	EXP 	Text_2_SS_Instr_MainTrial: text = 'Your job is to get 4 straght hits'
19.6061 	EXP 	Text_3_SS_Instr_MainTrial: text = ''
19.6061 	EXP 	Line_SS_Instr_MainTrial: autoDraw = True
19.6061 	EXP 	Score_SS_Instr_MainTrial: autoDraw = True
19.6061 	EXP 	Ball_SS_Instr_MainTrial: autoDraw = True
19.6061 	EXP 	Text_1_SS_Instr_MainTrial: autoDraw = True
19.6061 	EXP 	Text_2_SS_Instr_MainTrial: autoDraw = True
19.6061 	EXP 	Text_3_SS_Instr_MainTrial: autoDraw = True
19.7451 	DATA 	Keypress: escape
19.9677 	EXP 	window1: mouseVisible = True
